2026-03-21 19:48:03.360 | INFO     | pjrt_plugin_tt:setup_tt_pjrt_plugin_dir:42 - Using PJRT plugin directory: /localdev/hshah/tt-xla/python_package/pjrt_plugin_tt
2026-03-21 19:48:03.361 | INFO     | pjrt_plugin_tt:setup_tt_metal_home:103 - Using TT-Metal from the source tree: /localdev/hshah/tt-xla/third_party/tt-mlir/src/tt-mlir/third_party/tt-metal/src/tt-metal
2026-03-21 19:48:03.361 | WARNING  | torch_plugin_tt:__init__:38 - TT plugin is setting XLA_STABLEHLO_COMPILE to 1. This is required for TT PJRT plugin to work correctly.
============================= test session starts ==============================
platform linux -- Python 3.12.13, pytest-9.0.2, pluggy-1.6.0 -- /localdev/hshah/tt-xla/venv/bin/python
cachedir: .pytest_cache
metadata: {'Python': '3.12.13', 'Platform': 'Linux-5.15.0-141-generic-x86_64-with-glibc2.35', 'Packages': {'pytest': '9.0.2', 'pluggy': '1.6.0'}, 'Plugins': {'split': '0.11.0', 'forked': '1.6.0', 'json-report': '1.5.0', 'metadata': '3.1.1', 'jaxtyping': '0.3.9', 'anyio': '4.12.1'}}
rootdir: /localdev/hshah/tt-xla
configfile: pytest.ini
plugins: split-0.11.0, forked-1.6.0, json-report-1.5.0, metadata-3.1.1, jaxtyping-0.3.9, anyio-4.12.1
collecting ... collected 1 item

tests/torch/ops/test_gather.py::test_gather_indices[128-32] 2026-03-21 19:48:09.792 (   0.000s) [        B1056480]   plugin_attributes.cc:64       1| PluginAttributes::PJRT_Plugin_Initialize
2026-03-21 19:48:09.792 (   0.000s) [        B1056480]     client_instance.cc:646      1| ClientInstance::PJRT_Client_Create
2026-03-21 19:48:09.794 (   0.002s) [        B1056480]     client_instance.cc:256      1| ClientInstance::ClientInstance
2026-03-21 19:48:09.794 (   0.002s) [        B1056480]     client_instance.cc:278      1| ClientInstance::Initialize
2026-03-21 19:48:10.739 (   0.947s) [        B1056480]     client_instance.cc:563      1| ClientInstance::openMeshDevice - setting fabric config: FABRIC_1D_RING
2026-03-21 19:48:11.252 (   1.460s) [        B1056480]              stubs.inc:121   WARN| STUB: PJRT_Client_TopologyDescription
2026-03-21 19:48:11.252 (   1.460s) [        B1056480]      error_instance.cc:52       1| ErrorInstance::PJRT_Error_Message
2026-03-21 19:48:11.252 (   1.460s) [        B1056480]      error_instance.cc:61       1| ErrorInstance::PJRT_Error_GetCode
2026-03-21 19:48:11.252 (   1.460s) [        B1056480]      error_instance.cc:46       1| ErrorInstance::PJRT_Error_Destroy
2026-03-21 19:48:11.252 (   1.460s) [        B1056480]     client_instance.cc:704      1| ClientInstance::PJRT_Client_PlatformVersion
2026-03-21 19:48:11.252 (   1.460s) [        B1056480]     client_instance.cc:683      1| ClientInstance::PJRT_Client_PlatformName
2026-03-21 19:48:11.252 (   1.460s) [        B1056480]     client_instance.cc:716      1| ClientInstance::PJRT_Client_Devices
2026-03-21 19:48:11.252 (   1.460s) [        B1056480]     device_instance.cc:48       1| DeviceInstance::PJRT_Device_GetDescription
2026-03-21 19:48:11.252 (   1.460s) [        B1056480]  device_description.cc:88       1| DeviceDescription::PJRT_DeviceDescription_Attributes
2026-03-21 19:48:11.252 (   1.460s) [        B1056480]     device_instance.cc:48       1| DeviceInstance::PJRT_Device_GetDescription
2026-03-21 19:48:11.252 (   1.460s) [        B1056480]  device_description.cc:88       1| DeviceDescription::PJRT_DeviceDescription_Attributes
2026-03-21 19:48:11.252 (   1.460s) [        B1056480]     device_instance.cc:48       1| DeviceInstance::PJRT_Device_GetDescription
2026-03-21 19:48:11.252 (   1.460s) [        B1056480]  device_description.cc:88       1| DeviceDescription::PJRT_DeviceDescription_Attributes
2026-03-21 19:48:11.252 (   1.460s) [        B1056480]     device_instance.cc:48       1| DeviceInstance::PJRT_Device_GetDescription
2026-03-21 19:48:11.252 (   1.460s) [        B1056480]  device_description.cc:88       1| DeviceDescription::PJRT_DeviceDescription_Attributes
2026-03-21 19:48:11.252 (   1.460s) [        B1056480]     device_instance.cc:48       1| DeviceInstance::PJRT_Device_GetDescription
2026-03-21 19:48:11.252 (   1.460s) [        B1056480]  device_description.cc:88       1| DeviceDescription::PJRT_DeviceDescription_Attributes
2026-03-21 19:48:11.252 (   1.460s) [        B1056480]     device_instance.cc:48       1| DeviceInstance::PJRT_Device_GetDescription
2026-03-21 19:48:11.252 (   1.460s) [        B1056480]  device_description.cc:88       1| DeviceDescription::PJRT_DeviceDescription_Attributes
2026-03-21 19:48:11.252 (   1.460s) [        B1056480]     device_instance.cc:48       1| DeviceInstance::PJRT_Device_GetDescription
2026-03-21 19:48:11.252 (   1.460s) [        B1056480]  device_description.cc:88       1| DeviceDescription::PJRT_DeviceDescription_Attributes
2026-03-21 19:48:11.252 (   1.460s) [        B1056480]     device_instance.cc:48       1| DeviceInstance::PJRT_Device_GetDescription
2026-03-21 19:48:11.252 (   1.460s) [        B1056480]  device_description.cc:88       1| DeviceDescription::PJRT_DeviceDescription_Attributes
2026-03-21 19:48:11.252 (   1.460s) [        B1056480]     client_instance.cc:730      1| ClientInstance::PJRT_Client_AddressableDevices
2026-03-21 19:48:11.252 (   1.460s) [        B1056480]     client_instance.cc:783      1| ClientInstance::PJRT_Client_AddressableMemories
2026-03-21 19:48:11.252 (   1.460s) [        B1056480]     device_instance.cc:78       1| DeviceInstance::PJRT_Device_AddressableMemories
2026-03-21 19:48:11.252 (   1.460s) [        B1056480]     device_instance.cc:78       1| DeviceInstance::PJRT_Device_AddressableMemories
2026-03-21 19:48:11.252 (   1.460s) [        B1056480]     device_instance.cc:78       1| DeviceInstance::PJRT_Device_AddressableMemories
2026-03-21 19:48:11.252 (   1.460s) [        B1056480]     device_instance.cc:78       1| DeviceInstance::PJRT_Device_AddressableMemories
2026-03-21 19:48:11.252 (   1.460s) [        B1056480]     device_instance.cc:78       1| DeviceInstance::PJRT_Device_AddressableMemories
2026-03-21 19:48:11.252 (   1.460s) [        B1056480]     device_instance.cc:78       1| DeviceInstance::PJRT_Device_AddressableMemories
2026-03-21 19:48:11.252 (   1.460s) [        B1056480]     device_instance.cc:78       1| DeviceInstance::PJRT_Device_AddressableMemories
2026-03-21 19:48:11.252 (   1.460s) [        B1056480]     device_instance.cc:78       1| DeviceInstance::PJRT_Device_AddressableMemories
2026-03-21 19:48:11.252 (   1.460s) [        B1056480]     memory_instance.cc:133      1| MemoryInstance::PJRT_Memory_AddressableByDevices
2026-03-21 19:48:11.252 (   1.460s) [        B1056480]     memory_instance.cc:133      1| MemoryInstance::PJRT_Memory_AddressableByDevices
2026-03-21 19:48:11.252 (   1.460s) [        B1056480]     memory_instance.cc:133      1| MemoryInstance::PJRT_Memory_AddressableByDevices
2026-03-21 19:48:11.252 (   1.460s) [        B1056480]     memory_instance.cc:133      1| MemoryInstance::PJRT_Memory_AddressableByDevices
2026-03-21 19:48:11.252 (   1.460s) [        B1056480]     memory_instance.cc:133      1| MemoryInstance::PJRT_Memory_AddressableByDevices
2026-03-21 19:48:11.252 (   1.460s) [        B1056480]     memory_instance.cc:133      1| MemoryInstance::PJRT_Memory_AddressableByDevices
2026-03-21 19:48:11.252 (   1.460s) [        B1056480]     memory_instance.cc:133      1| MemoryInstance::PJRT_Memory_AddressableByDevices
2026-03-21 19:48:11.252 (   1.460s) [        B1056480]     memory_instance.cc:133      1| MemoryInstance::PJRT_Memory_AddressableByDevices
2026-03-21 19:48:11.252 (   1.460s) [        B1056480]     memory_instance.cc:133      1| MemoryInstance::PJRT_Memory_AddressableByDevices
2026-03-21 19:48:11.252 (   1.460s) [        B1056480]   plugin_attributes.cc:71       1| PluginAttributes::PJRT_Plugin_Attributes
2026-03-21 19:48:11.252746: W torch_xla/csrc/runtime/profiler.cpp:88] Profiler API not found for PJRT plugin
2026-03-21 19:48:11.252 (   1.460s) [        B1056480]  device_description.cc:67       1| DeviceDescription::PJRT_DeviceDescription_Id
2026-03-21 19:48:11.252 (   1.460s) [        B1056480]  device_description.cc:67       1| DeviceDescription::PJRT_DeviceDescription_Id
2026-03-21 19:48:11.252 (   1.460s) [        B1056480]  device_description.cc:67       1| DeviceDescription::PJRT_DeviceDescription_Id
2026-03-21 19:48:11.252 (   1.460s) [        B1056480]  device_description.cc:67       1| DeviceDescription::PJRT_DeviceDescription_Id
2026-03-21 19:48:11.252 (   1.460s) [        B1056480]  device_description.cc:67       1| DeviceDescription::PJRT_DeviceDescription_Id
2026-03-21 19:48:11.252 (   1.460s) [        B1056480]  device_description.cc:67       1| DeviceDescription::PJRT_DeviceDescription_Id
2026-03-21 19:48:11.252 (   1.460s) [        B1056480]  device_description.cc:67       1| DeviceDescription::PJRT_DeviceDescription_Id
2026-03-21 19:48:11.252 (   1.460s) [        B1056480]  device_description.cc:67       1| DeviceDescription::PJRT_DeviceDescription_Id
2026-03-21 19:48:11.252 (   1.460s) [        B1056480]  device_description.cc:67       1| DeviceDescription::PJRT_DeviceDescription_Id
2026-03-21 19:48:11.252 (   1.460s) [        B1056480]  device_description.cc:67       1| DeviceDescription::PJRT_DeviceDescription_Id
2026-03-21 19:48:11.252 (   1.460s) [        B1056480]  device_description.cc:67       1| DeviceDescription::PJRT_DeviceDescription_Id
2026-03-21 19:48:11.252 (   1.460s) [        B1056480]  device_description.cc:67       1| DeviceDescription::PJRT_DeviceDescription_Id
2026-03-21 19:48:11.252 (   1.460s) [        B1056480]  device_description.cc:67       1| DeviceDescription::PJRT_DeviceDescription_Id
2026-03-21 19:48:11.252 (   1.460s) [        B1056480]  device_description.cc:67       1| DeviceDescription::PJRT_DeviceDescription_Id
2026-03-21 19:48:11.252 (   1.460s) [        B1056480]  device_description.cc:67       1| DeviceDescription::PJRT_DeviceDescription_Id
2026-03-21 19:48:11.252 (   1.460s) [        B1056480]  device_description.cc:67       1| DeviceDescription::PJRT_DeviceDescription_Id
2026-03-21 19:48:11.252 (   1.460s) [        B1056480]  device_description.cc:67       1| DeviceDescription::PJRT_DeviceDescription_Id
2026-03-21 19:48:11.252 (   1.460s) [        B1056480]  device_description.cc:67       1| DeviceDescription::PJRT_DeviceDescription_Id
2026-03-21 19:48:11.252 (   1.460s) [        B1056480]  device_description.cc:67       1| DeviceDescription::PJRT_DeviceDescription_Id
2026-03-21 19:48:11.252 (   1.460s) [        B1056480]  device_description.cc:67       1| DeviceDescription::PJRT_DeviceDescription_Id
2026-03-21 19:48:11.252 (   1.460s) [        B1056480]  device_description.cc:67       1| DeviceDescription::PJRT_DeviceDescription_Id
2026-03-21 19:48:11.252 (   1.460s) [        B1056480]  device_description.cc:67       1| DeviceDescription::PJRT_DeviceDescription_Id
2026-03-21 19:48:11.252 (   1.460s) [        B1056480]  device_description.cc:67       1| DeviceDescription::PJRT_DeviceDescription_Id
2026-03-21 19:48:11.252 (   1.460s) [        B1056480]  device_description.cc:67       1| DeviceDescription::PJRT_DeviceDescription_Id
2026-03-21 19:48:11.252 (   1.460s) [        B1056480]  device_description.cc:67       1| DeviceDescription::PJRT_DeviceDescription_Id
2026-03-21 19:48:11.252 (   1.460s) [        B1056480]  device_description.cc:67       1| DeviceDescription::PJRT_DeviceDescription_Id
2026-03-21 19:48:11.252 (   1.460s) [        B1056480]  device_description.cc:67       1| DeviceDescription::PJRT_DeviceDescription_Id
2026-03-21 19:48:11.252 (   1.460s) [        B1056480]  device_description.cc:67       1| DeviceDescription::PJRT_DeviceDescription_Id
2026-03-21 19:48:11.252 (   1.460s) [        B1056480]  device_description.cc:67       1| DeviceDescription::PJRT_DeviceDescription_Id
2026-03-21 19:48:11.252 (   1.460s) [        B1056480]  device_description.cc:67       1| DeviceDescription::PJRT_DeviceDescription_Id
2026-03-21 19:48:11.252 (   1.460s) [        B1056480]  device_description.cc:67       1| DeviceDescription::PJRT_DeviceDescription_Id
2026-03-21 19:48:11.252 (   1.460s) [        B1056480]  device_description.cc:67       1| DeviceDescription::PJRT_DeviceDescription_Id
2026-03-21 19:48:11.252 (   1.460s) [        B1056480]  device_description.cc:67       1| DeviceDescription::PJRT_DeviceDescription_Id
2026-03-21 19:48:11.252 (   1.460s) [        B1056480]  device_description.cc:67       1| DeviceDescription::PJRT_DeviceDescription_Id
2026-03-21 19:48:11.252 (   1.460s) [        B1056480]  device_description.cc:67       1| DeviceDescription::PJRT_DeviceDescription_Id
2026-03-21 19:48:11.252 (   1.460s) [        B1056480]  device_description.cc:67       1| DeviceDescription::PJRT_DeviceDescription_Id
2026-03-21 19:48:11.252 (   1.460s) [        B1056480]  device_description.cc:67       1| DeviceDescription::PJRT_DeviceDescription_Id
2026-03-21 19:48:11.252 (   1.460s) [        B1056480]  device_description.cc:67       1| DeviceDescription::PJRT_DeviceDescription_Id
2026-03-21 19:48:11.252 (   1.460s) [        B1056480]  device_description.cc:67       1| DeviceDescription::PJRT_DeviceDescription_Id
2026-03-21 19:48:11.252 (   1.460s) [        B1056480]  device_description.cc:67       1| DeviceDescription::PJRT_DeviceDescription_Id
2026-03-21 19:48:11.252 (   1.460s) [        B1056480]  device_description.cc:67       1| DeviceDescription::PJRT_DeviceDescription_Id
2026-03-21 19:48:11.252 (   1.460s) [        B1056480]  device_description.cc:67       1| DeviceDescription::PJRT_DeviceDescription_Id
2026-03-21 19:48:11.252 (   1.460s) [        B1056480]  device_description.cc:67       1| DeviceDescription::PJRT_DeviceDescription_Id
2026-03-21 19:48:11.252 (   1.460s) [        B1056480]  device_description.cc:67       1| DeviceDescription::PJRT_DeviceDescription_Id
2026-03-21 19:48:11.252 (   1.460s) [        B1056480]  device_description.cc:67       1| DeviceDescription::PJRT_DeviceDescription_Id
2026-03-21 19:48:11.252 (   1.460s) [        B1056480]  device_description.cc:67       1| DeviceDescription::PJRT_DeviceDescription_Id
2026-03-21 19:48:11.252 (   1.460s) [        B1056480]  device_description.cc:67       1| DeviceDescription::PJRT_DeviceDescription_Id
2026-03-21 19:48:11.252 (   1.460s) [        B1056480]  device_description.cc:67       1| DeviceDescription::PJRT_DeviceDescription_Id
2026-03-21 19:48:11.252 (   1.460s) [        B1056480]  device_description.cc:67       1| DeviceDescription::PJRT_DeviceDescription_Id
2026-03-21 19:48:11.252 (   1.460s) [        B1056480]  device_description.cc:67       1| DeviceDescription::PJRT_DeviceDescription_Id
2026-03-21 19:48:11.252 (   1.460s) [        B1056480]  device_description.cc:67       1| DeviceDescription::PJRT_DeviceDescription_Id
2026-03-21 19:48:11.252 (   1.460s) [        B1056480]  device_description.cc:67       1| DeviceDescription::PJRT_DeviceDescription_Id
2026-03-21 19:48:11.252 (   1.460s) [        B1056480]  device_description.cc:67       1| DeviceDescription::PJRT_DeviceDescription_Id
2026-03-21 19:48:11.252 (   1.460s) [        B1056480]  device_description.cc:67       1| DeviceDescription::PJRT_DeviceDescription_Id
2026-03-21 19:48:11.252 (   1.460s) [        B1056480]  device_description.cc:67       1| DeviceDescription::PJRT_DeviceDescription_Id
2026-03-21 19:48:11.252 (   1.460s) [        B1056480]  device_description.cc:67       1| DeviceDescription::PJRT_DeviceDescription_Id
2026-03-21 19:48:11.252 (   1.460s) [        B1056480]  device_description.cc:67       1| DeviceDescription::PJRT_DeviceDescription_Id
2026-03-21 19:48:11.252 (   1.460s) [        B1056480]  device_description.cc:67       1| DeviceDescription::PJRT_DeviceDescription_Id
2026-03-21 19:48:11.252 (   1.460s) [        B1056480]  device_description.cc:67       1| DeviceDescription::PJRT_DeviceDescription_Id
2026-03-21 19:48:11.252 (   1.460s) [        B1056480]  device_description.cc:67       1| DeviceDescription::PJRT_DeviceDescription_Id
2026-03-21 19:48:11.252 (   1.460s) [        B1056480]  device_description.cc:129      1| DeviceDescription::PJRT_DeviceDescription_ToString
2026-03-21 19:48:11.252 (   1.460s) [        B1056480]  device_description.cc:129      1| DeviceDescription::PJRT_DeviceDescription_ToString
2026-03-21 19:48:11.252 (   1.460s) [        B1056480]  device_description.cc:129      1| DeviceDescription::PJRT_DeviceDescription_ToString
2026-03-21 19:48:11.252 (   1.460s) [        B1056480]  device_description.cc:129      1| DeviceDescription::PJRT_DeviceDescription_ToString
2026-03-21 19:48:11.252 (   1.460s) [        B1056480]  device_description.cc:129      1| DeviceDescription::PJRT_DeviceDescription_ToString
2026-03-21 19:48:11.252 (   1.460s) [        B1056480]  device_description.cc:129      1| DeviceDescription::PJRT_DeviceDescription_ToString
2026-03-21 19:48:11.252 (   1.460s) [        B1056480]  device_description.cc:129      1| DeviceDescription::PJRT_DeviceDescription_ToString
2026-03-21 19:48:11.252 (   1.460s) [        B1056480]  device_description.cc:129      1| DeviceDescription::PJRT_DeviceDescription_ToString
2026-03-21 19:48:11.252 (   1.460s) [        B1056480]  device_description.cc:67       1| DeviceDescription::PJRT_DeviceDescription_Id
2026-03-21 19:48:11.252 (   1.460s) [        B1056480]  device_description.cc:67       1| DeviceDescription::PJRT_DeviceDescription_Id
2026-03-21 19:48:11.252 (   1.460s) [        B1056480]  device_description.cc:67       1| DeviceDescription::PJRT_DeviceDescription_Id
2026-03-21 19:48:11.252 (   1.460s) [        B1056480]  device_description.cc:67       1| DeviceDescription::PJRT_DeviceDescription_Id
2026-03-21 19:48:11.252 (   1.460s) [        B1056480]  device_description.cc:67       1| DeviceDescription::PJRT_DeviceDescription_Id
2026-03-21 19:48:11.252 (   1.460s) [        B1056480]  device_description.cc:67       1| DeviceDescription::PJRT_DeviceDescription_Id
2026-03-21 19:48:11.252 (   1.460s) [        B1056480]  device_description.cc:67       1| DeviceDescription::PJRT_DeviceDescription_Id
2026-03-21 19:48:11.252 (   1.460s) [        B1056480]  device_description.cc:67       1| DeviceDescription::PJRT_DeviceDescription_Id
2026-03-21 19:48:11.253 (   1.461s) [        B1056480]  device_description.cc:67       1| DeviceDescription::PJRT_DeviceDescription_Id
2026-03-21 19:48:11.253 (   1.461s) [        B1056480]  device_description.cc:67       1| DeviceDescription::PJRT_DeviceDescription_Id
2026-03-21 19:48:11.253 (   1.461s) [        B1056480]  device_description.cc:67       1| DeviceDescription::PJRT_DeviceDescription_Id
2026-03-21 19:48:11.253 (   1.461s) [        B1056480]  device_description.cc:67       1| DeviceDescription::PJRT_DeviceDescription_Id
2026-03-21 19:48:11.253 (   1.461s) [        B1056480]  device_description.cc:67       1| DeviceDescription::PJRT_DeviceDescription_Id
2026-03-21 19:48:11.253 (   1.461s) [        B1056480]  device_description.cc:67       1| DeviceDescription::PJRT_DeviceDescription_Id
2026-03-21 19:48:11.253 (   1.461s) [        B1056480]  device_description.cc:67       1| DeviceDescription::PJRT_DeviceDescription_Id
2026-03-21 19:48:11.253 (   1.461s) [        B1056480]  device_description.cc:67       1| DeviceDescription::PJRT_DeviceDescription_Id
2026-03-21 19:48:11.253 (   1.461s) [        B1056480]  device_description.cc:67       1| DeviceDescription::PJRT_DeviceDescription_Id
2026-03-21 19:48:11.253 (   1.461s) [        B1056480]  device_description.cc:67       1| DeviceDescription::PJRT_DeviceDescription_Id
2026-03-21 19:48:11.253 (   1.461s) [        B1056480]  device_description.cc:67       1| DeviceDescription::PJRT_DeviceDescription_Id
2026-03-21 19:48:11.253 (   1.461s) [        B1056480]  device_description.cc:67       1| DeviceDescription::PJRT_DeviceDescription_Id
2026-03-21 19:48:11.253 (   1.461s) [        B1056480]  device_description.cc:67       1| DeviceDescription::PJRT_DeviceDescription_Id
2026-03-21 19:48:11.253 (   1.461s) [        B1056480]  device_description.cc:67       1| DeviceDescription::PJRT_DeviceDescription_Id
2026-03-21 19:48:11.253 (   1.461s) [        B1056480]  device_description.cc:67       1| DeviceDescription::PJRT_DeviceDescription_Id
2026-03-21 19:48:11.253 (   1.461s) [        B1056480]  device_description.cc:67       1| DeviceDescription::PJRT_DeviceDescription_Id
2026-03-21 19:48:11.253 (   1.461s) [        B1056480]  device_description.cc:67       1| DeviceDescription::PJRT_DeviceDescription_Id
2026-03-21 19:48:11.253 (   1.461s) [        B1056480]  device_description.cc:67       1| DeviceDescription::PJRT_DeviceDescription_Id
2026-03-21 19:48:11.253 (   1.461s) [        B1056480]  device_description.cc:67       1| DeviceDescription::PJRT_DeviceDescription_Id
2026-03-21 19:48:11.253 (   1.461s) [        B1056480]  device_description.cc:67       1| DeviceDescription::PJRT_DeviceDescription_Id
2026-03-21 19:48:11.253 (   1.461s) [        B1056480]  device_description.cc:67       1| DeviceDescription::PJRT_DeviceDescription_Id
2026-03-21 19:48:11.253 (   1.461s) [        B1056480]  device_description.cc:67       1| DeviceDescription::PJRT_DeviceDescription_Id
2026-03-21 19:48:11.253 (   1.461s) [        B1056480]  device_description.cc:67       1| DeviceDescription::PJRT_DeviceDescription_Id
2026-03-21 19:48:11.253 (   1.461s) [        B1056480]  device_description.cc:67       1| DeviceDescription::PJRT_DeviceDescription_Id
2026-03-21 19:48:11.253 (   1.461s) [        B1056480]  device_description.cc:67       1| DeviceDescription::PJRT_DeviceDescription_Id
2026-03-21 19:48:11.254 (   1.462s) [        B1056480]     device_instance.cc:90       1| DeviceInstance::PJRT_Device_DefaultMemory
2026-03-21 19:48:11.254 (   1.462s) [        B1056480]     client_instance.cc:848      1| ClientInstance::PJRT_Client_BufferFromHostBuffer
2026-03-21 19:48:11.254 (   1.462s) [        B1056480]     memory_instance.cc:60       1| MemoryInstance::getDevice
2026-03-21 19:48:11.255 (   1.463s) [        B1056480]      event_instance.cc:203      1| EventInstance::PJRT_Event_OnReady
2026-03-21 19:48:11.255 (   1.463s) [        B1056480]      event_instance.cc:148      1| EventInstance::PJRT_Event_Destroy
2026-03-21 19:48:11.538 | WARNING  | tt_torch.backend.backend:_build_params_and_consts:189 - Found an argument on non-XLA device which was not a lifted constant: L__self___topk_indices. Passing a non-XLA tensor to TT compile was likely not intended. Force moving the argument to XLA.
2026-03-21 19:48:11.538 (   1.746s) [        B1056480]     device_instance.cc:90       1| DeviceInstance::PJRT_Device_DefaultMemory
2026-03-21 19:48:11.538 (   1.746s) [        B1056480]     client_instance.cc:848      1| ClientInstance::PJRT_Client_BufferFromHostBuffer
2026-03-21 19:48:11.538 (   1.746s) [        B1056480]     memory_instance.cc:60       1| MemoryInstance::getDevice
2026-03-21 19:48:11.538 (   1.746s) [        B1056480]      event_instance.cc:203      1| EventInstance::PJRT_Event_OnReady
2026-03-21 19:48:11.538 (   1.746s) [        B1056480]      event_instance.cc:148      1| EventInstance::PJRT_Event_Destroy
2026-03-21 19:48:11.542 (   1.750s) [        B1056480]  device_description.cc:67       1| DeviceDescription::PJRT_DeviceDescription_Id
2026-03-21 19:48:11.542 (   1.750s) [        B1056480]  device_description.cc:67       1| DeviceDescription::PJRT_DeviceDescription_Id
2026-03-21 19:48:11.542 (   1.750s) [        B1056480]  device_description.cc:67       1| DeviceDescription::PJRT_DeviceDescription_Id
2026-03-21 19:48:11.542 (   1.751s) [        B1056480]  device_description.cc:67       1| DeviceDescription::PJRT_DeviceDescription_Id
2026-03-21 19:48:11.542 (   1.751s) [        B1056480]  device_description.cc:67       1| DeviceDescription::PJRT_DeviceDescription_Id
2026-03-21 19:48:11.542 (   1.751s) [        B1056480]  device_description.cc:67       1| DeviceDescription::PJRT_DeviceDescription_Id
2026-03-21 19:48:11.542 (   1.751s) [        B1056480]  device_description.cc:67       1| DeviceDescription::PJRT_DeviceDescription_Id
2026-03-21 19:48:11.542 (   1.751s) [        B1056480]  device_description.cc:67       1| DeviceDescription::PJRT_DeviceDescription_Id
2026-03-21 19:48:11.543 (   1.751s) [        B1056480]  device_description.cc:67       1| DeviceDescription::PJRT_DeviceDescription_Id
2026-03-21 19:48:11.543 (   1.751s) [        B1056480]  device_description.cc:67       1| DeviceDescription::PJRT_DeviceDescription_Id
2026-03-21 19:48:11.543 (   1.751s) [        B1056480]  device_description.cc:67       1| DeviceDescription::PJRT_DeviceDescription_Id
2026-03-21 19:48:11.543 (   1.751s) [        B1056480]  device_description.cc:67       1| DeviceDescription::PJRT_DeviceDescription_Id
2026-03-21 19:48:11.543 (   1.751s) [        B1056480]  device_description.cc:67       1| DeviceDescription::PJRT_DeviceDescription_Id
2026-03-21 19:48:11.543 (   1.751s) [        B1056480]  device_description.cc:67       1| DeviceDescription::PJRT_DeviceDescription_Id
2026-03-21 19:48:11.543 (   1.751s) [        B1056480]  device_description.cc:67       1| DeviceDescription::PJRT_DeviceDescription_Id
2026-03-21 19:48:11.543 (   1.751s) [        B1056480]  device_description.cc:67       1| DeviceDescription::PJRT_DeviceDescription_Id
2026-03-21 19:48:11.543 (   1.751s) [        B1056480]     buffer_instance.cc:528      1| BufferInstance::PJRT_Buffer_IsDeleted
2026-03-21 19:48:11.543 (   1.751s) [        B1056480]     buffer_instance.cc:528      1| BufferInstance::PJRT_Buffer_IsDeleted
2026-03-21 19:48:11.543 (   1.751s) [        B1056480]     buffer_instance.cc:528      1| BufferInstance::PJRT_Buffer_IsDeleted
2026-03-21 19:48:11.543 (   1.751s) [        B1056480]     buffer_instance.cc:528      1| BufferInstance::PJRT_Buffer_IsDeleted
2026-03-21 19:48:11.543 (   1.751s) [        B1056480]     buffer_instance.cc:528      1| BufferInstance::PJRT_Buffer_IsDeleted
2026-03-21 19:48:11.543 (   1.751s) [        B1056480]     buffer_instance.cc:528      1| BufferInstance::PJRT_Buffer_IsDeleted
2026-03-21 19:48:11.543 (   1.751s) [        B1056480]     buffer_instance.cc:528      1| BufferInstance::PJRT_Buffer_IsDeleted
2026-03-21 19:48:11.543 (   1.751s) [        B1056480]     buffer_instance.cc:528      1| BufferInstance::PJRT_Buffer_IsDeleted
2026-03-21 19:48:11.543 (   1.751s) [        B1056480]     buffer_instance.cc:528      1| BufferInstance::PJRT_Buffer_IsDeleted
2026-03-21 19:48:11.543 (   1.751s) [        B1056480]     buffer_instance.cc:528      1| BufferInstance::PJRT_Buffer_IsDeleted
2026-03-21 19:48:11.543279: W torch_xla/csrc/runtime/pjrt_computation_client.cpp:703] Failed to deserialize executable: UNIMPLEMENTED: Deserializing serialized executable not supported.
2026-03-21 19:48:11.543 (   1.751s) [        B1056480]     buffer_instance.cc:528      1| BufferInstance::PJRT_Buffer_IsDeleted
2026-03-21 19:48:11.543 (   1.751s) [        B1056480]     buffer_instance.cc:528      1| BufferInstance::PJRT_Buffer_IsDeleted
2026-03-21 19:48:11.549 (   1.757s) [        B1056480]     client_instance.cc:797      1| ClientInstance::PJRT_Client_Compile
2026-03-21 19:48:11.549 (   1.757s) [        B1056480]      module_builder.cc:243      1| ModuleBuilder::buildModule
2026-03-21 19:48:11.551 (   1.759s) [        B1056480]      module_builder.cc:1189     1| MLIR Module vhlo:
module @SyncTensorsGraph.36 attributes {mhlo.cross_program_prefetches = [], mhlo.input_output_alias = [], mhlo.is_dynamic = false, mhlo.use_auto_spmd_partitioning = false} {
  vhlo.func_v1 @main(%arg0: !vhlo.tensor_v1<32x1x16x!vhlo.i64_v1>, %arg1: !vhlo.tensor_v1<32x128x512x!vhlo.bf16_v1>) -> (!vhlo.tensor_v1<32x16x512x!vhlo.bf16_v1>) {
    %0 = "vhlo.constant_v1"() <{value = #vhlo.tensor_v1<dense<128> : tensor<32x16xi64>>}> : () -> !vhlo.tensor_v1<32x16x!vhlo.i64_v1>
    %1 = "vhlo.constant_v1"() <{value = #vhlo.tensor_v1<dense<32> : tensor<32x16xi64>>}> : () -> !vhlo.tensor_v1<32x16x!vhlo.i64_v1>
    %2 = "vhlo.constant_v1"() <{value = #vhlo.tensor_v1<dense<0> : tensor<32x16xi64>>}> : () -> !vhlo.tensor_v1<32x16x!vhlo.i64_v1>
    %3 = "vhlo.constant_v1"() <{value = #vhlo.tensor_v1<dense<[0, 1, 2, 3, 4, 5, 6, 7, 8, 9, 10, 11, 12, 13, 14, 15, 16, 17, 18, 19, 20, 21, 22, 23, 24, 25, 26, 27, 28, 29, 30, 31]> : tensor<32xi64>>}> : () -> !vhlo.tensor_v1<32x!vhlo.i64_v1>
    %4 = "vhlo.custom_call_v1"(%arg1) <{api_version = #vhlo<api_version_v1 API_VERSION_UNSPECIFIED>, backend_config = #vhlo.string_v1<"">, call_target_name = #vhlo.string_v1<"tt.mark_argument">, called_computations = #vhlo.array_v1<[]>, has_side_effect = #vhlo.bool_v1<false>, operand_layouts = #vhlo.array_v1<[]>, output_operand_aliases = #vhlo.array_v1<[]>, result_layouts = #vhlo.array_v1<[]>}> {mhlo.frontend_attributes = #vhlo.dict_v1<{#vhlo.string_v1<"ttcore.argument_type"> = #vhlo.string_v1<"input">, #vhlo.string_v1<"ttir.name"> = #vhlo.string_v1<"args_0">}>} : (!vhlo.tensor_v1<32x128x512x!vhlo.bf16_v1>) -> !vhlo.tensor_v1<32x128x512x!vhlo.bf16_v1>
    %5 = "vhlo.broadcast_in_dim_v1"(%3) <{broadcast_dimensions = #vhlo.tensor_v1<dense<0> : tensor<1xi64>>}> : (!vhlo.tensor_v1<32x!vhlo.i64_v1>) -> !vhlo.tensor_v1<32x16x!vhlo.i64_v1>
    %6 = "vhlo.compare_v1"(%5, %2) <{compare_type = #vhlo<comparison_type_v1 NOTYPE>, comparison_direction = #vhlo<comparison_direction_v1 LT>}> : (!vhlo.tensor_v1<32x16x!vhlo.i64_v1>, !vhlo.tensor_v1<32x16x!vhlo.i64_v1>) -> !vhlo.tensor_v1<32x16x!vhlo.bool_v1>
    %7 = "vhlo.add_v1"(%5, %1) : (!vhlo.tensor_v1<32x16x!vhlo.i64_v1>, !vhlo.tensor_v1<32x16x!vhlo.i64_v1>) -> !vhlo.tensor_v1<32x16x!vhlo.i64_v1>
    %8 = "vhlo.select_v1"(%6, %7, %5) : (!vhlo.tensor_v1<32x16x!vhlo.bool_v1>, !vhlo.tensor_v1<32x16x!vhlo.i64_v1>, !vhlo.tensor_v1<32x16x!vhlo.i64_v1>) -> !vhlo.tensor_v1<32x16x!vhlo.i64_v1>
    %9 = "vhlo.reshape_v1"(%8) : (!vhlo.tensor_v1<32x16x!vhlo.i64_v1>) -> !vhlo.tensor_v1<32x16x1x!vhlo.i64_v1>
    %10 = "vhlo.custom_call_v1"(%arg0) <{api_version = #vhlo<api_version_v1 API_VERSION_UNSPECIFIED>, backend_config = #vhlo.string_v1<"">, call_target_name = #vhlo.string_v1<"tt.mark_argument">, called_computations = #vhlo.array_v1<[]>, has_side_effect = #vhlo.bool_v1<false>, operand_layouts = #vhlo.array_v1<[]>, output_operand_aliases = #vhlo.array_v1<[]>, result_layouts = #vhlo.array_v1<[]>}> {mhlo.frontend_attributes = #vhlo.dict_v1<{#vhlo.string_v1<"ttcore.argument_type"> = #vhlo.string_v1<"constant">, #vhlo.string_v1<"ttir.name"> = #vhlo.string_v1<"L__self___topk_indices">}>} : (!vhlo.tensor_v1<32x1x16x!vhlo.i64_v1>) -> !vhlo.tensor_v1<32x1x16x!vhlo.i64_v1>
    %11 = "vhlo.reshape_v1"(%10) : (!vhlo.tensor_v1<32x1x16x!vhlo.i64_v1>) -> !vhlo.tensor_v1<32x16x!vhlo.i64_v1>
    %12 = "vhlo.compare_v1"(%11, %2) <{compare_type = #vhlo<comparison_type_v1 NOTYPE>, comparison_direction = #vhlo<comparison_direction_v1 LT>}> : (!vhlo.tensor_v1<32x16x!vhlo.i64_v1>, !vhlo.tensor_v1<32x16x!vhlo.i64_v1>) -> !vhlo.tensor_v1<32x16x!vhlo.bool_v1>
    %13 = "vhlo.add_v1"(%11, %0) : (!vhlo.tensor_v1<32x16x!vhlo.i64_v1>, !vhlo.tensor_v1<32x16x!vhlo.i64_v1>) -> !vhlo.tensor_v1<32x16x!vhlo.i64_v1>
    %14 = "vhlo.select_v1"(%12, %13, %11) : (!vhlo.tensor_v1<32x16x!vhlo.bool_v1>, !vhlo.tensor_v1<32x16x!vhlo.i64_v1>, !vhlo.tensor_v1<32x16x!vhlo.i64_v1>) -> !vhlo.tensor_v1<32x16x!vhlo.i64_v1>
    %15 = "vhlo.reshape_v1"(%14) : (!vhlo.tensor_v1<32x16x!vhlo.i64_v1>) -> !vhlo.tensor_v1<32x16x1x!vhlo.i64_v1>
    %16 = "vhlo.concatenate_v1"(%9, %15) <{dimension = #vhlo.integer_v1<2 : i64>}> : (!vhlo.tensor_v1<32x16x1x!vhlo.i64_v1>, !vhlo.tensor_v1<32x16x1x!vhlo.i64_v1>) -> !vhlo.tensor_v1<32x16x2x!vhlo.i64_v1>
    %17 = "vhlo.gather_v2"(%4, %16) <{collapsed_slice_dims = #vhlo.tensor_v1<dense<[0, 1]> : tensor<2xi64>>, index_vector_dim = #vhlo.integer_v1<2 : i64>, indices_are_sorted = #vhlo.bool_v1<false>, offset_dims = #vhlo.tensor_v1<dense<2> : tensor<1xi64>>, operand_batching_dims = #vhlo.tensor_v1<dense<> : tensor<0xi64>>, slice_sizes = #vhlo.tensor_v1<dense<[1, 1, 512]> : tensor<3xi64>>, start_index_map = #vhlo.tensor_v1<dense<[0, 1]> : tensor<2xi64>>, start_indices_batching_dims = #vhlo.tensor_v1<dense<> : tensor<0xi64>>}> : (!vhlo.tensor_v1<32x128x512x!vhlo.bf16_v1>, !vhlo.tensor_v1<32x16x2x!vhlo.i64_v1>) -> !vhlo.tensor_v1<32x16x512x!vhlo.bf16_v1>
    "vhlo.return_v1"(%17) : (!vhlo.tensor_v1<32x16x512x!vhlo.bf16_v1>) -> ()
  } {arg_attrs = #vhlo.array_v1<[]>, res_attrs = #vhlo.array_v1<[]>, sym_visibility = #vhlo.string_v1<"">}
}
------------------ END OF MLIR MODULE ------------------
2026-03-21 19:48:11.555 (   1.763s) [        B1056480]      module_builder.cc:1189     1| MLIR Module shlo:
module @SyncTensorsGraph.36 attributes {mhlo.cross_program_prefetches = [], mhlo.input_output_alias = [], mhlo.is_dynamic = false, mhlo.use_auto_spmd_partitioning = false} {
  func.func @main(%arg0: tensor<32x1x16xi64>, %arg1: tensor<32x128x512xbf16>) -> tensor<32x16x512xbf16> {
    %c = stablehlo.constant dense<128> : tensor<32x16xi64>
    %c_0 = stablehlo.constant dense<32> : tensor<32x16xi64>
    %c_1 = stablehlo.constant dense<0> : tensor<32x16xi64>
    %c_2 = stablehlo.constant dense<[0, 1, 2, 3, 4, 5, 6, 7, 8, 9, 10, 11, 12, 13, 14, 15, 16, 17, 18, 19, 20, 21, 22, 23, 24, 25, 26, 27, 28, 29, 30, 31]> : tensor<32xi64>
    %0 = stablehlo.custom_call @tt.mark_argument(%arg1) {api_version = 0 : i32, mhlo.frontend_attributes = {ttcore.argument_type = "input", ttir.name = "args_0"}} : (tensor<32x128x512xbf16>) -> tensor<32x128x512xbf16>
    %1 = stablehlo.broadcast_in_dim %c_2, dims = [0] : (tensor<32xi64>) -> tensor<32x16xi64>
    %2 = stablehlo.compare  LT, %1, %c_1 : (tensor<32x16xi64>, tensor<32x16xi64>) -> tensor<32x16xi1>
    %3 = stablehlo.add %1, %c_0 : tensor<32x16xi64>
    %4 = stablehlo.select %2, %3, %1 : tensor<32x16xi1>, tensor<32x16xi64>
    %5 = stablehlo.reshape %4 : (tensor<32x16xi64>) -> tensor<32x16x1xi64>
    %6 = stablehlo.custom_call @tt.mark_argument(%arg0) {api_version = 0 : i32, mhlo.frontend_attributes = {ttcore.argument_type = "constant", ttir.name = "L__self___topk_indices"}} : (tensor<32x1x16xi64>) -> tensor<32x1x16xi64>
    %7 = stablehlo.reshape %6 : (tensor<32x1x16xi64>) -> tensor<32x16xi64>
    %8 = stablehlo.compare  LT, %7, %c_1 : (tensor<32x16xi64>, tensor<32x16xi64>) -> tensor<32x16xi1>
    %9 = stablehlo.add %7, %c : tensor<32x16xi64>
    %10 = stablehlo.select %8, %9, %7 : tensor<32x16xi1>, tensor<32x16xi64>
    %11 = stablehlo.reshape %10 : (tensor<32x16xi64>) -> tensor<32x16x1xi64>
    %12 = stablehlo.concatenate %5, %11, dim = 2 : (tensor<32x16x1xi64>, tensor<32x16x1xi64>) -> tensor<32x16x2xi64>
    %13 = "stablehlo.gather"(%0, %12) <{dimension_numbers = #stablehlo.gather<offset_dims = [2], collapsed_slice_dims = [0, 1], start_index_map = [0, 1], index_vector_dim = 2>, slice_sizes = array<i64: 1, 1, 512>}> : (tensor<32x128x512xbf16>, tensor<32x16x2xi64>) -> tensor<32x16x512xbf16>
    return %13 : tensor<32x16x512xbf16>
  }
}
------------------ END OF MLIR MODULE ------------------
2026-03-21 19:48:11.556 (   1.764s) [        B1056480]      module_builder.cc:1189     1| MLIR Module shlo_frontend:
module @SyncTensorsGraph.36 attributes {mhlo.cross_program_prefetches = [], mhlo.input_output_alias = [], mhlo.is_dynamic = false, mhlo.use_auto_spmd_partitioning = false} {
  func.func @main(%arg0: tensor<32x1x16xi64> {ttcore.argument_type = #ttcore.argument_type<constant>, ttir.name = "L__self___topk_indices"}, %arg1: tensor<32x128x512xbf16> {ttcore.argument_type = #ttcore.argument_type<input>, ttir.name = "args_0"}) -> tensor<32x16x512xbf16> {
    %c = stablehlo.constant dense<128> : tensor<32x16xi64>
    %c_0 = stablehlo.constant dense<32> : tensor<32x16xi64>
    %c_1 = stablehlo.constant dense<0> : tensor<32x16xi64>
    %c_2 = stablehlo.constant dense<[0, 1, 2, 3, 4, 5, 6, 7, 8, 9, 10, 11, 12, 13, 14, 15, 16, 17, 18, 19, 20, 21, 22, 23, 24, 25, 26, 27, 28, 29, 30, 31]> : tensor<32xi64>
    %0 = stablehlo.broadcast_in_dim %c_2, dims = [0] : (tensor<32xi64>) -> tensor<32x16xi64>
    %1 = stablehlo.compare  LT, %0, %c_1 : (tensor<32x16xi64>, tensor<32x16xi64>) -> tensor<32x16xi1>
    %2 = stablehlo.add %0, %c_0 : tensor<32x16xi64>
    %3 = stablehlo.select %1, %2, %0 : tensor<32x16xi1>, tensor<32x16xi64>
    %4 = stablehlo.reshape %3 : (tensor<32x16xi64>) -> tensor<32x16x1xi64>
    %5 = stablehlo.reshape %arg0 : (tensor<32x1x16xi64>) -> tensor<32x16xi64>
    %6 = stablehlo.compare  LT, %5, %c_1 : (tensor<32x16xi64>, tensor<32x16xi64>) -> tensor<32x16xi1>
    %7 = stablehlo.add %5, %c : tensor<32x16xi64>
    %8 = stablehlo.select %6, %7, %5 : tensor<32x16xi1>, tensor<32x16xi64>
    %9 = stablehlo.reshape %8 : (tensor<32x16xi64>) -> tensor<32x16x1xi64>
    %10 = stablehlo.concatenate %4, %9, dim = 2 : (tensor<32x16x1xi64>, tensor<32x16x1xi64>) -> tensor<32x16x2xi64>
    %11 = "stablehlo.gather"(%arg1, %10) <{dimension_numbers = #stablehlo.gather<offset_dims = [2], collapsed_slice_dims = [0, 1], start_index_map = [0, 1], index_vector_dim = 2>, slice_sizes = array<i64: 1, 1, 512>}> : (tensor<32x128x512xbf16>, tensor<32x16x2xi64>) -> tensor<32x16x512xbf16>
    return %11 : tensor<32x16x512xbf16>
  }
}
------------------ END OF MLIR MODULE ------------------
2026-03-21 19:48:11.561 (   1.769s) [        B1056480]      module_builder.cc:1189     1| MLIR Module shlo_compiler:
module @SyncTensorsGraph.36 attributes {mhlo.cross_program_prefetches = [], mhlo.input_output_alias = [], mhlo.is_dynamic = false, mhlo.use_auto_spmd_partitioning = false} {
  sdy.mesh @mesh = <["x"=1, "y"=1]>
  func.func @main(%arg0: tensor<32x1x16xi64> {ttcore.argument_type = #ttcore.argument_type<constant>, ttcore.local_shape = #ttcore<local_shape local_shape = tensor<32x1x16xi64>>, ttcore.shard_status = #ttcore.shard_status<unsharded>, ttir.name = "L__self___topk_indices"}, %arg1: tensor<32x128x512xbf16> {ttcore.argument_type = #ttcore.argument_type<input>, ttcore.local_shape = #ttcore<local_shape local_shape = tensor<32x128x512xbf16>>, ttcore.shard_status = #ttcore.shard_status<unsharded>, ttir.name = "args_0"}) -> (tensor<32x16x512xbf16> {ttcore.local_shape = #ttcore<local_shape local_shape = tensor<32x16x512xbf16>>, ttcore.shard_status = #ttcore.shard_status<presharded>}) {
    %c = stablehlo.constant dense<128> : tensor<32x16xi64>
    %c_0 = stablehlo.constant dense<32> : tensor<32x16xi64>
    %c_1 = stablehlo.constant dense<0> : tensor<32x16xi64>
    %c_2 = stablehlo.constant dense<[0, 1, 2, 3, 4, 5, 6, 7, 8, 9, 10, 11, 12, 13, 14, 15, 16, 17, 18, 19, 20, 21, 22, 23, 24, 25, 26, 27, 28, 29, 30, 31]> : tensor<32xi64>
    %0 = stablehlo.broadcast_in_dim %c_2, dims = [0] : (tensor<32xi64>) -> tensor<32x16xi64>
    %1 = stablehlo.compare  LT, %0, %c_1 : (tensor<32x16xi64>, tensor<32x16xi64>) -> tensor<32x16xi1>
    %2 = stablehlo.add %0, %c_0 : tensor<32x16xi64>
    %3 = stablehlo.select %1, %2, %0 : tensor<32x16xi1>, tensor<32x16xi64>
    %4 = stablehlo.reshape %3 : (tensor<32x16xi64>) -> tensor<32x16x1xi64>
    %5 = stablehlo.reshape %arg0 : (tensor<32x1x16xi64>) -> tensor<32x16xi64>
    %6 = stablehlo.compare  LT, %5, %c_1 : (tensor<32x16xi64>, tensor<32x16xi64>) -> tensor<32x16xi1>
    %7 = stablehlo.add %5, %c : tensor<32x16xi64>
    %8 = stablehlo.select %6, %7, %5 : tensor<32x16xi1>, tensor<32x16xi64>
    %9 = stablehlo.reshape %8 : (tensor<32x16xi64>) -> tensor<32x16x1xi64>
    %10 = stablehlo.concatenate %4, %9, dim = 2 : (tensor<32x16x1xi64>, tensor<32x16x1xi64>) -> tensor<32x16x2xi64>
    %11 = "stablehlo.gather"(%arg1, %10) <{dimension_numbers = #stablehlo.gather<offset_dims = [2], collapsed_slice_dims = [0, 1], start_index_map = [0, 1], index_vector_dim = 2>, slice_sizes = array<i64: 1, 1, 512>}> : (tensor<32x128x512xbf16>, tensor<32x16x2xi64>) -> tensor<32x16x512xbf16>
    return %11 : tensor<32x16x512xbf16>
  }
}
------------------ END OF MLIR MODULE ------------------
2026-03-21 19:48:11.562 (   1.770s) [        B1056480]      module_builder.cc:323      1| SHLO compiler pipeline run completed - is using shardy output shardings: 0
2026-03-21 19:48:11.562 (   1.770s) [        B1056480]      module_builder.cc:1189     1| MLIR Module shlo_compiler_cleaned:
module @SyncTensorsGraph.36 attributes {mhlo.cross_program_prefetches = [], mhlo.input_output_alias = [], mhlo.is_dynamic = false, mhlo.use_auto_spmd_partitioning = false} {
  func.func @main(%arg0: tensor<32x1x16xi64>, %arg1: tensor<32x128x512xbf16>) -> tensor<32x16x512xbf16> {
    %c = stablehlo.constant dense<128> : tensor<32x16xi64>
    %c_0 = stablehlo.constant dense<32> : tensor<32x16xi64>
    %c_1 = stablehlo.constant dense<0> : tensor<32x16xi64>
    %c_2 = stablehlo.constant dense<[0, 1, 2, 3, 4, 5, 6, 7, 8, 9, 10, 11, 12, 13, 14, 15, 16, 17, 18, 19, 20, 21, 22, 23, 24, 25, 26, 27, 28, 29, 30, 31]> : tensor<32xi64>
    %0 = stablehlo.broadcast_in_dim %c_2, dims = [0] : (tensor<32xi64>) -> tensor<32x16xi64>
    %1 = stablehlo.compare  LT, %0, %c_1 : (tensor<32x16xi64>, tensor<32x16xi64>) -> tensor<32x16xi1>
    %2 = stablehlo.add %0, %c_0 : tensor<32x16xi64>
    %3 = stablehlo.select %1, %2, %0 : tensor<32x16xi1>, tensor<32x16xi64>
    %4 = stablehlo.reshape %3 : (tensor<32x16xi64>) -> tensor<32x16x1xi64>
    %5 = stablehlo.reshape %arg0 : (tensor<32x1x16xi64>) -> tensor<32x16xi64>
    %6 = stablehlo.compare  LT, %5, %c_1 : (tensor<32x16xi64>, tensor<32x16xi64>) -> tensor<32x16xi1>
    %7 = stablehlo.add %5, %c : tensor<32x16xi64>
    %8 = stablehlo.select %6, %7, %5 : tensor<32x16xi1>, tensor<32x16xi64>
    %9 = stablehlo.reshape %8 : (tensor<32x16xi64>) -> tensor<32x16x1xi64>
    %10 = stablehlo.concatenate %4, %9, dim = 2 : (tensor<32x16x1xi64>, tensor<32x16x1xi64>) -> tensor<32x16x2xi64>
    %11 = "stablehlo.gather"(%arg1, %10) <{dimension_numbers = #stablehlo.gather<offset_dims = [2], collapsed_slice_dims = [0, 1], start_index_map = [0, 1], index_vector_dim = 2>, slice_sizes = array<i64: 1, 1, 512>}> : (tensor<32x128x512xbf16>, tensor<32x16x2xi64>) -> tensor<32x16x512xbf16>
    return %11 : tensor<32x16x512xbf16>
  }
}
------------------ END OF MLIR MODULE ------------------
2026-03-21 19:48:11.564 (   1.772s) [        B1056480]      module_builder.cc:1189     1| MLIR Module ttir:
module @SyncTensorsGraph.36 attributes {mhlo.cross_program_prefetches = [], mhlo.input_output_alias = [], mhlo.is_dynamic = false, mhlo.use_auto_spmd_partitioning = false, ttcore.meshes = #ttcore.meshes<[<"mesh" = 1x1>]>} {
  ttcore.device_module {
    builtin.module @SyncTensorsGraph.36 attributes {mhlo.cross_program_prefetches = [], mhlo.input_output_alias = [], mhlo.is_dynamic = false, mhlo.use_auto_spmd_partitioning = false, ttcore.meshes = #ttcore.meshes<[<"mesh" = 1x1>]>} {
      func.func @main(%arg0: tensor<32x1x16xi64> {ttcore.argument_type = #ttcore.argument_type<constant>, ttcore.local_shape = #ttcore<local_shape local_shape = tensor<32x1x16xi64>>, ttcore.shard_status = #ttcore.shard_status<unsharded>, ttir.name = "L__self___topk_indices"}, %arg1: tensor<32x128x512xbf16> {ttcore.argument_type = #ttcore.argument_type<input>, ttcore.local_shape = #ttcore<local_shape local_shape = tensor<32x128x512xbf16>>, ttcore.shard_status = #ttcore.shard_status<unsharded>, ttir.name = "args_0"}) -> (tensor<32x16x512xbf16> {ttcore.local_shape = #ttcore<local_shape local_shape = tensor<32x16x512xbf16>>, ttcore.shard_status = #ttcore.shard_status<presharded>}) {
        %0 = "ttir.constant"() <{value = dense<128> : tensor<32x16xi64>}> : () -> tensor<32x16xi64>
        %1 = "ttir.constant"() <{value = dense<32> : tensor<32x16xi64>}> : () -> tensor<32x16xi64>
        %2 = "ttir.constant"() <{value = dense<0> : tensor<32x16xi64>}> : () -> tensor<32x16xi64>
        %3 = "ttir.constant"() <{value = dense<[0, 1, 2, 3, 4, 5, 6, 7, 8, 9, 10, 11, 12, 13, 14, 15, 16, 17, 18, 19, 20, 21, 22, 23, 24, 25, 26, 27, 28, 29, 30, 31]> : tensor<32xi64>}> : () -> tensor<32xi64>
        %4 = "ttir.reshape"(%3) <{shape = [32 : i32, 1 : i32]}> : (tensor<32xi64>) -> tensor<32x1xi64>
        %5 = "ttir.broadcast"(%4) <{broadcast_dimensions = array<i64: 1, 16>}> : (tensor<32x1xi64>) -> tensor<32x16xi64>
        %6 = "ttir.lt"(%5, %2) : (tensor<32x16xi64>, tensor<32x16xi64>) -> tensor<32x16xi1>
        %7 = "ttir.add"(%5, %1) : (tensor<32x16xi64>, tensor<32x16xi64>) -> tensor<32x16xi64>
        %8 = "ttir.where"(%6, %7, %5) : (tensor<32x16xi1>, tensor<32x16xi64>, tensor<32x16xi64>) -> tensor<32x16xi64>
        %9 = "ttir.reshape"(%8) <{shape = [32 : i32, 16 : i32, 1 : i32]}> : (tensor<32x16xi64>) -> tensor<32x16x1xi64>
        %10 = "ttir.reshape"(%arg0) <{shape = [32 : i32, 16 : i32]}> : (tensor<32x1x16xi64>) -> tensor<32x16xi64>
        %11 = "ttir.lt"(%10, %2) : (tensor<32x16xi64>, tensor<32x16xi64>) -> tensor<32x16xi1>
        %12 = "ttir.add"(%10, %0) : (tensor<32x16xi64>, tensor<32x16xi64>) -> tensor<32x16xi64>
        %13 = "ttir.where"(%11, %12, %10) : (tensor<32x16xi1>, tensor<32x16xi64>, tensor<32x16xi64>) -> tensor<32x16xi64>
        %14 = "ttir.reshape"(%13) <{shape = [32 : i32, 16 : i32, 1 : i32]}> : (tensor<32x16xi64>) -> tensor<32x16x1xi64>
        %15 = "ttir.concat"(%9, %14) <{dim = 2 : si32}> : (tensor<32x16x1xi64>, tensor<32x16x1xi64>) -> tensor<32x16x2xi64>
        %16 = "ttir.gather"(%arg1, %15) <{collapsed_slice_dims = array<i64: 0, 1>, index_vector_dim = 2 : si64, indices_are_sorted = false, offset_dims = array<i64: 2>, operand_batching_dims = array<i64>, slice_sizes = array<i64: 1, 1, 512>, start_index_map = array<i64: 0, 1>, start_indices_batching_dims = array<i64>}> : (tensor<32x128x512xbf16>, tensor<32x16x2xi64>) -> tensor<32x16x512xbf16>
        return %16 : tensor<32x16x512xbf16>
      }
    }
  }
}
------------------ END OF MLIR MODULE ------------------
2026-03-21 19:48:11.565 (   1.773s) [        B1056480]      module_builder.cc:915   WARN| `mhlo.num_partitions` attribute not found, assuming default number of partitions: 1
2026-03-21 19:48:11.565 (   1.773s) [        B1056480]      module_builder.cc:929   WARN| `mhlo.num_replicas` attribute not found, assuming default number of replicas: 1
2026-03-21 19:48:11.565 (   1.773s) [        B1056480]      module_builder.cc:939   WARN| Num replicas and num partitions are not set, inferring the number of devices from mesh shape
2026-03-21 19:48:11.583 (   1.791s) [        B1056480]      module_builder.cc:1189     1| MLIR Module ttnn:
#dram = #ttnn.buffer_type<dram>
#system_desc = #ttcore.system_desc<[{role = host, target_triple = "x86_64-pc-linux"}], [{arch = <wormhole_b0>, grid = 8x8, coord_translation_offsets = 18x18, l1_size = 1499136, num_dram_channels = 12, dram_channel_size = 1073741824, noc_l1_address_align_bytes = 16, pcie_address_align_bytes = 32, noc_dram_address_align_bytes = 32, l1_unreserved_base = 103712, erisc_l1_unreserved_base = 98304, dram_unreserved_base = 1920032, dram_unreserved_end = 1073136832, supported_data_types = [<f32>, <f16>, <bf16>, <bfp_f8>, <bfp_bf8>, <bfp_f4>, <bfp_bf4>, <bfp_f2>, <bfp_bf2>, <u32>, <u16>, <u8>, <si32>], supported_tile_sizes = [ 4x16,  16x16,  32x16,  4x32,  16x32,  32x32], dst_physical_size_tiles = 16, num_cbs = 64, num_compute_threads = 1, num_datamovement_threads = 2}, {arch = <wormhole_b0>, grid = 8x8, coord_translation_offsets = 18x18, l1_size = 1499136, num_dram_channels = 12, dram_channel_size = 1073741824, noc_l1_address_align_bytes = 16, pcie_address_align_bytes = 32, noc_dram_address_align_bytes = 32, l1_unreserved_base = 103712, erisc_l1_unreserved_base = 98304, dram_unreserved_base = 1920032, dram_unreserved_end = 1073136832, supported_data_types = [<f32>, <f16>, <bf16>, <bfp_f8>, <bfp_bf8>, <bfp_f4>, <bfp_bf4>, <bfp_f2>, <bfp_bf2>, <u32>, <u16>, <u8>, <si32>], supported_tile_sizes = [ 4x16,  16x16,  32x16,  4x32,  16x32,  32x32], dst_physical_size_tiles = 16, num_cbs = 64, num_compute_threads = 1, num_datamovement_threads = 2}, {arch = <wormhole_b0>, grid = 8x8, coord_translation_offsets = 18x18, l1_size = 1499136, num_dram_channels = 12, dram_channel_size = 1073741824, noc_l1_address_align_bytes = 16, pcie_address_align_bytes = 32, noc_dram_address_align_bytes = 32, l1_unreserved_base = 103712, erisc_l1_unreserved_base = 98304, dram_unreserved_base = 1920032, dram_unreserved_end = 1073136832, supported_data_types = [<f32>, <f16>, <bf16>, <bfp_f8>, <bfp_bf8>, <bfp_f4>, <bfp_bf4>, <bfp_f2>, <bfp_bf2>, <u32>, <u16>, <u8>, <si32>], supported_tile_sizes = [ 4x16,  16x16,  32x16,  4x32,  16x32,  32x32], dst_physical_size_tiles = 16, num_cbs = 64, num_compute_threads = 1, num_datamovement_threads = 2}, {arch = <wormhole_b0>, grid = 8x8, coord_translation_offsets = 18x18, l1_size = 1499136, num_dram_channels = 12, dram_channel_size = 1073741824, noc_l1_address_align_bytes = 16, pcie_address_align_bytes = 32, noc_dram_address_align_bytes = 32, l1_unreserved_base = 103712, erisc_l1_unreserved_base = 98304, dram_unreserved_base = 1920032, dram_unreserved_end = 1073136832, supported_data_types = [<f32>, <f16>, <bf16>, <bfp_f8>, <bfp_bf8>, <bfp_f4>, <bfp_bf4>, <bfp_f2>, <bfp_bf2>, <u32>, <u16>, <u8>, <si32>], supported_tile_sizes = [ 4x16,  16x16,  32x16,  4x32,  16x32,  32x32], dst_physical_size_tiles = 16, num_cbs = 64, num_compute_threads = 1, num_datamovement_threads = 2}, {arch = <wormhole_b0>, grid = 8x8, coord_translation_offsets = 18x18, l1_size = 1499136, num_dram_channels = 12, dram_channel_size = 1073741824, noc_l1_address_align_bytes = 16, pcie_address_align_bytes = 32, noc_dram_address_align_bytes = 32, l1_unreserved_base = 103712, erisc_l1_unreserved_base = 98304, dram_unreserved_base = 1920032, dram_unreserved_end = 1073154112, supported_data_types = [<f32>, <f16>, <bf16>, <bfp_f8>, <bfp_bf8>, <bfp_f4>, <bfp_bf4>, <bfp_f2>, <bfp_bf2>, <u32>, <u16>, <u8>, <si32>], supported_tile_sizes = [ 4x16,  16x16,  32x16,  4x32,  16x32,  32x32], dst_physical_size_tiles = 16, num_cbs = 64, num_compute_threads = 1, num_datamovement_threads = 2}, {arch = <wormhole_b0>, grid = 8x8, coord_translation_offsets = 18x18, l1_size = 1499136, num_dram_channels = 12, dram_channel_size = 1073741824, noc_l1_address_align_bytes = 16, pcie_address_align_bytes = 32, noc_dram_address_align_bytes = 32, l1_unreserved_base = 103712, erisc_l1_unreserved_base = 98304, dram_unreserved_base = 1920032, dram_unreserved_end = 1073154112, supported_data_types = [<f32>, <f16>, <bf16>, <bfp_f8>, <bfp_bf8>, <bfp_f4>, <bfp_bf4>, <bfp_f2>, <bfp_bf2>, <u32>, <u16>, <u8>, <si32>], supported_tile_sizes = [ 4x16,  16x16,  32x16,  4x32,  16x32,  32x32], dst_physical_size_tiles = 16, num_cbs = 64, num_compute_threads = 1, num_datamovement_threads = 2}, {arch = <wormhole_b0>, grid = 8x8, coord_translation_offsets = 18x18, l1_size = 1499136, num_dram_channels = 12, dram_channel_size = 1073741824, noc_l1_address_align_bytes = 16, pcie_address_align_bytes = 32, noc_dram_address_align_bytes = 32, l1_unreserved_base = 103712, erisc_l1_unreserved_base = 98304, dram_unreserved_base = 1920032, dram_unreserved_end = 1073154112, supported_data_types = [<f32>, <f16>, <bf16>, <bfp_f8>, <bfp_bf8>, <bfp_f4>, <bfp_bf4>, <bfp_f2>, <bfp_bf2>, <u32>, <u16>, <u8>, <si32>], supported_tile_sizes = [ 4x16,  16x16,  32x16,  4x32,  16x32,  32x32], dst_physical_size_tiles = 16, num_cbs = 64, num_compute_threads = 1, num_datamovement_threads = 2}, {arch = <wormhole_b0>, grid = 8x8, coord_translation_offsets = 18x18, l1_size = 1499136, num_dram_channels = 12, dram_channel_size = 1073741824, noc_l1_address_align_bytes = 16, pcie_address_align_bytes = 32, noc_dram_address_align_bytes = 32, l1_unreserved_base = 103712, erisc_l1_unreserved_base = 98304, dram_unreserved_base = 1920032, dram_unreserved_end = 1073154112, supported_data_types = [<f32>, <f16>, <bf16>, <bfp_f8>, <bfp_bf8>, <bfp_f4>, <bfp_bf4>, <bfp_f2>, <bfp_bf2>, <u32>, <u16>, <u8>, <si32>], supported_tile_sizes = [ 4x16,  16x16,  32x16,  4x32,  16x32,  32x32], dst_physical_size_tiles = 16, num_cbs = 64, num_compute_threads = 1, num_datamovement_threads = 2}], [0, 1, 2, 3, 4, 5, 6, 7], [1 : i32, 1 : i32, 1 : i32, 1 : i32, 0 : i32, 0 : i32, 0 : i32, 0 : i32], [ 0x0x0x0], [<[0, 6, 0], [3, 6, 0]>, <[0, 7, 0], [3, 7, 0]>, <[0, 9, 0], [4, 1, 0]>, <[0, 14, 0], [1, 14, 0]>, <[0, 15, 0], [1, 15, 0]>, <[1, 0, 0], [2, 0, 0]>, <[1, 1, 0], [2, 1, 0]>, <[1, 9, 0], [5, 1, 0]>, <[2, 9, 0], [6, 1, 0]>, <[2, 14, 0], [3, 14, 0]>, <[2, 15, 0], [3, 15, 0]>, <[3, 9, 0], [7, 1, 0]>, <[4, 6, 0], [5, 6, 0]>, <[6, 6, 0], [7, 6, 0]>]>
#system_memory = #ttnn.buffer_type<system_memory>
#ttnn_layout = #ttnn.ttnn_layout<(d0, d1, d2) -> (d0 + d1, d2), <1x1>, memref<32x16xsi32, #system_memory>>
#ttnn_layout1 = #ttnn.ttnn_layout<(d0, d1) -> (d0, d1), <1x1>, memref<1x512xui32, #dram>, <interleaved>>
#ttnn_layout2 = #ttnn.ttnn_layout<(d0, d1, d2) -> (d0 + d1, d2), <1x1>, memref<32x16xsi32, #dram>, <interleaved>>
#ttnn_layout3 = #ttnn.ttnn_layout<(d0, d1, d2) -> (d0 * 32 + d1, d2), <1x1>, memref<32x1x!ttcore.tile<32x32, si32>, #dram>, <interleaved>>
#ttnn_layout4 = #ttnn.ttnn_layout<(d0, d1) -> (d0, d1), <1x1>, memref<1x1x!ttcore.tile<32x32, f32>, #dram>, <interleaved>>
#ttnn_layout5 = #ttnn.ttnn_layout<(d0) -> (0, d0), <1x1>, memref<1x1x!ttcore.tile<32x32, si32>, #dram>, <interleaved>>
#ttnn_layout6 = #ttnn.ttnn_layout<(d0, d1) -> (d0, d1), <1x1>, memref<1x1x!ttcore.tile<32x32, si32>, #dram>, <interleaved>>
#ttnn_layout7 = #ttnn.ttnn_layout<(d0, d1) -> (d0, d1), <1x1>, memref<1x1x!ttcore.tile<32x32, bf16>, #dram>, <interleaved>>
#ttnn_layout8 = #ttnn.ttnn_layout<(d0, d1, d2) -> (d0 * 32 + d1, d2), <1x1>, memref<32x1x!ttcore.tile<32x32, f32>, #dram>, <interleaved>>
#ttnn_layout9 = #ttnn.ttnn_layout<(d0, d1) -> (d0, d1), <1x1>, memref<1x16x!ttcore.tile<32x32, f32>, #dram>, <interleaved>>
#ttnn_layout10 = #ttnn.ttnn_layout<(d0, d1) -> (d0, d1), <1x1>, memref<1x16x!ttcore.tile<32x32, u32>, #dram>, <interleaved>>
#ttnn_layout11 = #ttnn.ttnn_layout<(d0, d1, d2) -> (d0 * 128 + d1, d2), <1x1>, memref<4096x512xbf16, #dram>, <interleaved>>
#ttnn_layout12 = #ttnn.ttnn_layout<(d0, d1, d2) -> (d0 * 32 + d1, d2), <1x1>, memref<32x16x!ttcore.tile<32x32, bf16>, #dram>, <interleaved>>
#ttnn_layout13 = #ttnn.ttnn_layout<(d0, d1, d2) -> (d0 * 128 + d1, d2), <1x1>, memref<128x16x!ttcore.tile<32x32, bf16>, #dram>, <interleaved>>
#ttnn_layout14 = #ttnn.ttnn_layout<(d0, d1) -> (d0, d1), <1x1>, memref<128x16x!ttcore.tile<32x32, bf16>, #dram>, <interleaved>>
#ttnn_layout15 = #ttnn.ttnn_layout<(d0, d1) -> (d0, d1), <1x1>, memref<4096x512xbf16, #dram>, <interleaved>>
#ttnn_layout16 = #ttnn.ttnn_layout<(d0, d1, d2) -> (d0 * 512 + d1, d2), <1x1>, memref<16x16x!ttcore.tile<32x32, bf16>, #dram>, <interleaved>>
module @SyncTensorsGraph.36 attributes {mhlo.cross_program_prefetches = [], mhlo.input_output_alias = [], mhlo.is_dynamic = false, mhlo.use_auto_spmd_partitioning = false, ttcore.meshes = #ttcore.meshes<[<"mesh" = 1x1>]>} {
  ttcore.device_module {
    builtin.module @SyncTensorsGraph.36 attributes {mhlo.cross_program_prefetches = [], mhlo.input_output_alias = [], mhlo.is_dynamic = false, mhlo.use_auto_spmd_partitioning = false, ttcore.meshes = #ttcore.meshes<[<"mesh" = 1x1>]>, ttcore.system_desc = #system_desc} {
      ttcore.device @default_device = <workerGrid = #ttcore.grid<8x8, (d0, d1) -> (0, d0, d1)>, l1Map = (d0, d1, d2)[s0] -> (0, d0, d1, d2 + s0), dramMap = (d0, d1, d2)[s0, s1, s2, s3, s4, s5, s6] -> (0, 0, (((d0 * s1) * (s2 * (s3 * s6)) + d1 * (s2 * (s3 * s6)) + d2) floordiv s4) mod 12, ((((d0 * s1) * (s2 * (s3 * s6)) + d1 * (s2 * (s3 * s6)) + d2) floordiv s4) floordiv 12) * s4 + ((d0 * s1) * (s2 * (s3 * s6)) + d1 * (s2 * (s3 * s6)) + d2) mod s4 + s5), meshShape = 1x1, chipIds = [0]>
      func.func private @main_const_eval_0(%arg0: tensor<32x1x16xsi32, #ttnn_layout>) -> tensor<1x512xui32, #ttnn_layout1> attributes {tt.function_type = "const_eval"} {
        %0 = "ttnn.get_device"() <{mesh_offset = #ttnn<mesh_offset 0x0>, mesh_shape = #ttnn<mesh_shape 1x1>}> : () -> !ttnn.device
        %1 = "ttnn.to_device"(%arg0, %0) <{memory_config = #ttnn.memory_config<#dram, <interleaved>>}> : (tensor<32x1x16xsi32, #ttnn_layout>, !ttnn.device) -> tensor<32x1x16xsi32, #ttnn_layout2>
        %2 = "ttnn.to_layout"(%1) <{layout = #ttnn.layout<tile>}> : (tensor<32x1x16xsi32, #ttnn_layout2>) -> tensor<32x1x16xsi32, #ttnn_layout3>
        "ttnn.deallocate"(%1) <{force = false}> : (tensor<32x1x16xsi32, #ttnn_layout2>) -> ()
        %3 = "ttnn.constant"(%0) <{dtype = #ttcore.supportedDataTypes<f32>, layout = #ttnn.layout<tile>, memory_config = #ttnn.memory_config<#dram, <interleaved>>, value = dense<[[1.280000e+02], [1.000000e+00]]> : tensor<2x1xf32>}> : (!ttnn.device) -> tensor<2x1xf32, #ttnn_layout4>
        %4 = "ttnn.constant"(%0) <{dtype = #ttcore.supportedDataTypes<si32>, layout = #ttnn.layout<tile>, memory_config = #ttnn.memory_config<#dram, <interleaved>>, value = dense<[0, 1, 2, 3, 4, 5, 6, 7, 8, 9, 10, 11, 12, 13, 14, 15, 16, 17, 18, 19, 20, 21, 22, 23, 24, 25, 26, 27, 28, 29, 30, 31]> : tensor<32xsi32>}> : (!ttnn.device) -> tensor<32xsi32, #ttnn_layout5>
        %5 = "ttnn.full"(%0) <{dtype = #ttcore.supportedDataTypes<si32>, fill_value = 128 : i32, layout = #ttnn.layout<tile>, shape = #ttnn.shape<1x1>}> : (!ttnn.device) -> tensor<1x1xsi32, #ttnn_layout6>
        %6 = "ttnn.full"(%0) <{dtype = #ttcore.supportedDataTypes<si32>, fill_value = 32 : i32, layout = #ttnn.layout<tile>, shape = #ttnn.shape<1x1>}> : (!ttnn.device) -> tensor<1x1xsi32, #ttnn_layout6>
        %7 = "ttnn.full"(%0) <{dtype = #ttcore.supportedDataTypes<si32>, fill_value = 0 : i32, layout = #ttnn.layout<tile>, shape = #ttnn.shape<1x1>}> : (!ttnn.device) -> tensor<1x1xsi32, #ttnn_layout6>
        %8 = "ttnn.reshape"(%4) <{shape = [32 : i32, 1 : i32]}> : (tensor<32xsi32, #ttnn_layout5>) -> tensor<32x1xsi32, #ttnn_layout6>
        "ttnn.deallocate"(%4) <{force = false}> : (tensor<32xsi32, #ttnn_layout5>) -> ()
        %9 = "ttnn.gt"(%7, %8) <{dtype = #ttcore.supportedDataTypes<bf16>}> : (tensor<1x1xsi32, #ttnn_layout6>, tensor<32x1xsi32, #ttnn_layout6>) -> tensor<32x1xbf16, #ttnn_layout7>
        %10 = "ttnn.repeat"(%9) <{repeat_dims = #ttnn.shape<1x16>}> : (tensor<32x1xbf16, #ttnn_layout7>) -> tensor<32x16xbf16, #ttnn_layout7>
        "ttnn.deallocate"(%9) <{force = false}> : (tensor<32x1xbf16, #ttnn_layout7>) -> ()
        %11 = "ttnn.add"(%8, %6) <{dtype = #ttcore.supportedDataTypes<si32>}> : (tensor<32x1xsi32, #ttnn_layout6>, tensor<1x1xsi32, #ttnn_layout6>) -> tensor<32x1xsi32, #ttnn_layout6>
        "ttnn.deallocate"(%6) <{force = false}> : (tensor<1x1xsi32, #ttnn_layout6>) -> ()
        %12 = "ttnn.repeat"(%11) <{repeat_dims = #ttnn.shape<1x16>}> : (tensor<32x1xsi32, #ttnn_layout6>) -> tensor<32x16xsi32, #ttnn_layout6>
        "ttnn.deallocate"(%11) <{force = false}> : (tensor<32x1xsi32, #ttnn_layout6>) -> ()
        %13 = "ttnn.repeat"(%8) <{repeat_dims = #ttnn.shape<1x16>}> : (tensor<32x1xsi32, #ttnn_layout6>) -> tensor<32x16xsi32, #ttnn_layout6>
        "ttnn.deallocate"(%8) <{force = false}> : (tensor<32x1xsi32, #ttnn_layout6>) -> ()
        %14 = "ttnn.typecast"(%10) <{dtype = #ttcore.supportedDataTypes<f32>}> : (tensor<32x16xbf16, #ttnn_layout7>) -> tensor<32x16xf32, #ttnn_layout4>
        "ttnn.deallocate"(%10) <{force = false}> : (tensor<32x16xbf16, #ttnn_layout7>) -> ()
        %15 = "ttnn.typecast"(%12) <{dtype = #ttcore.supportedDataTypes<f32>}> : (tensor<32x16xsi32, #ttnn_layout6>) -> tensor<32x16xf32, #ttnn_layout4>
        "ttnn.deallocate"(%12) <{force = false}> : (tensor<32x16xsi32, #ttnn_layout6>) -> ()
        %16 = "ttnn.typecast"(%13) <{dtype = #ttcore.supportedDataTypes<f32>}> : (tensor<32x16xsi32, #ttnn_layout6>) -> tensor<32x16xf32, #ttnn_layout4>
        "ttnn.deallocate"(%13) <{force = false}> : (tensor<32x16xsi32, #ttnn_layout6>) -> ()
        %17 = "ttnn.where"(%14, %15, %16) : (tensor<32x16xf32, #ttnn_layout4>, tensor<32x16xf32, #ttnn_layout4>, tensor<32x16xf32, #ttnn_layout4>) -> tensor<32x16xf32, #ttnn_layout4>
        "ttnn.deallocate"(%16) <{force = false}> : (tensor<32x16xf32, #ttnn_layout4>) -> ()
        "ttnn.deallocate"(%15) <{force = false}> : (tensor<32x16xf32, #ttnn_layout4>) -> ()
        "ttnn.deallocate"(%14) <{force = false}> : (tensor<32x16xf32, #ttnn_layout4>) -> ()
        %18 = "ttnn.typecast"(%17) <{dtype = #ttcore.supportedDataTypes<si32>}> : (tensor<32x16xf32, #ttnn_layout4>) -> tensor<32x16xsi32, #ttnn_layout6>
        "ttnn.deallocate"(%17) <{force = false}> : (tensor<32x16xf32, #ttnn_layout4>) -> ()
        %19 = "ttnn.reshape"(%18) <{shape = [32 : i32, 16 : i32, 1 : i32]}> : (tensor<32x16xsi32, #ttnn_layout6>) -> tensor<32x16x1xsi32, #ttnn_layout3>
        "ttnn.deallocate"(%18) <{force = false}> : (tensor<32x16xsi32, #ttnn_layout6>) -> ()
        %20 = "ttnn.reshape"(%2) <{shape = [32 : i32, 16 : i32]}> : (tensor<32x1x16xsi32, #ttnn_layout3>) -> tensor<32x16xsi32, #ttnn_layout6>
        "ttnn.deallocate"(%2) <{force = false}> : (tensor<32x1x16xsi32, #ttnn_layout3>) -> ()
        %21 = "ttnn.gt"(%7, %20) <{dtype = #ttcore.supportedDataTypes<bf16>}> : (tensor<1x1xsi32, #ttnn_layout6>, tensor<32x16xsi32, #ttnn_layout6>) -> tensor<32x16xbf16, #ttnn_layout7>
        "ttnn.deallocate"(%7) <{force = false}> : (tensor<1x1xsi32, #ttnn_layout6>) -> ()
        %22 = "ttnn.add"(%20, %5) <{dtype = #ttcore.supportedDataTypes<si32>}> : (tensor<32x16xsi32, #ttnn_layout6>, tensor<1x1xsi32, #ttnn_layout6>) -> tensor<32x16xsi32, #ttnn_layout6>
        "ttnn.deallocate"(%5) <{force = false}> : (tensor<1x1xsi32, #ttnn_layout6>) -> ()
        %23 = "ttnn.typecast"(%21) <{dtype = #ttcore.supportedDataTypes<f32>}> : (tensor<32x16xbf16, #ttnn_layout7>) -> tensor<32x16xf32, #ttnn_layout4>
        "ttnn.deallocate"(%21) <{force = false}> : (tensor<32x16xbf16, #ttnn_layout7>) -> ()
        %24 = "ttnn.typecast"(%22) <{dtype = #ttcore.supportedDataTypes<f32>}> : (tensor<32x16xsi32, #ttnn_layout6>) -> tensor<32x16xf32, #ttnn_layout4>
        "ttnn.deallocate"(%22) <{force = false}> : (tensor<32x16xsi32, #ttnn_layout6>) -> ()
        %25 = "ttnn.typecast"(%20) <{dtype = #ttcore.supportedDataTypes<f32>}> : (tensor<32x16xsi32, #ttnn_layout6>) -> tensor<32x16xf32, #ttnn_layout4>
        "ttnn.deallocate"(%20) <{force = false}> : (tensor<32x16xsi32, #ttnn_layout6>) -> ()
        %26 = "ttnn.where"(%23, %24, %25) : (tensor<32x16xf32, #ttnn_layout4>, tensor<32x16xf32, #ttnn_layout4>, tensor<32x16xf32, #ttnn_layout4>) -> tensor<32x16xf32, #ttnn_layout4>
        "ttnn.deallocate"(%25) <{force = false}> : (tensor<32x16xf32, #ttnn_layout4>) -> ()
        "ttnn.deallocate"(%24) <{force = false}> : (tensor<32x16xf32, #ttnn_layout4>) -> ()
        "ttnn.deallocate"(%23) <{force = false}> : (tensor<32x16xf32, #ttnn_layout4>) -> ()
        %27 = "ttnn.typecast"(%26) <{dtype = #ttcore.supportedDataTypes<si32>}> : (tensor<32x16xf32, #ttnn_layout4>) -> tensor<32x16xsi32, #ttnn_layout6>
        "ttnn.deallocate"(%26) <{force = false}> : (tensor<32x16xf32, #ttnn_layout4>) -> ()
        %28 = "ttnn.reshape"(%27) <{shape = [32 : i32, 16 : i32, 1 : i32]}> : (tensor<32x16xsi32, #ttnn_layout6>) -> tensor<32x16x1xsi32, #ttnn_layout3>
        "ttnn.deallocate"(%27) <{force = false}> : (tensor<32x16xsi32, #ttnn_layout6>) -> ()
        %29 = "ttnn.concat"(%19, %28) <{dim = 2 : si32}> : (tensor<32x16x1xsi32, #ttnn_layout3>, tensor<32x16x1xsi32, #ttnn_layout3>) -> tensor<32x16x2xsi32, #ttnn_layout3>
        "ttnn.deallocate"(%28) <{force = false}> : (tensor<32x16x1xsi32, #ttnn_layout3>) -> ()
        "ttnn.deallocate"(%19) <{force = false}> : (tensor<32x16x1xsi32, #ttnn_layout3>) -> ()
        %30 = "ttnn.typecast"(%29) <{dtype = #ttcore.supportedDataTypes<f32>}> : (tensor<32x16x2xsi32, #ttnn_layout3>) -> tensor<32x16x2xf32, #ttnn_layout8>
        "ttnn.deallocate"(%29) <{force = false}> : (tensor<32x16x2xsi32, #ttnn_layout3>) -> ()
        %31 = "ttnn.matmul"(%30, %3) <{compute_config = #ttnn.device_compute_kernel_config<math_fidelity = hifi4, fp32_dest_acc_en = true>, transpose_a = false, transpose_b = false}> : (tensor<32x16x2xf32, #ttnn_layout8>, tensor<2x1xf32, #ttnn_layout4>) -> tensor<32x16x1xf32, #ttnn_layout8>
        "ttnn.deallocate"(%30) <{force = false}> : (tensor<32x16x2xf32, #ttnn_layout8>) -> ()
        "ttnn.deallocate"(%3) <{force = false}> : (tensor<2x1xf32, #ttnn_layout4>) -> ()
        %32 = "ttnn.reshape"(%31) <{shape = [1 : i32, 512 : i32]}> : (tensor<32x16x1xf32, #ttnn_layout8>) -> tensor<1x512xf32, #ttnn_layout9>
        "ttnn.deallocate"(%31) <{force = false}> : (tensor<32x16x1xf32, #ttnn_layout8>) -> ()
        %33 = "ttnn.typecast"(%32) <{dtype = #ttcore.supportedDataTypes<u32>}> : (tensor<1x512xf32, #ttnn_layout9>) -> tensor<1x512xui32, #ttnn_layout10>
        "ttnn.deallocate"(%32) <{force = false}> : (tensor<1x512xf32, #ttnn_layout9>) -> ()
        %34 = "ttnn.to_layout"(%33) <{layout = #ttnn.layout<row_major>}> : (tensor<1x512xui32, #ttnn_layout10>) -> tensor<1x512xui32, #ttnn_layout1>
        "ttnn.deallocate"(%33) <{force = false}> : (tensor<1x512xui32, #ttnn_layout10>) -> ()
        return %34 : tensor<1x512xui32, #ttnn_layout1>
      }
      func.func @main(%arg0: tensor<32x1x16xsi32, #ttnn_layout> {ttcore.argument_type = #ttcore.argument_type<constant>, ttcore.local_shape = #ttcore<local_shape local_shape = tensor<32x1x16xi64>>, ttcore.shard_status = #ttcore.shard_status<unsharded>, ttir.name = "L__self___topk_indices"}, %arg1: tensor<32x128x512xbf16, #ttnn_layout11> {ttcore.argument_type = #ttcore.argument_type<input>, ttcore.local_shape = #ttcore<local_shape local_shape = tensor<32x128x512xbf16>>, ttcore.shard_status = #ttcore.shard_status<unsharded>, ttir.name = "args_0"}) -> (tensor<32x16x512xbf16, #ttnn_layout12> {ttcore.local_shape = #ttcore<local_shape local_shape = tensor<32x16x512xbf16>>, ttcore.shard_status = #ttcore.shard_status<presharded>}) attributes {tt.function_type = "forward_device"} {
        %0 = ttcore.load_cached(@main_const_eval_0, [%arg0]) : (tensor<32x1x16xsi32, #ttnn_layout>) -> tensor<1x512xui32, #ttnn_layout1>
        "ttnn.deallocate"(%arg0) <{force = false}> : (tensor<32x1x16xsi32, #ttnn_layout>) -> ()
        %1 = "ttnn.to_layout"(%arg1) <{layout = #ttnn.layout<tile>}> : (tensor<32x128x512xbf16, #ttnn_layout11>) -> tensor<32x128x512xbf16, #ttnn_layout13>
        "ttnn.deallocate"(%arg1) <{force = false}> : (tensor<32x128x512xbf16, #ttnn_layout11>) -> ()
        %2 = "ttnn.reshape"(%1) <{shape = [4096 : i32, 512 : i32]}> : (tensor<32x128x512xbf16, #ttnn_layout13>) -> tensor<4096x512xbf16, #ttnn_layout14>
        "ttnn.deallocate"(%1) <{force = false}> : (tensor<32x128x512xbf16, #ttnn_layout13>) -> ()
        %3 = "ttnn.to_layout"(%2) <{layout = #ttnn.layout<row_major>}> : (tensor<4096x512xbf16, #ttnn_layout14>) -> tensor<4096x512xbf16, #ttnn_layout15>
        "ttnn.deallocate"(%2) <{force = false}> : (tensor<4096x512xbf16, #ttnn_layout14>) -> ()
        %4 = "ttnn.embedding"(%0, %3) : (tensor<1x512xui32, #ttnn_layout1>, tensor<4096x512xbf16, #ttnn_layout15>) -> tensor<1x512x512xbf16, #ttnn_layout16>
        "ttnn.deallocate"(%3) <{force = false}> : (tensor<4096x512xbf16, #ttnn_layout15>) -> ()
        "ttnn.deallocate"(%0) <{force = false}> : (tensor<1x512xui32, #ttnn_layout1>) -> ()
        %5 = "ttnn.reshape"(%4) <{shape = [32 : i32, 16 : i32, 512 : i32]}> : (tensor<1x512x512xbf16, #ttnn_layout16>) -> tensor<32x16x512xbf16, #ttnn_layout12>
        "ttnn.deallocate"(%4) <{force = false}> : (tensor<1x512x512xbf16, #ttnn_layout16>) -> ()
        return %5 : tensor<32x16x512xbf16, #ttnn_layout12>
      }
    }
  }
}
------------------ END OF MLIR MODULE ------------------
2026-03-21 19:48:11.590 (   1.798s) [        B1056480]loaded_executable_insta:265      1| LoadedExecutableInstance::PJRT_LoadedExecutable_GetExecutable
2026-03-21 19:48:11.590 (   1.798s) [        B1056480]loaded_executable_insta:285      1| LoadedExecutableInstance::PJRT_LoadedExecutable_AddressableDevices
2026-03-21 19:48:11.591 (   1.799s) [        B1056480]              stubs.inc:80    WARN| STUB: PJRT_Executable_GetCompiledMemoryStats
2026-03-21 19:48:11.591 (   1.799s) [        B1056480]      error_instance.cc:52       1| ErrorInstance::PJRT_Error_Message
2026-03-21 19:48:11.591 (   1.799s) [        B1056480]      error_instance.cc:61       1| ErrorInstance::PJRT_Error_GetCode
2026-03-21 19:48:11.591 (   1.799s) [        B1056480]      error_instance.cc:46       1| ErrorInstance::PJRT_Error_Destroy
2026-03-21 19:48:11.591 (   1.799s) [        B1056480] executable_instance.cc:116      1| ExecutableInstance::PJRT_Executable_OptimizedProgram
2026-03-21 19:48:11.591 (   1.799s) [        B1056480] executable_instance.cc:116      1| ExecutableInstance::PJRT_Executable_OptimizedProgram
2026-03-21 19:48:11.595 (   1.803s) [        B1056480] executable_instance.cc:116      1| ExecutableInstance::PJRT_Executable_OptimizedProgram
2026-03-21 19:48:11.595 (   1.803s) [        B1056480] executable_instance.cc:116      1| ExecutableInstance::PJRT_Executable_OptimizedProgram
2026-03-21 19:48:11.597 (   1.805s) [        B1056480] executable_instance.cc:254      1| ExecutableInstance::PJRT_Executable_Serialize
2026-03-21 19:48:11.599 (   1.807s) [        B1056480]     buffer_instance.cc:528      1| BufferInstance::PJRT_Buffer_IsDeleted
2026-03-21 19:48:11.599 (   1.807s) [        B1056480]     buffer_instance.cc:528      1| BufferInstance::PJRT_Buffer_IsDeleted
2026-03-21 19:48:11.600 (   1.808s) [        9FFFF640]     device_instance.cc:58       1| DeviceInstance::PJRT_Device_IsAddressable
2026-03-21 19:48:11.600 (   1.808s) [        9FFFF640]     buffer_instance.cc:586      1| BufferInstance::PJRT_Buffer_Device
2026-03-21 19:48:11.600 (   1.808s) [        9FFFF640]     buffer_instance.cc:586      1| BufferInstance::PJRT_Buffer_Device
2026-03-21 19:48:11.600 (   1.808s) [        9FFFF640] executable_instance.cc:154      1| ExecutableInstance::PJRT_Executable_NumOutputs
2026-03-21 19:48:11.600 (   1.808s) [        9FFFF640]loaded_executable_insta:324      1| LoadedExecutableInstance::PJRT_LoadedExecutable_Execute
2026-03-21 19:48:11.600 (   1.808s) [        9FFFF640]flatbuffer_loaded_execu:194      1| FlatbufferLoadedExecutableInstance::Execute
2026-03-21 19:48:11.600 (   1.808s) [        9FFFF640]     client_instance.cc:523      1| ClientInstance::getOrCreateMeshDevice - reshaping mesh device - [1, 8] -> [1, 1]
2026-03-21 19:48:11.600 (   1.808s) [        9FFFF640]         tensor_pool.cc:92       1| Moving tensors to host.
2026-03-21 19:48:11.601 (   1.809s) [        9FFFF640]     client_instance.cc:597      1| Closing parent mesh.
2026-03-21 19:48:11.690 (   1.898s) [        9FFFF640]     client_instance.cc:563      1| ClientInstance::openMeshDevice - setting fabric config: DISABLED
2026-03-21 19:48:12.368 (   2.576s) [        9FFFF640]flatbuffer_loaded_execu:124      1| Filled output at output_index 0 device_index 0 with shape [32, 16, 512] and UID 2
2026-03-21 19:48:12.368 (   2.576s) [        9FFFF640]      event_instance.cc:203      1| EventInstance::PJRT_Event_OnReady
2026-03-21 19:48:12.368 (   2.576s) [        9FFFF640]      event_instance.cc:148      1| EventInstance::PJRT_Event_Destroy
2026-03-21 19:48:12.368 (   2.576s) [        9FFFF640]     buffer_instance.cc:453      1| BufferInstance::PJRT_Buffer_Dimensions
2026-03-21 19:48:12.368 (   2.576s) [        9FFFF640]     buffer_instance.cc:478      1| BufferInstance::PJRT_Buffer_DynamicDimensionIndices
2026-03-21 19:48:12.368 (   2.576s) [        9FFFF640]     buffer_instance.cc:453      1| BufferInstance::PJRT_Buffer_Dimensions
2026-03-21 19:48:12.368 (   2.576s) [        9FFFF640]     buffer_instance.cc:444      1| BufferInstance::PJRT_Buffer_ElementType
2026-03-21 19:48:12.368 (   2.576s) [        B1056480]     buffer_instance.cc:528      1| BufferInstance::PJRT_Buffer_IsDeleted
2026-03-21 19:48:12.368 (   2.576s) [        B1056480]     buffer_instance.cc:465      1| BufferInstance::PJRT_Buffer_UnpaddedDimensions
2026-03-21 19:48:12.368 (   2.576s) [        B1056480]     buffer_instance.cc:444      1| BufferInstance::PJRT_Buffer_ElementType
2026-03-21 19:48:12.368 (   2.576s) [        B1056480]     buffer_instance.cc:453      1| BufferInstance::PJRT_Buffer_Dimensions
2026-03-21 19:48:12.368 (   2.576s) [        B1056480]     buffer_instance.cc:489      1| BufferInstance::PJRT_Buffer_ToHostBuffer
2026-03-21 19:48:12.368 (   2.576s) [        B1056480]      event_instance.cc:203      1| EventInstance::PJRT_Event_OnReady
2026-03-21 19:48:12.377 (   2.585s) [        7CFF7640]      event_instance.cc:148      1| EventInstance::PJRT_Event_Destroy
FAILED2026-03-21 19:48:12.651 (   2.859s) [        B1056480]     buffer_instance.cc:435      1| BufferInstance::PJRT_Buffer_Destroy
2026-03-21 19:48:12.651 (   2.859s) [        B1056480]     buffer_instance.cc:435      1| BufferInstance::PJRT_Buffer_Destroy


=================================== FAILURES ===================================
_________________________ test_gather_indices[128-32] __________________________
tests/torch/ops/test_gather.py:35: in test_gather_indices
    run_graph_test(
tests/infra/testers/single_chip/graph/graph_tester.py:74: in run_graph_test
    tester.test(workload, request=request)
tests/infra/testers/single_chip/op/op_tester.py:81: in test
    self._evaluator.evaluate(tt_res, cpu_res)
tests/infra/evaluators/comparison_evaluator.py:68: in evaluate
    ComparisonEvaluator._assert_on_results(_comparison_result)
tests/infra/evaluators/evaluator.py:72: in _assert_on_results
    assert False, "\n".join(error_messages)
           ^^^^^
E   AssertionError: Evaluation result 0 failed: PCC comparison failed. Calculated: pcc=0.7522524925122319. Required: pcc=0.99.
=============================== warnings summary ===============================
tests/torch/ops/test_gather.py::test_gather_indices[128-32]
  /localdev/hshah/tt-xla/tests/conftest.py:489: FutureWarning: `torch.distributed.reduce_op` is deprecated, please use `torch.distributed.ReduceOp` instead
    if isinstance(obj, torch.fx.GraphModule):

tests/torch/ops/test_gather.py::test_gather_indices[128-32]
  /localdev/hshah/tt-xla/tests/conftest.py:493: FutureWarning: `torch.distributed.reduce_op` is deprecated, please use `torch.distributed.ReduceOp` instead
    if isinstance(obj, GraphInputMatcher):

-- Docs: https://docs.pytest.org/en/stable/how-to/capture-warnings.html
=========================== short test summary info ============================
FAILED tests/torch/ops/test_gather.py::test_gather_indices[128-32] - AssertionError: Evaluation result 0 failed: PCC comparison failed. Calculated: pcc=0.7522524925122319. Required: pcc=0.99.
======================== 1 failed, 2 warnings in 6.53s =========================
2026-03-21 19:48:14.107 (   4.315s) [        B1056480]  device_description.cc:67       1| DeviceDescription::PJRT_DeviceDescription_Id
2026-03-21 19:48:14.107 (   4.315s) [        B1056480]  device_description.cc:67       1| DeviceDescription::PJRT_DeviceDescription_Id
2026-03-21 19:48:14.107 (   4.315s) [        B1056480]  device_description.cc:67       1| DeviceDescription::PJRT_DeviceDescription_Id
2026-03-21 19:48:14.107 (   4.315s) [        B1056480]  device_description.cc:67       1| DeviceDescription::PJRT_DeviceDescription_Id
2026-03-21 19:48:14.107 (   4.315s) [        B1056480]  device_description.cc:67       1| DeviceDescription::PJRT_DeviceDescription_Id
2026-03-21 19:48:14.107 (   4.315s) [        B1056480]  device_description.cc:67       1| DeviceDescription::PJRT_DeviceDescription_Id
2026-03-21 19:48:14.107 (   4.315s) [        B1056480]  device_description.cc:67       1| DeviceDescription::PJRT_DeviceDescription_Id
2026-03-21 19:48:14.107 (   4.315s) [        B1056480]  device_description.cc:67       1| DeviceDescription::PJRT_DeviceDescription_Id
2026-03-21 19:48:14.107 (   4.315s) [        B1056480]  device_description.cc:67       1| DeviceDescription::PJRT_DeviceDescription_Id
2026-03-21 19:48:14.107 (   4.315s) [        B1056480]  device_description.cc:67       1| DeviceDescription::PJRT_DeviceDescription_Id
2026-03-21 19:48:14.107 (   4.315s) [        B1056480]  device_description.cc:67       1| DeviceDescription::PJRT_DeviceDescription_Id
2026-03-21 19:48:14.107 (   4.315s) [        B1056480]  device_description.cc:67       1| DeviceDescription::PJRT_DeviceDescription_Id
2026-03-21 19:48:14.107 (   4.315s) [        B1056480]  device_description.cc:67       1| DeviceDescription::PJRT_DeviceDescription_Id
2026-03-21 19:48:14.107 (   4.315s) [        B1056480]  device_description.cc:67       1| DeviceDescription::PJRT_DeviceDescription_Id
2026-03-21 19:48:14.107 (   4.315s) [        B1056480]  device_description.cc:67       1| DeviceDescription::PJRT_DeviceDescription_Id
2026-03-21 19:48:14.107 (   4.315s) [        B1056480]  device_description.cc:67       1| DeviceDescription::PJRT_DeviceDescription_Id
2026-03-21 19:48:14.731 (   4.939s) [        B1056480]     buffer_instance.cc:435      1| BufferInstance::PJRT_Buffer_Destroy
2026-03-21 19:48:15.368 (   5.576s) [        B1056480]     client_instance.cc:271      1| ClientInstance::~ClientInstance
2026-03-21 19:48:15.368 (   5.576s) [        B1056480]     client_instance.cc:597      1| Closing parent mesh.
