2026-05-07 09:37:17.407 | WARNING  | torch_plugin_tt:__init__:40 - TT plugin is setting XLA_STABLEHLO_COMPILE to 1. This is required for TT PJRT plugin to work correctly.
============================= test session starts ==============================
platform linux -- Python 3.12.3, pytest-9.0.3, pluggy-1.6.0 -- /home/tt-xla/venv/bin/python
cachedir: .pytest_cache
metadata: {'Python': '3.12.3', 'Platform': 'Linux-5.4.0-216-generic-x86_64-with-glibc2.39', 'Packages': {'pytest': '9.0.3', 'pluggy': '1.6.0'}, 'Plugins': {'forked': '1.6.0', 'metadata': '3.1.1', 'split': '0.11.0', 'json-report': '1.5.0', 'jaxtyping': '0.3.9', 'anyio': '4.13.0'}}
rootdir: /home/tt-xla
configfile: pytest.ini
plugins: forked-1.6.0, metadata-3.1.1, split-0.11.0, json-report-1.5.0, jaxtyping-0.3.9, anyio-4.13.0
collecting ... collected 2 items

tests/torch/ops/test_masked_scatter.py::test_masked_scatter_row_constant 2026-05-07 09:37:18.989800: W torch_xla/csrc/runtime/profiler.cpp:88] Profiler API not found for PJRT plugin
2026-05-07 09:37:19.865173: W torch_xla/csrc/runtime/pjrt_computation_client.cpp:703] Failed to deserialize executable: UNIMPLEMENTED: Deserializing serialized executable not supported.
mask tensor([[[ True,  True,  True,  ...,  True,  True,  True],
         [ True,  True,  True,  ...,  True,  True,  True],
         [ True,  True,  True,  ...,  True,  True,  True],
         ...,
         [False, False, False,  ..., False, False, False],
         [False, False, False,  ..., False, False, False],
         [False, False, False,  ..., False, False, False]]])
source tensor([[[-1.9922e-01,  2.8711e-01, -1.2344e+00,  ...,  1.8828e+00,
           6.4062e-01, -4.1211e-01],
         [ 8.5547e-01, -2.0312e+00,  1.1406e+00,  ...,  2.1582e-01,
           5.8746e-04,  1.3594e+00],
         [ 1.5781e+00, -6.1328e-01,  5.4297e-01,  ...,  6.0156e-01,
           1.1641e+00, -1.0625e+00],
         ...,
         [ 1.2188e+00,  1.3828e+00, -1.7422e+00,  ..., -3.2812e-01,
           9.1797e-01,  7.5391e-01],
         [ 1.1250e+00, -4.6875e-01,  5.8984e-01,  ...,  6.0156e-01,
           1.6250e+00,  1.0889e-01],
         [-8.2422e-01, -1.6172e+00,  6.8359e-01,  ...,  7.8516e-01,
          -8.5156e-01, -1.9629e-01]]], dtype=torch.bfloat16)
data tensor([[[ 1.4609,  0.2910,  0.9609,  ..., -0.1030, -1.1328,  0.1738],
         [ 0.9414,  0.3984,  0.5156,  ...,  1.2188,  1.9375,  1.5938],
         [-0.4844,  0.9062, -1.1250,  ...,  0.8164,  0.1338, -0.1138],
         ...,
         [-0.7109, -0.7109,  0.1963,  ...,  0.1040, -0.3398, -0.9766],
         [-0.2197, -1.8516, -0.7539,  ...,  1.3984, -0.5039,  0.6172],
         [ 1.1250,  0.0199,  0.0859,  ..., -0.4297, -0.0820,  0.2734]]],
       dtype=torch.bfloat16)
ComparisonResult: ComparisonResult(passed=True, error_message=None, pcc=1.0, atol=0.0, allclose=True, equal=True)
PASSED
tests/torch/ops/test_masked_scatter.py::test_masked_scatter_mixed_mask mask tensor([[[False,  True, False, False, False,  True, False,  True, False,  True,
          False,  True,  True, False, False,  True],
         [False,  True, False,  True, False, False, False, False,  True,  True,
          False,  True, False,  True,  True, False],
         [ True, False, False, False, False, False,  True,  True, False, False,
          False, False,  True,  True, False, False],
         [ True, False,  True,  True,  True,  True,  True,  True,  True,  True,
           True,  True,  True, False, False,  True],
         [ True,  True,  True, False, False,  True, False, False,  True, False,
           True, False,  True, False, False,  True],
         [False, False, False, False, False,  True, False,  True, False, False,
           True,  True,  True,  True, False, False],
         [ True, False,  True,  True,  True,  True, False, False,  True, False,
          False,  True,  True,  True, False, False],
         [False,  True,  True, False,  True, False, False, False,  True,  True,
          False,  True, False,  True, False, False]],

        [[ True, False, False, False, False, False,  True,  True,  True,  True,
           True,  True,  True,  True, False, False],
         [False, False,  True,  True,  True,  True, False,  True, False, False,
           True,  True,  True, False,  True,  True],
         [ True, False,  True,  True,  True,  True,  True, False, False,  True,
          False, False, False,  True, False,  True],
         [False,  True, False,  True,  True, False,  True, False, False, False,
           True, False,  True, False,  True,  True],
         [False,  True,  True, False,  True,  True,  True,  True,  True, False,
          False,  True,  True,  True,  True, False],
         [ True, False, False,  True, False,  True, False,  True,  True, False,
           True,  True, False,  True, False, False],
         [False, False,  True, False, False,  True, False, False, False,  True,
          False,  True, False, False, False, False],
         [ True,  True,  True, False, False,  True,  True, False,  True,  True,
          False,  True,  True, False,  True, False]],

        [[ True,  True, False, False, False, False,  True,  True, False, False,
           True,  True, False, False, False,  True],
         [False,  True, False, False,  True, False, False, False,  True,  True,
          False, False, False,  True, False, False],
         [ True, False,  True, False, False,  True,  True, False, False,  True,
           True,  True, False, False, False, False],
         [False,  True, False, False, False, False, False,  True,  True,  True,
           True,  True, False, False,  True,  True],
         [ True,  True,  True,  True,  True,  True, False, False, False,  True,
           True,  True,  True, False, False,  True],
         [False,  True,  True,  True,  True,  True, False, False, False, False,
           True, False, False, False, False,  True],
         [ True,  True,  True,  True, False,  True, False, False,  True,  True,
           True,  True,  True, False, False,  True],
         [False, False,  True,  True,  True, False, False,  True,  True, False,
          False, False,  True,  True, False,  True]],

        [[False,  True, False,  True,  True,  True,  True, False, False, False,
           True,  True,  True,  True, False, False],
         [False, False, False, False,  True,  True, False,  True, False, False,
           True, False,  True, False, False, False],
         [False,  True, False, False,  True,  True, False, False,  True, False,
           True, False,  True, False,  True,  True],
         [ True, False,  True, False,  True,  True, False, False, False,  True,
           True, False, False, False, False, False],
         [False,  True, False, False, False, False,  True, False, False, False,
           True,  True, False,  True, False, False],
         [False,  True, False, False, False,  True,  True,  True, False, False,
           True, False,  True,  True, False, False],
         [False, False, False, False, False, False,  True, False,  True, False,
           True, False, False, False,  True, False],
         [ True,  True, False, False, False,  True, False,  True,  True,  True,
          False,  True, False, False, False, False]]])
source tensor([ 0.2949, -1.4219,  1.0391, -1.1406,  1.4609, -0.8945, -0.9805, -1.6719,
        -0.2773, -0.4316,  0.3984,  0.2930,  1.5234, -0.5586, -0.2969, -0.2080,
        -0.1523, -0.0830, -0.1406, -0.2178, -1.0859, -0.0718,  0.3164,  1.4453,
         0.5469,  0.0299,  0.2441,  0.0104,  0.3906, -0.2061,  0.9570,  0.0708,
         0.7344,  0.0518,  0.1318, -0.3926,  0.0825, -0.3555,  0.4434, -0.4570,
        -0.4043, -1.3750,  0.2334,  1.0234,  1.7422,  1.1562,  1.0078,  1.4922,
        -1.1172,  0.5469,  0.3770, -0.7148,  0.1226,  1.1094, -0.7578, -1.6719,
         0.7070, -0.9844,  0.0559,  0.5898,  0.2988,  1.6641, -0.5664, -1.5000,
        -0.8594,  1.1797,  0.6172,  1.5000,  0.0265, -0.6992, -1.0312, -0.6250,
         0.8516, -0.5078, -1.5391,  1.5000,  0.5586, -0.1777, -0.3145,  0.7266,
        -0.3379, -1.3750,  0.7188,  2.1406, -0.8516,  0.3691, -0.9688,  0.5117,
         0.6797,  0.0444, -0.5938,  0.2637,  1.0234, -1.2500, -0.7227, -0.2021,
         0.4785,  0.4688, -0.5117,  1.2188, -1.5469,  0.0613, -0.0962,  0.0000,
        -0.7500, -1.1719,  2.0781, -0.1172, -0.1201,  0.8633,  1.3672,  0.0000,
        -0.1924,  0.6680, -0.8164, -1.0625, -0.3828,  3.2500,  0.6172, -0.0420,
        -1.0547,  1.6250, -0.3652,  0.2910, -2.0938,  0.7266, -0.3379, -0.7461,
         0.0408,  1.8047, -1.1172, -1.2734,  1.1875,  1.2812,  1.8125, -0.5977,
         0.8594,  1.1484,  1.4219,  0.5977,  0.2061, -0.0830,  1.0781,  0.5391,
         0.7461, -0.8555,  0.7031,  1.0156, -0.3750,  1.5625,  0.2617, -0.1196,
        -1.1641,  2.3906, -0.5078,  0.9180,  0.5156,  1.7266,  1.0547,  0.2715,
         1.3516, -0.6367,  0.9453, -0.6289,  1.0469, -1.0234,  0.3145,  0.2041,
         0.4453,  0.4902,  0.4746,  0.3574,  0.2090,  1.0078, -0.7227, -1.5469,
         1.1328, -0.5508, -1.0078,  2.2188,  1.3750,  1.0859,  1.8203, -1.8984,
        -0.2178, -0.8281, -0.6133,  2.0000, -0.0457,  0.5430,  0.1797, -0.9961,
        -0.6719, -0.4375,  0.6367, -0.1484,  0.7617, -0.2197,  1.1797,  0.3418,
         0.7812, -0.7031,  0.9570, -1.6875, -1.7422, -0.6953,  1.7656,  2.7188,
         1.2578,  1.8516, -0.3730, -1.1797, -0.7227,  2.2969, -0.0330,  0.9805,
        -1.8281,  0.7656,  0.3184, -1.6719, -0.6289, -0.2217,  1.4375,  0.6211,
        -1.0078, -1.1719,  0.5195,  0.5469,  0.3984, -1.3125, -1.2734,  1.8750,
         0.1611,  0.1709,  1.1484, -0.0718, -1.0000, -0.9492,  0.2832,  1.3828,
         0.3926, -1.0391, -0.4961, -0.2871,  0.9883,  0.7812],
       dtype=torch.bfloat16)
data tensor([[[ 1.4609e+00,  2.9102e-01,  9.6094e-01,  1.5703e+00,  4.9414e-01,
          -1.5156e+00, -2.5000e-01,  5.7422e-01,  3.2617e-01, -5.6641e-01,
           5.4297e-01, -5.6250e-01,  6.0156e-01,  2.3750e+00,  1.6719e+00,
          -8.3594e-01],
         [-5.0391e-01, -5.0781e-01, -4.3555e-01,  1.3672e+00, -6.7188e-01,
          -1.1084e-01,  8.9453e-01, -1.3359e+00,  7.6562e-01,  1.1484e+00,
          -5.7422e-01,  9.6094e-01,  2.0312e+00,  5.6250e-01,  2.0020e-01,
          -6.9922e-01],
         [-4.7070e-01, -1.3906e+00,  1.3828e+00, -6.1328e-01,  2.9531e+00,
           6.5234e-01, -1.3516e+00, -1.4844e+00,  9.8828e-01,  1.1875e+00,
          -2.0156e+00, -1.5938e+00, -9.6094e-01,  5.6250e-01, -6.8359e-01,
          -7.5000e-01],
         [ 9.2188e-01,  3.6914e-01,  4.9609e-01, -1.4141e+00, -1.7480e-01,
           1.5938e+00,  2.9688e-01, -4.8633e-01,  8.7891e-01, -1.4062e+00,
          -1.4355e-01, -8.8672e-01, -2.0312e-01, -1.0303e-01, -1.1328e+00,
           1.7383e-01],
         [ 9.4141e-01,  3.9844e-01,  5.1562e-01,  1.0781e+00, -4.2383e-01,
          -1.4219e+00, -5.7812e-01,  6.2500e-01,  1.2734e+00, -2.6953e-01,
          -1.4941e-01,  4.7852e-01,  1.1016e+00, -1.3281e-01,  3.6523e-01,
           1.0391e+00],
         [ 1.0469e+00, -4.0625e-01, -1.1016e+00,  8.5449e-02, -3.2031e-01,
          -9.2578e-01, -9.0625e-01, -7.1094e-01,  1.2188e+00,  3.0273e-01,
           2.4512e-01,  2.3438e-02, -6.9531e-01,  1.9453e+00,  1.1562e+00,
           6.9046e-04],
         [-1.2891e-01,  9.7656e-01,  6.8359e-02,  5.0781e-01, -1.1328e+00,
           1.4219e+00, -8.9062e-01,  5.0391e-01,  1.2656e+00,  1.4453e-01,
          -6.7969e-01,  1.1484e+00,  3.6621e-02, -4.1211e-01, -6.8848e-02,
          -1.6953e+00],
         [ 8.3984e-01,  5.7812e-01, -2.0625e+00, -8.2031e-01, -6.4062e-01,
           5.0000e-01,  7.4609e-01, -1.9922e-01,  5.3125e-01, -1.4453e+00,
          -6.6406e-01,  2.2461e-01,  1.1094e+00,  1.2188e+00,  1.9375e+00,
           1.5938e+00]],

        [[-4.8438e-01,  9.0625e-01, -1.1250e+00,  3.6523e-01, -1.1172e+00,
          -9.5312e-01,  0.0000e+00,  5.5469e-01, -1.3906e+00,  1.1016e+00,
          -1.2188e+00,  8.9062e-01,  1.2969e+00, -7.3730e-02,  0.0000e+00,
           9.2578e-01],
         [-1.6953e+00,  5.2734e-01, -3.2227e-01, -1.3203e+00,  1.4844e+00,
          -1.3867e-01,  0.0000e+00, -1.2266e+00,  6.0547e-01,  9.3359e-01,
          -2.1250e+00,  4.2480e-02,  9.4141e-01, -1.1641e+00,  0.0000e+00,
           2.1387e-01],
         [ 7.3438e-01, -6.6016e-01,  5.7031e-01,  6.7578e-01, -9.1016e-01,
           1.5938e+00,  4.7070e-01,  2.2363e-01, -6.4844e-01, -3.4766e-01,
          -1.3047e+00,  1.8828e+00, -6.9922e-01,  5.7422e-01,  7.4219e-01,
           1.4922e+00],
         [ 5.2734e-01, -2.0996e-01,  1.9922e-01, -2.1875e-01, -6.0547e-01,
           6.0156e-01,  2.6562e-01, -5.2246e-02,  1.5859e+00,  5.1172e-01,
           1.9922e-01, -8.7891e-01,  5.8746e-04,  8.1641e-01,  1.3379e-01,
          -1.1377e-01],
         [-5.9375e-01,  1.0938e+00,  1.5859e+00, -1.1016e+00,  1.5859e+00,
          -7.3438e-01,  4.7266e-01, -4.1016e-01,  4.7363e-02,  5.3711e-02,
           1.1768e-01,  1.2031e+00, -1.4844e+00,  4.1602e-01,  1.5527e-01,
           1.6895e-01],
         [-1.7480e-01, -5.6641e-02,  3.4375e-01,  6.7871e-02,  7.6562e-01,
          -9.6484e-01,  1.6797e+00,  1.8164e-01, -5.5469e-01,  8.0859e-01,
          -1.8848e-01,  9.5703e-01,  2.7539e-01,  9.5703e-01,  1.6602e-01,
          -2.6250e+00],
         [-4.1016e-01,  1.1562e+00, -2.3906e+00, -6.8359e-01, -1.5625e+00,
          -1.0234e+00,  8.5938e-01,  3.1055e-01, -2.2500e+00,  4.7852e-01,
          -1.6172e+00, -5.9375e-01, -8.8281e-01,  4.8047e-01,  6.0547e-01,
          -7.7344e-01],
         [-1.1641e+00,  8.7500e-01,  1.1016e+00,  1.0938e+00, -1.6172e+00,
          -1.3086e-01,  6.7969e-01,  7.3438e-01, -1.1484e+00, -7.2266e-01,
          -1.4062e-01, -1.3965e-01,  2.8125e-01,  8.7500e-01, -1.2344e+00,
           7.0312e-01]],

        [[-7.7637e-02,  3.0078e-01,  1.5391e+00, -8.1250e-01, -7.8125e-01,
          -3.8477e-01,  3.7695e-01, -5.8203e-01, -3.1250e-01, -7.5000e-01,
           4.2383e-01, -1.0703e+00,  3.5156e-01,  4.4727e-01, -5.9814e-02,
          -1.7578e-02],
         [ 1.8516e+00,  1.1016e+00,  5.2734e-01,  5.4688e-01,  9.3359e-01,
           2.8906e-01,  3.9844e-01,  1.8438e+00, -8.0078e-01,  8.2031e-02,
          -3.1055e-01, -1.8438e+00, -6.7578e-01,  3.3594e-01, -6.6797e-01,
          -1.1914e-01],
         [-1.5859e+00, -4.1211e-01,  1.6719e+00, -3.6719e-01, -5.1172e-01,
          -2.2949e-01, -9.2578e-01,  1.5547e+00, -4.0430e-01, -1.6562e+00,
          -9.1797e-01, -4.8242e-01,  4.0771e-02, -1.8750e-01,  4.1602e-01,
          -1.0547e+00],
         [-1.1084e-01, -1.2793e-01,  1.4141e+00, -1.3574e-01,  8.7109e-01,
           3.9258e-01, -6.4844e-01, -3.2617e-01, -5.8105e-02, -4.5508e-01,
           1.2188e+00,  1.9297e+00,  1.0156e+00,  5.5859e-01, -1.4355e-01,
           1.4688e+00],
         [ 4.2578e-01,  1.3047e+00, -1.1562e+00,  4.9609e-01, -8.7109e-01,
           2.4902e-01, -6.0547e-01,  1.0864e-02,  4.0820e-01,  2.9297e-01,
          -2.9492e-01,  3.8867e-01, -1.7500e+00, -1.5234e+00, -8.5547e-01,
           1.5234e-01],
         [ 7.4219e-01,  9.7656e-01,  3.9062e-01,  5.3516e-01,  3.5938e-01,
           6.1719e-01,  6.8359e-02, -1.2109e+00, -5.0391e-01, -3.2471e-02,
           4.7461e-01,  0.0000e+00, -1.3672e+00,  6.7969e-01, -5.1953e-01,
           5.7861e-02],
         [-1.4453e+00,  2.0312e+00, -8.5156e-01, -1.0156e+00, -6.8359e-01,
          -1.5703e+00,  7.5000e-01, -7.1484e-01,  5.9375e-01,  2.3594e+00,
           1.7578e-01,  1.2969e+00, -1.0234e+00,  4.8047e-01,  9.1406e-01,
          -1.7031e+00],
         [ 4.2188e-01,  5.3906e-01, -9.2188e-01,  2.6406e+00,  3.6133e-01,
          -5.1172e-01,  4.9609e-01,  4.9023e-01, -1.6602e-01,  5.6250e-01,
          -4.2773e-01,  1.1719e+00, -4.0625e-01,  9.5703e-01, -3.1982e-02,
           2.4048e-02]],

        [[-4.9023e-01, -5.0000e-01, -7.2656e-01,  3.5156e-01,  2.7930e-01,
          -2.5469e+00, -5.7422e-01, -9.7656e-01,  6.2500e-01,  8.6719e-01,
          -1.0234e+00,  5.0000e-01, -1.0703e+00, -1.5469e+00, -5.1562e-01,
          -4.3750e-01],
         [-1.1250e+00, -7.2656e-01, -3.3203e-01,  2.1094e-01, -3.4961e-01,
           8.3594e-01,  1.0859e+00,  3.6133e-01,  1.3047e+00, -1.5781e+00,
          -1.8750e-01, -9.2188e-01,  4.9414e-01, -2.9883e-01, -1.0859e+00,
          -4.6484e-01],
         [ 1.9653e-02,  4.4531e-01, -1.9297e+00, -1.1562e+00, -6.9141e-01,
           1.3359e+00, -1.1328e+00, -4.7363e-02,  8.2031e-01,  1.8359e-01,
           1.1328e+00, -1.4297e+00,  7.5391e-01,  8.9453e-01,  3.4570e-01,
          -1.8984e+00],
         [-9.1406e-01, -4.7266e-01, -1.1016e+00, -3.0859e-01,  1.5234e-01,
          -5.1172e-01,  1.0938e+00,  3.4375e-01,  1.4297e+00, -4.6680e-01,
          -5.5859e-01,  1.5625e+00, -9.2578e-01,  8.0078e-01,  3.5938e-01,
           2.2812e+00],
         [ 7.1094e-01,  7.9688e-01, -5.5078e-01,  1.4922e+00,  3.8867e-01,
           1.3750e+00,  1.7422e+00,  6.1328e-01,  5.0000e-01,  7.9688e-01,
          -9.5703e-01,  5.3516e-01, -6.5234e-01,  1.1250e+00,  9.2969e-01,
          -1.2891e+00],
         [-7.5000e-01,  4.1992e-01,  2.0781e+00, -1.1172e+00,  3.3008e-01,
           4.5703e-01, -4.7266e-01, -7.1094e-01, -2.4121e-01,  5.1758e-02,
           0.0000e+00, -2.2949e-01, -8.2422e-01, -1.1406e+00, -1.6719e+00,
          -1.9336e-01],
         [-6.3965e-02,  8.9062e-01,  2.9688e-01,  1.1250e+00, -3.9062e-01,
           7.4609e-01, -6.5234e-01,  1.5547e+00, -1.6602e-01, -1.1484e+00,
           8.9844e-01, -9.9219e-01,  2.4805e-01,  3.5352e-01,  1.7773e-01,
           1.7188e+00],
         [ 5.9766e-01, -6.1719e-01, -8.4375e-01,  2.6978e-02, -2.1875e-01,
           5.9766e-01,  7.6172e-01,  1.1016e+00,  2.8320e-01, -1.2344e+00,
           1.3203e+00, -7.1875e-01,  1.4688e+00, -3.5352e-01,  2.7812e+00,
           2.6719e+00]]], dtype=torch.bfloat16)2026-05-07 09:37:21.243140: W torch_xla/csrc/runtime/pjrt_computation_client.cpp:703] Failed to deserialize executable: UNIMPLEMENTED: Deserializing serialized executable not supported.

ComparisonResult: ComparisonResult(passed=True, error_message=None, pcc=1.0, atol=0.0, allclose=True, equal=True)
PASSED

=============================== warnings summary ===============================
<frozen importlib._bootstrap>:488
  <frozen importlib._bootstrap>:488: DeprecationWarning: builtin type SwigPyPacked has no __module__ attribute

<frozen importlib._bootstrap>:488
  <frozen importlib._bootstrap>:488: DeprecationWarning: builtin type SwigPyObject has no __module__ attribute

tests/torch/ops/test_masked_scatter.py::test_masked_scatter_row_constant
tests/torch/ops/test_masked_scatter.py::test_masked_scatter_mixed_mask
  /home/tt-xla/tests/conftest.py:524: FutureWarning: `torch.distributed.reduce_op` is deprecated, please use `torch.distributed.ReduceOp` instead
    if isinstance(obj, torch.fx.GraphModule):

tests/torch/ops/test_masked_scatter.py::test_masked_scatter_row_constant
tests/torch/ops/test_masked_scatter.py::test_masked_scatter_mixed_mask
  /home/tt-xla/tests/conftest.py:528: FutureWarning: `torch.distributed.reduce_op` is deprecated, please use `torch.distributed.ReduceOp` instead
    if isinstance(obj, GraphInputMatcher):

-- Docs: https://docs.pytest.org/en/stable/how-to/capture-warnings.html
======================== 2 passed, 6 warnings in 3.28s =========================
sys:1: DeprecationWarning: builtin type swigvarlink has no __module__ attribute
