2026-03-26 11:31:42.557 | WARNING  | torch_plugin_tt:__init__:38 - TT plugin is setting XLA_STABLEHLO_COMPILE to 1. This is required for TT PJRT plugin to work correctly.
============================= test session starts ==============================
platform linux -- Python 3.12.13, pytest-9.0.2, pluggy-1.6.0 -- /proj_sw/user_dev/ctr-lelanchelian/latest_build/tt-xla/venv/bin/python3
cachedir: .pytest_cache
metadata: {'Python': '3.12.13', 'Platform': 'Linux-5.4.0-212-generic-x86_64-with-glibc2.35', 'Packages': {'pytest': '9.0.2', 'pluggy': '1.6.0'}, 'Plugins': {'json-report': '1.5.0', 'metadata': '3.1.1', 'jaxtyping': '0.3.9', 'anyio': '4.12.1', 'split': '0.11.0', 'forked': '1.6.0'}}
rootdir: /proj_sw/user_dev/ctr-lelanchelian/latest_build/tt-xla
configfile: pytest.ini
plugins: json-report-1.5.0, metadata-3.1.1, jaxtyping-0.3.9, anyio-4.12.1, split-0.11.0, forked-1.6.0
collecting ... 2026-03-26 11:31:47.527 | WARNING  | tests.runner.utils.dynamic_loader:discover_loader_paths:451 - Workaround to exclude model: suryaocr from discovery. Issue #1166
Flax classes are deprecated and will be removed in Diffusers v1.0.0. We recommend migrating to PyTorch classes or pinning your version of Diffusers.
Flax classes are deprecated and will be removed in Diffusers v1.0.0. We recommend migrating to PyTorch classes or pinning your version of Diffusers.
2026-03-26 11:31:53.269 | WARNING  | tests.runner.utils.dynamic_loader:get_model_variants:263 - Cannot import path: /proj_sw/user_dev/ctr-lelanchelian/latest_build/tt-xla/third_party/tt_forge_models/yolov12/pytorch/loader.py: cannot import name 'yolo_postprocess' from 'tt_forge_models.tools.utils' (/proj_sw/user_dev/ctr-lelanchelian/latest_build/tt-xla/third_party/tt_forge_models/tools/utils.py)
2026-03-26 11:31:53.360 | WARNING  | tests.runner.utils.dynamic_loader:get_model_variants:263 - Cannot import path: /proj_sw/user_dev/ctr-lelanchelian/latest_build/tt-xla/third_party/tt_forge_models/yolov11/pytorch/loader.py: cannot import name 'yolo_postprocess' from 'tt_forge_models.tools.utils' (/proj_sw/user_dev/ctr-lelanchelian/latest_build/tt-xla/third_party/tt_forge_models/tools/utils.py)
2026-03-26 11:31:53.508 | WARNING  | tests.runner.utils.dynamic_loader:get_model_variants:263 - Cannot import path: /proj_sw/user_dev/ctr-lelanchelian/latest_build/tt-xla/third_party/tt_forge_models/yolov5/pytorch/loader.py: No module named 'pkg_resources'
2026-03-26 11:31:58.025 | WARNING  | tests.runner.utils.dynamic_loader:get_model_variants:263 - Cannot import path: /proj_sw/user_dev/ctr-lelanchelian/latest_build/tt-xla/third_party/tt_forge_models/yolov10/pytorch/loader.py: cannot import name 'yolo_postprocess' from 'tt_forge_models.tools.utils' (/proj_sw/user_dev/ctr-lelanchelian/latest_build/tt-xla/third_party/tt_forge_models/tools/utils.py)
2026-03-26 11:31:58.752 | WARNING  | tests.runner.utils.dynamic_loader:get_model_variants:263 - Cannot import path: /proj_sw/user_dev/ctr-lelanchelian/latest_build/tt-xla/third_party/tt_forge_models/yolov8/pytorch/loader.py: cannot import name 'yolo_postprocess' from 'tt_forge_models.tools.utils' (/proj_sw/user_dev/ctr-lelanchelian/latest_build/tt-xla/third_party/tt_forge_models/tools/utils.py)
collected 1 item

tests/runner/test_models.py::test_all_models_torch[rt_detr/pytorch-R18vd-single_device-inference] Running tests/runner/test_models.py::test_all_models_torch[rt_detr/pytorch-R18vd-single_device-inference] - pytorch_RT-DETR_R18vd_cv_object_det_huggingface
`torch_dtype` is deprecated! Use `dtype` instead!
2026-03-26 11:32:04.711232: W torch_xla/csrc/runtime/profiler.cpp:88] Profiler API not found for PJRT plugin
====================================================================
| pytorch_RT-DETR_R18vd_cv_object_det_huggingface BENCHMARK:  
--------------------------------------------------------------------
| e2e_perf-total_samples: 2
| e2e_perf-total_time: 33.09002157091163
| e2e_perf-avg_time: 16.545010785455815
| e2e_perf-perf_time_1: 16.54223817610182
| e2e_perf-perf_time_2: 16.547783394809812
====================================================================
FAILED

=================================== FAILURES ===================================
_____ test_all_models_torch[rt_detr/pytorch-R18vd-single_device-inference] _____
tests/runner/test_models.py:294: in test_all_models_torch
    _run_model_test_impl(
tests/runner/test_models.py:170: in _run_model_test_impl
    Evaluator._assert_on_results(comparison_result)
tests/infra/evaluators/evaluator.py:72: in _assert_on_results
    assert False, "\n".join(error_messages)
           ^^^^^
E   AssertionError: Evaluation result 0 failed: PCC comparison failed. Calculated: pcc=-0.03978004951315035. Required: pcc=0.99.
=============================== warnings summary ===============================
<frozen importlib._bootstrap>:488
  <frozen importlib._bootstrap>:488: DeprecationWarning: builtin type SwigPyPacked has no __module__ attribute

<frozen importlib._bootstrap>:488
  <frozen importlib._bootstrap>:488: DeprecationWarning: builtin type SwigPyObject has no __module__ attribute

tests/runner/test_models.py::test_all_models_torch[rt_detr/pytorch-R18vd-single_device-inference]
  /proj_sw/user_dev/ctr-lelanchelian/latest_build/tt-xla/tests/infra/utilities/failing_reasons/utils.py:230: PytestDeprecationWarning: A private pytest class or function was used.
    long_repr = ExceptionInfo(exc_info).getrepr(style="long")

tests/runner/test_models.py::test_all_models_torch[rt_detr/pytorch-R18vd-single_device-inference]
  /proj_sw/user_dev/ctr-lelanchelian/latest_build/tt-xla/tests/conftest.py:489: FutureWarning: `torch.distributed.reduce_op` is deprecated, please use `torch.distributed.ReduceOp` instead
    if isinstance(obj, torch.fx.GraphModule):

tests/runner/test_models.py::test_all_models_torch[rt_detr/pytorch-R18vd-single_device-inference]
  /proj_sw/user_dev/ctr-lelanchelian/latest_build/tt-xla/tests/conftest.py:493: FutureWarning: `torch.distributed.reduce_op` is deprecated, please use `torch.distributed.ReduceOp` instead
    if isinstance(obj, GraphInputMatcher):

-- Docs: https://docs.pytest.org/en/stable/how-to/capture-warnings.html
=========================== short test summary info ============================
FAILED tests/runner/test_models.py::test_all_models_torch[rt_detr/pytorch-R18vd-single_device-inference] - AssertionError: Evaluation result 0 failed: PCC comparison failed. Calculated: pcc=-0.03978004951315035. Required: pcc=0.99.
================== 1 failed, 5 warnings in 260.31s (0:04:20) ===================
sys:1: DeprecationWarning: builtin type swigvarlink has no __module__ attribute
