2026-05-04 15:20:15.693 | WARNING  | torch_plugin_tt:__init__:40 - TT plugin is setting XLA_STABLEHLO_COMPILE to 1. This is required for TT PJRT plugin to work correctly.
============================= test session starts ==============================
platform linux -- Python 3.12.3, pytest-9.0.3, pluggy-1.6.0 -- /proj_sw/user_dev/ctr-akannan/4_may_bgd/tt-xla/venv/bin/python
cachedir: .pytest_cache
metadata: {'Python': '3.12.3', 'Platform': 'Linux-5.15.0-136-generic-x86_64-with-glibc2.39', 'Packages': {'pytest': '9.0.3', 'pluggy': '1.6.0'}, 'Plugins': {'jaxtyping': '0.3.9', 'json-report': '1.5.0', 'metadata': '3.1.1', 'forked': '1.6.0', 'anyio': '4.13.0', 'split': '0.11.0'}}
rootdir: /proj_sw/user_dev/ctr-akannan/4_may_bgd/tt-xla
configfile: pytest.ini
plugins: jaxtyping-0.3.9, json-report-1.5.0, metadata-3.1.1, forked-1.6.0, anyio-4.13.0, split-0.11.0
collecting ... collected 2 items

tests/torch/models/masked_scatter/test_masked_scatter_gemma3.py::test_gemma3_masked_scatter_cpu[4b-2560-256] [gemma3-4b] torch.equal: True  PCC: 0.999999
PASSED
tests/torch/models/masked_scatter/test_masked_scatter_gemma3.py::test_gemma3_masked_scatter_cpu[12b-3840-256] [gemma3-12b] torch.equal: True  PCC: 1.000054
PASSED

=============================== warnings summary ===============================
<frozen importlib._bootstrap>:488
  <frozen importlib._bootstrap>:488: DeprecationWarning: builtin type SwigPyPacked has no __module__ attribute

<frozen importlib._bootstrap>:488
  <frozen importlib._bootstrap>:488: DeprecationWarning: builtin type SwigPyObject has no __module__ attribute

tests/torch/models/masked_scatter/test_masked_scatter_gemma3.py::test_gemma3_masked_scatter_cpu[4b-2560-256]
tests/torch/models/masked_scatter/test_masked_scatter_gemma3.py::test_gemma3_masked_scatter_cpu[12b-3840-256]
  /proj_sw/user_dev/ctr-akannan/4_may_bgd/tt-xla/tests/conftest.py:524: FutureWarning: `torch.distributed.reduce_op` is deprecated, please use `torch.distributed.ReduceOp` instead
    if isinstance(obj, torch.fx.GraphModule):

tests/torch/models/masked_scatter/test_masked_scatter_gemma3.py::test_gemma3_masked_scatter_cpu[4b-2560-256]
tests/torch/models/masked_scatter/test_masked_scatter_gemma3.py::test_gemma3_masked_scatter_cpu[12b-3840-256]
  /proj_sw/user_dev/ctr-akannan/4_may_bgd/tt-xla/tests/conftest.py:528: FutureWarning: `torch.distributed.reduce_op` is deprecated, please use `torch.distributed.ReduceOp` instead
    if isinstance(obj, GraphInputMatcher):

-- Docs: https://docs.pytest.org/en/stable/how-to/capture-warnings.html
======================== 2 passed, 6 warnings in 0.79s =========================
sys:1: DeprecationWarning: builtin type swigvarlink has no __module__ attribute
