2026-05-04 13:58:35.699 | INFO     | pjrt_plugin_tt:setup_tt_pjrt_plugin_dir:46 - Using PJRT plugin directory: /proj_sw/user_dev/ctr-akannan/4_may_bgd/tt-xla/python_package/pjrt_plugin_tt
2026-05-04 13:58:35.707 | INFO     | pjrt_plugin_tt:setup_tt_metal_home:107 - Using TT-Metal from the source tree: /proj_sw/user_dev/ctr-akannan/4_may_bgd/tt-xla/third_party/tt-mlir/src/tt-mlir/third_party/tt-metal/src/tt-metal
2026-05-04 13:58:36.029 | WARNING  | torch_plugin_tt:__init__:40 - TT plugin is setting XLA_STABLEHLO_COMPILE to 1. This is required for TT PJRT plugin to work correctly.
============================= test session starts ==============================
platform linux -- Python 3.12.3, pytest-9.0.3, pluggy-1.6.0 -- /proj_sw/user_dev/ctr-akannan/4_may_bgd/tt-xla/venv/bin/python
cachedir: .pytest_cache
metadata: {'Python': '3.12.3', 'Platform': 'Linux-5.15.0-153-generic-x86_64-with-glibc2.39', 'Packages': {'pytest': '9.0.3', 'pluggy': '1.6.0'}, 'Plugins': {'jaxtyping': '0.3.9', 'json-report': '1.5.0', 'metadata': '3.1.1', 'forked': '1.6.0', 'anyio': '4.13.0', 'split': '0.11.0'}}
rootdir: /proj_sw/user_dev/ctr-akannan/4_may_bgd/tt-xla
configfile: pytest.ini
plugins: jaxtyping-0.3.9, json-report-1.5.0, metadata-3.1.1, forked-1.6.0, anyio-4.13.0, split-0.11.0
collecting ... collected 1 item

tests/torch/models/masked_scatter/test_masked_scatter_llava.py::test_llava_masked_scatter_cpu torch.equal : True
PCC         : 1.000063
PASSED

=============================== warnings summary ===============================
<frozen importlib._bootstrap>:488
  <frozen importlib._bootstrap>:488: DeprecationWarning: builtin type SwigPyPacked has no __module__ attribute

<frozen importlib._bootstrap>:488
  <frozen importlib._bootstrap>:488: DeprecationWarning: builtin type SwigPyObject has no __module__ attribute

tests/torch/models/masked_scatter/test_masked_scatter_llava.py::test_llava_masked_scatter_cpu
  /proj_sw/user_dev/ctr-akannan/4_may_bgd/tt-xla/tests/conftest.py:524: FutureWarning: `torch.distributed.reduce_op` is deprecated, please use `torch.distributed.ReduceOp` instead
    if isinstance(obj, torch.fx.GraphModule):

tests/torch/models/masked_scatter/test_masked_scatter_llava.py::test_llava_masked_scatter_cpu
  /proj_sw/user_dev/ctr-akannan/4_may_bgd/tt-xla/tests/conftest.py:528: FutureWarning: `torch.distributed.reduce_op` is deprecated, please use `torch.distributed.ReduceOp` instead
    if isinstance(obj, GraphInputMatcher):

-- Docs: https://docs.pytest.org/en/stable/how-to/capture-warnings.html
======================== 1 passed, 4 warnings in 0.65s =========================
sys:1: DeprecationWarning: builtin type swigvarlink has no __module__ attribute
