WARNING:root:Defaulting to PJRT_DEVICE=CPU
2025-06-12 03:09:28.492 (   0.000s) [        9A3DD480]      dylib_platform.cc:47       1| DylibPlatform::SubclassInitialize
2025-06-12 03:09:28.493 (   0.001s) [        9A3DD480]     client_instance.cc:32       1| ClientInstance::ClientInstance
2025-06-12 03:09:28.493 (   0.001s) [        9A3DD480]              client.cc:18       1| TTClientInstance::TTClientInstance
2025-06-12 03:09:28.493 (   0.001s) [        9A3DD480]     client_instance.cc:53       1| ClientInstance::Initialize
[2025-06-12 03:09:28.493] [info] [pci_device.cpp:191] [SiliconDriver] Opened PCI device 0; KMD version: 1.34.0, IOMMU: disabled
[2025-06-12 03:09:28.495] [info] [pci_device.cpp:191] [SiliconDriver] Opened PCI device 1; KMD version: 1.34.0, IOMMU: disabled
[2025-06-12 03:09:28.496] [info] [pci_device.cpp:191] [SiliconDriver] Opened PCI device 2; KMD version: 1.34.0, IOMMU: disabled
[2025-06-12 03:09:28.497] [info] [pci_device.cpp:191] [SiliconDriver] Opened PCI device 3; KMD version: 1.34.0, IOMMU: disabled
[2025-06-12 03:09:28.498] [info] [pci_device.cpp:191] [SiliconDriver] Opened PCI device 0; KMD version: 1.34.0, IOMMU: disabled
[2025-06-12 03:09:28.500] [info] [pci_device.cpp:191] [SiliconDriver] Opened PCI device 1; KMD version: 1.34.0, IOMMU: disabled
[2025-06-12 03:09:28.502] [info] [pci_device.cpp:191] [SiliconDriver] Opened PCI device 2; KMD version: 1.34.0, IOMMU: disabled
[2025-06-12 03:09:28.504] [info] [pci_device.cpp:191] [SiliconDriver] Opened PCI device 3; KMD version: 1.34.0, IOMMU: disabled
[2025-06-12 03:09:28.526] [info] [pci_device.cpp:191] [SiliconDriver] Opened PCI device 0; KMD version: 1.34.0, IOMMU: disabled
[2025-06-12 03:09:28.527] [info] [pci_device.cpp:191] [SiliconDriver] Opened PCI device 1; KMD version: 1.34.0, IOMMU: disabled
[2025-06-12 03:09:28.529] [info] [pci_device.cpp:191] [SiliconDriver] Opened PCI device 2; KMD version: 1.34.0, IOMMU: disabled
[2025-06-12 03:09:28.529] [info] [pci_device.cpp:191] [SiliconDriver] Opened PCI device 3; KMD version: 1.34.0, IOMMU: disabled
[2025-06-12 03:09:28.531] [info] [pci_device.cpp:191] [SiliconDriver] Opened PCI device 0; KMD version: 1.34.0, IOMMU: disabled
[2025-06-12 03:09:28.532] [info] [pci_device.cpp:191] [SiliconDriver] Opened PCI device 1; KMD version: 1.34.0, IOMMU: disabled
[2025-06-12 03:09:28.533] [info] [pci_device.cpp:191] [SiliconDriver] Opened PCI device 2; KMD version: 1.34.0, IOMMU: disabled
[2025-06-12 03:09:28.535] [info] [pci_device.cpp:191] [SiliconDriver] Opened PCI device 3; KMD version: 1.34.0, IOMMU: disabled
[2025-06-12 03:09:28.557] [info] [pci_device.cpp:191] [SiliconDriver] Opened PCI device 0; KMD version: 1.34.0, IOMMU: disabled
[2025-06-12 03:09:28.558] [info] [pci_device.cpp:191] [SiliconDriver] Opened PCI device 1; KMD version: 1.34.0, IOMMU: disabled
[2025-06-12 03:09:28.559] [info] [pci_device.cpp:191] [SiliconDriver] Opened PCI device 2; KMD version: 1.34.0, IOMMU: disabled
[2025-06-12 03:09:28.560] [info] [pci_device.cpp:191] [SiliconDriver] Opened PCI device 3; KMD version: 1.34.0, IOMMU: disabled
[2025-06-12 03:09:28.561] [info] [pci_device.cpp:191] [SiliconDriver] Opened PCI device 0; KMD version: 1.34.0, IOMMU: disabled
[2025-06-12 03:09:28.562] [info] [pci_device.cpp:191] [SiliconDriver] Opened PCI device 1; KMD version: 1.34.0, IOMMU: disabled
[2025-06-12 03:09:28.564] [info] [pci_device.cpp:191] [SiliconDriver] Opened PCI device 2; KMD version: 1.34.0, IOMMU: disabled
[2025-06-12 03:09:28.565] [info] [pci_device.cpp:191] [SiliconDriver] Opened PCI device 3; KMD version: 1.34.0, IOMMU: disabled
[2025-06-12 03:09:28.587] [info] [cluster.cpp:277] [SiliconDriver] Harvesting mask for chip 0 is 0x201 (physical layout: 0x3, logical: 0x201, simulated harvesting mask: 0x0).
[2025-06-12 03:09:28.595] [info] [pci_device.cpp:191] [SiliconDriver] Opened PCI device 0; KMD version: 1.34.0, IOMMU: disabled
[2025-06-12 03:09:28.636] [info] [cluster.cpp:277] [SiliconDriver] Harvesting mask for chip 1 is 0x201 (physical layout: 0x3, logical: 0x201, simulated harvesting mask: 0x0).
[2025-06-12 03:09:28.643] [info] [pci_device.cpp:191] [SiliconDriver] Opened PCI device 1; KMD version: 1.34.0, IOMMU: disabled
[2025-06-12 03:09:28.658] [info] [cluster.cpp:277] [SiliconDriver] Harvesting mask for chip 2 is 0x202 (physical layout: 0x9, logical: 0x202, simulated harvesting mask: 0x0).
[2025-06-12 03:09:28.665] [info] [pci_device.cpp:191] [SiliconDriver] Opened PCI device 2; KMD version: 1.34.0, IOMMU: disabled
[2025-06-12 03:09:28.680] [info] [cluster.cpp:277] [SiliconDriver] Harvesting mask for chip 3 is 0x208 (physical layout: 0x81, logical: 0x208, simulated harvesting mask: 0x0).
[2025-06-12 03:09:28.687] [info] [pci_device.cpp:191] [SiliconDriver] Opened PCI device 3; KMD version: 1.34.0, IOMMU: disabled
[2025-06-12 03:09:28.701] [info] [cluster.cpp:277] [SiliconDriver] Harvesting mask for chip 4 is 0x208 (physical layout: 0x81, logical: 0x208, simulated harvesting mask: 0x0).
[2025-06-12 03:09:28.709] [info] [cluster.cpp:277] [SiliconDriver] Harvesting mask for chip 5 is 0x208 (physical layout: 0x81, logical: 0x208, simulated harvesting mask: 0x0).
[2025-06-12 03:09:28.716] [info] [cluster.cpp:277] [SiliconDriver] Harvesting mask for chip 6 is 0x240 (physical layout: 0x41, logical: 0x240, simulated harvesting mask: 0x0).
[2025-06-12 03:09:28.724] [info] [cluster.cpp:277] [SiliconDriver] Harvesting mask for chip 7 is 0x201 (physical layout: 0x3, logical: 0x201, simulated harvesting mask: 0x0).
[2025-06-12 03:09:28.733] [info] [cluster.cpp:147] [SiliconDriver] Opening local chip ids/pci ids: {0, 1, 2, 3}/[0, 1, 2, 3] and remote chip ids {4, 5, 6, 7}
[2025-06-12 03:09:28.739] [info] [cluster.cpp:1039] [SiliconDriver] Software version 6.0.0, Ethernet FW version 6.14.0 (Device 0)
[2025-06-12 03:09:28.739] [info] [cluster.cpp:1039] [SiliconDriver] Software version 6.0.0, Ethernet FW version 6.14.0 (Device 1)
[2025-06-12 03:09:28.739] [info] [cluster.cpp:1039] [SiliconDriver] Software version 6.0.0, Ethernet FW version 6.14.0 (Device 2)
[2025-06-12 03:09:28.739] [info] [cluster.cpp:1039] [SiliconDriver] Software version 6.0.0, Ethernet FW version 6.14.0 (Device 3)
[2025-06-12 03:09:28.739] [info] [cluster.cpp:1039] [SiliconDriver] Software version 6.0.0, Ethernet FW version 6.14.0 (Device 4)
[2025-06-12 03:09:28.740] [info] [cluster.cpp:1039] [SiliconDriver] Software version 6.0.0, Ethernet FW version 6.14.0 (Device 5)
[2025-06-12 03:09:28.740] [info] [cluster.cpp:1039] [SiliconDriver] Software version 6.0.0, Ethernet FW version 6.14.0 (Device 6)
[2025-06-12 03:09:28.741] [info] [cluster.cpp:1039] [SiliconDriver] Software version 6.0.0, Ethernet FW version 6.14.0 (Device 7)
2025-06-12 03:09:31.182 (   2.690s) [        9A3DD480]     client_instance.cc:98       1| [HET DEBUG] Number of devices: 8
2025-06-12 03:09:31.183 (   2.691s) [        9A3DD480]              stubs.inc:113   WARN| STUB: PJRT_Client_TopologyDescription
2025-06-12 03:09:31.183 (   2.691s) [        9A3DD480]      error_instance.cc:49       1| ErrorInstance::PJRT_Error_Message
2025-06-12 03:09:31.183 (   2.691s) [        9A3DD480]      error_instance.cc:58       1| ErrorInstance::PJRT_Error_GetCode
2025-06-12 03:09:31.183 (   2.691s) [        9A3DD480]      error_instance.cc:43       1| ErrorInstance::PJRT_Error_Destroy
2025-06-12 03:09:31.183 (   2.691s) [        9A3DD480]     client_instance.cc:247      1| ClientInstance::PJRT_Client_PlatformVersion
2025-06-12 03:09:31.183 (   2.691s) [        9A3DD480]     client_instance.cc:227      1| ClientInstance::PJRT_Client_PlatformName
2025-06-12 03:09:31.183 (   2.691s) [        9A3DD480]     client_instance.cc:259      1| ClientInstance::PJRT_Client_Devices
2025-06-12 03:09:31.183 (   2.691s) [        9A3DD480]     device_instance.cc:44       1| DeviceInstance::PJRT_Device_GetDescription
2025-06-12 03:09:31.183 (   2.691s) [        9A3DD480]  device_description.cc:63       1| DeviceDescription::PJRT_DeviceDescription_Attributes
2025-06-12 03:09:31.183 (   2.691s) [        9A3DD480]     device_instance.cc:44       1| DeviceInstance::PJRT_Device_GetDescription
2025-06-12 03:09:31.183 (   2.691s) [        9A3DD480]  device_description.cc:63       1| DeviceDescription::PJRT_DeviceDescription_Attributes
2025-06-12 03:09:31.183 (   2.691s) [        9A3DD480]     device_instance.cc:44       1| DeviceInstance::PJRT_Device_GetDescription
2025-06-12 03:09:31.183 (   2.691s) [        9A3DD480]  device_description.cc:63       1| DeviceDescription::PJRT_DeviceDescription_Attributes
2025-06-12 03:09:31.183 (   2.691s) [        9A3DD480]     device_instance.cc:44       1| DeviceInstance::PJRT_Device_GetDescription
2025-06-12 03:09:31.183 (   2.691s) [        9A3DD480]  device_description.cc:63       1| DeviceDescription::PJRT_DeviceDescription_Attributes
2025-06-12 03:09:31.183 (   2.691s) [        9A3DD480]     device_instance.cc:44       1| DeviceInstance::PJRT_Device_GetDescription
2025-06-12 03:09:31.183 (   2.691s) [        9A3DD480]  device_description.cc:63       1| DeviceDescription::PJRT_DeviceDescription_Attributes
2025-06-12 03:09:31.183 (   2.691s) [        9A3DD480]     device_instance.cc:44       1| DeviceInstance::PJRT_Device_GetDescription
2025-06-12 03:09:31.183 (   2.691s) [        9A3DD480]  device_description.cc:63       1| DeviceDescription::PJRT_DeviceDescription_Attributes
2025-06-12 03:09:31.183 (   2.691s) [        9A3DD480]     device_instance.cc:44       1| DeviceInstance::PJRT_Device_GetDescription
2025-06-12 03:09:31.183 (   2.691s) [        9A3DD480]  device_description.cc:63       1| DeviceDescription::PJRT_DeviceDescription_Attributes
2025-06-12 03:09:31.183 (   2.691s) [        9A3DD480]     device_instance.cc:44       1| DeviceInstance::PJRT_Device_GetDescription
2025-06-12 03:09:31.183 (   2.691s) [        9A3DD480]  device_description.cc:63       1| DeviceDescription::PJRT_DeviceDescription_Attributes
2025-06-12 03:09:31.183 (   2.691s) [        9A3DD480]     client_instance.cc:272      1| ClientInstance::PJRT_Client_AddressableDevices
2025-06-12 03:09:31.183 (   2.691s) [        9A3DD480]     client_instance.cc:322      1| ClientInstance::PJRT_Client_AddressableMemories
2025-06-12 03:09:31.183 (   2.691s) [        9A3DD480]     device_instance.cc:71       1| DeviceInstance::PJRT_Device_AddressableMemories
2025-06-12 03:09:31.183 (   2.691s) [        9A3DD480]     device_instance.cc:71       1| DeviceInstance::PJRT_Device_AddressableMemories
2025-06-12 03:09:31.183 (   2.691s) [        9A3DD480]     device_instance.cc:71       1| DeviceInstance::PJRT_Device_AddressableMemories
2025-06-12 03:09:31.183 (   2.691s) [        9A3DD480]     device_instance.cc:71       1| DeviceInstance::PJRT_Device_AddressableMemories
2025-06-12 03:09:31.183 (   2.691s) [        9A3DD480]     device_instance.cc:71       1| DeviceInstance::PJRT_Device_AddressableMemories
2025-06-12 03:09:31.183 (   2.691s) [        9A3DD480]     device_instance.cc:71       1| DeviceInstance::PJRT_Device_AddressableMemories
2025-06-12 03:09:31.183 (   2.691s) [        9A3DD480]     device_instance.cc:71       1| DeviceInstance::PJRT_Device_AddressableMemories
2025-06-12 03:09:31.183 (   2.691s) [        9A3DD480]     device_instance.cc:71       1| DeviceInstance::PJRT_Device_AddressableMemories
2025-06-12 03:09:31.183 (   2.691s) [        9A3DD480]     memory_instance.cc:124      1| MemoryInstance::PJRT_Memory_AddressableByDevices
2025-06-12 03:09:31.183 (   2.691s) [        9A3DD480]     memory_instance.cc:124      1| MemoryInstance::PJRT_Memory_AddressableByDevices
2025-06-12 03:09:31.183 (   2.691s) [        9A3DD480]     memory_instance.cc:124      1| MemoryInstance::PJRT_Memory_AddressableByDevices
2025-06-12 03:09:31.183 (   2.691s) [        9A3DD480]     memory_instance.cc:124      1| MemoryInstance::PJRT_Memory_AddressableByDevices
2025-06-12 03:09:31.183 (   2.691s) [        9A3DD480]     memory_instance.cc:124      1| MemoryInstance::PJRT_Memory_AddressableByDevices
2025-06-12 03:09:31.183 (   2.691s) [        9A3DD480]     memory_instance.cc:124      1| MemoryInstance::PJRT_Memory_AddressableByDevices
2025-06-12 03:09:31.183 (   2.691s) [        9A3DD480]     memory_instance.cc:124      1| MemoryInstance::PJRT_Memory_AddressableByDevices
2025-06-12 03:09:31.183 (   2.691s) [        9A3DD480]     memory_instance.cc:124      1| MemoryInstance::PJRT_Memory_AddressableByDevices
2025-06-12 03:09:31.183 (   2.691s) [        9A3DD480]     memory_instance.cc:124      1| MemoryInstance::PJRT_Memory_AddressableByDevices
2025-06-12 03:09:31.183 (   2.691s) [        9A3DD480]        api_bindings.cc:76       1| PJRT_Plugin_Attributes
2025-06-12 03:09:31.183452: W torch_xla/csrc/runtime/profiler.cc:88] Profiler API not found for PJRT plugin
2025-06-12 03:09:31.183 (   2.691s) [        9A3DD480]  device_description.cc:44       1| DeviceDescription::PJRT_DeviceDescription_Id
2025-06-12 03:09:31.183 (   2.691s) [        9A3DD480]  device_description.cc:44       1| DeviceDescription::PJRT_DeviceDescription_Id
2025-06-12 03:09:31.183 (   2.691s) [        9A3DD480]  device_description.cc:44       1| DeviceDescription::PJRT_DeviceDescription_Id
2025-06-12 03:09:31.183 (   2.691s) [        9A3DD480]  device_description.cc:44       1| DeviceDescription::PJRT_DeviceDescription_Id
2025-06-12 03:09:31.183 (   2.691s) [        9A3DD480]  device_description.cc:44       1| DeviceDescription::PJRT_DeviceDescription_Id
2025-06-12 03:09:31.183 (   2.691s) [        9A3DD480]  device_description.cc:44       1| DeviceDescription::PJRT_DeviceDescription_Id
2025-06-12 03:09:31.183 (   2.691s) [        9A3DD480]  device_description.cc:44       1| DeviceDescription::PJRT_DeviceDescription_Id
2025-06-12 03:09:31.183 (   2.691s) [        9A3DD480]  device_description.cc:44       1| DeviceDescription::PJRT_DeviceDescription_Id
2025-06-12 03:09:31.183 (   2.691s) [        9A3DD480]  device_description.cc:44       1| DeviceDescription::PJRT_DeviceDescription_Id
2025-06-12 03:09:31.183 (   2.691s) [        9A3DD480]  device_description.cc:44       1| DeviceDescription::PJRT_DeviceDescription_Id
2025-06-12 03:09:31.183 (   2.691s) [        9A3DD480]  device_description.cc:44       1| DeviceDescription::PJRT_DeviceDescription_Id
2025-06-12 03:09:31.183 (   2.691s) [        9A3DD480]  device_description.cc:44       1| DeviceDescription::PJRT_DeviceDescription_Id
2025-06-12 03:09:31.183 (   2.691s) [        9A3DD480]  device_description.cc:44       1| DeviceDescription::PJRT_DeviceDescription_Id
2025-06-12 03:09:31.183 (   2.691s) [        9A3DD480]  device_description.cc:44       1| DeviceDescription::PJRT_DeviceDescription_Id
2025-06-12 03:09:31.183 (   2.691s) [        9A3DD480]  device_description.cc:44       1| DeviceDescription::PJRT_DeviceDescription_Id
2025-06-12 03:09:31.183 (   2.691s) [        9A3DD480]  device_description.cc:44       1| DeviceDescription::PJRT_DeviceDescription_Id
2025-06-12 03:09:31.183 (   2.691s) [        9A3DD480]  device_description.cc:44       1| DeviceDescription::PJRT_DeviceDescription_Id
2025-06-12 03:09:31.183 (   2.691s) [        9A3DD480]  device_description.cc:44       1| DeviceDescription::PJRT_DeviceDescription_Id
2025-06-12 03:09:31.183 (   2.691s) [        9A3DD480]  device_description.cc:44       1| DeviceDescription::PJRT_DeviceDescription_Id
2025-06-12 03:09:31.183 (   2.691s) [        9A3DD480]  device_description.cc:44       1| DeviceDescription::PJRT_DeviceDescription_Id
2025-06-12 03:09:31.183 (   2.691s) [        9A3DD480]  device_description.cc:44       1| DeviceDescription::PJRT_DeviceDescription_Id
2025-06-12 03:09:31.183 (   2.691s) [        9A3DD480]  device_description.cc:44       1| DeviceDescription::PJRT_DeviceDescription_Id
2025-06-12 03:09:31.183 (   2.691s) [        9A3DD480]  device_description.cc:44       1| DeviceDescription::PJRT_DeviceDescription_Id
2025-06-12 03:09:31.183 (   2.691s) [        9A3DD480]  device_description.cc:44       1| DeviceDescription::PJRT_DeviceDescription_Id
2025-06-12 03:09:31.183 (   2.691s) [        9A3DD480]  device_description.cc:44       1| DeviceDescription::PJRT_DeviceDescription_Id
2025-06-12 03:09:31.183 (   2.691s) [        9A3DD480]  device_description.cc:44       1| DeviceDescription::PJRT_DeviceDescription_Id
2025-06-12 03:09:31.183 (   2.691s) [        9A3DD480]  device_description.cc:44       1| DeviceDescription::PJRT_DeviceDescription_Id
2025-06-12 03:09:31.183 (   2.691s) [        9A3DD480]  device_description.cc:44       1| DeviceDescription::PJRT_DeviceDescription_Id
2025-06-12 03:09:31.183 (   2.691s) [        9A3DD480]  device_description.cc:44       1| DeviceDescription::PJRT_DeviceDescription_Id
2025-06-12 03:09:31.183 (   2.691s) [        9A3DD480]  device_description.cc:44       1| DeviceDescription::PJRT_DeviceDescription_Id
2025-06-12 03:09:31.183 (   2.691s) [        9A3DD480]  device_description.cc:44       1| DeviceDescription::PJRT_DeviceDescription_Id
2025-06-12 03:09:31.183 (   2.691s) [        9A3DD480]  device_description.cc:44       1| DeviceDescription::PJRT_DeviceDescription_Id
2025-06-12 03:09:31.183 (   2.691s) [        9A3DD480]  device_description.cc:44       1| DeviceDescription::PJRT_DeviceDescription_Id
2025-06-12 03:09:31.183 (   2.691s) [        9A3DD480]  device_description.cc:44       1| DeviceDescription::PJRT_DeviceDescription_Id
2025-06-12 03:09:31.183 (   2.691s) [        9A3DD480]  device_description.cc:44       1| DeviceDescription::PJRT_DeviceDescription_Id
2025-06-12 03:09:31.183 (   2.691s) [        9A3DD480]  device_description.cc:44       1| DeviceDescription::PJRT_DeviceDescription_Id
2025-06-12 03:09:31.183 (   2.691s) [        9A3DD480]  device_description.cc:44       1| DeviceDescription::PJRT_DeviceDescription_Id
2025-06-12 03:09:31.183 (   2.691s) [        9A3DD480]  device_description.cc:44       1| DeviceDescription::PJRT_DeviceDescription_Id
2025-06-12 03:09:31.183 (   2.691s) [        9A3DD480]  device_description.cc:44       1| DeviceDescription::PJRT_DeviceDescription_Id
2025-06-12 03:09:31.183 (   2.691s) [        9A3DD480]  device_description.cc:44       1| DeviceDescription::PJRT_DeviceDescription_Id
2025-06-12 03:09:31.183 (   2.691s) [        9A3DD480]  device_description.cc:44       1| DeviceDescription::PJRT_DeviceDescription_Id
2025-06-12 03:09:31.183 (   2.691s) [        9A3DD480]  device_description.cc:44       1| DeviceDescription::PJRT_DeviceDescription_Id
2025-06-12 03:09:31.183 (   2.691s) [        9A3DD480]  device_description.cc:44       1| DeviceDescription::PJRT_DeviceDescription_Id
2025-06-12 03:09:31.183 (   2.691s) [        9A3DD480]  device_description.cc:44       1| DeviceDescription::PJRT_DeviceDescription_Id
2025-06-12 03:09:31.183 (   2.691s) [        9A3DD480]  device_description.cc:44       1| DeviceDescription::PJRT_DeviceDescription_Id
2025-06-12 03:09:31.183 (   2.691s) [        9A3DD480]  device_description.cc:44       1| DeviceDescription::PJRT_DeviceDescription_Id
2025-06-12 03:09:31.183 (   2.691s) [        9A3DD480]  device_description.cc:44       1| DeviceDescription::PJRT_DeviceDescription_Id
2025-06-12 03:09:31.183 (   2.691s) [        9A3DD480]  device_description.cc:44       1| DeviceDescription::PJRT_DeviceDescription_Id
2025-06-12 03:09:31.183 (   2.691s) [        9A3DD480]  device_description.cc:44       1| DeviceDescription::PJRT_DeviceDescription_Id
2025-06-12 03:09:31.183 (   2.691s) [        9A3DD480]  device_description.cc:44       1| DeviceDescription::PJRT_DeviceDescription_Id
2025-06-12 03:09:31.183 (   2.691s) [        9A3DD480]  device_description.cc:44       1| DeviceDescription::PJRT_DeviceDescription_Id
2025-06-12 03:09:31.183 (   2.691s) [        9A3DD480]  device_description.cc:44       1| DeviceDescription::PJRT_DeviceDescription_Id
2025-06-12 03:09:31.183 (   2.691s) [        9A3DD480]  device_description.cc:44       1| DeviceDescription::PJRT_DeviceDescription_Id
2025-06-12 03:09:31.183 (   2.691s) [        9A3DD480]  device_description.cc:44       1| DeviceDescription::PJRT_DeviceDescription_Id
2025-06-12 03:09:31.183 (   2.691s) [        9A3DD480]  device_description.cc:44       1| DeviceDescription::PJRT_DeviceDescription_Id
2025-06-12 03:09:31.183 (   2.691s) [        9A3DD480]  device_description.cc:44       1| DeviceDescription::PJRT_DeviceDescription_Id
2025-06-12 03:09:31.183 (   2.691s) [        9A3DD480]  device_description.cc:44       1| DeviceDescription::PJRT_DeviceDescription_Id
2025-06-12 03:09:31.183 (   2.691s) [        9A3DD480]  device_description.cc:44       1| DeviceDescription::PJRT_DeviceDescription_Id
2025-06-12 03:09:31.183 (   2.691s) [        9A3DD480]  device_description.cc:44       1| DeviceDescription::PJRT_DeviceDescription_Id
2025-06-12 03:09:31.183 (   2.691s) [        9A3DD480]  device_description.cc:44       1| DeviceDescription::PJRT_DeviceDescription_Id
2025-06-12 03:09:31.183 (   2.691s) [        9A3DD480]  device_description.cc:99       1| DeviceDescription::PJRT_DeviceDescription_ToString
2025-06-12 03:09:31.183 (   2.691s) [        9A3DD480]  device_description.cc:99       1| DeviceDescription::PJRT_DeviceDescription_ToString
2025-06-12 03:09:31.183 (   2.691s) [        9A3DD480]  device_description.cc:99       1| DeviceDescription::PJRT_DeviceDescription_ToString
2025-06-12 03:09:31.183 (   2.691s) [        9A3DD480]  device_description.cc:99       1| DeviceDescription::PJRT_DeviceDescription_ToString
2025-06-12 03:09:31.183 (   2.691s) [        9A3DD480]  device_description.cc:99       1| DeviceDescription::PJRT_DeviceDescription_ToString
2025-06-12 03:09:31.183 (   2.691s) [        9A3DD480]  device_description.cc:99       1| DeviceDescription::PJRT_DeviceDescription_ToString
2025-06-12 03:09:31.183 (   2.691s) [        9A3DD480]  device_description.cc:99       1| DeviceDescription::PJRT_DeviceDescription_ToString
2025-06-12 03:09:31.183 (   2.691s) [        9A3DD480]  device_description.cc:99       1| DeviceDescription::PJRT_DeviceDescription_ToString
2025-06-12 03:09:31.183 (   2.691s) [        9A3DD480]  device_description.cc:44       1| DeviceDescription::PJRT_DeviceDescription_Id
2025-06-12 03:09:31.183 (   2.691s) [        9A3DD480]  device_description.cc:44       1| DeviceDescription::PJRT_DeviceDescription_Id
2025-06-12 03:09:31.183 (   2.691s) [        9A3DD480]  device_description.cc:44       1| DeviceDescription::PJRT_DeviceDescription_Id
2025-06-12 03:09:31.183 (   2.691s) [        9A3DD480]  device_description.cc:44       1| DeviceDescription::PJRT_DeviceDescription_Id
2025-06-12 03:09:31.183 (   2.691s) [        9A3DD480]  device_description.cc:44       1| DeviceDescription::PJRT_DeviceDescription_Id
2025-06-12 03:09:31.183 (   2.691s) [        9A3DD480]  device_description.cc:44       1| DeviceDescription::PJRT_DeviceDescription_Id
2025-06-12 03:09:31.183 (   2.691s) [        9A3DD480]  device_description.cc:44       1| DeviceDescription::PJRT_DeviceDescription_Id
2025-06-12 03:09:31.183 (   2.691s) [        9A3DD480]  device_description.cc:44       1| DeviceDescription::PJRT_DeviceDescription_Id
2025-06-12 03:09:31.183 (   2.691s) [        9A3DD480]  device_description.cc:44       1| DeviceDescription::PJRT_DeviceDescription_Id
2025-06-12 03:09:31.183 (   2.691s) [        9A3DD480]  device_description.cc:44       1| DeviceDescription::PJRT_DeviceDescription_Id
2025-06-12 03:09:31.183 (   2.691s) [        9A3DD480]  device_description.cc:44       1| DeviceDescription::PJRT_DeviceDescription_Id
2025-06-12 03:09:31.183 (   2.691s) [        9A3DD480]  device_description.cc:44       1| DeviceDescription::PJRT_DeviceDescription_Id
2025-06-12 03:09:31.183 (   2.691s) [        9A3DD480]  device_description.cc:44       1| DeviceDescription::PJRT_DeviceDescription_Id
2025-06-12 03:09:31.183 (   2.691s) [        9A3DD480]  device_description.cc:44       1| DeviceDescription::PJRT_DeviceDescription_Id
2025-06-12 03:09:31.183 (   2.691s) [        9A3DD480]  device_description.cc:44       1| DeviceDescription::PJRT_DeviceDescription_Id
2025-06-12 03:09:31.183 (   2.691s) [        9A3DD480]  device_description.cc:44       1| DeviceDescription::PJRT_DeviceDescription_Id
2025-06-12 03:09:31.512 (   3.020s) [        9A3DD480]  device_description.cc:44       1| DeviceDescription::PJRT_DeviceDescription_Id
2025-06-12 03:09:31.512 (   3.020s) [        9A3DD480]  device_description.cc:44       1| DeviceDescription::PJRT_DeviceDescription_Id
2025-06-12 03:09:31.512 (   3.020s) [        9A3DD480]  device_description.cc:44       1| DeviceDescription::PJRT_DeviceDescription_Id
2025-06-12 03:09:31.512 (   3.020s) [        9A3DD480]  device_description.cc:44       1| DeviceDescription::PJRT_DeviceDescription_Id
2025-06-12 03:09:31.512 (   3.020s) [        9A3DD480]  device_description.cc:44       1| DeviceDescription::PJRT_DeviceDescription_Id
2025-06-12 03:09:31.512 (   3.020s) [        9A3DD480]  device_description.cc:44       1| DeviceDescription::PJRT_DeviceDescription_Id
2025-06-12 03:09:31.512 (   3.020s) [        9A3DD480]  device_description.cc:44       1| DeviceDescription::PJRT_DeviceDescription_Id
2025-06-12 03:09:31.512 (   3.020s) [        9A3DD480]  device_description.cc:44       1| DeviceDescription::PJRT_DeviceDescription_Id
2025-06-12 03:09:31.528 (   3.036s) [        9A3DD480]     device_instance.cc:82       1| DeviceInstance::PJRT_Device_DefaultMemory
2025-06-12 03:09:31.528 (   3.036s) [        9A3DD480]     client_instance.cc:375      1| ClientInstance::PJRT_Client_BufferFromHostBuffer
2025-06-12 03:09:31.528 (   3.036s) [        9A3DD480]     memory_instance.cc:57       1| MemoryInstance::getDevice
2025-06-12 03:09:31.528 (   3.036s) [        9A3DD480]      event_instance.cc:222      1| EventInstance::PJRT_Event_OnReady
2025-06-12 03:09:31.528 (   3.036s) [        9A3DD480]      event_instance.cc:171      1| EventInstance::PJRT_Event_Destroy
2025-06-12 03:09:31.528 (   3.036s) [        9A3DD480]     device_instance.cc:82       1| DeviceInstance::PJRT_Device_DefaultMemory
2025-06-12 03:09:31.528 (   3.036s) [        9A3DD480]     client_instance.cc:375      1| ClientInstance::PJRT_Client_BufferFromHostBuffer
2025-06-12 03:09:31.528 (   3.036s) [        9A3DD480]     memory_instance.cc:57       1| MemoryInstance::getDevice
2025-06-12 03:09:31.528 (   3.036s) [        9A3DD480]      event_instance.cc:222      1| EventInstance::PJRT_Event_OnReady
2025-06-12 03:09:31.528 (   3.036s) [        9A3DD480]      event_instance.cc:171      1| EventInstance::PJRT_Event_Destroy
2025-06-12 03:09:31.528 (   3.036s) [        9A3DD480]     device_instance.cc:82       1| DeviceInstance::PJRT_Device_DefaultMemory
2025-06-12 03:09:31.528 (   3.036s) [        9A3DD480]     client_instance.cc:375      1| ClientInstance::PJRT_Client_BufferFromHostBuffer
2025-06-12 03:09:31.528 (   3.036s) [        9A3DD480]     memory_instance.cc:57       1| MemoryInstance::getDevice
2025-06-12 03:09:31.528 (   3.036s) [        9A3DD480]      event_instance.cc:222      1| EventInstance::PJRT_Event_OnReady
2025-06-12 03:09:31.528 (   3.036s) [        9A3DD480]      event_instance.cc:171      1| EventInstance::PJRT_Event_Destroy
2025-06-12 03:09:31.528 (   3.036s) [        9A3DD480]     device_instance.cc:82       1| DeviceInstance::PJRT_Device_DefaultMemory
2025-06-12 03:09:31.528 (   3.036s) [        9A3DD480]     client_instance.cc:375      1| ClientInstance::PJRT_Client_BufferFromHostBuffer
2025-06-12 03:09:31.528 (   3.036s) [        9A3DD480]     memory_instance.cc:57       1| MemoryInstance::getDevice
2025-06-12 03:09:31.528 (   3.036s) [        9A3DD480]      event_instance.cc:222      1| EventInstance::PJRT_Event_OnReady
2025-06-12 03:09:31.528 (   3.036s) [        9A3DD480]      event_instance.cc:171      1| EventInstance::PJRT_Event_Destroy
2025-06-12 03:09:31.528 (   3.036s) [        9A3DD480]     device_instance.cc:82       1| DeviceInstance::PJRT_Device_DefaultMemory
2025-06-12 03:09:31.528 (   3.036s) [        9A3DD480]     client_instance.cc:375      1| ClientInstance::PJRT_Client_BufferFromHostBuffer
2025-06-12 03:09:31.528 (   3.036s) [        9A3DD480]     memory_instance.cc:57       1| MemoryInstance::getDevice
2025-06-12 03:09:31.528 (   3.036s) [        9A3DD480]      event_instance.cc:222      1| EventInstance::PJRT_Event_OnReady
2025-06-12 03:09:31.528 (   3.036s) [        9A3DD480]      event_instance.cc:171      1| EventInstance::PJRT_Event_Destroy
2025-06-12 03:09:31.528 (   3.036s) [        9A3DD480]     device_instance.cc:82       1| DeviceInstance::PJRT_Device_DefaultMemory
2025-06-12 03:09:31.528 (   3.036s) [        9A3DD480]     client_instance.cc:375      1| ClientInstance::PJRT_Client_BufferFromHostBuffer
2025-06-12 03:09:31.528 (   3.036s) [        9A3DD480]     memory_instance.cc:57       1| MemoryInstance::getDevice
2025-06-12 03:09:31.528 (   3.036s) [        9A3DD480]      event_instance.cc:222      1| EventInstance::PJRT_Event_OnReady
2025-06-12 03:09:31.528 (   3.036s) [        9A3DD480]      event_instance.cc:171      1| EventInstance::PJRT_Event_Destroy
2025-06-12 03:09:31.528 (   3.036s) [        9A3DD480]     device_instance.cc:82       1| DeviceInstance::PJRT_Device_DefaultMemory
2025-06-12 03:09:31.528 (   3.036s) [        9A3DD480]     client_instance.cc:375      1| ClientInstance::PJRT_Client_BufferFromHostBuffer
2025-06-12 03:09:31.528 (   3.036s) [        9A3DD480]     memory_instance.cc:57       1| MemoryInstance::getDevice
2025-06-12 03:09:31.528 (   3.036s) [        9A3DD480]      event_instance.cc:222      1| EventInstance::PJRT_Event_OnReady
2025-06-12 03:09:31.528 (   3.036s) [        9A3DD480]      event_instance.cc:171      1| EventInstance::PJRT_Event_Destroy
2025-06-12 03:09:31.528 (   3.036s) [        9A3DD480]     device_instance.cc:82       1| DeviceInstance::PJRT_Device_DefaultMemory
2025-06-12 03:09:31.528 (   3.036s) [        9A3DD480]     client_instance.cc:375      1| ClientInstance::PJRT_Client_BufferFromHostBuffer
2025-06-12 03:09:31.528 (   3.036s) [        9A3DD480]     memory_instance.cc:57       1| MemoryInstance::getDevice
2025-06-12 03:09:31.528 (   3.036s) [        9A3DD480]      event_instance.cc:222      1| EventInstance::PJRT_Event_OnReady
2025-06-12 03:09:31.528 (   3.036s) [        9A3DD480]      event_instance.cc:171      1| EventInstance::PJRT_Event_Destroy
2025-06-12 03:09:31.537 (   3.045s) [        9A3DD480]  device_description.cc:44       1| DeviceDescription::PJRT_DeviceDescription_Id
2025-06-12 03:09:31.537 (   3.045s) [        9A3DD480]  device_description.cc:44       1| DeviceDescription::PJRT_DeviceDescription_Id
2025-06-12 03:09:31.537 (   3.045s) [        9A3DD480]  device_description.cc:44       1| DeviceDescription::PJRT_DeviceDescription_Id
2025-06-12 03:09:31.537 (   3.045s) [        9A3DD480]  device_description.cc:44       1| DeviceDescription::PJRT_DeviceDescription_Id
2025-06-12 03:09:31.537 (   3.045s) [        9A3DD480]  device_description.cc:44       1| DeviceDescription::PJRT_DeviceDescription_Id
2025-06-12 03:09:31.537 (   3.045s) [        9A3DD480]  device_description.cc:44       1| DeviceDescription::PJRT_DeviceDescription_Id
2025-06-12 03:09:31.537 (   3.045s) [        9A3DD480]  device_description.cc:44       1| DeviceDescription::PJRT_DeviceDescription_Id
2025-06-12 03:09:31.537 (   3.045s) [        9A3DD480]  device_description.cc:44       1| DeviceDescription::PJRT_DeviceDescription_Id
2025-06-12 03:09:31.595 (   3.103s) [        9A3DD480]     device_instance.cc:82       1| DeviceInstance::PJRT_Device_DefaultMemory
2025-06-12 03:09:31.595 (   3.103s) [        9A3DD480]     client_instance.cc:375      1| ClientInstance::PJRT_Client_BufferFromHostBuffer
2025-06-12 03:09:31.595 (   3.103s) [        9A3DD480]     memory_instance.cc:57       1| MemoryInstance::getDevice
2025-06-12 03:09:31.595 (   3.103s) [        9A3DD480]      event_instance.cc:222      1| EventInstance::PJRT_Event_OnReady
2025-06-12 03:09:31.595 (   3.103s) [        9A3DD480]      event_instance.cc:171      1| EventInstance::PJRT_Event_Destroy
2025-06-12 03:09:31.596 (   3.103s) [        9A3DD480]     device_instance.cc:82       1| DeviceInstance::PJRT_Device_DefaultMemory
2025-06-12 03:09:31.596 (   3.103s) [        9A3DD480]     client_instance.cc:375      1| ClientInstance::PJRT_Client_BufferFromHostBuffer
2025-06-12 03:09:31.596 (   3.103s) [        9A3DD480]     memory_instance.cc:57       1| MemoryInstance::getDevice
2025-06-12 03:09:31.596 (   3.104s) [        9A3DD480]      event_instance.cc:222      1| EventInstance::PJRT_Event_OnReady
2025-06-12 03:09:31.596 (   3.104s) [        9A3DD480]      event_instance.cc:171      1| EventInstance::PJRT_Event_Destroy
2025-06-12 03:09:31.596 (   3.104s) [        9A3DD480]     device_instance.cc:82       1| DeviceInstance::PJRT_Device_DefaultMemory
2025-06-12 03:09:31.596 (   3.104s) [        9A3DD480]     client_instance.cc:375      1| ClientInstance::PJRT_Client_BufferFromHostBuffer
2025-06-12 03:09:31.596 (   3.104s) [        9A3DD480]     memory_instance.cc:57       1| MemoryInstance::getDevice
2025-06-12 03:09:31.596 (   3.104s) [        9A3DD480]      event_instance.cc:222      1| EventInstance::PJRT_Event_OnReady
2025-06-12 03:09:31.596 (   3.104s) [        9A3DD480]      event_instance.cc:171      1| EventInstance::PJRT_Event_Destroy
2025-06-12 03:09:31.596 (   3.104s) [        9A3DD480]     device_instance.cc:82       1| DeviceInstance::PJRT_Device_DefaultMemory
2025-06-12 03:09:31.596 (   3.104s) [        9A3DD480]     client_instance.cc:375      1| ClientInstance::PJRT_Client_BufferFromHostBuffer
2025-06-12 03:09:31.596 (   3.104s) [        9A3DD480]     memory_instance.cc:57       1| MemoryInstance::getDevice
2025-06-12 03:09:31.596 (   3.104s) [        9A3DD480]      event_instance.cc:222      1| EventInstance::PJRT_Event_OnReady
2025-06-12 03:09:31.596 (   3.104s) [        9A3DD480]      event_instance.cc:171      1| EventInstance::PJRT_Event_Destroy
2025-06-12 03:09:31.596 (   3.104s) [        9A3DD480]     device_instance.cc:82       1| DeviceInstance::PJRT_Device_DefaultMemory
2025-06-12 03:09:31.596 (   3.104s) [        9A3DD480]     client_instance.cc:375      1| ClientInstance::PJRT_Client_BufferFromHostBuffer
2025-06-12 03:09:31.596 (   3.104s) [        9A3DD480]     memory_instance.cc:57       1| MemoryInstance::getDevice
2025-06-12 03:09:31.596 (   3.104s) [        9A3DD480]      event_instance.cc:222      1| EventInstance::PJRT_Event_OnReady
2025-06-12 03:09:31.596 (   3.104s) [        9A3DD480]      event_instance.cc:171      1| EventInstance::PJRT_Event_Destroy
2025-06-12 03:09:31.596 (   3.104s) [        9A3DD480]     device_instance.cc:82       1| DeviceInstance::PJRT_Device_DefaultMemory
2025-06-12 03:09:31.596 (   3.104s) [        9A3DD480]     client_instance.cc:375      1| ClientInstance::PJRT_Client_BufferFromHostBuffer
2025-06-12 03:09:31.596 (   3.104s) [        9A3DD480]     memory_instance.cc:57       1| MemoryInstance::getDevice
2025-06-12 03:09:31.596 (   3.104s) [        9A3DD480]      event_instance.cc:222      1| EventInstance::PJRT_Event_OnReady
2025-06-12 03:09:31.596 (   3.104s) [        9A3DD480]      event_instance.cc:171      1| EventInstance::PJRT_Event_Destroy
2025-06-12 03:09:31.596 (   3.104s) [        9A3DD480]     device_instance.cc:82       1| DeviceInstance::PJRT_Device_DefaultMemory
2025-06-12 03:09:31.596 (   3.104s) [        9A3DD480]     client_instance.cc:375      1| ClientInstance::PJRT_Client_BufferFromHostBuffer
2025-06-12 03:09:31.596 (   3.104s) [        9A3DD480]     memory_instance.cc:57       1| MemoryInstance::getDevice
2025-06-12 03:09:31.596 (   3.104s) [        9A3DD480]      event_instance.cc:222      1| EventInstance::PJRT_Event_OnReady
2025-06-12 03:09:31.596 (   3.104s) [        9A3DD480]      event_instance.cc:171      1| EventInstance::PJRT_Event_Destroy
2025-06-12 03:09:31.596 (   3.104s) [        9A3DD480]     device_instance.cc:82       1| DeviceInstance::PJRT_Device_DefaultMemory
2025-06-12 03:09:31.596 (   3.104s) [        9A3DD480]     client_instance.cc:375      1| ClientInstance::PJRT_Client_BufferFromHostBuffer
2025-06-12 03:09:31.596 (   3.104s) [        9A3DD480]     memory_instance.cc:57       1| MemoryInstance::getDevice
2025-06-12 03:09:31.596 (   3.104s) [        9A3DD480]      event_instance.cc:222      1| EventInstance::PJRT_Event_OnReady
2025-06-12 03:09:31.596 (   3.104s) [        9A3DD480]      event_instance.cc:171      1| EventInstance::PJRT_Event_Destroy
Sharding of t:
‚îå‚îÄ‚îÄ‚îÄ‚îÄ‚îÄ‚îÄ‚îÄ‚îÄ‚îÄ‚îÄ‚îÄ‚îÄ‚îÄ‚îÄ‚îÄ‚îÄ‚îÄ‚îê
‚îÇ                 ‚îÇ
‚îÇ TT [0, 1, 2, 3] ‚îÇ
‚îÇ                 ‚îÇ
‚îú‚îÄ‚îÄ‚îÄ‚îÄ‚îÄ‚îÄ‚îÄ‚îÄ‚îÄ‚îÄ‚îÄ‚îÄ‚îÄ‚îÄ‚îÄ‚îÄ‚îÄ‚î§
‚îÇ                 ‚îÇ
‚îÇ TT [4, 5, 6, 7] ‚îÇ
‚îÇ                 ‚îÇ
‚îî‚îÄ‚îÄ‚îÄ‚îÄ‚îÄ‚îÄ‚îÄ‚îÄ‚îÄ‚îÄ‚îÄ‚îÄ‚îÄ‚îÄ‚îÄ‚îÄ‚îÄ‚îò
Sharding of w:
‚îå‚îÄ‚îÄ‚îÄ‚îÄ‚îÄ‚îÄ‚îÄ‚îÄ‚îÄ‚îÄ‚îÄ‚îÄ‚îÄ‚îÄ‚îÄ‚îÄ‚îÄ‚îÄ‚îÄ‚îÄ‚îÄ‚îÄ‚îÄ‚îÄ‚îÄ‚îÄ‚îÄ‚îÄ‚îÄ‚îê
‚îÇ                             ‚îÇ
‚îÇ TT [0, 1, 2, 3, 4, 5, 6, 7] ‚îÇ
‚îÇ                             ‚îÇ
‚îî‚îÄ‚îÄ‚îÄ‚îÄ‚îÄ‚îÄ‚îÄ‚îÄ‚îÄ‚îÄ‚îÄ‚îÄ‚îÄ‚îÄ‚îÄ‚îÄ‚îÄ‚îÄ‚îÄ‚îÄ‚îÄ‚îÄ‚îÄ‚îÄ‚îÄ‚îÄ‚îÄ‚îÄ‚îÄ‚îò
2025-06-12 03:09:31.634 (   3.142s) [        9A3DD480]  device_description.cc:44       1| DeviceDescription::PJRT_DeviceDescription_Id
2025-06-12 03:09:31.634 (   3.142s) [        9A3DD480]  device_description.cc:44       1| DeviceDescription::PJRT_DeviceDescription_Id
2025-06-12 03:09:31.634 (   3.142s) [        9A3DD480]  device_description.cc:44       1| DeviceDescription::PJRT_DeviceDescription_Id
2025-06-12 03:09:31.634 (   3.142s) [        9A3DD480]  device_description.cc:44       1| DeviceDescription::PJRT_DeviceDescription_Id
2025-06-12 03:09:31.634 (   3.142s) [        9A3DD480]  device_description.cc:44       1| DeviceDescription::PJRT_DeviceDescription_Id
2025-06-12 03:09:31.634 (   3.142s) [        9A3DD480]  device_description.cc:44       1| DeviceDescription::PJRT_DeviceDescription_Id
2025-06-12 03:09:31.634 (   3.142s) [        9A3DD480]  device_description.cc:44       1| DeviceDescription::PJRT_DeviceDescription_Id
2025-06-12 03:09:31.634 (   3.142s) [        9A3DD480]  device_description.cc:44       1| DeviceDescription::PJRT_DeviceDescription_Id
2025-06-12 03:09:31.634 (   3.142s) [        9A3DD480]     device_instance.cc:82       1| DeviceInstance::PJRT_Device_DefaultMemory
2025-06-12 03:09:31.634 (   3.142s) [        9A3DD480]     client_instance.cc:375      1| ClientInstance::PJRT_Client_BufferFromHostBuffer
2025-06-12 03:09:31.634 (   3.142s) [        9A3DD480]     memory_instance.cc:57       1| MemoryInstance::getDevice
2025-06-12 03:09:31.634 (   3.142s) [        9A3DD480]      event_instance.cc:222      1| EventInstance::PJRT_Event_OnReady
2025-06-12 03:09:31.634 (   3.142s) [        9A3DD480]      event_instance.cc:171      1| EventInstance::PJRT_Event_Destroy
2025-06-12 03:09:31.634 (   3.142s) [        9A3DD480]     device_instance.cc:82       1| DeviceInstance::PJRT_Device_DefaultMemory
2025-06-12 03:09:31.634 (   3.142s) [        9A3DD480]     client_instance.cc:375      1| ClientInstance::PJRT_Client_BufferFromHostBuffer
2025-06-12 03:09:31.634 (   3.142s) [        9A3DD480]     memory_instance.cc:57       1| MemoryInstance::getDevice
2025-06-12 03:09:31.634 (   3.142s) [        9A3DD480]      event_instance.cc:222      1| EventInstance::PJRT_Event_OnReady
2025-06-12 03:09:31.634 (   3.142s) [        9A3DD480]      event_instance.cc:171      1| EventInstance::PJRT_Event_Destroy
2025-06-12 03:09:31.634 (   3.142s) [        9A3DD480]     device_instance.cc:82       1| DeviceInstance::PJRT_Device_DefaultMemory
2025-06-12 03:09:31.634 (   3.142s) [        9A3DD480]     client_instance.cc:375      1| ClientInstance::PJRT_Client_BufferFromHostBuffer
2025-06-12 03:09:31.634 (   3.142s) [        9A3DD480]     memory_instance.cc:57       1| MemoryInstance::getDevice
2025-06-12 03:09:31.634 (   3.142s) [        9A3DD480]      event_instance.cc:222      1| EventInstance::PJRT_Event_OnReady
2025-06-12 03:09:31.634 (   3.142s) [        9A3DD480]      event_instance.cc:171      1| EventInstance::PJRT_Event_Destroy
2025-06-12 03:09:31.634 (   3.142s) [        9A3DD480]     device_instance.cc:82       1| DeviceInstance::PJRT_Device_DefaultMemory
2025-06-12 03:09:31.634 (   3.142s) [        9A3DD480]     client_instance.cc:375      1| ClientInstance::PJRT_Client_BufferFromHostBuffer
2025-06-12 03:09:31.634 (   3.142s) [        9A3DD480]     memory_instance.cc:57       1| MemoryInstance::getDevice
2025-06-12 03:09:31.634 (   3.142s) [        9A3DD480]      event_instance.cc:222      1| EventInstance::PJRT_Event_OnReady
2025-06-12 03:09:31.634 (   3.142s) [        9A3DD480]      event_instance.cc:171      1| EventInstance::PJRT_Event_Destroy
2025-06-12 03:09:31.634 (   3.142s) [        9A3DD480]     device_instance.cc:82       1| DeviceInstance::PJRT_Device_DefaultMemory
2025-06-12 03:09:31.634 (   3.142s) [        9A3DD480]     client_instance.cc:375      1| ClientInstance::PJRT_Client_BufferFromHostBuffer
2025-06-12 03:09:31.634 (   3.142s) [        9A3DD480]     memory_instance.cc:57       1| MemoryInstance::getDevice
2025-06-12 03:09:31.634 (   3.142s) [        9A3DD480]      event_instance.cc:222      1| EventInstance::PJRT_Event_OnReady
2025-06-12 03:09:31.634 (   3.142s) [        9A3DD480]      event_instance.cc:171      1| EventInstance::PJRT_Event_Destroy
2025-06-12 03:09:31.634 (   3.142s) [        9A3DD480]     device_instance.cc:82       1| DeviceInstance::PJRT_Device_DefaultMemory
2025-06-12 03:09:31.634 (   3.142s) [        9A3DD480]     client_instance.cc:375      1| ClientInstance::PJRT_Client_BufferFromHostBuffer
2025-06-12 03:09:31.634 (   3.142s) [        9A3DD480]     memory_instance.cc:57       1| MemoryInstance::getDevice
2025-06-12 03:09:31.634 (   3.142s) [        9A3DD480]      event_instance.cc:222      1| EventInstance::PJRT_Event_OnReady
2025-06-12 03:09:31.634 (   3.142s) [        9A3DD480]      event_instance.cc:171      1| EventInstance::PJRT_Event_Destroy
2025-06-12 03:09:31.634 (   3.142s) [        9A3DD480]     device_instance.cc:82       1| DeviceInstance::PJRT_Device_DefaultMemory
2025-06-12 03:09:31.634 (   3.142s) [        9A3DD480]     client_instance.cc:375      1| ClientInstance::PJRT_Client_BufferFromHostBuffer
2025-06-12 03:09:31.634 (   3.142s) [        9A3DD480]     memory_instance.cc:57       1| MemoryInstance::getDevice
2025-06-12 03:09:31.634 (   3.142s) [        9A3DD480]      event_instance.cc:222      1| EventInstance::PJRT_Event_OnReady
2025-06-12 03:09:31.634 (   3.142s) [        9A3DD480]      event_instance.cc:171      1| EventInstance::PJRT_Event_Destroy
2025-06-12 03:09:31.634 (   3.142s) [        9A3DD480]     device_instance.cc:82       1| DeviceInstance::PJRT_Device_DefaultMemory
2025-06-12 03:09:31.634 (   3.142s) [        9A3DD480]     client_instance.cc:375      1| ClientInstance::PJRT_Client_BufferFromHostBuffer
2025-06-12 03:09:31.634 (   3.142s) [        9A3DD480]     memory_instance.cc:57       1| MemoryInstance::getDevice
2025-06-12 03:09:31.634 (   3.142s) [        9A3DD480]      event_instance.cc:222      1| EventInstance::PJRT_Event_OnReady
2025-06-12 03:09:31.634 (   3.142s) [        9A3DD480]      event_instance.cc:171      1| EventInstance::PJRT_Event_Destroy
2025-06-12 03:09:31.634 (   3.142s) [        9A3DD480]     buffer_instance.cc:455      1| BufferInstance::PJRT_Buffer_IsDeleted
2025-06-12 03:09:31.634 (   3.142s) [        9A3DD480]     buffer_instance.cc:455      1| BufferInstance::PJRT_Buffer_IsDeleted
2025-06-12 03:09:31.634 (   3.142s) [        9A3DD480]     buffer_instance.cc:455      1| BufferInstance::PJRT_Buffer_IsDeleted
2025-06-12 03:09:31.634 (   3.142s) [        9A3DD480]     buffer_instance.cc:455      1| BufferInstance::PJRT_Buffer_IsDeleted
2025-06-12 03:09:31.634 (   3.142s) [        9A3DD480]     buffer_instance.cc:455      1| BufferInstance::PJRT_Buffer_IsDeleted
2025-06-12 03:09:31.634 (   3.142s) [        9A3DD480]     buffer_instance.cc:455      1| BufferInstance::PJRT_Buffer_IsDeleted
2025-06-12 03:09:31.634 (   3.142s) [        9A3DD480]     buffer_instance.cc:455      1| BufferInstance::PJRT_Buffer_IsDeleted
2025-06-12 03:09:31.634 (   3.142s) [        9A3DD480]     buffer_instance.cc:455      1| BufferInstance::PJRT_Buffer_IsDeleted
2025-06-12 03:09:31.634 (   3.142s) [        9A3DD480]     buffer_instance.cc:455      1| BufferInstance::PJRT_Buffer_IsDeleted
2025-06-12 03:09:31.635 (   3.142s) [        9A3DD480]     buffer_instance.cc:455      1| BufferInstance::PJRT_Buffer_IsDeleted
2025-06-12 03:09:31.635 (   3.142s) [        9A3DD480]     buffer_instance.cc:455      1| BufferInstance::PJRT_Buffer_IsDeleted
2025-06-12 03:09:31.635 (   3.142s) [        9A3DD480]     buffer_instance.cc:455      1| BufferInstance::PJRT_Buffer_IsDeleted
2025-06-12 03:09:31.635 (   3.142s) [        9A3DD480]     buffer_instance.cc:455      1| BufferInstance::PJRT_Buffer_IsDeleted
2025-06-12 03:09:31.635 (   3.142s) [        9A3DD480]     buffer_instance.cc:455      1| BufferInstance::PJRT_Buffer_IsDeleted
2025-06-12 03:09:31.635 (   3.142s) [        9A3DD480]     buffer_instance.cc:455      1| BufferInstance::PJRT_Buffer_IsDeleted
2025-06-12 03:09:31.635 (   3.142s) [        9A3DD480]     buffer_instance.cc:455      1| BufferInstance::PJRT_Buffer_IsDeleted
2025-06-12 03:09:31.635 (   3.142s) [        9A3DD480]     buffer_instance.cc:455      1| BufferInstance::PJRT_Buffer_IsDeleted
2025-06-12 03:09:31.635 (   3.142s) [        9A3DD480]     buffer_instance.cc:455      1| BufferInstance::PJRT_Buffer_IsDeleted
2025-06-12 03:09:31.635 (   3.142s) [        9A3DD480]     buffer_instance.cc:455      1| BufferInstance::PJRT_Buffer_IsDeleted
2025-06-12 03:09:31.635 (   3.143s) [        9A3DD480]     buffer_instance.cc:455      1| BufferInstance::PJRT_Buffer_IsDeleted
2025-06-12 03:09:31.635 (   3.143s) [        9A3DD480]     buffer_instance.cc:455      1| BufferInstance::PJRT_Buffer_IsDeleted
2025-06-12 03:09:31.635 (   3.143s) [        9A3DD480]     buffer_instance.cc:455      1| BufferInstance::PJRT_Buffer_IsDeleted
2025-06-12 03:09:31.635 (   3.143s) [        9A3DD480]     buffer_instance.cc:455      1| BufferInstance::PJRT_Buffer_IsDeleted
2025-06-12 03:09:31.635 (   3.143s) [        9A3DD480]     buffer_instance.cc:455      1| BufferInstance::PJRT_Buffer_IsDeleted
2025-06-12 03:09:31.635 (   3.143s) [        9A3DD480]     buffer_instance.cc:455      1| BufferInstance::PJRT_Buffer_IsDeleted
2025-06-12 03:09:31.635 (   3.143s) [        9A3DD480]     buffer_instance.cc:455      1| BufferInstance::PJRT_Buffer_IsDeleted
2025-06-12 03:09:31.635 (   3.143s) [        9A3DD480]     buffer_instance.cc:455      1| BufferInstance::PJRT_Buffer_IsDeleted
2025-06-12 03:09:31.635 (   3.143s) [        9A3DD480]     buffer_instance.cc:455      1| BufferInstance::PJRT_Buffer_IsDeleted
2025-06-12 03:09:31.635 (   3.143s) [        9A3DD480]     buffer_instance.cc:455      1| BufferInstance::PJRT_Buffer_IsDeleted
2025-06-12 03:09:31.635 (   3.143s) [        9A3DD480]     buffer_instance.cc:455      1| BufferInstance::PJRT_Buffer_IsDeleted
2025-06-12 03:09:31.639 (   3.147s) [        9A3DD480]     client_instance.cc:335      1| ClientInstance::PJRT_Client_Compile
2025-06-12 03:09:31.639 (   3.147s) [        9A3DD480]     client_instance.cc:336      1| [HET DEBUG] Compile Args start
2025-06-12 03:09:31.639 (   3.147s) [        9A3DD480]     client_instance.cc:337      1| Program code: MLÔRStableHLO_v1.9.5
2025-06-12 03:09:31.639 (   3.147s) [        9A3DD480]     client_instance.cc:338      1| Program code size: 856
2025-06-12 03:09:31.639 (   3.147s) [        9A3DD480]     client_instance.cc:339      1| Program format: mlir
2025-06-12 03:09:31.639 (   3.147s) [        9A3DD480]     client_instance.cc:340      1| Compile options: Iˇˇˇˇˇˇˇˇˇ (0J,

2025-06-12 03:09:31.639 (   3.147s) [        9A3DD480]     client_instance.cc:341      1| [HET DEBUG] Compile Args end
2025-06-12 03:09:31.639 (   3.147s) [        9A3DD480]      module_builder.cc:94       1| ModuleBuilder::buildModule
2025-06-12 03:09:31.640 (   3.148s) [        9A3DD480]      module_builder.cc:143      1| VHLO Module:
module @SyncTensorsGraph.13 attributes {mhlo.cross_program_prefetches = [], mhlo.input_output_alias = [], mhlo.is_dynamic = false, mhlo.use_auto_spmd_partitioning = false} {
  vhlo.func_v1 @main(%arg0: !vhlo.tensor_v1<!vhlo.f32_v1>, %arg1: !vhlo.tensor_v1<8192x4096x!vhlo.f32_v1>, %arg2: !vhlo.tensor_v1<1024x8192x!vhlo.f32_v1>) -> (!vhlo.tensor_v1<2048x4096x!vhlo.f32_v1>) {
    %0 = "vhlo.dot_general_v2"(%arg2, %arg1) <{accumulation_type = #vhlo.type_v1<!vhlo.none_v1>, allow_imprecise_accumulation = #vhlo.type_v1<!vhlo.none_v1>, lhs_batching_dimensions = #vhlo.tensor_v1<dense<> : tensor<0xi64>>, lhs_component_count = #vhlo.type_v1<!vhlo.none_v1>, lhs_contracting_dimensions = #vhlo.tensor_v1<dense<1> : tensor<1xi64>>, lhs_precision_type = #vhlo.type_v1<!vhlo.none_v1>, num_primitive_operations = #vhlo.type_v1<!vhlo.none_v1>, precision_config = #vhlo.array_v1<[#vhlo<precision_v1 DEFAULT>, #vhlo<precision_v1 DEFAULT>]>, rhs_batching_dimensions = #vhlo.tensor_v1<dense<> : tensor<0xi64>>, rhs_component_count = #vhlo.type_v1<!vhlo.none_v1>, rhs_contracting_dimensions = #vhlo.tensor_v1<dense<0> : tensor<1xi64>>, rhs_precision_type = #vhlo.type_v1<!vhlo.none_v1>}> : (!vhlo.tensor_v1<1024x8192x!vhlo.f32_v1>, !vhlo.tensor_v1<8192x4096x!vhlo.f32_v1>) -> !vhlo.tensor_v1<1024x4096x!vhlo.f32_v1>
    %1 = "vhlo.broadcast_in_dim_v1"(%arg0) <{broadcast_dimensions = #vhlo.tensor_v1<dense<> : tensor<0xi64>>}> : (!vhlo.tensor_v1<!vhlo.f32_v1>) -> !vhlo.tensor_v1<1024x4096x!vhlo.f32_v1>
    %2 = "vhlo.add_v1"(%0, %1) : (!vhlo.tensor_v1<1024x4096x!vhlo.f32_v1>, !vhlo.tensor_v1<1024x4096x!vhlo.f32_v1>) -> !vhlo.tensor_v1<1024x4096x!vhlo.f32_v1>
    %3 = "vhlo.all_gather_v2"(%2) <{all_gather_dim = #vhlo.integer_v1<0 : i64>, channel_id = #vhlo.integer_v1<0 : i64>, replica_groups = #vhlo.tensor_v1<dense<[[0, 4], [1, 5], [2, 6], [3, 7]]> : tensor<4x2xi64>>, use_global_device_ids = #vhlo.bool_v1<false>}> : (!vhlo.tensor_v1<1024x4096x!vhlo.f32_v1>) -> !vhlo.tensor_v1<2048x4096x!vhlo.f32_v1>
    "vhlo.return_v1"(%3) : (!vhlo.tensor_v1<2048x4096x!vhlo.f32_v1>) -> ()
  } {arg_attrs = #vhlo.array_v1<[#vhlo.dict_v1<{#vhlo.string_v1<"mhlo.sharding"> = #vhlo.string_v1<"{replicated}">}>, #vhlo.dict_v1<{#vhlo.string_v1<"mhlo.sharding"> = #vhlo.string_v1<"{replicated}">}>, #vhlo.dict_v1<{#vhlo.string_v1<"mhlo.sharding"> = #vhlo.string_v1<"{devices=[2,1,4]0,1,2,3,4,5,6,7 last_tile_dim_replicate}">}>]>, res_attrs = #vhlo.array_v1<[]>, sym_visibility = #vhlo.string_v1<"">}
}
2025-06-12 03:09:31.643 (   3.151s) [        9A3DD480]      module_builder.cc:184      1| SHLO Module:
module @SyncTensorsGraph.13 attributes {mhlo.cross_program_prefetches = [], mhlo.input_output_alias = [], mhlo.is_dynamic = false, mhlo.use_auto_spmd_partitioning = false} {
  func.func @main(%arg0: tensor<f32> {mhlo.sharding = "{replicated}"}, %arg1: tensor<8192x4096xf32> {mhlo.sharding = "{replicated}"}, %arg2: tensor<1024x8192xf32> {mhlo.sharding = "{devices=[2,1,4]0,1,2,3,4,5,6,7 last_tile_dim_replicate}"}) -> tensor<2048x4096xf32> {
    %0 = stablehlo.dot_general %arg2, %arg1, contracting_dims = [1] x [0] : (tensor<1024x8192xf32>, tensor<8192x4096xf32>) -> tensor<1024x4096xf32>
    %1 = stablehlo.broadcast_in_dim %arg0, dims = [] : (tensor<f32>) -> tensor<1024x4096xf32>
    %2 = stablehlo.add %0, %1 : tensor<1024x4096xf32>
    %3 = "stablehlo.all_gather"(%2) <{all_gather_dim = 0 : i64, replica_groups = dense<[[0, 4], [1, 5], [2, 6], [3, 7]]> : tensor<4x2xi64>}> : (tensor<1024x4096xf32>) -> tensor<2048x4096xf32>
    return %3 : tensor<2048x4096xf32>
  }
}
2025-06-12 03:09:31.645 (   3.153s) [        9A3DD480]      module_builder.cc:420      1| TTIR Module:
module @SyncTensorsGraph.13 attributes {mhlo.cross_program_prefetches = [], mhlo.input_output_alias = [], mhlo.is_dynamic = false, mhlo.use_auto_spmd_partitioning = false} {
  func.func @main(%arg0: tensor<1xf32> {mhlo.sharding = "{replicated}"}, %arg1: tensor<8192x4096xf32> {mhlo.sharding = "{replicated}"}, %arg2: tensor<1024x8192xf32> {mhlo.sharding = "{devices=[2,1,4]0,1,2,3,4,5,6,7 last_tile_dim_replicate}"}) -> tensor<2048x4096xf32> {
    %0 = "ttir.dot_general"(%arg2, %arg1) <{batch_dims_lhs = array<i64>, batch_dims_rhs = array<i64>, contract_dims_lhs = array<i64: 1>, contract_dims_rhs = array<i64: 0>}> : (tensor<1024x8192xf32>, tensor<8192x4096xf32>) -> tensor<1024x4096xf32>
    %1 = ttir.empty() : tensor<1x1xf32>
    %2 = "ttir.reshape"(%arg0, %1) <{shape = [1 : i32, 1 : i32]}> : (tensor<1xf32>, tensor<1x1xf32>) -> tensor<1x1xf32>
    %3 = ttir.empty() : tensor<1024x4096xf32>
    %4 = "ttir.broadcast"(%2, %3) <{broadcast_dimensions = array<i64: 1024, 4096>}> : (tensor<1x1xf32>, tensor<1024x4096xf32>) -> tensor<1024x4096xf32>
    %5 = ttir.empty() : tensor<1024x4096xf32>
    %6 = "ttir.add"(%0, %4, %5) : (tensor<1024x4096xf32>, tensor<1024x4096xf32>, tensor<1024x4096xf32>) -> tensor<1024x4096xf32>
    %7 = ttir.empty() : tensor<2048x4096xf32>
    %8 = "ttir.all_gather"(%6, %7) <{all_gather_dim = 0 : si32, cluster_axis = 0 : ui32}> : (tensor<1024x4096xf32>, tensor<2048x4096xf32>) -> tensor<2048x4096xf32>
    return %8 : tensor<2048x4096xf32>
  }
}
2025-06-12 03:09:31.646 (   3.154s) [        9A3DD480]      module_builder.cc:470   WARN| `mhlo.num_partitions` attribute not found, assuming default number of partitions: 1
2025-06-12 03:09:31.646 (   3.154s) [        9A3DD480]      module_builder.cc:484   WARN| `mhlo.num_replicas` attribute not found, assuming default number of replicas: 1
2025-06-12 03:09:31.646 (   3.154s) [        9A3DD480]      module_builder.cc:494   WARN| Num replicas and num partitions are not set, inferring the number of devices from mesh shape
2025-06-12 03:09:31.646 (   3.154s) [        9A3DD480]      module_builder.cc:501   WARN| Mesh shape: { 2, 4, }
2025-06-12 03:09:31.653 (   3.161s) [        9A3DD480]      module_builder.cc:538      1| TTNN Module:
module @SyncTensorsGraph.13 attributes {mhlo.cross_program_prefetches = [], mhlo.input_output_alias = [], mhlo.is_dynamic = false, mhlo.use_auto_spmd_partitioning = false} {
  tt.device_module {
    builtin.module @SyncTensorsGraph.13 attributes {mhlo.cross_program_prefetches = [], mhlo.input_output_alias = [], mhlo.is_dynamic = false, mhlo.use_auto_spmd_partitioning = false, tt.system_desc = #tt.system_desc<[{role = host, target_triple = "x86_64-pc-linux"}], [{arch = <wormhole_b0>, grid = 8x8, coord_translation_offsets = 18x18, l1_size = 1499136, num_dram_channels = 12, dram_channel_size = 1073741824, noc_l1_address_align_bytes = 16, pcie_address_align_bytes = 32, noc_dram_address_align_bytes = 32, l1_unreserved_base = 97248, erisc_l1_unreserved_base = 69632, dram_unreserved_base = 32, dram_unreserved_end = 1073174528, physical_helper_cores = {dram = [ 0x0,  0x1,  0x2,  0x3,  0x4,  0x5,  0x6,  0x7,  0x8,  0x9,  0x10,  0x11] eth = [ 16x18,  16x25,  17x21,  17x22,  17x25] eth_inactive = [ 16x19,  16x20,  16x21,  16x22,  16x23,  16x24,  17x19,  17x20,  17x23,  17x24]}, supported_data_types = [<f32>, <f16>, <bf16>, <bfp_f8>, <bfp_bf8>, <bfp_f4>, <bfp_bf4>, <bfp_f2>, <bfp_bf2>, <u32>, <u16>, <u8>, <si32>], supported_tile_sizes = [ 4x16,  16x16,  32x16,  4x32,  16x32,  32x32], dst_register_size_tiles = 8, num_cbs = 32, num_compute_threads = 1, num_datamovement_threads = 2}, {arch = <wormhole_b0>, grid = 8x8, coord_translation_offsets = 18x18, l1_size = 1499136, num_dram_channels = 12, dram_channel_size = 1073741824, noc_l1_address_align_bytes = 16, pcie_address_align_bytes = 32, noc_dram_address_align_bytes = 32, l1_unreserved_base = 97248, erisc_l1_unreserved_base = 69632, dram_unreserved_base = 32, dram_unreserved_end = 1073174528, physical_helper_cores = {dram = [ 0x0,  0x1,  0x2,  0x3,  0x4,  0x5,  0x6,  0x7,  0x8,  0x9,  0x10,  0x11] eth = [ 16x21,  16x22,  17x21,  17x22,  17x25] eth_inactive = [ 16x18,  16x19,  16x20,  16x23,  16x24,  16x25,  17x19,  17x20,  17x23,  17x24]}, supported_data_types = [<f32>, <f16>, <bf16>, <bfp_f8>, <bfp_bf8>, <bfp_f4>, <bfp_bf4>, <bfp_f2>, <bfp_bf2>, <u32>, <u16>, <u8>, <si32>], supported_tile_sizes = [ 4x16,  16x16,  32x16,  4x32,  16x32,  32x32], dst_register_size_tiles = 8, num_cbs = 32, num_compute_threads = 1, num_datamovement_threads = 2}, {arch = <wormhole_b0>, grid = 8x8, coord_translation_offsets = 18x18, l1_size = 1499136, num_dram_channels = 12, dram_channel_size = 1073741824, noc_l1_address_align_bytes = 16, pcie_address_align_bytes = 32, noc_dram_address_align_bytes = 32, l1_unreserved_base = 97248, erisc_l1_unreserved_base = 69632, dram_unreserved_base = 32, dram_unreserved_end = 1073174528, physical_helper_cores = {dram = [ 0x0,  0x1,  0x2,  0x3,  0x4,  0x5,  0x6,  0x7,  0x8,  0x9,  0x10,  0x11] eth = [ 16x21,  16x22,  17x21,  17x22,  17x25] eth_inactive = [ 16x18,  16x19,  16x20,  16x23,  16x24,  16x25,  17x19,  17x20,  17x23,  17x24]}, supported_data_types = [<f32>, <f16>, <bf16>, <bfp_f8>, <bfp_bf8>, <bfp_f4>, <bfp_bf4>, <bfp_f2>, <bfp_bf2>, <u32>, <u16>, <u8>, <si32>], supported_tile_sizes = [ 4x16,  16x16,  32x16,  4x32,  16x32,  32x32], dst_register_size_tiles = 8, num_cbs = 32, num_compute_threads = 1, num_datamovement_threads = 2}, {arch = <wormhole_b0>, grid = 8x8, coord_translation_offsets = 18x18, l1_size = 1499136, num_dram_channels = 12, dram_channel_size = 1073741824, noc_l1_address_align_bytes = 16, pcie_address_align_bytes = 32, noc_dram_address_align_bytes = 32, l1_unreserved_base = 97248, erisc_l1_unreserved_base = 69632, dram_unreserved_base = 32, dram_unreserved_end = 1073174528, physical_helper_cores = {dram = [ 0x0,  0x1,  0x2,  0x3,  0x4,  0x5,  0x6,  0x7,  0x8,  0x9,  0x10,  0x11] eth = [ 16x18,  16x25,  17x21,  17x22,  17x25] eth_inactive = [ 16x19,  16x20,  16x21,  16x22,  16x23,  16x24,  17x19,  17x20,  17x23,  17x24]}, supported_data_types = [<f32>, <f16>, <bf16>, <bfp_f8>, <bfp_bf8>, <bfp_f4>, <bfp_bf4>, <bfp_f2>, <bfp_bf2>, <u32>, <u16>, <u8>, <si32>], supported_tile_sizes = [ 4x16,  16x16,  32x16,  4x32,  16x32,  32x32], dst_register_size_tiles = 8, num_cbs = 32, num_compute_threads = 1, num_datamovement_threads = 2}, {arch = <wormhole_b0>, grid = 8x8, coord_translation_offsets = 18x18, l1_size = 1499136, num_dram_channels = 12, dram_channel_size = 1073741824, noc_l1_address_align_bytes = 16, pcie_address_align_bytes = 32, noc_dram_address_align_bytes = 32, l1_unreserved_base = 97248, erisc_l1_unreserved_base = 69632, dram_unreserved_base = 32, dram_unreserved_end = 1073190752, physical_helper_cores = {dram = [ 0x0,  0x1,  0x2,  0x3,  0x4,  0x5,  0x6,  0x7,  0x8,  0x9,  0x10,  0x11] eth = [ 16x21,  16x22,  16x25] eth_inactive = [ 16x19,  16x20,  16x23,  16x24,  17x18,  17x19,  17x20,  17x21,  17x22,  17x23,  17x24,  17x25]}, supported_data_types = [<f32>, <f16>, <bf16>, <bfp_f8>, <bfp_bf8>, <bfp_f4>, <bfp_bf4>, <bfp_f2>, <bfp_bf2>, <u32>, <u16>, <u8>, <si32>], supported_tile_sizes = [ 4x16,  16x16,  32x16,  4x32,  16x32,  32x32], dst_register_size_tiles = 8, num_cbs = 32, num_compute_threads = 1, num_datamovement_threads = 2}, {arch = <wormhole_b0>, grid = 8x8, coord_translation_offsets = 18x18, l1_size = 1499136, num_dram_channels = 12, dram_channel_size = 1073741824, noc_l1_address_align_bytes = 16, pcie_address_align_bytes = 32, noc_dram_address_align_bytes = 32, l1_unreserved_base = 97248, erisc_l1_unreserved_base = 69632, dram_unreserved_base = 32, dram_unreserved_end = 1073190752, physical_helper_cores = {dram = [ 0x0,  0x1,  0x2,  0x3,  0x4,  0x5,  0x6,  0x7,  0x8,  0x9,  0x10,  0x11] eth = [ 16x21,  16x22,  16x25] eth_inactive = [ 16x19,  16x20,  16x23,  16x24,  17x18,  17x19,  17x20,  17x21,  17x22,  17x23,  17x24,  17x25]}, supported_data_types = [<f32>, <f16>, <bf16>, <bfp_f8>, <bfp_bf8>, <bfp_f4>, <bfp_bf4>, <bfp_f2>, <bfp_bf2>, <u32>, <u16>, <u8>, <si32>], supported_tile_sizes = [ 4x16,  16x16,  32x16,  4x32,  16x32,  32x32], dst_register_size_tiles = 8, num_cbs = 32, num_compute_threads = 1, num_datamovement_threads = 2}, {arch = <wormhole_b0>, grid = 8x8, coord_translation_offsets = 18x18, l1_size = 1499136, num_dram_channels = 12, dram_channel_size = 1073741824, noc_l1_address_align_bytes = 16, pcie_address_align_bytes = 32, noc_dram_address_align_bytes = 32, l1_unreserved_base = 97248, erisc_l1_unreserved_base = 69632, dram_unreserved_base = 32, dram_unreserved_end = 1073190752, physical_helper_cores = {dram = [ 0x0,  0x1,  0x2,  0x3,  0x4,  0x5,  0x6,  0x7,  0x8,  0x9,  0x10,  0x11] eth = [ 16x21,  16x22,  16x25] eth_inactive = [ 16x19,  16x20,  16x23,  16x24,  17x18,  17x19,  17x20,  17x21,  17x22,  17x23,  17x24,  17x25]}, supported_data_types = [<f32>, <f16>, <bf16>, <bfp_f8>, <bfp_bf8>, <bfp_f4>, <bfp_bf4>, <bfp_f2>, <bfp_bf2>, <u32>, <u16>, <u8>, <si32>], supported_tile_sizes = [ 4x16,  16x16,  32x16,  4x32,  16x32,  32x32], dst_register_size_tiles = 8, num_cbs = 32, num_compute_threads = 1, num_datamovement_threads = 2}, {arch = <wormhole_b0>, grid = 8x8, coord_translation_offsets = 18x18, l1_size = 1499136, num_dram_channels = 12, dram_channel_size = 1073741824, noc_l1_address_align_bytes = 16, pcie_address_align_bytes = 32, noc_dram_address_align_bytes = 32, l1_unreserved_base = 97248, erisc_l1_unreserved_base = 69632, dram_unreserved_base = 32, dram_unreserved_end = 1073190752, physical_helper_cores = {dram = [ 0x0,  0x1,  0x2,  0x3,  0x4,  0x5,  0x6,  0x7,  0x8,  0x9,  0x10,  0x11] eth = [ 16x21,  16x22,  16x25] eth_inactive = [ 16x19,  16x20,  16x23,  16x24,  17x18,  17x19,  17x20,  17x21,  17x22,  17x23,  17x24,  17x25]}, supported_data_types = [<f32>, <f16>, <bf16>, <bfp_f8>, <bfp_bf8>, <bfp_f4>, <bfp_bf4>, <bfp_f2>, <bfp_bf2>, <u32>, <u16>, <u8>, <si32>], supported_tile_sizes = [ 4x16,  16x16,  32x16,  4x32,  16x32,  32x32], dst_register_size_tiles = 8, num_cbs = 32, num_compute_threads = 1, num_datamovement_threads = 2}], [0, 1, 2, 3, 4, 5, 6, 7], [3 : i32, 3 : i32, 3 : i32, 3 : i32, 0 : i32, 0 : i32, 0 : i32, 0 : i32], [ 0x0x0x0], [<[0, 0, 0], [3, 0, 0]>, <[0, 1, 0], [3, 1, 0]>, <[0, 8, 0], [4, 0, 0]>, <[0, 14, 0], [1, 14, 0]>, <[0, 15, 0], [1, 15, 0]>, <[1, 6, 0], [2, 6, 0]>, <[1, 7, 0], [2, 7, 0]>, <[1, 8, 0], [5, 0, 0]>, <[2, 8, 0], [6, 0, 0]>, <[2, 14, 0], [3, 14, 0]>, <[2, 15, 0], [3, 15, 0]>, <[3, 8, 0], [7, 0, 0]>, <[4, 6, 0], [5, 6, 0]>, <[4, 7, 0], [5, 7, 0]>, <[6, 6, 0], [7, 6, 0]>, <[6, 7, 0], [7, 7, 0]>]>} {
      tt.device @default_device = <workerGrid = #tt.grid<16x32, (d0, d1) -> ((d0 floordiv 8) * 4 + d1 floordiv 8, d0 mod 2, d1 mod 4)>, l1Map = (d0, d1, d2)[s0] -> ((d0 floordiv 8) * 4 + d1 floordiv 8, d0 mod 2, d1 mod 4, d2 + s0), dramMap = (d0, d1, d2)[s0, s1, s2, s3, s4, s5] -> (0, 0, (((d0 * s1) * (s2 * s3) + d1 * (s2 * s3) + d2) floordiv s4) mod 12, ((d0 * s1) * (s2 * s3) + d1 * (s2 * s3) + d2) floordiv (s4 * 12) + ((d0 * s1) * (s2 * s3) + d1 * (s2 * s3) + d2) mod s4 + s5), meshShape = 2x4, chipIds = [0, 1, 2, 3, 4, 5, 6, 7]>
      func.func @main(%arg0: tensor<1xf32, #ttnn.ttnn_layout<(d0) -> (0, d0), <1x1>, memref<1x1x!tt.tile<32x32, f32>, #ttnn.buffer_type<dram>>, <interleaved>>> {mhlo.sharding = "{replicated}"}, %arg1: tensor<8192x4096xf32, #ttnn.ttnn_layout<(d0, d1) -> (d0, d1), <1x1>, memref<256x128x!tt.tile<32x32, f32>, #ttnn.buffer_type<dram>>, <interleaved>>> {mhlo.sharding = "{replicated}"}, %arg2: tensor<1024x8192xf32, #ttnn.ttnn_layout<(d0, d1) -> (d0, d1), <1x1>, memref<32x256x!tt.tile<32x32, f32>, #ttnn.buffer_type<dram>>, <interleaved>>> {mhlo.sharding = "{devices=[2,1,4]0,1,2,3,4,5,6,7 last_tile_dim_replicate}"}) -> tensor<2048x4096xf32, #ttnn.ttnn_layout<(d0, d1) -> (d0, d1), <1x1>, memref<64x128x!tt.tile<32x32, f32>, #ttnn.buffer_type<dram>>, <interleaved>>> {
        %0 = "ttnn.get_device"() <{mesh_offset = #ttnn<mesh_offset 0x0>, mesh_shape = #ttnn<mesh_shape 2x4>}> : () -> !ttnn.device
        %1 = "ttnn.matmul"(%arg2, %arg1) <{transpose_a = false, transpose_b = false}> : (tensor<1024x8192xf32, #ttnn.ttnn_layout<(d0, d1) -> (d0, d1), <1x1>, memref<32x256x!tt.tile<32x32, f32>, #ttnn.buffer_type<dram>>, <interleaved>>>, tensor<8192x4096xf32, #ttnn.ttnn_layout<(d0, d1) -> (d0, d1), <1x1>, memref<256x128x!tt.tile<32x32, f32>, #ttnn.buffer_type<dram>>, <interleaved>>>) -> tensor<1024x4096xf32, #ttnn.ttnn_layout<(d0, d1) -> (d0, d1), <1x1>, memref<32x128x!tt.tile<32x32, f32>, #ttnn.buffer_type<dram>>, <interleaved>>>
        "ttnn.deallocate"(%arg2) <{force = false}> : (tensor<1024x8192xf32, #ttnn.ttnn_layout<(d0, d1) -> (d0, d1), <1x1>, memref<32x256x!tt.tile<32x32, f32>, #ttnn.buffer_type<dram>>, <interleaved>>>) -> ()
        "ttnn.deallocate"(%arg1) <{force = false}> : (tensor<8192x4096xf32, #ttnn.ttnn_layout<(d0, d1) -> (d0, d1), <1x1>, memref<256x128x!tt.tile<32x32, f32>, #ttnn.buffer_type<dram>>, <interleaved>>>) -> ()
        %2 = "ttnn.reshape"(%arg0) <{shape = [1 : i32, 1 : i32]}> : (tensor<1xf32, #ttnn.ttnn_layout<(d0) -> (0, d0), <1x1>, memref<1x1x!tt.tile<32x32, f32>, #ttnn.buffer_type<dram>>, <interleaved>>>) -> tensor<1x1xf32, #ttnn.ttnn_layout<(d0, d1) -> (d0, d1), <1x1>, memref<1x1x!tt.tile<32x32, f32>, #ttnn.buffer_type<dram>>, <interleaved>>>
        "ttnn.deallocate"(%arg0) <{force = false}> : (tensor<1xf32, #ttnn.ttnn_layout<(d0) -> (0, d0), <1x1>, memref<1x1x!tt.tile<32x32, f32>, #ttnn.buffer_type<dram>>, <interleaved>>>) -> ()
        %3 = "ttnn.add"(%1, %2) : (tensor<1024x4096xf32, #ttnn.ttnn_layout<(d0, d1) -> (d0, d1), <1x1>, memref<32x128x!tt.tile<32x32, f32>, #ttnn.buffer_type<dram>>, <interleaved>>>, tensor<1x1xf32, #ttnn.ttnn_layout<(d0, d1) -> (d0, d1), <1x1>, memref<1x1x!tt.tile<32x32, f32>, #ttnn.buffer_type<dram>>, <interleaved>>>) -> tensor<1024x4096xf32, #ttnn.ttnn_layout<(d0, d1) -> (d0, d1), <1x1>, memref<32x128x!tt.tile<32x32, f32>, #ttnn.buffer_type<dram>>, <interleaved>>>
        "ttnn.deallocate"(%2) <{force = false}> : (tensor<1x1xf32, #ttnn.ttnn_layout<(d0, d1) -> (d0, d1), <1x1>, memref<1x1x!tt.tile<32x32, f32>, #ttnn.buffer_type<dram>>, <interleaved>>>) -> ()
        "ttnn.deallocate"(%1) <{force = false}> : (tensor<1024x4096xf32, #ttnn.ttnn_layout<(d0, d1) -> (d0, d1), <1x1>, memref<32x128x!tt.tile<32x32, f32>, #ttnn.buffer_type<dram>>, <interleaved>>>) -> ()
        %4 = "ttnn.all_gather"(%3, %0) <{all_gather_dim = 0 : si32, cluster_axis = 0 : ui32, num_links = 1 : ui32}> : (tensor<1024x4096xf32, #ttnn.ttnn_layout<(d0, d1) -> (d0, d1), <1x1>, memref<32x128x!tt.tile<32x32, f32>, #ttnn.buffer_type<dram>>, <interleaved>>>, !ttnn.device) -> tensor<2048x4096xf32, #ttnn.ttnn_layout<(d0, d1) -> (d0, d1), <1x1>, memref<64x128x!tt.tile<32x32, f32>, #ttnn.buffer_type<dram>>, <interleaved>>>
        "ttnn.deallocate"(%3) <{force = false}> : (tensor<1024x4096xf32, #ttnn.ttnn_layout<(d0, d1) -> (d0, d1), <1x1>, memref<32x128x!tt.tile<32x32, f32>, #ttnn.buffer_type<dram>>, <interleaved>>>) -> ()
        return %4 : tensor<2048x4096xf32, #ttnn.ttnn_layout<(d0, d1) -> (d0, d1), <1x1>, memref<64x128x!tt.tile<32x32, f32>, #ttnn.buffer_type<dram>>, <interleaved>>>
      }
    }
  }
}
2025-06-12 03:09:31.656 (   3.164s) [        9A3DD480]loaded_executable_insta:387      1| LoadedExecutableInstance::PJRT_LoadedExecutable_GetExecutable
2025-06-12 03:09:31.656 (   3.164s) [        9A3DD480]loaded_executable_insta:406      1| LoadedExecutableInstance::PJRT_LoadedExecutable_AddressableDevices
2025-06-12 03:09:31.656 (   3.164s) [        9A3DD480]              stubs.inc:76    WARN| STUB: PJRT_Executable_GetCompiledMemoryStats
2025-06-12 03:09:31.656 (   3.164s) [        9A3DD480]      error_instance.cc:49       1| ErrorInstance::PJRT_Error_Message
2025-06-12 03:09:31.656 (   3.164s) [        9A3DD480]      error_instance.cc:58       1| ErrorInstance::PJRT_Error_GetCode
2025-06-12 03:09:31.656 (   3.164s) [        9A3DD480]      error_instance.cc:43       1| ErrorInstance::PJRT_Error_Destroy
2025-06-12 03:09:31.656 (   3.164s) [        9A3DD480] executable_instance.cc:103      1| ExecutableInstance::PJRT_Executable_OptimizedProgram
2025-06-12 03:09:31.656 (   3.164s) [        9A3DD480] executable_instance.cc:103      1| ExecutableInstance::PJRT_Executable_OptimizedProgram
2025-06-12 03:09:31.659 (   3.167s) [        9A3DD480] executable_instance.cc:103      1| ExecutableInstance::PJRT_Executable_OptimizedProgram
2025-06-12 03:09:31.659 (   3.167s) [        9A3DD480] executable_instance.cc:103      1| ExecutableInstance::PJRT_Executable_OptimizedProgram
2025-06-12 03:09:31.662 (   3.170s) [        4DFFB640]  device_description.cc:44       1| DeviceDescription::PJRT_DeviceDescription_Id
2025-06-12 03:09:31.662 (   3.170s) [        4DFFB640]  device_description.cc:44       1| DeviceDescription::PJRT_DeviceDescription_Id
2025-06-12 03:09:31.662 (   3.170s) [        4DFFB640]  device_description.cc:44       1| DeviceDescription::PJRT_DeviceDescription_Id
2025-06-12 03:09:31.662 (   3.170s) [        4DFFB640]  device_description.cc:44       1| DeviceDescription::PJRT_DeviceDescription_Id
2025-06-12 03:09:31.662 (   3.170s) [        4DFFB640]  device_description.cc:44       1| DeviceDescription::PJRT_DeviceDescription_Id
2025-06-12 03:09:31.662 (   3.170s) [        4DFFB640]  device_description.cc:44       1| DeviceDescription::PJRT_DeviceDescription_Id
2025-06-12 03:09:31.662 (   3.170s) [        4DFFB640]  device_description.cc:44       1| DeviceDescription::PJRT_DeviceDescription_Id
2025-06-12 03:09:31.662 (   3.170s) [        4DFFB640]  device_description.cc:44       1| DeviceDescription::PJRT_DeviceDescription_Id
2025-06-12 03:09:31.662 (   3.170s) [        4DFFB640]     buffer_instance.cc:507      1| BufferInstance::PJRT_Buffer_Device
2025-06-12 03:09:31.662 (   3.170s) [        4DFFB640]     device_instance.cc:53       1| DeviceInstance::PJRT_Device_IsAddressable
2025-06-12 03:09:31.662 (   3.170s) [        4DFFB640]     buffer_instance.cc:507      1| BufferInstance::PJRT_Buffer_Device
2025-06-12 03:09:31.662 (   3.170s) [        4DFFB640]     device_instance.cc:53       1| DeviceInstance::PJRT_Device_IsAddressable
2025-06-12 03:09:31.662 (   3.170s) [        4DFFB640]     buffer_instance.cc:507      1| BufferInstance::PJRT_Buffer_Device
2025-06-12 03:09:31.662 (   3.170s) [        4DFFB640]     device_instance.cc:53       1| DeviceInstance::PJRT_Device_IsAddressable
2025-06-12 03:09:31.662 (   3.170s) [        4DFFB640]     buffer_instance.cc:507      1| BufferInstance::PJRT_Buffer_Device
2025-06-12 03:09:31.662 (   3.170s) [        4DFFB640]     device_instance.cc:53       1| DeviceInstance::PJRT_Device_IsAddressable
2025-06-12 03:09:31.662 (   3.170s) [        4DFFB640]     buffer_instance.cc:507      1| BufferInstance::PJRT_Buffer_Device
2025-06-12 03:09:31.662 (   3.170s) [        4DFFB640]     device_instance.cc:53       1| DeviceInstance::PJRT_Device_IsAddressable
2025-06-12 03:09:31.662 (   3.170s) [        4DFFB640]     buffer_instance.cc:507      1| BufferInstance::PJRT_Buffer_Device
2025-06-12 03:09:31.662 (   3.170s) [        4DFFB640]     device_instance.cc:53       1| DeviceInstance::PJRT_Device_IsAddressable
2025-06-12 03:09:31.662 (   3.170s) [        4DFFB640]     buffer_instance.cc:507      1| BufferInstance::PJRT_Buffer_Device
2025-06-12 03:09:31.662 (   3.170s) [        4DFFB640]     device_instance.cc:53       1| DeviceInstance::PJRT_Device_IsAddressable
2025-06-12 03:09:31.662 (   3.170s) [        4DFFB640]     buffer_instance.cc:507      1| BufferInstance::PJRT_Buffer_Device
2025-06-12 03:09:31.662 (   3.170s) [        4DFFB640]     device_instance.cc:53       1| DeviceInstance::PJRT_Device_IsAddressable
2025-06-12 03:09:31.662 (   3.170s) [        4DFFB640]     buffer_instance.cc:507      1| BufferInstance::PJRT_Buffer_Device
2025-06-12 03:09:31.662 (   3.170s) [        4DFFB640]     device_instance.cc:53       1| DeviceInstance::PJRT_Device_IsAddressable
2025-06-12 03:09:31.662 (   3.170s) [        4DFFB640]     buffer_instance.cc:507      1| BufferInstance::PJRT_Buffer_Device
2025-06-12 03:09:31.662 (   3.170s) [        4DFFB640]     device_instance.cc:53       1| DeviceInstance::PJRT_Device_IsAddressable
2025-06-12 03:09:31.662 (   3.170s) [        4DFFB640]     buffer_instance.cc:507      1| BufferInstance::PJRT_Buffer_Device
2025-06-12 03:09:31.662 (   3.170s) [        4DFFB640]     device_instance.cc:53       1| DeviceInstance::PJRT_Device_IsAddressable
2025-06-12 03:09:31.662 (   3.170s) [        4DFFB640]     buffer_instance.cc:507      1| BufferInstance::PJRT_Buffer_Device
2025-06-12 03:09:31.662 (   3.170s) [        4DFFB640]     device_instance.cc:53       1| DeviceInstance::PJRT_Device_IsAddressable
2025-06-12 03:09:31.662 (   3.170s) [        4DFFB640]     buffer_instance.cc:507      1| BufferInstance::PJRT_Buffer_Device
2025-06-12 03:09:31.662 (   3.170s) [        4DFFB640]     device_instance.cc:53       1| DeviceInstance::PJRT_Device_IsAddressable
2025-06-12 03:09:31.662 (   3.170s) [        4DFFB640]     buffer_instance.cc:507      1| BufferInstance::PJRT_Buffer_Device
2025-06-12 03:09:31.662 (   3.170s) [        4DFFB640]     device_instance.cc:53       1| DeviceInstance::PJRT_Device_IsAddressable
2025-06-12 03:09:31.662 (   3.170s) [        4DFFB640]     buffer_instance.cc:507      1| BufferInstance::PJRT_Buffer_Device
2025-06-12 03:09:31.662 (   3.170s) [        4DFFB640]     device_instance.cc:53       1| DeviceInstance::PJRT_Device_IsAddressable
2025-06-12 03:09:31.662 (   3.170s) [        4DFFB640]     buffer_instance.cc:507      1| BufferInstance::PJRT_Buffer_Device
2025-06-12 03:09:31.662 (   3.170s) [        4DFFB640]     device_instance.cc:53       1| DeviceInstance::PJRT_Device_IsAddressable
2025-06-12 03:09:31.662 (   3.170s) [        4DFFB640]     buffer_instance.cc:507      1| BufferInstance::PJRT_Buffer_Device
2025-06-12 03:09:31.662 (   3.170s) [        4DFFB640]     device_instance.cc:53       1| DeviceInstance::PJRT_Device_IsAddressable
2025-06-12 03:09:31.662 (   3.170s) [        4DFFB640]     buffer_instance.cc:507      1| BufferInstance::PJRT_Buffer_Device
2025-06-12 03:09:31.662 (   3.170s) [        4DFFB640]     device_instance.cc:53       1| DeviceInstance::PJRT_Device_IsAddressable
2025-06-12 03:09:31.662 (   3.170s) [        4DFFB640]     buffer_instance.cc:507      1| BufferInstance::PJRT_Buffer_Device
2025-06-12 03:09:31.662 (   3.170s) [        4DFFB640]     device_instance.cc:53       1| DeviceInstance::PJRT_Device_IsAddressable
2025-06-12 03:09:31.662 (   3.170s) [        4DFFB640]     buffer_instance.cc:507      1| BufferInstance::PJRT_Buffer_Device
2025-06-12 03:09:31.662 (   3.170s) [        4DFFB640]     device_instance.cc:53       1| DeviceInstance::PJRT_Device_IsAddressable
2025-06-12 03:09:31.662 (   3.170s) [        4DFFB640]     buffer_instance.cc:507      1| BufferInstance::PJRT_Buffer_Device
2025-06-12 03:09:31.662 (   3.170s) [        4DFFB640]     device_instance.cc:53       1| DeviceInstance::PJRT_Device_IsAddressable
2025-06-12 03:09:31.662 (   3.170s) [        4DFFB640]     buffer_instance.cc:507      1| BufferInstance::PJRT_Buffer_Device
2025-06-12 03:09:31.662 (   3.170s) [        4DFFB640]     device_instance.cc:53       1| DeviceInstance::PJRT_Device_IsAddressable
2025-06-12 03:09:31.662 (   3.170s) [        4DFFB640]     buffer_instance.cc:507      1| BufferInstance::PJRT_Buffer_Device
2025-06-12 03:09:31.662 (   3.170s) [        4DFFB640]     device_instance.cc:53       1| DeviceInstance::PJRT_Device_IsAddressable
2025-06-12 03:09:31.662 (   3.170s) [        4DFFB640]     buffer_instance.cc:507      1| BufferInstance::PJRT_Buffer_Device
2025-06-12 03:09:31.662 (   3.170s) [        4DFFB640]     device_instance.cc:53       1| DeviceInstance::PJRT_Device_IsAddressable
2025-06-12 03:09:31.662 (   3.170s) [        4DFFB640] executable_instance.cc:135      1| ExecutableInstance::PJRT_Executable_NumOutputs
2025-06-12 03:09:31.662 (   3.170s) [        4DFFB640]loaded_executable_insta:443      1| LoadedExecutableInstance::PJRT_LoadedExecutable_Execute
2025-06-12 03:09:31.662 (   3.170s) [        4DFFB640]loaded_executable_insta:81       1| LoadedExecutableInstance::Execute
2025-06-12 03:09:34.096 (   5.604s) [        4DFFB640]      event_instance.cc:222      1| EventInstance::PJRT_Event_OnReady
2025-06-12 03:09:34.096 (   5.604s) [        4DFFB640]      event_instance.cc:171      1| EventInstance::PJRT_Event_Destroy
2025-06-12 03:09:34.096 (   5.604s) [        4DFFB640]      event_instance.cc:222      1| EventInstance::PJRT_Event_OnReady
2025-06-12 03:09:34.096 (   5.604s) [        4DFFB640]      event_instance.cc:171      1| EventInstance::PJRT_Event_Destroy
2025-06-12 03:09:34.096 (   5.604s) [        4DFFB640]      event_instance.cc:222      1| EventInstance::PJRT_Event_OnReady
2025-06-12 03:09:34.096 (   5.604s) [        4DFFB640]      event_instance.cc:171      1| EventInstance::PJRT_Event_Destroy
2025-06-12 03:09:34.096 (   5.604s) [        4DFFB640]      event_instance.cc:222      1| EventInstance::PJRT_Event_OnReady
2025-06-12 03:09:34.096 (   5.604s) [        4DFFB640]      event_instance.cc:171      1| EventInstance::PJRT_Event_Destroy
2025-06-12 03:09:34.096 (   5.604s) [        4DFFB640]      event_instance.cc:222      1| EventInstance::PJRT_Event_OnReady
2025-06-12 03:09:34.096 (   5.604s) [        4DFFB640]      event_instance.cc:171      1| EventInstance::PJRT_Event_Destroy
2025-06-12 03:09:34.096 (   5.604s) [        4DFFB640]      event_instance.cc:222      1| EventInstance::PJRT_Event_OnReady
2025-06-12 03:09:34.096 (   5.604s) [        4DFFB640]      event_instance.cc:171      1| EventInstance::PJRT_Event_Destroy
2025-06-12 03:09:34.096 (   5.604s) [        4DFFB640]      event_instance.cc:222      1| EventInstance::PJRT_Event_OnReady
2025-06-12 03:09:34.096 (   5.604s) [        4DFFB640]      event_instance.cc:171      1| EventInstance::PJRT_Event_Destroy
2025-06-12 03:09:34.096 (   5.604s) [        4DFFB640]      event_instance.cc:222      1| EventInstance::PJRT_Event_OnReady
2025-06-12 03:09:34.096 (   5.604s) [        4DFFB640]      event_instance.cc:171      1| EventInstance::PJRT_Event_Destroy
2025-06-12 03:09:34.096 (   5.604s) [        4DFFB640]     buffer_instance.cc:389      1| BufferInstance::PJRT_Buffer_Dimensions
2025-06-12 03:09:34.096 (   5.604s) [        4DFFB640]     buffer_instance.cc:412      1| BufferInstance::PJRT_Buffer_DynamicDimensionIndices
2025-06-12 03:09:34.096 (   5.604s) [        4DFFB640]     buffer_instance.cc:389      1| BufferInstance::PJRT_Buffer_Dimensions
2025-06-12 03:09:34.096 (   5.604s) [        4DFFB640]     buffer_instance.cc:381      1| BufferInstance::PJRT_Buffer_ElementType
2025-06-12 03:09:34.096 (   5.604s) [        4DFFB640]     buffer_instance.cc:389      1| BufferInstance::PJRT_Buffer_Dimensions
2025-06-12 03:09:34.096 (   5.604s) [        4DFFB640]     buffer_instance.cc:412      1| BufferInstance::PJRT_Buffer_DynamicDimensionIndices
2025-06-12 03:09:34.096 (   5.604s) [        4DFFB640]     buffer_instance.cc:389      1| BufferInstance::PJRT_Buffer_Dimensions
2025-06-12 03:09:34.096 (   5.604s) [        4DFFB640]     buffer_instance.cc:381      1| BufferInstance::PJRT_Buffer_ElementType
2025-06-12 03:09:34.096 (   5.604s) [        4DFFB640]     buffer_instance.cc:389      1| BufferInstance::PJRT_Buffer_Dimensions
2025-06-12 03:09:34.096 (   5.604s) [        4DFFB640]     buffer_instance.cc:412      1| BufferInstance::PJRT_Buffer_DynamicDimensionIndices
2025-06-12 03:09:34.096 (   5.604s) [        4DFFB640]     buffer_instance.cc:389      1| BufferInstance::PJRT_Buffer_Dimensions
2025-06-12 03:09:34.096 (   5.604s) [        4DFFB640]     buffer_instance.cc:381      1| BufferInstance::PJRT_Buffer_ElementType
2025-06-12 03:09:34.096 (   5.604s) [        4DFFB640]     buffer_instance.cc:389      1| BufferInstance::PJRT_Buffer_Dimensions
2025-06-12 03:09:34.096 (   5.604s) [        4DFFB640]     buffer_instance.cc:412      1| BufferInstance::PJRT_Buffer_DynamicDimensionIndices
2025-06-12 03:09:34.096 (   5.604s) [        4DFFB640]     buffer_instance.cc:389      1| BufferInstance::PJRT_Buffer_Dimensions
2025-06-12 03:09:34.096 (   5.604s) [        4DFFB640]     buffer_instance.cc:381      1| BufferInstance::PJRT_Buffer_ElementType
2025-06-12 03:09:34.096 (   5.604s) [        4DFFB640]     buffer_instance.cc:389      1| BufferInstance::PJRT_Buffer_Dimensions
2025-06-12 03:09:34.096 (   5.604s) [        4DFFB640]     buffer_instance.cc:412      1| BufferInstance::PJRT_Buffer_DynamicDimensionIndices
2025-06-12 03:09:34.096 (   5.604s) [        4DFFB640]     buffer_instance.cc:389      1| BufferInstance::PJRT_Buffer_Dimensions
2025-06-12 03:09:34.096 (   5.604s) [        4DFFB640]     buffer_instance.cc:381      1| BufferInstance::PJRT_Buffer_ElementType
2025-06-12 03:09:34.096 (   5.604s) [        4DFFB640]     buffer_instance.cc:389      1| BufferInstance::PJRT_Buffer_Dimensions
2025-06-12 03:09:34.096 (   5.604s) [        4DFFB640]     buffer_instance.cc:412      1| BufferInstance::PJRT_Buffer_DynamicDimensionIndices
2025-06-12 03:09:34.096 (   5.604s) [        4DFFB640]     buffer_instance.cc:389      1| BufferInstance::PJRT_Buffer_Dimensions
2025-06-12 03:09:34.096 (   5.604s) [        4DFFB640]     buffer_instance.cc:381      1| BufferInstance::PJRT_Buffer_ElementType
2025-06-12 03:09:34.096 (   5.604s) [        4DFFB640]     buffer_instance.cc:389      1| BufferInstance::PJRT_Buffer_Dimensions
2025-06-12 03:09:34.096 (   5.604s) [        4DFFB640]     buffer_instance.cc:412      1| BufferInstance::PJRT_Buffer_DynamicDimensionIndices
2025-06-12 03:09:34.096 (   5.604s) [        4DFFB640]     buffer_instance.cc:389      1| BufferInstance::PJRT_Buffer_Dimensions
2025-06-12 03:09:34.096 (   5.604s) [        4DFFB640]     buffer_instance.cc:381      1| BufferInstance::PJRT_Buffer_ElementType
2025-06-12 03:09:34.096 (   5.604s) [        4DFFB640]     buffer_instance.cc:389      1| BufferInstance::PJRT_Buffer_Dimensions
2025-06-12 03:09:34.096 (   5.604s) [        4DFFB640]     buffer_instance.cc:412      1| BufferInstance::PJRT_Buffer_DynamicDimensionIndices
2025-06-12 03:09:34.096 (   5.604s) [        4DFFB640]     buffer_instance.cc:389      1| BufferInstance::PJRT_Buffer_Dimensions
2025-06-12 03:09:34.096 (   5.604s) [        4DFFB640]     buffer_instance.cc:381      1| BufferInstance::PJRT_Buffer_ElementType
2025-06-12 03:09:34.096 (   5.604s) [        9A3DD480]     buffer_instance.cc:400      1| BufferInstance::PJRT_Buffer_UnpaddedDimensions
2025-06-12 03:09:34.096 (   5.604s) [        9A3DD480]     buffer_instance.cc:381      1| BufferInstance::PJRT_Buffer_ElementType
2025-06-12 03:09:34.096 (   5.604s) [        9A3DD480]     buffer_instance.cc:389      1| BufferInstance::PJRT_Buffer_Dimensions
2025-06-12 03:09:34.096 (   5.604s) [        9A3DD480]     buffer_instance.cc:422      1| BufferInstance::PJRT_Buffer_ToHostBuffer
2025-06-12 03:09:34.096 (   5.604s) [        9A3DD480]      event_instance.cc:222      1| EventInstance::PJRT_Event_OnReady
2025-06-12 03:09:34.103 (   5.611s) [        6DFF3640]      event_instance.cc:171      1| EventInstance::PJRT_Event_Destroy
2025-06-12 03:09:34.110 (   5.618s) [        9A3DD480]     buffer_instance.cc:373      1| BufferInstance::PJRT_Buffer_Destroy
2025-06-12 03:09:34.111 (   5.619s) [        9A3DD480]     buffer_instance.cc:373      1| BufferInstance::PJRT_Buffer_Destroy
2025-06-12 03:09:34.111 (   5.619s) [        9A3DD480]     buffer_instance.cc:373      1| BufferInstance::PJRT_Buffer_Destroy
2025-06-12 03:09:34.111 (   5.619s) [        9A3DD480]     buffer_instance.cc:373      1| BufferInstance::PJRT_Buffer_Destroy
2025-06-12 03:09:34.111 (   5.619s) [        9A3DD480]     buffer_instance.cc:373      1| BufferInstance::PJRT_Buffer_Destroy
2025-06-12 03:09:34.111 (   5.619s) [        9A3DD480]     buffer_instance.cc:373      1| BufferInstance::PJRT_Buffer_Destroy
2025-06-12 03:09:34.111 (   5.619s) [        9A3DD480]     buffer_instance.cc:373      1| BufferInstance::PJRT_Buffer_Destroy
2025-06-12 03:09:34.111 (   5.619s) [        9A3DD480]     buffer_instance.cc:373      1| BufferInstance::PJRT_Buffer_Destroy
Y Shape: torch.Size([2048, 4096])
Golden Shape: torch.Size([1024, 4096])
Y: tensor([[20.0469, 20.3906, 20.4062,  ..., 20.2344, 20.4375, 20.2344],
        [20.1406, 20.6562, 20.5781,  ..., 20.4531, 20.3906, 20.2812],
        [20.1406, 20.5781, 20.6406,  ..., 20.3594, 20.4688, 20.2969],
        ...,
        [ 0.0000,  0.0000,  0.0000,  ...,  0.0000,  0.0000,  0.0000],
        [ 0.0000,  0.0000,  0.0000,  ...,  0.0000,  0.0000,  0.0000],
        [ 0.0000,  0.0000,  0.0000,  ...,  0.0000,  0.0000,  0.0000]])
Golden: tensor([[20.1026, 20.4474, 20.4627,  ..., 20.2772, 20.4846, 20.2833],
        [20.1929, 20.7148, 20.6469,  ..., 20.5078, 20.4366, 20.3407],
        [20.2004, 20.6298, 20.6885,  ..., 20.4024, 20.5213, 20.3498],
        ...,
        [20.0698, 20.4045, 20.4626,  ..., 20.4999, 20.4626, 20.3103],
        [19.9470, 20.3027, 20.3705,  ..., 20.2523, 20.1512, 20.0024],
        [20.1362, 20.5193, 20.3468,  ..., 20.3789, 20.4646, 20.1865]])
2025-06-12 03:09:35.039 (   6.547s) [        9A3DD480]     buffer_instance.cc:373      1| BufferInstance::PJRT_Buffer_Destroy
2025-06-12 03:09:35.040 (   6.548s) [        9A3DD480]     buffer_instance.cc:373      1| BufferInstance::PJRT_Buffer_Destroy
2025-06-12 03:09:35.041 (   6.549s) [        9A3DD480]     buffer_instance.cc:373      1| BufferInstance::PJRT_Buffer_Destroy
2025-06-12 03:09:35.042 (   6.550s) [        9A3DD480]     buffer_instance.cc:373      1| BufferInstance::PJRT_Buffer_Destroy
2025-06-12 03:09:35.043 (   6.551s) [        9A3DD480]     buffer_instance.cc:373      1| BufferInstance::PJRT_Buffer_Destroy
2025-06-12 03:09:35.043 (   6.551s) [        9A3DD480]     buffer_instance.cc:373      1| BufferInstance::PJRT_Buffer_Destroy
2025-06-12 03:09:35.044 (   6.552s) [        9A3DD480]     buffer_instance.cc:373      1| BufferInstance::PJRT_Buffer_Destroy
2025-06-12 03:09:35.045 (   6.553s) [        9A3DD480]     buffer_instance.cc:373      1| BufferInstance::PJRT_Buffer_Destroy
2025-06-12 03:09:35.045 (   6.553s) [        9A3DD480]     buffer_instance.cc:373      1| BufferInstance::PJRT_Buffer_Destroy
2025-06-12 03:09:35.051 (   6.559s) [        9A3DD480]     buffer_instance.cc:373      1| BufferInstance::PJRT_Buffer_Destroy
2025-06-12 03:09:35.057 (   6.565s) [        9A3DD480]     buffer_instance.cc:373      1| BufferInstance::PJRT_Buffer_Destroy
2025-06-12 03:09:35.063 (   6.571s) [        9A3DD480]     buffer_instance.cc:373      1| BufferInstance::PJRT_Buffer_Destroy
2025-06-12 03:09:35.068 (   6.576s) [        9A3DD480]     buffer_instance.cc:373      1| BufferInstance::PJRT_Buffer_Destroy
2025-06-12 03:09:35.074 (   6.582s) [        9A3DD480]     buffer_instance.cc:373      1| BufferInstance::PJRT_Buffer_Destroy
2025-06-12 03:09:35.080 (   6.588s) [        9A3DD480]     buffer_instance.cc:373      1| BufferInstance::PJRT_Buffer_Destroy
2025-06-12 03:09:35.085 (   6.593s) [        9A3DD480]     buffer_instance.cc:373      1| BufferInstance::PJRT_Buffer_Destroy
2025-06-12 03:09:35.402 (   6.910s) [        9A3DD480]     client_instance.cc:219      1| ClientInstance::PJRT_Client_Destroy
2025-06-12 03:09:35.402 (   6.910s) [        9A3DD480]     client_instance.cc:47       1| ClientInstance::~ClientInstance
