WARNING:root:Defaulting to PJRT_DEVICE=CPU
2025-05-14 21:17:04.940 (   0.000s) [        6322E480]      dylib_platform.cc:47       1| DylibPlatform::SubclassInitialize
2025-05-14 21:17:04.941 (   0.001s) [        6322E480]     client_instance.cc:32       1| ClientInstance::ClientInstance
2025-05-14 21:17:04.942 (   0.001s) [        6322E480]              client.cc:18       1| TTClientInstance::TTClientInstance
2025-05-14 21:17:04.942 (   0.001s) [        6322E480]     client_instance.cc:53       1| ClientInstance::Initialize
[32m2025-05-14 21:17:04.942[0m | [1m[38;2;100;149;237mINFO    [0m | [36mSiliconDriver  [0m - Opened PCI device 0; KMD version: 1.31.0, IOMMU: disabled
[32m2025-05-14 21:17:04.943[0m | [1m[38;2;100;149;237mINFO    [0m | [36mSiliconDriver  [0m - Opened PCI device 1; KMD version: 1.31.0, IOMMU: disabled
[32m2025-05-14 21:17:04.944[0m | [1m[38;2;100;149;237mINFO    [0m | [36mSiliconDriver  [0m - Opened PCI device 2; KMD version: 1.31.0, IOMMU: disabled
[32m2025-05-14 21:17:04.945[0m | [1m[38;2;100;149;237mINFO    [0m | [36mSiliconDriver  [0m - Opened PCI device 3; KMD version: 1.31.0, IOMMU: disabled
New chip! We now have 1 chips
Chip initialization complete (found )
Chip initializing complete...
 ARC

 [4/4] DRAM

 [16/16] ETH

 CPU

New chip! We now have 2 chips
Chip initialization complete (found )
Chip initializing complete...
 ARC

 [4/4] DRAM

 [16/16] ETH

 CPU

New chip! We now have 3 chips
Chip initialization complete (found )
Chip initializing complete...
 ARC

 [4/4] DRAM

 [16/16] ETH

 CPU

New chip! We now have 4 chips
Chip initialization complete (found )
Chip initializing complete...
 ARC

 [4/4] DRAM

 [16/16] ETH

 CPU

New chip! We now have 5 chips
Chip initialization complete (found )
Chip initializing complete...
 ARC

 [4/4] DRAM

 [16/16] ETH

 CPU

Ok I was wrong we actually have 4 chips
New chip! We now have 5 chips
Chip initialization complete (found )
Chip initializing complete...
 ARC

 [4/4] DRAM

 [16/16] ETH

 CPU

New chip! We now have 6 chips
Chip initialization complete (found )
Chip initializing complete...
 ARC

 [4/4] DRAM

 [16/16] ETH

 CPU

New chip! We now have 7 chips
Chip initialization complete (found )
Chip initializing complete...
 ARC

 [4/4] DRAM

 [16/16] ETH

 CPU

Ok I was wrong we actually have 6 chips
New chip! We now have 7 chips
Chip initialization complete (found )
Chip initializing complete...
 ARC

 [4/4] DRAM

 [16/16] ETH

 CPU

Ok I was wrong we actually have 6 chips
New chip! We now have 7 chips
Chip initialization complete (found )
Chip initializing complete...
 ARC

 [4/4] DRAM

 [16/16] ETH

 CPU

Ok I was wrong we actually have 6 chips
New chip! We now have 7 chips
Chip initialization complete (found )
Chip initializing complete...
 ARC

 [4/4] DRAM

 [16/16] ETH

 CPU

Ok I was wrong we actually have 6 chips
New chip! We now have 7 chips
Chip initialization complete (found )
Chip initializing complete...
 ARC

 [4/4] DRAM

 [16/16] ETH

 CPU

Ok I was wrong we actually have 6 chips
New chip! We now have 7 chips
Chip initialization complete (found )
Chip initializing complete...
 ARC

 [4/4] DRAM

 [16/16] ETH

 CPU

Ok I was wrong we actually have 6 chips
New chip! We now have 7 chips
Chip initialization complete (found )
Chip initializing complete...
 ARC

 [4/4] DRAM

 [16/16] ETH

 CPU

New chip! We now have 8 chips
Chip initialization complete (found )
Chip initializing complete...
 ARC

 [4/4] DRAM

 [16/16] ETH

 CPU

New chip! We now have 9 chips
Chip initialization complete (found )
Chip initializing complete...
 ARC

 [4/4] DRAM

 [16/16] ETH

 CPU

Ok I was wrong we actually have 8 chips
New chip! We now have 9 chips
Chip initialization complete (found )
Chip initializing complete...
 ARC

 [4/4] DRAM

 [16/16] ETH

 CPU

Ok I was wrong we actually have 8 chips
New chip! We now have 9 chips
Chip initialization complete (found )
Chip initializing complete...
 ARC

 [4/4] DRAM

 [16/16] ETH

 CPU

Ok I was wrong we actually have 8 chips
New chip! We now have 9 chips
Chip initialization complete (found )
Chip initializing complete...
 ARC

 [4/4] DRAM

 [16/16] ETH

 CPU

Ok I was wrong we actually have 8 chips
New chip! We now have 9 chips
Chip initialization complete (found )
Chip initializing complete...
 ARC

 [4/4] DRAM

 [16/16] ETH

 CPU

Ok I was wrong we actually have 8 chips
Chip detection complete (found )

[32m2025-05-14 21:17:05.267[0m | [1m[38;2;100;149;237mINFO    [0m | [36mSiliconDriver  [0m - Opened PCI device 0; KMD version: 1.31.0, IOMMU: disabled
[32m2025-05-14 21:17:05.268[0m | [1m[38;2;100;149;237mINFO    [0m | [36mSiliconDriver  [0m - Opened PCI device 1; KMD version: 1.31.0, IOMMU: disabled
[32m2025-05-14 21:17:05.270[0m | [1m[38;2;100;149;237mINFO    [0m | [36mSiliconDriver  [0m - Opened PCI device 2; KMD version: 1.31.0, IOMMU: disabled
[32m2025-05-14 21:17:05.271[0m | [1m[38;2;100;149;237mINFO    [0m | [36mSiliconDriver  [0m - Opened PCI device 3; KMD version: 1.31.0, IOMMU: disabled
[32m2025-05-14 21:17:05.277[0m | [1m[38;2;100;149;237mINFO    [0m | [36mSiliconDriver  [0m - Opened PCI device 0; KMD version: 1.31.0, IOMMU: disabled
[32m2025-05-14 21:17:05.278[0m | [1m[38;2;100;149;237mINFO    [0m | [36mSiliconDriver  [0m - Opened PCI device 1; KMD version: 1.31.0, IOMMU: disabled
[32m2025-05-14 21:17:05.280[0m | [1m[38;2;100;149;237mINFO    [0m | [36mSiliconDriver  [0m - Opened PCI device 2; KMD version: 1.31.0, IOMMU: disabled
[32m2025-05-14 21:17:05.281[0m | [1m[38;2;100;149;237mINFO    [0m | [36mSiliconDriver  [0m - Opened PCI device 3; KMD version: 1.31.0, IOMMU: disabled
[32m2025-05-14 21:17:05.287[0m | [1m[38;2;100;149;237mINFO    [0m | [36mSiliconDriver  [0m - Harvesting mask for chip 3 is 0x202 (physical layout: 0x9, logical: 0x202, simulated harvesting mask: 0x0).
[32m2025-05-14 21:17:05.295[0m | [1m[38;2;100;149;237mINFO    [0m | [36mSiliconDriver  [0m - Opened PCI device 3; KMD version: 1.31.0, IOMMU: disabled
[32m2025-05-14 21:17:05.335[0m | [1m[38;2;100;149;237mINFO    [0m | [36mSiliconDriver  [0m - Harvesting mask for chip 2 is 0x210 (physical layout: 0x201, logical: 0x210, simulated harvesting mask: 0x0).
[32m2025-05-14 21:17:05.343[0m | [1m[38;2;100;149;237mINFO    [0m | [36mSiliconDriver  [0m - Opened PCI device 2; KMD version: 1.31.0, IOMMU: disabled
[32m2025-05-14 21:17:05.358[0m | [1m[38;2;100;149;237mINFO    [0m | [36mSiliconDriver  [0m - Harvesting mask for chip 1 is 0x300 (physical layout: 0x5, logical: 0x300, simulated harvesting mask: 0x0).
[32m2025-05-14 21:17:05.365[0m | [1m[38;2;100;149;237mINFO    [0m | [36mSiliconDriver  [0m - Opened PCI device 1; KMD version: 1.31.0, IOMMU: disabled
[32m2025-05-14 21:17:05.382[0m | [1m[38;2;100;149;237mINFO    [0m | [36mSiliconDriver  [0m - Harvesting mask for chip 0 is 0x220 (physical layout: 0x101, logical: 0x220, simulated harvesting mask: 0x0).
[32m2025-05-14 21:17:05.389[0m | [1m[38;2;100;149;237mINFO    [0m | [36mSiliconDriver  [0m - Opened PCI device 0; KMD version: 1.31.0, IOMMU: disabled
[32m2025-05-14 21:17:05.405[0m | [1m[38;2;100;149;237mINFO    [0m | [36mSiliconDriver  [0m - Harvesting mask for chip 7 is 0x202 (physical layout: 0x9, logical: 0x202, simulated harvesting mask: 0x0).
[32m2025-05-14 21:17:05.412[0m | [1m[38;2;100;149;237mINFO    [0m | [36mSiliconDriver  [0m - Harvesting mask for chip 6 is 0x201 (physical layout: 0x3, logical: 0x201, simulated harvesting mask: 0x0).
[32m2025-05-14 21:17:05.419[0m | [1m[38;2;100;149;237mINFO    [0m | [36mSiliconDriver  [0m - Harvesting mask for chip 5 is 0x210 (physical layout: 0x201, logical: 0x210, simulated harvesting mask: 0x0).
[32m2025-05-14 21:17:05.427[0m | [1m[38;2;100;149;237mINFO    [0m | [36mSiliconDriver  [0m - Harvesting mask for chip 4 is 0x220 (physical layout: 0x101, logical: 0x220, simulated harvesting mask: 0x0).
[32m2025-05-14 21:17:05.434[0m | [1m[38;2;100;149;237mINFO    [0m | [36mSiliconDriver  [0m - Detected PCI devices: [0, 1, 2, 3]
[32m2025-05-14 21:17:05.434[0m | [1m[38;2;100;149;237mINFO    [0m | [36mSiliconDriver  [0m - Using local chip ids: {0, 1, 2, 3} and remote chip ids {4, 5, 6, 7}
[32m2025-05-14 21:17:05.440[0m | [1m[38;2;100;149;237mINFO    [0m | [36mSiliconDriver  [0m - Software version 6.0.0, Ethernet FW version 6.10.0 (Device 0)
[32m2025-05-14 21:17:05.440[0m | [1m[38;2;100;149;237mINFO    [0m | [36mSiliconDriver  [0m - Software version 6.0.0, Ethernet FW version 6.10.0 (Device 1)
[32m2025-05-14 21:17:05.440[0m | [1m[38;2;100;149;237mINFO    [0m | [36mSiliconDriver  [0m - Software version 6.0.0, Ethernet FW version 6.10.0 (Device 2)
[32m2025-05-14 21:17:05.440[0m | [1m[38;2;100;149;237mINFO    [0m | [36mSiliconDriver  [0m - Software version 6.0.0, Ethernet FW version 6.10.0 (Device 3)
[32m2025-05-14 21:17:05.440[0m | [1m[38;2;100;149;237mINFO    [0m | [36mSiliconDriver  [0m - Software version 6.0.0, Ethernet FW version 6.10.0 (Device 4)
[32m2025-05-14 21:17:05.441[0m | [1m[38;2;100;149;237mINFO    [0m | [36mSiliconDriver  [0m - Software version 6.0.0, Ethernet FW version 6.10.0 (Device 5)
[32m2025-05-14 21:17:05.441[0m | [1m[38;2;100;149;237mINFO    [0m | [36mSiliconDriver  [0m - Software version 6.0.0, Ethernet FW version 6.10.0 (Device 6)
[32m2025-05-14 21:17:05.441[0m | [1m[38;2;100;149;237mINFO    [0m | [36mSiliconDriver  [0m - Software version 6.0.0, Ethernet FW version 6.10.0 (Device 7)
Read unexpected run_mailbox value: 0x40 (expected 0x80 or 0x0)
Read unexpected run_mailbox value: 0x40 (expected 0x80 or 0x0)
Read unexpected run_mailbox value: 0x40 (expected 0x80 or 0x0)
Read unexpected run_mailbox value: 0x40 (expected 0x80 or 0x0)
Read unexpected run_mailbox value: 0x40 (expected 0x80 or 0x0)
Read unexpected run_mailbox value: 0x40 (expected 0x80 or 0x0)
Read unexpected run_mailbox value: 0x40 (expected 0x80 or 0x0)
Read unexpected run_mailbox value: 0x40 (expected 0x80 or 0x0)
[32m                 Always[0m | [1m[38;5;240m   DEBUG[0m | Device grid size = { 8, 8 }
2025-05-14 21:17:07.926 (   2.986s) [        6322E480]              stubs.inc:124   WARN| STUB: PJRT_Client_TopologyDescription
2025-05-14 21:17:07.926 (   2.986s) [        6322E480]      error_instance.cc:49       1| ErrorInstance::PJRT_Error_Message
2025-05-14 21:17:07.926 (   2.986s) [        6322E480]      error_instance.cc:58       1| ErrorInstance::PJRT_Error_GetCode
2025-05-14 21:17:07.926 (   2.986s) [        6322E480]      error_instance.cc:43       1| ErrorInstance::PJRT_Error_Destroy
2025-05-14 21:17:07.926 (   2.986s) [        6322E480]     client_instance.cc:247      1| ClientInstance::PJRT_Client_PlatformVersion
2025-05-14 21:17:07.926 (   2.986s) [        6322E480]     client_instance.cc:227      1| ClientInstance::PJRT_Client_PlatformName
2025-05-14 21:17:07.926 (   2.986s) [        6322E480]     client_instance.cc:259      1| ClientInstance::PJRT_Client_Devices
2025-05-14 21:17:07.926 (   2.986s) [        6322E480]     device_instance.cc:44       1| DeviceInstance::PJRT_Device_GetDescription
2025-05-14 21:17:07.926 (   2.986s) [        6322E480]  device_description.cc:63       1| DeviceDescription::PJRT_DeviceDescription_Attributes
2025-05-14 21:17:07.926 (   2.986s) [        6322E480]     device_instance.cc:44       1| DeviceInstance::PJRT_Device_GetDescription
2025-05-14 21:17:07.926 (   2.986s) [        6322E480]  device_description.cc:63       1| DeviceDescription::PJRT_DeviceDescription_Attributes
2025-05-14 21:17:07.926 (   2.986s) [        6322E480]     device_instance.cc:44       1| DeviceInstance::PJRT_Device_GetDescription
2025-05-14 21:17:07.926 (   2.986s) [        6322E480]  device_description.cc:63       1| DeviceDescription::PJRT_DeviceDescription_Attributes
2025-05-14 21:17:07.926 (   2.986s) [        6322E480]     device_instance.cc:44       1| DeviceInstance::PJRT_Device_GetDescription
2025-05-14 21:17:07.926 (   2.986s) [        6322E480]  device_description.cc:63       1| DeviceDescription::PJRT_DeviceDescription_Attributes
2025-05-14 21:17:07.926 (   2.986s) [        6322E480]     device_instance.cc:44       1| DeviceInstance::PJRT_Device_GetDescription
2025-05-14 21:17:07.926 (   2.986s) [        6322E480]  device_description.cc:63       1| DeviceDescription::PJRT_DeviceDescription_Attributes
2025-05-14 21:17:07.926 (   2.986s) [        6322E480]     device_instance.cc:44       1| DeviceInstance::PJRT_Device_GetDescription
2025-05-14 21:17:07.926 (   2.986s) [        6322E480]  device_description.cc:63       1| DeviceDescription::PJRT_DeviceDescription_Attributes
2025-05-14 21:17:07.926 (   2.986s) [        6322E480]     device_instance.cc:44       1| DeviceInstance::PJRT_Device_GetDescription
2025-05-14 21:17:07.926 (   2.986s) [        6322E480]  device_description.cc:63       1| DeviceDescription::PJRT_DeviceDescription_Attributes
2025-05-14 21:17:07.926 (   2.986s) [        6322E480]     device_instance.cc:44       1| DeviceInstance::PJRT_Device_GetDescription
2025-05-14 21:17:07.926 (   2.986s) [        6322E480]  device_description.cc:63       1| DeviceDescription::PJRT_DeviceDescription_Attributes
2025-05-14 21:17:07.926 (   2.986s) [        6322E480]     client_instance.cc:272      1| ClientInstance::PJRT_Client_AddressableDevices
2025-05-14 21:17:07.926 (   2.986s) [        6322E480]     client_instance.cc:322      1| ClientInstance::PJRT_Client_AddressableMemories
2025-05-14 21:17:07.926 (   2.986s) [        6322E480]     device_instance.cc:71       1| DeviceInstance::PJRT_Device_AddressableMemories
2025-05-14 21:17:07.926 (   2.986s) [        6322E480]     device_instance.cc:71       1| DeviceInstance::PJRT_Device_AddressableMemories
2025-05-14 21:17:07.926 (   2.986s) [        6322E480]     device_instance.cc:71       1| DeviceInstance::PJRT_Device_AddressableMemories
2025-05-14 21:17:07.926 (   2.986s) [        6322E480]     device_instance.cc:71       1| DeviceInstance::PJRT_Device_AddressableMemories
2025-05-14 21:17:07.926 (   2.986s) [        6322E480]     device_instance.cc:71       1| DeviceInstance::PJRT_Device_AddressableMemories
2025-05-14 21:17:07.926 (   2.986s) [        6322E480]     device_instance.cc:71       1| DeviceInstance::PJRT_Device_AddressableMemories
2025-05-14 21:17:07.926 (   2.986s) [        6322E480]     device_instance.cc:71       1| DeviceInstance::PJRT_Device_AddressableMemories
2025-05-14 21:17:07.926 (   2.986s) [        6322E480]     device_instance.cc:71       1| DeviceInstance::PJRT_Device_AddressableMemories
2025-05-14 21:17:07.926 (   2.986s) [        6322E480]     memory_instance.cc:124      1| MemoryInstance::PJRT_Memory_AddressableByDevices
2025-05-14 21:17:07.926 (   2.986s) [        6322E480]     memory_instance.cc:124      1| MemoryInstance::PJRT_Memory_AddressableByDevices
2025-05-14 21:17:07.926 (   2.986s) [        6322E480]     memory_instance.cc:124      1| MemoryInstance::PJRT_Memory_AddressableByDevices
2025-05-14 21:17:07.926 (   2.986s) [        6322E480]     memory_instance.cc:124      1| MemoryInstance::PJRT_Memory_AddressableByDevices
2025-05-14 21:17:07.926 (   2.986s) [        6322E480]     memory_instance.cc:124      1| MemoryInstance::PJRT_Memory_AddressableByDevices
2025-05-14 21:17:07.926 (   2.986s) [        6322E480]     memory_instance.cc:124      1| MemoryInstance::PJRT_Memory_AddressableByDevices
2025-05-14 21:17:07.926 (   2.986s) [        6322E480]     memory_instance.cc:124      1| MemoryInstance::PJRT_Memory_AddressableByDevices
2025-05-14 21:17:07.926 (   2.986s) [        6322E480]     memory_instance.cc:124      1| MemoryInstance::PJRT_Memory_AddressableByDevices
2025-05-14 21:17:07.926 (   2.986s) [        6322E480]     memory_instance.cc:124      1| MemoryInstance::PJRT_Memory_AddressableByDevices
2025-05-14 21:17:07.926 (   2.986s) [        6322E480]        api_bindings.cc:76       1| PJRT_Plugin_Attributes
2025-05-14 21:17:07.926786: W torch_xla/csrc/runtime/profiler.cc:88] Profiler API not found for PJRT plugin
2025-05-14 21:17:07.926 (   2.986s) [        6322E480]  device_description.cc:44       1| DeviceDescription::PJRT_DeviceDescription_Id
2025-05-14 21:17:07.926 (   2.986s) [        6322E480]  device_description.cc:44       1| DeviceDescription::PJRT_DeviceDescription_Id
2025-05-14 21:17:07.926 (   2.986s) [        6322E480]  device_description.cc:44       1| DeviceDescription::PJRT_DeviceDescription_Id
2025-05-14 21:17:07.926 (   2.986s) [        6322E480]  device_description.cc:44       1| DeviceDescription::PJRT_DeviceDescription_Id
2025-05-14 21:17:07.926 (   2.986s) [        6322E480]  device_description.cc:44       1| DeviceDescription::PJRT_DeviceDescription_Id
2025-05-14 21:17:07.926 (   2.986s) [        6322E480]  device_description.cc:44       1| DeviceDescription::PJRT_DeviceDescription_Id
2025-05-14 21:17:07.926 (   2.986s) [        6322E480]  device_description.cc:44       1| DeviceDescription::PJRT_DeviceDescription_Id
2025-05-14 21:17:07.926 (   2.986s) [        6322E480]  device_description.cc:44       1| DeviceDescription::PJRT_DeviceDescription_Id
2025-05-14 21:17:07.926 (   2.986s) [        6322E480]  device_description.cc:44       1| DeviceDescription::PJRT_DeviceDescription_Id
2025-05-14 21:17:07.926 (   2.986s) [        6322E480]  device_description.cc:44       1| DeviceDescription::PJRT_DeviceDescription_Id
2025-05-14 21:17:07.926 (   2.986s) [        6322E480]  device_description.cc:44       1| DeviceDescription::PJRT_DeviceDescription_Id
2025-05-14 21:17:07.926 (   2.986s) [        6322E480]  device_description.cc:44       1| DeviceDescription::PJRT_DeviceDescription_Id
2025-05-14 21:17:07.926 (   2.986s) [        6322E480]  device_description.cc:44       1| DeviceDescription::PJRT_DeviceDescription_Id
2025-05-14 21:17:07.926 (   2.986s) [        6322E480]  device_description.cc:44       1| DeviceDescription::PJRT_DeviceDescription_Id
2025-05-14 21:17:07.926 (   2.986s) [        6322E480]  device_description.cc:44       1| DeviceDescription::PJRT_DeviceDescription_Id
2025-05-14 21:17:07.926 (   2.986s) [        6322E480]  device_description.cc:44       1| DeviceDescription::PJRT_DeviceDescription_Id
2025-05-14 21:17:07.926 (   2.986s) [        6322E480]  device_description.cc:44       1| DeviceDescription::PJRT_DeviceDescription_Id
2025-05-14 21:17:07.926 (   2.986s) [        6322E480]  device_description.cc:44       1| DeviceDescription::PJRT_DeviceDescription_Id
2025-05-14 21:17:07.926 (   2.986s) [        6322E480]  device_description.cc:44       1| DeviceDescription::PJRT_DeviceDescription_Id
2025-05-14 21:17:07.926 (   2.986s) [        6322E480]  device_description.cc:44       1| DeviceDescription::PJRT_DeviceDescription_Id
2025-05-14 21:17:07.926 (   2.986s) [        6322E480]  device_description.cc:44       1| DeviceDescription::PJRT_DeviceDescription_Id
2025-05-14 21:17:07.926 (   2.986s) [        6322E480]  device_description.cc:44       1| DeviceDescription::PJRT_DeviceDescription_Id
2025-05-14 21:17:07.926 (   2.986s) [        6322E480]  device_description.cc:44       1| DeviceDescription::PJRT_DeviceDescription_Id
2025-05-14 21:17:07.926 (   2.986s) [        6322E480]  device_description.cc:44       1| DeviceDescription::PJRT_DeviceDescription_Id
2025-05-14 21:17:07.926 (   2.986s) [        6322E480]  device_description.cc:44       1| DeviceDescription::PJRT_DeviceDescription_Id
2025-05-14 21:17:07.926 (   2.986s) [        6322E480]  device_description.cc:44       1| DeviceDescription::PJRT_DeviceDescription_Id
2025-05-14 21:17:07.926 (   2.986s) [        6322E480]  device_description.cc:44       1| DeviceDescription::PJRT_DeviceDescription_Id
2025-05-14 21:17:07.926 (   2.986s) [        6322E480]  device_description.cc:44       1| DeviceDescription::PJRT_DeviceDescription_Id
2025-05-14 21:17:07.926 (   2.986s) [        6322E480]  device_description.cc:44       1| DeviceDescription::PJRT_DeviceDescription_Id
2025-05-14 21:17:07.926 (   2.986s) [        6322E480]  device_description.cc:44       1| DeviceDescription::PJRT_DeviceDescription_Id
2025-05-14 21:17:07.926 (   2.986s) [        6322E480]  device_description.cc:44       1| DeviceDescription::PJRT_DeviceDescription_Id
2025-05-14 21:17:07.926 (   2.986s) [        6322E480]  device_description.cc:44       1| DeviceDescription::PJRT_DeviceDescription_Id
2025-05-14 21:17:07.926 (   2.986s) [        6322E480]  device_description.cc:44       1| DeviceDescription::PJRT_DeviceDescription_Id
2025-05-14 21:17:07.926 (   2.986s) [        6322E480]  device_description.cc:44       1| DeviceDescription::PJRT_DeviceDescription_Id
2025-05-14 21:17:07.926 (   2.986s) [        6322E480]  device_description.cc:44       1| DeviceDescription::PJRT_DeviceDescription_Id
2025-05-14 21:17:07.926 (   2.986s) [        6322E480]  device_description.cc:44       1| DeviceDescription::PJRT_DeviceDescription_Id
2025-05-14 21:17:07.926 (   2.986s) [        6322E480]  device_description.cc:44       1| DeviceDescription::PJRT_DeviceDescription_Id
2025-05-14 21:17:07.926 (   2.986s) [        6322E480]  device_description.cc:44       1| DeviceDescription::PJRT_DeviceDescription_Id
2025-05-14 21:17:07.926 (   2.986s) [        6322E480]  device_description.cc:44       1| DeviceDescription::PJRT_DeviceDescription_Id
2025-05-14 21:17:07.926 (   2.986s) [        6322E480]  device_description.cc:44       1| DeviceDescription::PJRT_DeviceDescription_Id
2025-05-14 21:17:07.926 (   2.986s) [        6322E480]  device_description.cc:44       1| DeviceDescription::PJRT_DeviceDescription_Id
2025-05-14 21:17:07.926 (   2.986s) [        6322E480]  device_description.cc:44       1| DeviceDescription::PJRT_DeviceDescription_Id
2025-05-14 21:17:07.926 (   2.986s) [        6322E480]  device_description.cc:44       1| DeviceDescription::PJRT_DeviceDescription_Id
2025-05-14 21:17:07.926 (   2.986s) [        6322E480]  device_description.cc:44       1| DeviceDescription::PJRT_DeviceDescription_Id
2025-05-14 21:17:07.926 (   2.986s) [        6322E480]  device_description.cc:44       1| DeviceDescription::PJRT_DeviceDescription_Id
2025-05-14 21:17:07.926 (   2.986s) [        6322E480]  device_description.cc:44       1| DeviceDescription::PJRT_DeviceDescription_Id
2025-05-14 21:17:07.926 (   2.986s) [        6322E480]  device_description.cc:44       1| DeviceDescription::PJRT_DeviceDescription_Id
2025-05-14 21:17:07.926 (   2.986s) [        6322E480]  device_description.cc:44       1| DeviceDescription::PJRT_DeviceDescription_Id
2025-05-14 21:17:07.926 (   2.986s) [        6322E480]  device_description.cc:44       1| DeviceDescription::PJRT_DeviceDescription_Id
2025-05-14 21:17:07.926 (   2.986s) [        6322E480]  device_description.cc:44       1| DeviceDescription::PJRT_DeviceDescription_Id
2025-05-14 21:17:07.926 (   2.986s) [        6322E480]  device_description.cc:44       1| DeviceDescription::PJRT_DeviceDescription_Id
2025-05-14 21:17:07.926 (   2.986s) [        6322E480]  device_description.cc:44       1| DeviceDescription::PJRT_DeviceDescription_Id
2025-05-14 21:17:07.926 (   2.986s) [        6322E480]  device_description.cc:44       1| DeviceDescription::PJRT_DeviceDescription_Id
2025-05-14 21:17:07.926 (   2.986s) [        6322E480]  device_description.cc:44       1| DeviceDescription::PJRT_DeviceDescription_Id
2025-05-14 21:17:07.926 (   2.986s) [        6322E480]  device_description.cc:44       1| DeviceDescription::PJRT_DeviceDescription_Id
2025-05-14 21:17:07.926 (   2.986s) [        6322E480]  device_description.cc:44       1| DeviceDescription::PJRT_DeviceDescription_Id
2025-05-14 21:17:07.926 (   2.986s) [        6322E480]  device_description.cc:44       1| DeviceDescription::PJRT_DeviceDescription_Id
2025-05-14 21:17:07.926 (   2.986s) [        6322E480]  device_description.cc:44       1| DeviceDescription::PJRT_DeviceDescription_Id
2025-05-14 21:17:07.926 (   2.986s) [        6322E480]  device_description.cc:44       1| DeviceDescription::PJRT_DeviceDescription_Id
2025-05-14 21:17:07.926 (   2.986s) [        6322E480]  device_description.cc:44       1| DeviceDescription::PJRT_DeviceDescription_Id
2025-05-14 21:17:07.926 (   2.986s) [        6322E480]  device_description.cc:99       1| DeviceDescription::PJRT_DeviceDescription_ToString
2025-05-14 21:17:07.926 (   2.986s) [        6322E480]  device_description.cc:99       1| DeviceDescription::PJRT_DeviceDescription_ToString
2025-05-14 21:17:07.927 (   2.986s) [        6322E480]  device_description.cc:99       1| DeviceDescription::PJRT_DeviceDescription_ToString
2025-05-14 21:17:07.927 (   2.986s) [        6322E480]  device_description.cc:99       1| DeviceDescription::PJRT_DeviceDescription_ToString
2025-05-14 21:17:07.927 (   2.986s) [        6322E480]  device_description.cc:99       1| DeviceDescription::PJRT_DeviceDescription_ToString
2025-05-14 21:17:07.927 (   2.986s) [        6322E480]  device_description.cc:99       1| DeviceDescription::PJRT_DeviceDescription_ToString
2025-05-14 21:17:07.927 (   2.986s) [        6322E480]  device_description.cc:99       1| DeviceDescription::PJRT_DeviceDescription_ToString
2025-05-14 21:17:07.927 (   2.986s) [        6322E480]  device_description.cc:99       1| DeviceDescription::PJRT_DeviceDescription_ToString
2025-05-14 21:17:07.927 (   2.986s) [        6322E480]  device_description.cc:44       1| DeviceDescription::PJRT_DeviceDescription_Id
2025-05-14 21:17:07.927 (   2.986s) [        6322E480]  device_description.cc:44       1| DeviceDescription::PJRT_DeviceDescription_Id
2025-05-14 21:17:07.927 (   2.986s) [        6322E480]  device_description.cc:44       1| DeviceDescription::PJRT_DeviceDescription_Id
2025-05-14 21:17:07.927 (   2.986s) [        6322E480]  device_description.cc:44       1| DeviceDescription::PJRT_DeviceDescription_Id
2025-05-14 21:17:07.927 (   2.986s) [        6322E480]  device_description.cc:44       1| DeviceDescription::PJRT_DeviceDescription_Id
2025-05-14 21:17:07.927 (   2.986s) [        6322E480]  device_description.cc:44       1| DeviceDescription::PJRT_DeviceDescription_Id
2025-05-14 21:17:07.927 (   2.986s) [        6322E480]  device_description.cc:44       1| DeviceDescription::PJRT_DeviceDescription_Id
2025-05-14 21:17:07.927 (   2.986s) [        6322E480]  device_description.cc:44       1| DeviceDescription::PJRT_DeviceDescription_Id
2025-05-14 21:17:07.927 (   2.986s) [        6322E480]  device_description.cc:44       1| DeviceDescription::PJRT_DeviceDescription_Id
2025-05-14 21:17:07.927 (   2.986s) [        6322E480]  device_description.cc:44       1| DeviceDescription::PJRT_DeviceDescription_Id
2025-05-14 21:17:07.927 (   2.986s) [        6322E480]  device_description.cc:44       1| DeviceDescription::PJRT_DeviceDescription_Id
2025-05-14 21:17:07.927 (   2.986s) [        6322E480]  device_description.cc:44       1| DeviceDescription::PJRT_DeviceDescription_Id
2025-05-14 21:17:07.927 (   2.986s) [        6322E480]  device_description.cc:44       1| DeviceDescription::PJRT_DeviceDescription_Id
2025-05-14 21:17:07.927 (   2.986s) [        6322E480]  device_description.cc:44       1| DeviceDescription::PJRT_DeviceDescription_Id
2025-05-14 21:17:07.927 (   2.986s) [        6322E480]  device_description.cc:44       1| DeviceDescription::PJRT_DeviceDescription_Id
2025-05-14 21:17:07.927 (   2.986s) [        6322E480]  device_description.cc:44       1| DeviceDescription::PJRT_DeviceDescription_Id
2025-05-14 21:17:08.263 (   3.323s) [        6322E480]  device_description.cc:44       1| DeviceDescription::PJRT_DeviceDescription_Id
2025-05-14 21:17:08.263 (   3.323s) [        6322E480]  device_description.cc:44       1| DeviceDescription::PJRT_DeviceDescription_Id
2025-05-14 21:17:08.263 (   3.323s) [        6322E480]  device_description.cc:44       1| DeviceDescription::PJRT_DeviceDescription_Id
2025-05-14 21:17:08.263 (   3.323s) [        6322E480]  device_description.cc:44       1| DeviceDescription::PJRT_DeviceDescription_Id
2025-05-14 21:17:08.263 (   3.323s) [        6322E480]  device_description.cc:44       1| DeviceDescription::PJRT_DeviceDescription_Id
2025-05-14 21:17:08.263 (   3.323s) [        6322E480]  device_description.cc:44       1| DeviceDescription::PJRT_DeviceDescription_Id
2025-05-14 21:17:08.263 (   3.323s) [        6322E480]  device_description.cc:44       1| DeviceDescription::PJRT_DeviceDescription_Id
2025-05-14 21:17:08.263 (   3.323s) [        6322E480]  device_description.cc:44       1| DeviceDescription::PJRT_DeviceDescription_Id
2025-05-14 21:17:08.270 (   3.329s) [        6322E480]     device_instance.cc:82       1| DeviceInstance::PJRT_Device_DefaultMemory
2025-05-14 21:17:08.270 (   3.329s) [        6322E480]     client_instance.cc:370      1| ClientInstance::PJRT_Client_BufferFromHostBuffer
2025-05-14 21:17:08.270 (   3.330s) [        6322E480]     memory_instance.cc:57       1| MemoryInstance::getDevice
2025-05-14 21:17:08.271 (   3.330s) [        6322E480]      event_instance.cc:222      1| EventInstance::PJRT_Event_OnReady
2025-05-14 21:17:08.271 (   3.330s) [        6322E480]      event_instance.cc:171      1| EventInstance::PJRT_Event_Destroy
2025-05-14 21:17:08.271 (   3.330s) [        6322E480]     device_instance.cc:82       1| DeviceInstance::PJRT_Device_DefaultMemory
2025-05-14 21:17:08.271 (   3.330s) [        6322E480]     client_instance.cc:370      1| ClientInstance::PJRT_Client_BufferFromHostBuffer
2025-05-14 21:17:08.271 (   3.330s) [        6322E480]     memory_instance.cc:57       1| MemoryInstance::getDevice
2025-05-14 21:17:08.271 (   3.330s) [        6322E480]      event_instance.cc:222      1| EventInstance::PJRT_Event_OnReady
2025-05-14 21:17:08.271 (   3.330s) [        6322E480]      event_instance.cc:171      1| EventInstance::PJRT_Event_Destroy
2025-05-14 21:17:08.271 (   3.330s) [        6322E480]     device_instance.cc:82       1| DeviceInstance::PJRT_Device_DefaultMemory
2025-05-14 21:17:08.271 (   3.330s) [        6322E480]     client_instance.cc:370      1| ClientInstance::PJRT_Client_BufferFromHostBuffer
2025-05-14 21:17:08.271 (   3.330s) [        6322E480]     memory_instance.cc:57       1| MemoryInstance::getDevice
2025-05-14 21:17:08.271 (   3.330s) [        6322E480]      event_instance.cc:222      1| EventInstance::PJRT_Event_OnReady
2025-05-14 21:17:08.271 (   3.330s) [        6322E480]      event_instance.cc:171      1| EventInstance::PJRT_Event_Destroy
2025-05-14 21:17:08.271 (   3.330s) [        6322E480]     device_instance.cc:82       1| DeviceInstance::PJRT_Device_DefaultMemory
2025-05-14 21:17:08.271 (   3.330s) [        6322E480]     client_instance.cc:370      1| ClientInstance::PJRT_Client_BufferFromHostBuffer
2025-05-14 21:17:08.271 (   3.330s) [        6322E480]     memory_instance.cc:57       1| MemoryInstance::getDevice
2025-05-14 21:17:08.271 (   3.331s) [        6322E480]      event_instance.cc:222      1| EventInstance::PJRT_Event_OnReady
2025-05-14 21:17:08.271 (   3.331s) [        6322E480]      event_instance.cc:171      1| EventInstance::PJRT_Event_Destroy
2025-05-14 21:17:08.271 (   3.331s) [        6322E480]     device_instance.cc:82       1| DeviceInstance::PJRT_Device_DefaultMemory
2025-05-14 21:17:08.271 (   3.331s) [        6322E480]     client_instance.cc:370      1| ClientInstance::PJRT_Client_BufferFromHostBuffer
2025-05-14 21:17:08.271 (   3.331s) [        6322E480]     memory_instance.cc:57       1| MemoryInstance::getDevice
2025-05-14 21:17:08.271 (   3.331s) [        6322E480]      event_instance.cc:222      1| EventInstance::PJRT_Event_OnReady
2025-05-14 21:17:08.271 (   3.331s) [        6322E480]      event_instance.cc:171      1| EventInstance::PJRT_Event_Destroy
2025-05-14 21:17:08.271 (   3.331s) [        6322E480]     device_instance.cc:82       1| DeviceInstance::PJRT_Device_DefaultMemory
2025-05-14 21:17:08.271 (   3.331s) [        6322E480]     client_instance.cc:370      1| ClientInstance::PJRT_Client_BufferFromHostBuffer
2025-05-14 21:17:08.271 (   3.331s) [        6322E480]     memory_instance.cc:57       1| MemoryInstance::getDevice
2025-05-14 21:17:08.271 (   3.331s) [        6322E480]      event_instance.cc:222      1| EventInstance::PJRT_Event_OnReady
2025-05-14 21:17:08.271 (   3.331s) [        6322E480]      event_instance.cc:171      1| EventInstance::PJRT_Event_Destroy
2025-05-14 21:17:08.271 (   3.331s) [        6322E480]     device_instance.cc:82       1| DeviceInstance::PJRT_Device_DefaultMemory
2025-05-14 21:17:08.271 (   3.331s) [        6322E480]     client_instance.cc:370      1| ClientInstance::PJRT_Client_BufferFromHostBuffer
2025-05-14 21:17:08.271 (   3.331s) [        6322E480]     memory_instance.cc:57       1| MemoryInstance::getDevice
2025-05-14 21:17:08.272 (   3.331s) [        6322E480]      event_instance.cc:222      1| EventInstance::PJRT_Event_OnReady
2025-05-14 21:17:08.272 (   3.331s) [        6322E480]      event_instance.cc:171      1| EventInstance::PJRT_Event_Destroy
2025-05-14 21:17:08.272 (   3.331s) [        6322E480]     device_instance.cc:82       1| DeviceInstance::PJRT_Device_DefaultMemory
2025-05-14 21:17:08.272 (   3.331s) [        6322E480]     client_instance.cc:370      1| ClientInstance::PJRT_Client_BufferFromHostBuffer
2025-05-14 21:17:08.272 (   3.331s) [        6322E480]     memory_instance.cc:57       1| MemoryInstance::getDevice
2025-05-14 21:17:08.272 (   3.331s) [        6322E480]      event_instance.cc:222      1| EventInstance::PJRT_Event_OnReady
2025-05-14 21:17:08.272 (   3.331s) [        6322E480]      event_instance.cc:171      1| EventInstance::PJRT_Event_Destroy
2025-05-14 21:17:08.275 (   3.334s) [        6322E480]  device_description.cc:44       1| DeviceDescription::PJRT_DeviceDescription_Id
2025-05-14 21:17:08.275 (   3.334s) [        6322E480]  device_description.cc:44       1| DeviceDescription::PJRT_DeviceDescription_Id
2025-05-14 21:17:08.275 (   3.334s) [        6322E480]  device_description.cc:44       1| DeviceDescription::PJRT_DeviceDescription_Id
2025-05-14 21:17:08.275 (   3.334s) [        6322E480]  device_description.cc:44       1| DeviceDescription::PJRT_DeviceDescription_Id
2025-05-14 21:17:08.275 (   3.334s) [        6322E480]  device_description.cc:44       1| DeviceDescription::PJRT_DeviceDescription_Id
2025-05-14 21:17:08.275 (   3.334s) [        6322E480]  device_description.cc:44       1| DeviceDescription::PJRT_DeviceDescription_Id
2025-05-14 21:17:08.275 (   3.334s) [        6322E480]  device_description.cc:44       1| DeviceDescription::PJRT_DeviceDescription_Id
2025-05-14 21:17:08.275 (   3.334s) [        6322E480]  device_description.cc:44       1| DeviceDescription::PJRT_DeviceDescription_Id
2025-05-14 21:17:08.302 (   3.362s) [        6322E480]     device_instance.cc:82       1| DeviceInstance::PJRT_Device_DefaultMemory
2025-05-14 21:17:08.302 (   3.362s) [        6322E480]     client_instance.cc:370      1| ClientInstance::PJRT_Client_BufferFromHostBuffer
2025-05-14 21:17:08.302 (   3.362s) [        6322E480]     memory_instance.cc:57       1| MemoryInstance::getDevice
2025-05-14 21:17:08.302 (   3.362s) [        6322E480]      event_instance.cc:222      1| EventInstance::PJRT_Event_OnReady
2025-05-14 21:17:08.302 (   3.362s) [        6322E480]      event_instance.cc:171      1| EventInstance::PJRT_Event_Destroy
2025-05-14 21:17:08.302 (   3.362s) [        6322E480]     device_instance.cc:82       1| DeviceInstance::PJRT_Device_DefaultMemory
2025-05-14 21:17:08.302 (   3.362s) [        6322E480]     client_instance.cc:370      1| ClientInstance::PJRT_Client_BufferFromHostBuffer
2025-05-14 21:17:08.302 (   3.362s) [        6322E480]     memory_instance.cc:57       1| MemoryInstance::getDevice
2025-05-14 21:17:08.303 (   3.362s) [        6322E480]      event_instance.cc:222      1| EventInstance::PJRT_Event_OnReady
2025-05-14 21:17:08.303 (   3.362s) [        6322E480]      event_instance.cc:171      1| EventInstance::PJRT_Event_Destroy
2025-05-14 21:17:08.303 (   3.362s) [        6322E480]     device_instance.cc:82       1| DeviceInstance::PJRT_Device_DefaultMemory
2025-05-14 21:17:08.303 (   3.362s) [        6322E480]     client_instance.cc:370      1| ClientInstance::PJRT_Client_BufferFromHostBuffer
2025-05-14 21:17:08.303 (   3.362s) [        6322E480]     memory_instance.cc:57       1| MemoryInstance::getDevice
2025-05-14 21:17:08.303 (   3.362s) [        6322E480]      event_instance.cc:222      1| EventInstance::PJRT_Event_OnReady
2025-05-14 21:17:08.303 (   3.362s) [        6322E480]      event_instance.cc:171      1| EventInstance::PJRT_Event_Destroy
2025-05-14 21:17:08.303 (   3.362s) [        6322E480]     device_instance.cc:82       1| DeviceInstance::PJRT_Device_DefaultMemory
2025-05-14 21:17:08.303 (   3.362s) [        6322E480]     client_instance.cc:370      1| ClientInstance::PJRT_Client_BufferFromHostBuffer
2025-05-14 21:17:08.303 (   3.362s) [        6322E480]     memory_instance.cc:57       1| MemoryInstance::getDevice
2025-05-14 21:17:08.303 (   3.362s) [        6322E480]      event_instance.cc:222      1| EventInstance::PJRT_Event_OnReady
2025-05-14 21:17:08.303 (   3.363s) [        6322E480]      event_instance.cc:171      1| EventInstance::PJRT_Event_Destroy
2025-05-14 21:17:08.303 (   3.363s) [        6322E480]     device_instance.cc:82       1| DeviceInstance::PJRT_Device_DefaultMemory
2025-05-14 21:17:08.303 (   3.363s) [        6322E480]     client_instance.cc:370      1| ClientInstance::PJRT_Client_BufferFromHostBuffer
2025-05-14 21:17:08.303 (   3.363s) [        6322E480]     memory_instance.cc:57       1| MemoryInstance::getDevice
2025-05-14 21:17:08.303 (   3.363s) [        6322E480]      event_instance.cc:222      1| EventInstance::PJRT_Event_OnReady
2025-05-14 21:17:08.303 (   3.363s) [        6322E480]      event_instance.cc:171      1| EventInstance::PJRT_Event_Destroy
2025-05-14 21:17:08.303 (   3.363s) [        6322E480]     device_instance.cc:82       1| DeviceInstance::PJRT_Device_DefaultMemory
2025-05-14 21:17:08.303 (   3.363s) [        6322E480]     client_instance.cc:370      1| ClientInstance::PJRT_Client_BufferFromHostBuffer
2025-05-14 21:17:08.303 (   3.363s) [        6322E480]     memory_instance.cc:57       1| MemoryInstance::getDevice
2025-05-14 21:17:08.303 (   3.363s) [        6322E480]      event_instance.cc:222      1| EventInstance::PJRT_Event_OnReady
2025-05-14 21:17:08.303 (   3.363s) [        6322E480]      event_instance.cc:171      1| EventInstance::PJRT_Event_Destroy
2025-05-14 21:17:08.303 (   3.363s) [        6322E480]     device_instance.cc:82       1| DeviceInstance::PJRT_Device_DefaultMemory
2025-05-14 21:17:08.303 (   3.363s) [        6322E480]     client_instance.cc:370      1| ClientInstance::PJRT_Client_BufferFromHostBuffer
2025-05-14 21:17:08.303 (   3.363s) [        6322E480]     memory_instance.cc:57       1| MemoryInstance::getDevice
2025-05-14 21:17:08.303 (   3.363s) [        6322E480]      event_instance.cc:222      1| EventInstance::PJRT_Event_OnReady
2025-05-14 21:17:08.304 (   3.363s) [        6322E480]      event_instance.cc:171      1| EventInstance::PJRT_Event_Destroy
2025-05-14 21:17:08.304 (   3.363s) [        6322E480]     device_instance.cc:82       1| DeviceInstance::PJRT_Device_DefaultMemory
2025-05-14 21:17:08.304 (   3.363s) [        6322E480]     client_instance.cc:370      1| ClientInstance::PJRT_Client_BufferFromHostBuffer
2025-05-14 21:17:08.304 (   3.363s) [        6322E480]     memory_instance.cc:57       1| MemoryInstance::getDevice
2025-05-14 21:17:08.304 (   3.363s) [        6322E480]      event_instance.cc:222      1| EventInstance::PJRT_Event_OnReady
2025-05-14 21:17:08.304 (   3.363s) [        6322E480]      event_instance.cc:171      1| EventInstance::PJRT_Event_Destroy
Sharding of t:
┌──────┬──────┬──────┬──────┐
│      │      │      │      │
│ TT 0 │ TT 1 │ TT 2 │ TT 3 │
│      │      │      │      │
├──────┼──────┼──────┼──────┤
│      │      │      │      │
│ TT 4 │ TT 5 │ TT 6 │ TT 7 │
│      │      │      │      │
└──────┴──────┴──────┴──────┘
Sharding of w:
┌──────┬──────┬──────┬──────┐
│      │      │      │      │
│ TT 0 │ TT 1 │ TT 2 │ TT 3 │
│      │      │      │      │
├──────┼──────┼──────┼──────┤
│      │      │      │      │
│ TT 4 │ TT 5 │ TT 6 │ TT 7 │
│      │      │      │      │
└──────┴──────┴──────┴──────┘
2025-05-14 21:17:08.343 (   3.403s) [        6322E480]  device_description.cc:44       1| DeviceDescription::PJRT_DeviceDescription_Id
2025-05-14 21:17:08.343 (   3.403s) [        6322E480]  device_description.cc:44       1| DeviceDescription::PJRT_DeviceDescription_Id
2025-05-14 21:17:08.343 (   3.403s) [        6322E480]  device_description.cc:44       1| DeviceDescription::PJRT_DeviceDescription_Id
2025-05-14 21:17:08.343 (   3.403s) [        6322E480]  device_description.cc:44       1| DeviceDescription::PJRT_DeviceDescription_Id
2025-05-14 21:17:08.343 (   3.403s) [        6322E480]  device_description.cc:44       1| DeviceDescription::PJRT_DeviceDescription_Id
2025-05-14 21:17:08.343 (   3.403s) [        6322E480]  device_description.cc:44       1| DeviceDescription::PJRT_DeviceDescription_Id
2025-05-14 21:17:08.343 (   3.403s) [        6322E480]  device_description.cc:44       1| DeviceDescription::PJRT_DeviceDescription_Id
2025-05-14 21:17:08.343 (   3.403s) [        6322E480]  device_description.cc:44       1| DeviceDescription::PJRT_DeviceDescription_Id
2025-05-14 21:17:08.343 (   3.403s) [        6322E480]     device_instance.cc:82       1| DeviceInstance::PJRT_Device_DefaultMemory
2025-05-14 21:17:08.343 (   3.403s) [        6322E480]     client_instance.cc:370      1| ClientInstance::PJRT_Client_BufferFromHostBuffer
2025-05-14 21:17:08.343 (   3.403s) [        6322E480]     memory_instance.cc:57       1| MemoryInstance::getDevice
2025-05-14 21:17:08.343 (   3.403s) [        6322E480]      event_instance.cc:222      1| EventInstance::PJRT_Event_OnReady
2025-05-14 21:17:08.343 (   3.403s) [        6322E480]      event_instance.cc:171      1| EventInstance::PJRT_Event_Destroy
2025-05-14 21:17:08.343 (   3.403s) [        6322E480]     device_instance.cc:82       1| DeviceInstance::PJRT_Device_DefaultMemory
2025-05-14 21:17:08.343 (   3.403s) [        6322E480]     client_instance.cc:370      1| ClientInstance::PJRT_Client_BufferFromHostBuffer
2025-05-14 21:17:08.343 (   3.403s) [        6322E480]     memory_instance.cc:57       1| MemoryInstance::getDevice
2025-05-14 21:17:08.343 (   3.403s) [        6322E480]      event_instance.cc:222      1| EventInstance::PJRT_Event_OnReady
2025-05-14 21:17:08.343 (   3.403s) [        6322E480]      event_instance.cc:171      1| EventInstance::PJRT_Event_Destroy
2025-05-14 21:17:08.343 (   3.403s) [        6322E480]     device_instance.cc:82       1| DeviceInstance::PJRT_Device_DefaultMemory
2025-05-14 21:17:08.343 (   3.403s) [        6322E480]     client_instance.cc:370      1| ClientInstance::PJRT_Client_BufferFromHostBuffer
2025-05-14 21:17:08.343 (   3.403s) [        6322E480]     memory_instance.cc:57       1| MemoryInstance::getDevice
2025-05-14 21:17:08.344 (   3.403s) [        6322E480]      event_instance.cc:222      1| EventInstance::PJRT_Event_OnReady
2025-05-14 21:17:08.344 (   3.403s) [        6322E480]      event_instance.cc:171      1| EventInstance::PJRT_Event_Destroy
2025-05-14 21:17:08.344 (   3.403s) [        6322E480]     device_instance.cc:82       1| DeviceInstance::PJRT_Device_DefaultMemory
2025-05-14 21:17:08.344 (   3.403s) [        6322E480]     client_instance.cc:370      1| ClientInstance::PJRT_Client_BufferFromHostBuffer
2025-05-14 21:17:08.344 (   3.403s) [        6322E480]     memory_instance.cc:57       1| MemoryInstance::getDevice
2025-05-14 21:17:08.344 (   3.403s) [        6322E480]      event_instance.cc:222      1| EventInstance::PJRT_Event_OnReady
2025-05-14 21:17:08.344 (   3.403s) [        6322E480]      event_instance.cc:171      1| EventInstance::PJRT_Event_Destroy
2025-05-14 21:17:08.344 (   3.403s) [        6322E480]     device_instance.cc:82       1| DeviceInstance::PJRT_Device_DefaultMemory
2025-05-14 21:17:08.344 (   3.403s) [        6322E480]     client_instance.cc:370      1| ClientInstance::PJRT_Client_BufferFromHostBuffer
2025-05-14 21:17:08.344 (   3.403s) [        6322E480]     memory_instance.cc:57       1| MemoryInstance::getDevice
2025-05-14 21:17:08.344 (   3.403s) [        6322E480]      event_instance.cc:222      1| EventInstance::PJRT_Event_OnReady
2025-05-14 21:17:08.344 (   3.403s) [        6322E480]      event_instance.cc:171      1| EventInstance::PJRT_Event_Destroy
2025-05-14 21:17:08.344 (   3.403s) [        6322E480]     device_instance.cc:82       1| DeviceInstance::PJRT_Device_DefaultMemory
2025-05-14 21:17:08.344 (   3.403s) [        6322E480]     client_instance.cc:370      1| ClientInstance::PJRT_Client_BufferFromHostBuffer
2025-05-14 21:17:08.344 (   3.403s) [        6322E480]     memory_instance.cc:57       1| MemoryInstance::getDevice
2025-05-14 21:17:08.344 (   3.403s) [        6322E480]      event_instance.cc:222      1| EventInstance::PJRT_Event_OnReady
2025-05-14 21:17:08.344 (   3.403s) [        6322E480]      event_instance.cc:171      1| EventInstance::PJRT_Event_Destroy
2025-05-14 21:17:08.344 (   3.403s) [        6322E480]     device_instance.cc:82       1| DeviceInstance::PJRT_Device_DefaultMemory
2025-05-14 21:17:08.344 (   3.403s) [        6322E480]     client_instance.cc:370      1| ClientInstance::PJRT_Client_BufferFromHostBuffer
2025-05-14 21:17:08.344 (   3.403s) [        6322E480]     memory_instance.cc:57       1| MemoryInstance::getDevice
2025-05-14 21:17:08.344 (   3.403s) [        6322E480]      event_instance.cc:222      1| EventInstance::PJRT_Event_OnReady
2025-05-14 21:17:08.344 (   3.403s) [        6322E480]      event_instance.cc:171      1| EventInstance::PJRT_Event_Destroy
2025-05-14 21:17:08.344 (   3.403s) [        6322E480]     device_instance.cc:82       1| DeviceInstance::PJRT_Device_DefaultMemory
2025-05-14 21:17:08.344 (   3.403s) [        6322E480]     client_instance.cc:370      1| ClientInstance::PJRT_Client_BufferFromHostBuffer
2025-05-14 21:17:08.344 (   3.403s) [        6322E480]     memory_instance.cc:57       1| MemoryInstance::getDevice
2025-05-14 21:17:08.344 (   3.403s) [        6322E480]      event_instance.cc:222      1| EventInstance::PJRT_Event_OnReady
2025-05-14 21:17:08.344 (   3.403s) [        6322E480]      event_instance.cc:171      1| EventInstance::PJRT_Event_Destroy
2025-05-14 21:17:08.344 (   3.404s) [        6322E480]     buffer_instance.cc:396      1| BufferInstance::PJRT_Buffer_IsDeleted
2025-05-14 21:17:08.344 (   3.404s) [        6322E480]     buffer_instance.cc:396      1| BufferInstance::PJRT_Buffer_IsDeleted
2025-05-14 21:17:08.344 (   3.404s) [        6322E480]     buffer_instance.cc:396      1| BufferInstance::PJRT_Buffer_IsDeleted
2025-05-14 21:17:08.344 (   3.404s) [        6322E480]     buffer_instance.cc:396      1| BufferInstance::PJRT_Buffer_IsDeleted
2025-05-14 21:17:08.344 (   3.404s) [        6322E480]     buffer_instance.cc:396      1| BufferInstance::PJRT_Buffer_IsDeleted
2025-05-14 21:17:08.344 (   3.404s) [        6322E480]     buffer_instance.cc:396      1| BufferInstance::PJRT_Buffer_IsDeleted
2025-05-14 21:17:08.344 (   3.404s) [        6322E480]     buffer_instance.cc:396      1| BufferInstance::PJRT_Buffer_IsDeleted
2025-05-14 21:17:08.344 (   3.404s) [        6322E480]     buffer_instance.cc:396      1| BufferInstance::PJRT_Buffer_IsDeleted
2025-05-14 21:17:08.344 (   3.404s) [        6322E480]     buffer_instance.cc:396      1| BufferInstance::PJRT_Buffer_IsDeleted
2025-05-14 21:17:08.344 (   3.404s) [        6322E480]     buffer_instance.cc:396      1| BufferInstance::PJRT_Buffer_IsDeleted
2025-05-14 21:17:08.344 (   3.404s) [        6322E480]     buffer_instance.cc:396      1| BufferInstance::PJRT_Buffer_IsDeleted
2025-05-14 21:17:08.344 (   3.404s) [        6322E480]     buffer_instance.cc:396      1| BufferInstance::PJRT_Buffer_IsDeleted
2025-05-14 21:17:08.344 (   3.404s) [        6322E480]     buffer_instance.cc:396      1| BufferInstance::PJRT_Buffer_IsDeleted
2025-05-14 21:17:08.344 (   3.404s) [        6322E480]     buffer_instance.cc:396      1| BufferInstance::PJRT_Buffer_IsDeleted
2025-05-14 21:17:08.344 (   3.404s) [        6322E480]     buffer_instance.cc:396      1| BufferInstance::PJRT_Buffer_IsDeleted
2025-05-14 21:17:08.344 (   3.404s) [        6322E480]     buffer_instance.cc:396      1| BufferInstance::PJRT_Buffer_IsDeleted
2025-05-14 21:17:08.344 (   3.404s) [        6322E480]     buffer_instance.cc:396      1| BufferInstance::PJRT_Buffer_IsDeleted
2025-05-14 21:17:08.344 (   3.404s) [        6322E480]     buffer_instance.cc:396      1| BufferInstance::PJRT_Buffer_IsDeleted
2025-05-14 21:17:08.344 (   3.404s) [        6322E480]     buffer_instance.cc:396      1| BufferInstance::PJRT_Buffer_IsDeleted
2025-05-14 21:17:08.344 (   3.404s) [        6322E480]     buffer_instance.cc:396      1| BufferInstance::PJRT_Buffer_IsDeleted
2025-05-14 21:17:08.344 (   3.404s) [        6322E480]     buffer_instance.cc:396      1| BufferInstance::PJRT_Buffer_IsDeleted
2025-05-14 21:17:08.344 (   3.404s) [        6322E480]     buffer_instance.cc:396      1| BufferInstance::PJRT_Buffer_IsDeleted
2025-05-14 21:17:08.344 (   3.404s) [        6322E480]     buffer_instance.cc:396      1| BufferInstance::PJRT_Buffer_IsDeleted
2025-05-14 21:17:08.344 (   3.404s) [        6322E480]     buffer_instance.cc:396      1| BufferInstance::PJRT_Buffer_IsDeleted
2025-05-14 21:17:08.344 (   3.404s) [        6322E480]     buffer_instance.cc:396      1| BufferInstance::PJRT_Buffer_IsDeleted
2025-05-14 21:17:08.344 (   3.404s) [        6322E480]     buffer_instance.cc:396      1| BufferInstance::PJRT_Buffer_IsDeleted
2025-05-14 21:17:08.344 (   3.404s) [        6322E480]     buffer_instance.cc:396      1| BufferInstance::PJRT_Buffer_IsDeleted
2025-05-14 21:17:08.344 (   3.404s) [        6322E480]     buffer_instance.cc:396      1| BufferInstance::PJRT_Buffer_IsDeleted
2025-05-14 21:17:08.344 (   3.404s) [        6322E480]     buffer_instance.cc:396      1| BufferInstance::PJRT_Buffer_IsDeleted
2025-05-14 21:17:08.344 (   3.404s) [        6322E480]     buffer_instance.cc:396      1| BufferInstance::PJRT_Buffer_IsDeleted
2025-05-14 21:17:08.349 (   3.408s) [        6322E480]     client_instance.cc:335      1| ClientInstance::PJRT_Client_Compile
2025-05-14 21:17:08.349 (   3.408s) [        6322E480]      module_builder.cc:92       1| ModuleBuilder::buildModule
2025-05-14 21:17:08.350 (   3.409s) [        6322E480]      module_builder.cc:141      1| VHLO Module:
module @SyncTensorsGraph.13 attributes {mhlo.cross_program_prefetches = [], mhlo.input_output_alias = [], mhlo.is_dynamic = false, mhlo.use_auto_spmd_partitioning = false} {
  vhlo.func_v1 @main(%arg0: !vhlo.tensor_v1<!vhlo.f32_v1>, %arg1: !vhlo.tensor_v1<8192x4096x!vhlo.f32_v1>, %arg2: !vhlo.tensor_v1<1024x8192x!vhlo.f32_v1>) -> (!vhlo.tensor_v1<4096x4096x!vhlo.f32_v1>) {
    %0 = "vhlo.dot_general_v2"(%arg2, %arg1) <{accumulation_type = #vhlo.type_v1<!vhlo.none_v1>, allow_imprecise_accumulation = #vhlo.type_v1<!vhlo.none_v1>, lhs_batching_dimensions = #vhlo.tensor_v1<dense<> : tensor<0xi64>>, lhs_component_count = #vhlo.type_v1<!vhlo.none_v1>, lhs_contracting_dimensions = #vhlo.tensor_v1<dense<1> : tensor<1xi64>>, lhs_precision_type = #vhlo.type_v1<!vhlo.none_v1>, num_primitive_operations = #vhlo.type_v1<!vhlo.none_v1>, precision_config = #vhlo.array_v1<[#vhlo<precision_v1 DEFAULT>, #vhlo<precision_v1 DEFAULT>]>, rhs_batching_dimensions = #vhlo.tensor_v1<dense<> : tensor<0xi64>>, rhs_component_count = #vhlo.type_v1<!vhlo.none_v1>, rhs_contracting_dimensions = #vhlo.tensor_v1<dense<0> : tensor<1xi64>>, rhs_precision_type = #vhlo.type_v1<!vhlo.none_v1>}> : (!vhlo.tensor_v1<1024x8192x!vhlo.f32_v1>, !vhlo.tensor_v1<8192x4096x!vhlo.f32_v1>) -> !vhlo.tensor_v1<1024x4096x!vhlo.f32_v1>
    %1 = "vhlo.broadcast_in_dim_v1"(%arg0) <{broadcast_dimensions = #vhlo.tensor_v1<dense<> : tensor<0xi64>>}> : (!vhlo.tensor_v1<!vhlo.f32_v1>) -> !vhlo.tensor_v1<1024x4096x!vhlo.f32_v1>
    %2 = "vhlo.add_v1"(%0, %1) : (!vhlo.tensor_v1<1024x4096x!vhlo.f32_v1>, !vhlo.tensor_v1<1024x4096x!vhlo.f32_v1>) -> !vhlo.tensor_v1<1024x4096x!vhlo.f32_v1>
    %3 = "vhlo.all_gather_v2"(%2) <{all_gather_dim = #vhlo.integer_v1<0 : i64>, channel_id = #vhlo.integer_v1<0 : i64>, replica_groups = #vhlo.tensor_v1<dense<[[0, 2, 4, 6], [1, 3, 5, 7]]> : tensor<2x4xi64>>, use_global_device_ids = #vhlo.bool_v1<false>}> : (!vhlo.tensor_v1<1024x4096x!vhlo.f32_v1>) -> !vhlo.tensor_v1<4096x4096x!vhlo.f32_v1>
    "vhlo.return_v1"(%3) : (!vhlo.tensor_v1<4096x4096x!vhlo.f32_v1>) -> ()
  } {arg_attrs = #vhlo.array_v1<[#vhlo.dict_v1<{#vhlo.string_v1<"mhlo.sharding"> = #vhlo.string_v1<"{replicated}">}>, #vhlo.dict_v1<{#vhlo.string_v1<"mhlo.sharding"> = #vhlo.string_v1<"{devices=[2,4]0,1,2,3,4,5,6,7}">}>, #vhlo.dict_v1<{#vhlo.string_v1<"mhlo.sharding"> = #vhlo.string_v1<"{devices=[2,4]0,1,2,3,4,5,6,7}">}>]>, res_attrs = #vhlo.array_v1<[]>, sym_visibility = #vhlo.string_v1<"">}
}
2025-05-14 21:17:08.352 (   3.412s) [        6322E480]      module_builder.cc:174      1| SHLO Module:
module @SyncTensorsGraph.13 attributes {mhlo.cross_program_prefetches = [], mhlo.input_output_alias = [], mhlo.is_dynamic = false, mhlo.use_auto_spmd_partitioning = false} {
  func.func @main(%arg0: tensor<f32> {mhlo.sharding = "{replicated}"}, %arg1: tensor<8192x4096xf32> {mhlo.sharding = "{devices=[2,4]0,1,2,3,4,5,6,7}"}, %arg2: tensor<1024x8192xf32> {mhlo.sharding = "{devices=[2,4]0,1,2,3,4,5,6,7}"}) -> tensor<4096x4096xf32> {
    %0 = stablehlo.dot_general %arg2, %arg1, contracting_dims = [1] x [0] : (tensor<1024x8192xf32>, tensor<8192x4096xf32>) -> tensor<1024x4096xf32>
    %1 = stablehlo.broadcast_in_dim %arg0, dims = [] : (tensor<f32>) -> tensor<1024x4096xf32>
    %2 = stablehlo.add %0, %1 : tensor<1024x4096xf32>
    %3 = "stablehlo.all_gather"(%2) <{all_gather_dim = 0 : i64, replica_groups = dense<[[0, 2, 4, 6], [1, 3, 5, 7]]> : tensor<2x4xi64>}> : (tensor<1024x4096xf32>) -> tensor<4096x4096xf32>
    return %3 : tensor<4096x4096xf32>
  }
}
2025-05-14 21:17:08.355 (   3.414s) [        6322E480]      module_builder.cc:404      1| TTIR Module:
module @SyncTensorsGraph.13 attributes {mhlo.cross_program_prefetches = [], mhlo.input_output_alias = [], mhlo.is_dynamic = false, mhlo.use_auto_spmd_partitioning = false} {
  func.func @main(%arg0: tensor<1xf32> {mhlo.sharding = "{replicated}"}, %arg1: tensor<8192x4096xf32> {mhlo.sharding = "{devices=[2,4]0,1,2,3,4,5,6,7}"}, %arg2: tensor<1024x8192xf32> {mhlo.sharding = "{devices=[2,4]0,1,2,3,4,5,6,7}"}) -> tensor<4096x4096xf32> {
    %0 = "ttir.dot_general"(%arg2, %arg1) <{batch_dims_lhs = array<i64>, batch_dims_rhs = array<i64>, contract_dims_lhs = array<i64: 1>, contract_dims_rhs = array<i64: 0>}> : (tensor<1024x8192xf32>, tensor<8192x4096xf32>) -> tensor<1024x4096xf32>
    %1 = ttir.empty() : tensor<1x1xf32>
    %2 = "ttir.reshape"(%arg0, %1) <{shape = [1 : i32, 1 : i32]}> : (tensor<1xf32>, tensor<1x1xf32>) -> tensor<1x1xf32>
    %3 = ttir.empty() : tensor<1024x4096xf32>
    %4 = "ttir.broadcast"(%2, %3) <{broadcast_dimensions = array<i64: 1024, 4096>}> : (tensor<1x1xf32>, tensor<1024x4096xf32>) -> tensor<1024x4096xf32>
    %5 = ttir.empty() : tensor<1024x4096xf32>
    %6 = "ttir.add"(%0, %4, %5) : (tensor<1024x4096xf32>, tensor<1024x4096xf32>, tensor<1024x4096xf32>) -> tensor<1024x4096xf32>
    %7 = ttir.empty() : tensor<4096x4096xf32>
    %8 = "ttir.all_gather"(%6, %7) <{all_gather_dim = 0 : si32, cluster_axis = 0 : ui32}> : (tensor<1024x4096xf32>, tensor<4096x4096xf32>) -> tensor<4096x4096xf32>
    return %8 : tensor<4096x4096xf32>
  }
}
2025-05-14 21:17:08.355 (   3.415s) [        6322E480]      module_builder.cc:454   WARN| `mhlo.num_partitions` attribute not found, assuming default number of partitions: 1
2025-05-14 21:17:08.355 (   3.415s) [        6322E480]      module_builder.cc:468   WARN| `mhlo.num_replicas` attribute not found, assuming default number of replicas: 1
2025-05-14 21:17:08.355 (   3.415s) [        6322E480]      module_builder.cc:478   WARN| Num replicas and num partitions are not set, inferring the number of devices from mesh shape
2025-05-14 21:17:08.355 (   3.415s) [        6322E480]      module_builder.cc:485   WARN| Mesh shape: { 2, 4, }
2025-05-14 21:17:08.362 (   3.421s) [        6322E480]      module_builder.cc:522      1| TTNN Module:
module @SyncTensorsGraph.13 attributes {mhlo.cross_program_prefetches = [], mhlo.input_output_alias = [], mhlo.is_dynamic = false, mhlo.use_auto_spmd_partitioning = false} {
  tt.device_module {
    builtin.module @SyncTensorsGraph.13 attributes {mhlo.cross_program_prefetches = [], mhlo.input_output_alias = [], mhlo.is_dynamic = false, mhlo.use_auto_spmd_partitioning = false, tt.system_desc = #tt.system_desc<[{role = host, target_triple = "x86_64-pc-linux"}], [{arch = <wormhole_b0>, grid = 8x8, coord_translation_offsets = 18x18, l1_size = 1499136, num_dram_channels = 12, dram_channel_size = 1073741824, noc_l1_address_align_bytes = 16, pcie_address_align_bytes = 32, noc_dram_address_align_bytes = 32, l1_unreserved_base = 97248, erisc_l1_unreserved_base = 69632, dram_unreserved_base = 32, dram_unreserved_end = 1073174528, physical_helper_cores = {dram = [ 0x0,  0x1,  0x2,  0x3,  0x4,  0x5,  0x6,  0x7,  0x8,  0x9,  0x10,  0x11] eth = [ 16x18,  16x25,  17x21,  17x22,  17x25] eth_inactive = [ 16x19,  16x20,  16x21,  16x22,  16x23,  16x24,  17x19,  17x20,  17x23,  17x24]}, supported_data_types = [<f32>, <f16>, <bf16>, <bfp_f8>, <bfp_bf8>, <bfp_f4>, <bfp_bf4>, <bfp_f2>, <bfp_bf2>, <u32>, <u16>, <u8>, <si32>], supported_tile_sizes = [ 4x16,  16x16,  32x16,  4x32,  16x32,  32x32], num_cbs = 32, num_compute_threads = 1, num_datamovement_threads = 2}, {arch = <wormhole_b0>, grid = 8x8, coord_translation_offsets = 18x18, l1_size = 1499136, num_dram_channels = 12, dram_channel_size = 1073741824, noc_l1_address_align_bytes = 16, pcie_address_align_bytes = 32, noc_dram_address_align_bytes = 32, l1_unreserved_base = 97248, erisc_l1_unreserved_base = 69632, dram_unreserved_base = 32, dram_unreserved_end = 1073174528, physical_helper_cores = {dram = [ 0x0,  0x1,  0x2,  0x3,  0x4,  0x5,  0x6,  0x7,  0x8,  0x9,  0x10,  0x11] eth = [ 16x21,  16x22,  17x21,  17x22,  17x25] eth_inactive = [ 16x18,  16x19,  16x20,  16x23,  16x24,  16x25,  17x19,  17x20,  17x23,  17x24]}, supported_data_types = [<f32>, <f16>, <bf16>, <bfp_f8>, <bfp_bf8>, <bfp_f4>, <bfp_bf4>, <bfp_f2>, <bfp_bf2>, <u32>, <u16>, <u8>, <si32>], supported_tile_sizes = [ 4x16,  16x16,  32x16,  4x32,  16x32,  32x32], num_cbs = 32, num_compute_threads = 1, num_datamovement_threads = 2}, {arch = <wormhole_b0>, grid = 8x8, coord_translation_offsets = 18x18, l1_size = 1499136, num_dram_channels = 12, dram_channel_size = 1073741824, noc_l1_address_align_bytes = 16, pcie_address_align_bytes = 32, noc_dram_address_align_bytes = 32, l1_unreserved_base = 97248, erisc_l1_unreserved_base = 69632, dram_unreserved_base = 32, dram_unreserved_end = 1073174528, physical_helper_cores = {dram = [ 0x0,  0x1,  0x2,  0x3,  0x4,  0x5,  0x6,  0x7,  0x8,  0x9,  0x10,  0x11] eth = [ 16x21,  16x22,  17x21,  17x22,  17x25] eth_inactive = [ 16x18,  16x19,  16x20,  16x23,  16x24,  16x25,  17x19,  17x20,  17x23,  17x24]}, supported_data_types = [<f32>, <f16>, <bf16>, <bfp_f8>, <bfp_bf8>, <bfp_f4>, <bfp_bf4>, <bfp_f2>, <bfp_bf2>, <u32>, <u16>, <u8>, <si32>], supported_tile_sizes = [ 4x16,  16x16,  32x16,  4x32,  16x32,  32x32], num_cbs = 32, num_compute_threads = 1, num_datamovement_threads = 2}, {arch = <wormhole_b0>, grid = 8x8, coord_translation_offsets = 18x18, l1_size = 1499136, num_dram_channels = 12, dram_channel_size = 1073741824, noc_l1_address_align_bytes = 16, pcie_address_align_bytes = 32, noc_dram_address_align_bytes = 32, l1_unreserved_base = 97248, erisc_l1_unreserved_base = 69632, dram_unreserved_base = 32, dram_unreserved_end = 1073174528, physical_helper_cores = {dram = [ 0x0,  0x1,  0x2,  0x3,  0x4,  0x5,  0x6,  0x7,  0x8,  0x9,  0x10,  0x11] eth = [ 16x18,  16x25,  17x21,  17x22,  17x25] eth_inactive = [ 16x19,  16x20,  16x21,  16x22,  16x23,  16x24,  17x19,  17x20,  17x23,  17x24]}, supported_data_types = [<f32>, <f16>, <bf16>, <bfp_f8>, <bfp_bf8>, <bfp_f4>, <bfp_bf4>, <bfp_f2>, <bfp_bf2>, <u32>, <u16>, <u8>, <si32>], supported_tile_sizes = [ 4x16,  16x16,  32x16,  4x32,  16x32,  32x32], num_cbs = 32, num_compute_threads = 1, num_datamovement_threads = 2}, {arch = <wormhole_b0>, grid = 8x8, coord_translation_offsets = 18x18, l1_size = 1499136, num_dram_channels = 12, dram_channel_size = 1073741824, noc_l1_address_align_bytes = 16, pcie_address_align_bytes = 32, noc_dram_address_align_bytes = 32, l1_unreserved_base = 97248, erisc_l1_unreserved_base = 69632, dram_unreserved_base = 32, dram_unreserved_end = 1073190752, physical_helper_cores = {dram = [ 0x0,  0x1,  0x2,  0x3,  0x4,  0x5,  0x6,  0x7,  0x8,  0x9,  0x10,  0x11] eth = [ 16x21,  16x22,  16x25] eth_inactive = [ 16x19,  16x20,  16x23,  16x24,  17x18,  17x19,  17x20,  17x21,  17x22,  17x23,  17x24,  17x25]}, supported_data_types = [<f32>, <f16>, <bf16>, <bfp_f8>, <bfp_bf8>, <bfp_f4>, <bfp_bf4>, <bfp_f2>, <bfp_bf2>, <u32>, <u16>, <u8>, <si32>], supported_tile_sizes = [ 4x16,  16x16,  32x16,  4x32,  16x32,  32x32], num_cbs = 32, num_compute_threads = 1, num_datamovement_threads = 2}, {arch = <wormhole_b0>, grid = 8x8, coord_translation_offsets = 18x18, l1_size = 1499136, num_dram_channels = 12, dram_channel_size = 1073741824, noc_l1_address_align_bytes = 16, pcie_address_align_bytes = 32, noc_dram_address_align_bytes = 32, l1_unreserved_base = 97248, erisc_l1_unreserved_base = 69632, dram_unreserved_base = 32, dram_unreserved_end = 1073190752, physical_helper_cores = {dram = [ 0x0,  0x1,  0x2,  0x3,  0x4,  0x5,  0x6,  0x7,  0x8,  0x9,  0x10,  0x11] eth = [ 16x21,  16x22,  16x25] eth_inactive = [ 16x19,  16x20,  16x23,  16x24,  17x18,  17x19,  17x20,  17x21,  17x22,  17x23,  17x24,  17x25]}, supported_data_types = [<f32>, <f16>, <bf16>, <bfp_f8>, <bfp_bf8>, <bfp_f4>, <bfp_bf4>, <bfp_f2>, <bfp_bf2>, <u32>, <u16>, <u8>, <si32>], supported_tile_sizes = [ 4x16,  16x16,  32x16,  4x32,  16x32,  32x32], num_cbs = 32, num_compute_threads = 1, num_datamovement_threads = 2}, {arch = <wormhole_b0>, grid = 8x8, coord_translation_offsets = 18x18, l1_size = 1499136, num_dram_channels = 12, dram_channel_size = 1073741824, noc_l1_address_align_bytes = 16, pcie_address_align_bytes = 32, noc_dram_address_align_bytes = 32, l1_unreserved_base = 97248, erisc_l1_unreserved_base = 69632, dram_unreserved_base = 32, dram_unreserved_end = 1073190752, physical_helper_cores = {dram = [ 0x0,  0x1,  0x2,  0x3,  0x4,  0x5,  0x6,  0x7,  0x8,  0x9,  0x10,  0x11] eth = [ 16x21,  16x22,  16x25] eth_inactive = [ 16x19,  16x20,  16x23,  16x24,  17x18,  17x19,  17x20,  17x21,  17x22,  17x23,  17x24,  17x25]}, supported_data_types = [<f32>, <f16>, <bf16>, <bfp_f8>, <bfp_bf8>, <bfp_f4>, <bfp_bf4>, <bfp_f2>, <bfp_bf2>, <u32>, <u16>, <u8>, <si32>], supported_tile_sizes = [ 4x16,  16x16,  32x16,  4x32,  16x32,  32x32], num_cbs = 32, num_compute_threads = 1, num_datamovement_threads = 2}, {arch = <wormhole_b0>, grid = 8x8, coord_translation_offsets = 18x18, l1_size = 1499136, num_dram_channels = 12, dram_channel_size = 1073741824, noc_l1_address_align_bytes = 16, pcie_address_align_bytes = 32, noc_dram_address_align_bytes = 32, l1_unreserved_base = 97248, erisc_l1_unreserved_base = 69632, dram_unreserved_base = 32, dram_unreserved_end = 1073190752, physical_helper_cores = {dram = [ 0x0,  0x1,  0x2,  0x3,  0x4,  0x5,  0x6,  0x7,  0x8,  0x9,  0x10,  0x11] eth = [ 16x21,  16x22,  16x25] eth_inactive = [ 16x19,  16x20,  16x23,  16x24,  17x18,  17x19,  17x20,  17x21,  17x22,  17x23,  17x24,  17x25]}, supported_data_types = [<f32>, <f16>, <bf16>, <bfp_f8>, <bfp_bf8>, <bfp_f4>, <bfp_bf4>, <bfp_f2>, <bfp_bf2>, <u32>, <u16>, <u8>, <si32>], supported_tile_sizes = [ 4x16,  16x16,  32x16,  4x32,  16x32,  32x32], num_cbs = 32, num_compute_threads = 1, num_datamovement_threads = 2}], [0, 1, 2, 3, 4, 5, 6, 7], [3 : i32, 3 : i32, 3 : i32, 3 : i32, 0 : i32, 0 : i32, 0 : i32, 0 : i32], [ 0x0x0x0], [<[0, 0, 0], [3, 0, 0]>, <[0, 1, 0], [3, 1, 0]>, <[0, 8, 0], [4, 0, 0]>, <[0, 14, 0], [1, 14, 0]>, <[0, 15, 0], [1, 15, 0]>, <[1, 6, 0], [2, 6, 0]>, <[1, 7, 0], [2, 7, 0]>, <[1, 8, 0], [5, 0, 0]>, <[2, 8, 0], [6, 0, 0]>, <[2, 14, 0], [3, 14, 0]>, <[2, 15, 0], [3, 15, 0]>, <[3, 8, 0], [7, 0, 0]>, <[4, 6, 0], [5, 6, 0]>, <[4, 7, 0], [5, 7, 0]>, <[6, 6, 0], [7, 6, 0]>, <[6, 7, 0], [7, 7, 0]>]>} {
      tt.device @default_device = <workerGrid = #tt.grid<16x32, (d0, d1) -> ((d0 floordiv 8) * 4 + d1 floordiv 8, d0 mod 2, d1 mod 4)>, l1Map = (d0, d1, d2)[s0] -> ((d0 floordiv 8) * 4 + d1 floordiv 8, d0 mod 2, d1 mod 4, d2 + s0), dramMap = (d0, d1, d2)[s0, s1, s2, s3, s4, s5] -> (0, 0, (((d0 * s1) * (s2 * s3) + d1 * (s2 * s3) + d2) floordiv s4) mod 12, ((d0 * s1) * (s2 * s3) + d1 * (s2 * s3) + d2) floordiv (s4 * 12) + ((d0 * s1) * (s2 * s3) + d1 * (s2 * s3) + d2) mod s4 + s5), meshShape = 2x4, chipIds = [0, 1, 2, 3, 4, 5, 6, 7]>
      func.func @main(%arg0: tensor<1xf32, #ttnn.ttnn_layout<(d0) -> (0, d0), <1x1>, memref<1x1x!tt.tile<32x32, f32>, #ttnn.buffer_type<dram>>, <interleaved>>> {mhlo.sharding = "{replicated}"}, %arg1: tensor<8192x4096xf32, #ttnn.ttnn_layout<(d0, d1) -> (d0, d1), <1x1>, memref<256x128x!tt.tile<32x32, f32>, #ttnn.buffer_type<dram>>, <interleaved>>> {mhlo.sharding = "{devices=[2,4]0,1,2,3,4,5,6,7}"}, %arg2: tensor<1024x8192xf32, #ttnn.ttnn_layout<(d0, d1) -> (d0, d1), <1x1>, memref<32x256x!tt.tile<32x32, f32>, #ttnn.buffer_type<dram>>, <interleaved>>> {mhlo.sharding = "{devices=[2,4]0,1,2,3,4,5,6,7}"}) -> tensor<4096x4096xf32, #ttnn.ttnn_layout<(d0, d1) -> (d0, d1), <1x1>, memref<128x128x!tt.tile<32x32, f32>, #ttnn.buffer_type<dram>>, <interleaved>>> {
        %0 = "ttnn.get_device"() <{mesh_offset = #ttnn<mesh_offset 0x0>, mesh_shape = #ttnn<mesh_shape 2x4>}> : () -> !ttnn.device
        %1 = "ttnn.matmul"(%arg2, %arg1) <{transpose_a = false, transpose_b = false}> : (tensor<1024x8192xf32, #ttnn.ttnn_layout<(d0, d1) -> (d0, d1), <1x1>, memref<32x256x!tt.tile<32x32, f32>, #ttnn.buffer_type<dram>>, <interleaved>>>, tensor<8192x4096xf32, #ttnn.ttnn_layout<(d0, d1) -> (d0, d1), <1x1>, memref<256x128x!tt.tile<32x32, f32>, #ttnn.buffer_type<dram>>, <interleaved>>>) -> tensor<1024x4096xf32, #ttnn.ttnn_layout<(d0, d1) -> (d0, d1), <1x1>, memref<32x128x!tt.tile<32x32, f32>, #ttnn.buffer_type<dram>>, <interleaved>>>
        "ttnn.deallocate"(%arg2) <{force = false}> : (tensor<1024x8192xf32, #ttnn.ttnn_layout<(d0, d1) -> (d0, d1), <1x1>, memref<32x256x!tt.tile<32x32, f32>, #ttnn.buffer_type<dram>>, <interleaved>>>) -> ()
        "ttnn.deallocate"(%arg1) <{force = false}> : (tensor<8192x4096xf32, #ttnn.ttnn_layout<(d0, d1) -> (d0, d1), <1x1>, memref<256x128x!tt.tile<32x32, f32>, #ttnn.buffer_type<dram>>, <interleaved>>>) -> ()
        %2 = "ttnn.reshape"(%arg0) <{shape = [1 : i32, 1 : i32]}> : (tensor<1xf32, #ttnn.ttnn_layout<(d0) -> (0, d0), <1x1>, memref<1x1x!tt.tile<32x32, f32>, #ttnn.buffer_type<dram>>, <interleaved>>>) -> tensor<1x1xf32, #ttnn.ttnn_layout<(d0, d1) -> (d0, d1), <1x1>, memref<1x1x!tt.tile<32x32, f32>, #ttnn.buffer_type<dram>>, <interleaved>>>
        "ttnn.deallocate"(%arg0) <{force = false}> : (tensor<1xf32, #ttnn.ttnn_layout<(d0) -> (0, d0), <1x1>, memref<1x1x!tt.tile<32x32, f32>, #ttnn.buffer_type<dram>>, <interleaved>>>) -> ()
        %3 = "ttnn.add"(%1, %2) : (tensor<1024x4096xf32, #ttnn.ttnn_layout<(d0, d1) -> (d0, d1), <1x1>, memref<32x128x!tt.tile<32x32, f32>, #ttnn.buffer_type<dram>>, <interleaved>>>, tensor<1x1xf32, #ttnn.ttnn_layout<(d0, d1) -> (d0, d1), <1x1>, memref<1x1x!tt.tile<32x32, f32>, #ttnn.buffer_type<dram>>, <interleaved>>>) -> tensor<1024x4096xf32, #ttnn.ttnn_layout<(d0, d1) -> (d0, d1), <1x1>, memref<32x128x!tt.tile<32x32, f32>, #ttnn.buffer_type<dram>>, <interleaved>>>
        "ttnn.deallocate"(%2) <{force = false}> : (tensor<1x1xf32, #ttnn.ttnn_layout<(d0, d1) -> (d0, d1), <1x1>, memref<1x1x!tt.tile<32x32, f32>, #ttnn.buffer_type<dram>>, <interleaved>>>) -> ()
        "ttnn.deallocate"(%1) <{force = false}> : (tensor<1024x4096xf32, #ttnn.ttnn_layout<(d0, d1) -> (d0, d1), <1x1>, memref<32x128x!tt.tile<32x32, f32>, #ttnn.buffer_type<dram>>, <interleaved>>>) -> ()
        %4 = "ttnn.all_gather"(%3, %0) <{all_gather_dim = 0 : si32, cluster_axis = 0 : ui32, num_links = 1 : ui32}> : (tensor<1024x4096xf32, #ttnn.ttnn_layout<(d0, d1) -> (d0, d1), <1x1>, memref<32x128x!tt.tile<32x32, f32>, #ttnn.buffer_type<dram>>, <interleaved>>>, !ttnn.device) -> tensor<4096x4096xf32, #ttnn.ttnn_layout<(d0, d1) -> (d0, d1), <1x1>, memref<128x128x!tt.tile<32x32, f32>, #ttnn.buffer_type<dram>>, <interleaved>>>
        "ttnn.deallocate"(%3) <{force = false}> : (tensor<1024x4096xf32, #ttnn.ttnn_layout<(d0, d1) -> (d0, d1), <1x1>, memref<32x128x!tt.tile<32x32, f32>, #ttnn.buffer_type<dram>>, <interleaved>>>) -> ()
        return %4 : tensor<4096x4096xf32, #ttnn.ttnn_layout<(d0, d1) -> (d0, d1), <1x1>, memref<128x128x!tt.tile<32x32, f32>, #ttnn.buffer_type<dram>>, <interleaved>>>
      }
    }
  }
}
2025-05-14 21:17:08.365 (   3.424s) [        6322E480]loaded_executable_insta:389      1| LoadedExecutableInstance::PJRT_LoadedExecutable_GetExecutable
2025-05-14 21:17:08.365 (   3.424s) [        6322E480]loaded_executable_insta:408      1| LoadedExecutableInstance::PJRT_LoadedExecutable_AddressableDevices
2025-05-14 21:17:08.365 (   3.425s) [        6322E480]              stubs.inc:87    WARN| STUB: PJRT_Executable_GetCompiledMemoryStats
2025-05-14 21:17:08.365 (   3.425s) [        6322E480]      error_instance.cc:49       1| ErrorInstance::PJRT_Error_Message
2025-05-14 21:17:08.365 (   3.425s) [        6322E480]      error_instance.cc:58       1| ErrorInstance::PJRT_Error_GetCode
2025-05-14 21:17:08.365 (   3.425s) [        6322E480]      error_instance.cc:43       1| ErrorInstance::PJRT_Error_Destroy
2025-05-14 21:17:08.365 (   3.425s) [        6322E480] executable_instance.cc:103      1| ExecutableInstance::PJRT_Executable_OptimizedProgram
2025-05-14 21:17:08.365 (   3.425s) [        6322E480] executable_instance.cc:103      1| ExecutableInstance::PJRT_Executable_OptimizedProgram
2025-05-14 21:17:08.368 (   3.428s) [        6322E480] executable_instance.cc:103      1| ExecutableInstance::PJRT_Executable_OptimizedProgram
2025-05-14 21:17:08.368 (   3.428s) [        6322E480] executable_instance.cc:103      1| ExecutableInstance::PJRT_Executable_OptimizedProgram
2025-05-14 21:17:08.371 (   3.431s) [        2E7FC640]  device_description.cc:44       1| DeviceDescription::PJRT_DeviceDescription_Id
2025-05-14 21:17:08.371 (   3.431s) [        2E7FC640]  device_description.cc:44       1| DeviceDescription::PJRT_DeviceDescription_Id
2025-05-14 21:17:08.371 (   3.431s) [        2E7FC640]  device_description.cc:44       1| DeviceDescription::PJRT_DeviceDescription_Id
2025-05-14 21:17:08.371 (   3.431s) [        2E7FC640]  device_description.cc:44       1| DeviceDescription::PJRT_DeviceDescription_Id
2025-05-14 21:17:08.371 (   3.431s) [        2E7FC640]  device_description.cc:44       1| DeviceDescription::PJRT_DeviceDescription_Id
2025-05-14 21:17:08.371 (   3.431s) [        2E7FC640]  device_description.cc:44       1| DeviceDescription::PJRT_DeviceDescription_Id
2025-05-14 21:17:08.371 (   3.431s) [        2E7FC640]  device_description.cc:44       1| DeviceDescription::PJRT_DeviceDescription_Id
2025-05-14 21:17:08.371 (   3.431s) [        2E7FC640]  device_description.cc:44       1| DeviceDescription::PJRT_DeviceDescription_Id
2025-05-14 21:17:08.371 (   3.431s) [        2E7FC640]     buffer_instance.cc:413      1| BufferInstance::PJRT_Buffer_Device
2025-05-14 21:17:08.371 (   3.431s) [        2E7FC640]     device_instance.cc:53       1| DeviceInstance::PJRT_Device_IsAddressable
2025-05-14 21:17:08.371 (   3.431s) [        2E7FC640]     buffer_instance.cc:413      1| BufferInstance::PJRT_Buffer_Device
2025-05-14 21:17:08.371 (   3.431s) [        2E7FC640]     device_instance.cc:53       1| DeviceInstance::PJRT_Device_IsAddressable
2025-05-14 21:17:08.371 (   3.431s) [        2E7FC640]     buffer_instance.cc:413      1| BufferInstance::PJRT_Buffer_Device
2025-05-14 21:17:08.371 (   3.431s) [        2E7FC640]     device_instance.cc:53       1| DeviceInstance::PJRT_Device_IsAddressable
2025-05-14 21:17:08.371 (   3.431s) [        2E7FC640]     buffer_instance.cc:413      1| BufferInstance::PJRT_Buffer_Device
2025-05-14 21:17:08.371 (   3.431s) [        2E7FC640]     device_instance.cc:53       1| DeviceInstance::PJRT_Device_IsAddressable
2025-05-14 21:17:08.371 (   3.431s) [        2E7FC640]     buffer_instance.cc:413      1| BufferInstance::PJRT_Buffer_Device
2025-05-14 21:17:08.371 (   3.431s) [        2E7FC640]     device_instance.cc:53       1| DeviceInstance::PJRT_Device_IsAddressable
2025-05-14 21:17:08.371 (   3.431s) [        2E7FC640]     buffer_instance.cc:413      1| BufferInstance::PJRT_Buffer_Device
2025-05-14 21:17:08.371 (   3.431s) [        2E7FC640]     device_instance.cc:53       1| DeviceInstance::PJRT_Device_IsAddressable
2025-05-14 21:17:08.371 (   3.431s) [        2E7FC640]     buffer_instance.cc:413      1| BufferInstance::PJRT_Buffer_Device
2025-05-14 21:17:08.371 (   3.431s) [        2E7FC640]     device_instance.cc:53       1| DeviceInstance::PJRT_Device_IsAddressable
2025-05-14 21:17:08.371 (   3.431s) [        2E7FC640]     buffer_instance.cc:413      1| BufferInstance::PJRT_Buffer_Device
2025-05-14 21:17:08.371 (   3.431s) [        2E7FC640]     device_instance.cc:53       1| DeviceInstance::PJRT_Device_IsAddressable
2025-05-14 21:17:08.371 (   3.431s) [        2E7FC640]     buffer_instance.cc:413      1| BufferInstance::PJRT_Buffer_Device
2025-05-14 21:17:08.371 (   3.431s) [        2E7FC640]     device_instance.cc:53       1| DeviceInstance::PJRT_Device_IsAddressable
2025-05-14 21:17:08.371 (   3.431s) [        2E7FC640]     buffer_instance.cc:413      1| BufferInstance::PJRT_Buffer_Device
2025-05-14 21:17:08.371 (   3.431s) [        2E7FC640]     device_instance.cc:53       1| DeviceInstance::PJRT_Device_IsAddressable
2025-05-14 21:17:08.371 (   3.431s) [        2E7FC640]     buffer_instance.cc:413      1| BufferInstance::PJRT_Buffer_Device
2025-05-14 21:17:08.371 (   3.431s) [        2E7FC640]     device_instance.cc:53       1| DeviceInstance::PJRT_Device_IsAddressable
2025-05-14 21:17:08.371 (   3.431s) [        2E7FC640]     buffer_instance.cc:413      1| BufferInstance::PJRT_Buffer_Device
2025-05-14 21:17:08.371 (   3.431s) [        2E7FC640]     device_instance.cc:53       1| DeviceInstance::PJRT_Device_IsAddressable
2025-05-14 21:17:08.371 (   3.431s) [        2E7FC640]     buffer_instance.cc:413      1| BufferInstance::PJRT_Buffer_Device
2025-05-14 21:17:08.371 (   3.431s) [        2E7FC640]     device_instance.cc:53       1| DeviceInstance::PJRT_Device_IsAddressable
2025-05-14 21:17:08.371 (   3.431s) [        2E7FC640]     buffer_instance.cc:413      1| BufferInstance::PJRT_Buffer_Device
2025-05-14 21:17:08.371 (   3.431s) [        2E7FC640]     device_instance.cc:53       1| DeviceInstance::PJRT_Device_IsAddressable
2025-05-14 21:17:08.371 (   3.431s) [        2E7FC640]     buffer_instance.cc:413      1| BufferInstance::PJRT_Buffer_Device
2025-05-14 21:17:08.371 (   3.431s) [        2E7FC640]     device_instance.cc:53       1| DeviceInstance::PJRT_Device_IsAddressable
2025-05-14 21:17:08.371 (   3.431s) [        2E7FC640]     buffer_instance.cc:413      1| BufferInstance::PJRT_Buffer_Device
2025-05-14 21:17:08.371 (   3.431s) [        2E7FC640]     device_instance.cc:53       1| DeviceInstance::PJRT_Device_IsAddressable
2025-05-14 21:17:08.371 (   3.431s) [        2E7FC640]     buffer_instance.cc:413      1| BufferInstance::PJRT_Buffer_Device
2025-05-14 21:17:08.371 (   3.431s) [        2E7FC640]     device_instance.cc:53       1| DeviceInstance::PJRT_Device_IsAddressable
2025-05-14 21:17:08.371 (   3.431s) [        2E7FC640]     buffer_instance.cc:413      1| BufferInstance::PJRT_Buffer_Device
2025-05-14 21:17:08.371 (   3.431s) [        2E7FC640]     device_instance.cc:53       1| DeviceInstance::PJRT_Device_IsAddressable
2025-05-14 21:17:08.371 (   3.431s) [        2E7FC640]     buffer_instance.cc:413      1| BufferInstance::PJRT_Buffer_Device
2025-05-14 21:17:08.371 (   3.431s) [        2E7FC640]     device_instance.cc:53       1| DeviceInstance::PJRT_Device_IsAddressable
2025-05-14 21:17:08.371 (   3.431s) [        2E7FC640]     buffer_instance.cc:413      1| BufferInstance::PJRT_Buffer_Device
2025-05-14 21:17:08.371 (   3.431s) [        2E7FC640]     device_instance.cc:53       1| DeviceInstance::PJRT_Device_IsAddressable
2025-05-14 21:17:08.371 (   3.431s) [        2E7FC640]     buffer_instance.cc:413      1| BufferInstance::PJRT_Buffer_Device
2025-05-14 21:17:08.371 (   3.431s) [        2E7FC640]     device_instance.cc:53       1| DeviceInstance::PJRT_Device_IsAddressable
2025-05-14 21:17:08.371 (   3.431s) [        2E7FC640]     buffer_instance.cc:413      1| BufferInstance::PJRT_Buffer_Device
2025-05-14 21:17:08.371 (   3.431s) [        2E7FC640]     device_instance.cc:53       1| DeviceInstance::PJRT_Device_IsAddressable
2025-05-14 21:17:08.371 (   3.431s) [        2E7FC640]     buffer_instance.cc:413      1| BufferInstance::PJRT_Buffer_Device
2025-05-14 21:17:08.371 (   3.431s) [        2E7FC640]     device_instance.cc:53       1| DeviceInstance::PJRT_Device_IsAddressable
2025-05-14 21:17:08.371 (   3.431s) [        2E7FC640]     buffer_instance.cc:413      1| BufferInstance::PJRT_Buffer_Device
2025-05-14 21:17:08.371 (   3.431s) [        2E7FC640]     device_instance.cc:53       1| DeviceInstance::PJRT_Device_IsAddressable
2025-05-14 21:17:08.371 (   3.431s) [        2E7FC640] executable_instance.cc:135      1| ExecutableInstance::PJRT_Executable_NumOutputs
2025-05-14 21:17:08.371 (   3.431s) [        2E7FC640]loaded_executable_insta:445      1| LoadedExecutableInstance::PJRT_LoadedExecutable_Execute
2025-05-14 21:17:08.371 (   3.431s) [        2E7FC640]loaded_executable_insta:84       1| LoadedExecutableInstance::Execute
Read unexpected run_mailbox value: 0x40 (expected 0x80 or 0x0)
Read unexpected run_mailbox value: 0x40 (expected 0x80 or 0x0)
Read unexpected run_mailbox value: 0x40 (expected 0x80 or 0x0)
Read unexpected run_mailbox value: 0x40 (expected 0x80 or 0x0)
Read unexpected run_mailbox value: 0x40 (expected 0x80 or 0x0)
Read unexpected run_mailbox value: 0x40 (expected 0x80 or 0x0)
Read unexpected run_mailbox value: 0x40 (expected 0x80 or 0x0)
Read unexpected run_mailbox value: 0x40 (expected 0x80 or 0x0)
[32m                 Always[0m | [1m[38;5;240m   DEBUG[0m | Device grid size = { 8, 8 }
[32m            RuntimeTTNN[0m | [1m[38;5;240m   DEBUG[0m | Starting execution of program: main
[32m            RuntimeTTNN[0m | [1m[38;5;240m   DEBUG[0m | Executing operation: %0 = "ttnn.get_device"() <{mesh_offset = #ttnn<mesh_offset 0x0>, mesh_shape = #ttnn<mesh_shape 2x4>}> : () -> !ttnn.device loc("dot.4")
[32m            RuntimeTTNN[0m | [1m[38;5;240m   DEBUG[0m | Executing operation: %1 = "ttnn.matmul"(%arg2, %arg1) <{transpose_a = false, transpose_b = false}> : (tensor<1024x8192xf32, #ttnn.ttnn_layout<(d0, d1) -> (d0, d1), <1x1>, memref<32x256x!tt.tile<32x32, f32>, #ttnn.buffer_type<dram>>, <interleaved>>>, tensor<8192x4096xf32, #ttnn.ttnn_layout<(d0, d1) -> (d0, d1), <1x1>, memref<256x128x!tt.tile<32x32, f32>, #ttnn.buffer_type<dram>>, <interleaved>>>) -> tensor<1024x4096xf32, #ttnn.ttnn_layout<(d0, d1) -> (d0, d1), <1x1>, memref<32x128x!tt.tile<32x32, f32>, #ttnn.buffer_type<dram>>, <interleaved>>> loc("dot.4")
Traceback (most recent call last):
  File "/localdev/hshah/tt-xla/examples/xla_all_gather_op.py", line 69, in <module>
    y = y.to("cpu")
RuntimeError: TT_THROW @ /localdev/hshah/tt-xla/third_party/tt-mlir/src/tt-mlir/third_party/tt-metal/src/tt-metal/ttnn/cpp/ttnn/operations/matmul/matmul.cpp:127: tt::exception
info:
ttnn.matmul: The width of the first tensor must be equal to the height of the second tensor (2048 != 4096). The shape of first tensor was Shape([512, 2048]) and the shape of second tensor was Shape([4096, 1024]))
backtrace:
 --- /localdev/hshah/tt-xla/third_party/tt-mlir/install/lib/_ttnn.so(+0x1693bd5) [0x7f4ea1bc4bd5]
 --- ttnn::operations::matmul::bound_matmul(tt::tt_metal::Tensor const&, tt::tt_metal::Tensor const&, std::optional<tt::tt_metal::Tensor const> const&, ttnn::operations::matmul::Matmul const&, unsigned char const&, std::optional<tt::tt_metal::Tensor>&)
 --- /localdev/hshah/tt-xla/third_party/tt-mlir/install/lib/_ttnn.so(_ZN4ttnn10operations6matmul15MatmulOperation6invokeERKN2tt8tt_metal6TensorES7_bbRKSt8optionalIKNS4_12MemoryConfigEES8_IKNS4_8DataTypeEERKS8_IKSt7variantIJNS1_28MatmulMultiCoreProgramConfigENS1_33MatmulMultiCoreReuseProgramConfigENS1_42MatmulMultiCoreReuseMultiCastProgramConfigENS1_44MatmulMultiCoreReuseMultiCast1DProgramConfigENS1_53MatmulMultiCoreReuseMultiCastDRAMShardedProgramConfigEEEERKS8_IKNSt7__cxx1112basic_stringIcSt11char_traitsIcESaIcEEEES8_IKSH_IJNS_28GrayskullComputeKernelConfigENS_27WormholeComputeKernelConfigEEEES8_IKNS_5types8CoreGridEERKS8_IKNS4_4TileEES8_IS5_ERKS8_IKNS4_12experimental20GlobalCircularBufferEERKS8_INS3_3stl10StrongTypeIhNS4_14SubDeviceIdTagEEEE+0x31e) [0x7f4ea1bb5b3e]
 --- /localdev/hshah/tt-xla/third_party/tt-mlir/install/lib/libTTMLIRRuntime.so(+0x1c2fa4) [0x7f4f1c1c5fa4]
 --- /localdev/hshah/tt-xla/third_party/tt-mlir/install/lib/libTTMLIRRuntime.so(+0x1c2973) [0x7f4f1c1c5973]
 --- tt::runtime::ttnn::operations::matmul::run(tt::target::ttnn::MatmulOp const*, tt::runtime::ttnn::ProgramContext&)
 --- tt::runtime::ttnn::ProgramExecutor::execute()
 --- tt::runtime::ttnn::runProgram(std::shared_ptr<tt::tt_metal::distributed::MeshDevice>, tt::runtime::Binary, unsigned int, std::vector<tt::runtime::Tensor, std::allocator<tt::runtime::Tensor> >&)
 --- tt::runtime::ttnn::submit(tt::runtime::Device, tt::runtime::Binary, unsigned int, std::vector<tt::runtime::Tensor, std::allocator<tt::runtime::Tensor> >&)
 --- tt::runtime::submit(tt::runtime::Device, tt::runtime::Binary, unsigned int, std::vector<tt::runtime::Tensor, std::allocator<tt::runtime::Tensor> >&)
 --- tt::pjrt::LoadedExecutableInstance::execute(PJRT_LoadedExecutable_Execute_Args*)
 --- tt::pjrt::internal::onLoadedExecutableExecute(PJRT_LoadedExecutable_Execute_Args*)
 --- xla::PjRtCApiLoadedExecutable::Execute(absl::lts_20230802::Span<std::vector<xla::PjRtBuffer*, std::allocator<xla::PjRtBuffer*> > const>, xla::ExecuteOptions const&, std::optional<std::vector<xla::PjRtFuture<void>, std::allocator<xla::PjRtFuture<void> > > >&)
 --- torch_xla::runtime::PjRtComputationClient::ExecuteReplicated(torch_xla::runtime::ComputationClient::Computation const&, absl::lts_20230802::Span<std::shared_ptr<torch_xla::runtime::ComputationClient::Data> const>, absl::lts_20230802::Span<std::__cxx11::basic_string<char, std::char_traits<char>, std::allocator<char> > const>, torch_xla::runtime::ComputationClient::ExecuteReplicatedOptions const&)
 --- /localdev/hshah/tt-xla/venv/lib/python3.10/site-packages/_XLAC.cpython-310-x86_64-linux-gnu.so(+0x5f2a632) [0x7f4f374c5632]
 --- torch::lazy::MultiWait::Complete(std::function<void ()> const&)
 --- Eigen::ThreadPoolTempl<tsl::thread::EigenEnvironment>::WorkerLoop(int)
 --- void absl::lts_20230802::internal_any_invocable::RemoteInvoker<false, void, tsl::thread::EigenEnvironment::CreateThread(std::function<void ()>)::{lambda()#1}&>(absl::lts_20230802::internal_any_invocable::TypeErasedState*)
 --- /localdev/hshah/tt-xla/venv/lib/python3.10/site-packages/_XLAC.cpython-310-x86_64-linux-gnu.so(+0xfc34a11) [0x7f4f411cfa11]
 --- /lib/x86_64-linux-gnu/libc.so.6(+0x94ac3) [0x7f50632c3ac3]
 --- /lib/x86_64-linux-gnu/libc.so.6(+0x126850) [0x7f5063355850]

2025-05-14 21:17:09.727 (   4.786s) [        6322E480]     buffer_instance.cc:314      1| BufferInstance::PJRT_Buffer_Destroy
2025-05-14 21:17:09.727 (   4.787s) [        6322E480]     buffer_instance.cc:314      1| BufferInstance::PJRT_Buffer_Destroy
2025-05-14 21:17:09.727 (   4.787s) [        6322E480]     buffer_instance.cc:314      1| BufferInstance::PJRT_Buffer_Destroy
2025-05-14 21:17:09.727 (   4.787s) [        6322E480]     buffer_instance.cc:314      1| BufferInstance::PJRT_Buffer_Destroy
2025-05-14 21:17:09.727 (   4.787s) [        6322E480]     buffer_instance.cc:314      1| BufferInstance::PJRT_Buffer_Destroy
2025-05-14 21:17:09.727 (   4.787s) [        6322E480]     buffer_instance.cc:314      1| BufferInstance::PJRT_Buffer_Destroy
2025-05-14 21:17:09.727 (   4.787s) [        6322E480]     buffer_instance.cc:314      1| BufferInstance::PJRT_Buffer_Destroy
2025-05-14 21:17:09.727 (   4.787s) [        6322E480]     buffer_instance.cc:314      1| BufferInstance::PJRT_Buffer_Destroy
2025-05-14 21:17:09.727 (   4.787s) [        6322E480]     buffer_instance.cc:314      1| BufferInstance::PJRT_Buffer_Destroy
2025-05-14 21:17:09.727 (   4.787s) [        6322E480]     buffer_instance.cc:314      1| BufferInstance::PJRT_Buffer_Destroy
2025-05-14 21:17:09.727 (   4.787s) [        6322E480]     buffer_instance.cc:314      1| BufferInstance::PJRT_Buffer_Destroy
2025-05-14 21:17:09.727 (   4.787s) [        6322E480]     buffer_instance.cc:314      1| BufferInstance::PJRT_Buffer_Destroy
2025-05-14 21:17:09.727 (   4.787s) [        6322E480]     buffer_instance.cc:314      1| BufferInstance::PJRT_Buffer_Destroy
2025-05-14 21:17:09.727 (   4.787s) [        6322E480]     buffer_instance.cc:314      1| BufferInstance::PJRT_Buffer_Destroy
2025-05-14 21:17:09.728 (   4.787s) [        6322E480]     buffer_instance.cc:314      1| BufferInstance::PJRT_Buffer_Destroy
2025-05-14 21:17:09.728 (   4.787s) [        6322E480]     buffer_instance.cc:314      1| BufferInstance::PJRT_Buffer_Destroy
2025-05-14 21:17:10.004 (   5.063s) [        6322E480]     client_instance.cc:219      1| ClientInstance::PJRT_Client_Destroy
2025-05-14 21:17:10.004 (   5.063s) [        6322E480]     client_instance.cc:47       1| ClientInstance::~ClientInstance
