WARNING:root:Defaulting to PJRT_DEVICE=CPU
2025-05-08 19:17:39.303 (   0.000s) [        DF755480]      dylib_platform.cc:47       1| DylibPlatform::SubclassInitialize
2025-05-08 19:17:39.304 (   0.001s) [        DF755480]     client_instance.cc:32       1| ClientInstance::ClientInstance
2025-05-08 19:17:39.304 (   0.001s) [        DF755480]              client.cc:18       1| TTClientInstance::TTClientInstance
2025-05-08 19:17:39.304 (   0.001s) [        DF755480]     client_instance.cc:53       1| ClientInstance::Initialize
[32m2025-05-08 19:17:39.304[0m | [1m[38;2;100;149;237mINFO    [0m | [36mSiliconDriver  [0m - Opened PCI device 0; KMD version: 1.31.0, IOMMU: disabled
[32m2025-05-08 19:17:39.306[0m | [1m[38;2;100;149;237mINFO    [0m | [36mSiliconDriver  [0m - Opened PCI device 1; KMD version: 1.31.0, IOMMU: disabled
[32m2025-05-08 19:17:39.307[0m | [1m[38;2;100;149;237mINFO    [0m | [36mSiliconDriver  [0m - Opened PCI device 2; KMD version: 1.31.0, IOMMU: disabled
[32m2025-05-08 19:17:39.308[0m | [1m[38;2;100;149;237mINFO    [0m | [36mSiliconDriver  [0m - Opened PCI device 3; KMD version: 1.31.0, IOMMU: disabled
New chip! We now have 1 chips
Chip initialization complete (found )
Chip initializing complete...
 ARC

 [4/4] DRAM

 [16/16] ETH

 CPU

New chip! We now have 2 chips
Chip initialization complete (found )
Chip initializing complete...
 ARC

 [4/4] DRAM

 [16/16] ETH

 CPU

New chip! We now have 3 chips
Chip initialization complete (found )
Chip initializing complete...
 ARC

 [4/4] DRAM

 [16/16] ETH

 CPU

New chip! We now have 4 chips
Chip initialization complete (found )
Chip initializing complete...
 ARC

 [4/4] DRAM

 [16/16] ETH

 CPU

New chip! We now have 5 chips
Chip initialization complete (found )
Chip initializing complete...
 ARC

 [4/4] DRAM

 [16/16] ETH

 CPU

Ok I was wrong we actually have 4 chips
New chip! We now have 5 chips
Chip initialization complete (found )
Chip initializing complete...
 ARC

 [4/4] DRAM

 [16/16] ETH

 CPU

New chip! We now have 6 chips
Chip initialization complete (found )
Chip initializing complete...
 ARC

 [4/4] DRAM

 [16/16] ETH

 CPU

New chip! We now have 7 chips
Chip initialization complete (found )
Chip initializing complete...
 ARC

 [4/4] DRAM

 [16/16] ETH

 CPU

Ok I was wrong we actually have 6 chips
New chip! We now have 7 chips
Chip initialization complete (found )
Chip initializing complete...
 ARC

 [4/4] DRAM

 [16/16] ETH

 CPU

Ok I was wrong we actually have 6 chips
New chip! We now have 7 chips
Chip initialization complete (found )
Chip initializing complete...
 ARC

 [4/4] DRAM

 [16/16] ETH

 CPU

Ok I was wrong we actually have 6 chips
New chip! We now have 7 chips
Chip initialization complete (found )
Chip initializing complete...
 ARC

 [4/4] DRAM

 [16/16] ETH

 CPU

Ok I was wrong we actually have 6 chips
New chip! We now have 7 chips
Chip initialization complete (found )
Chip initializing complete...
 ARC

 [4/4] DRAM

 [16/16] ETH

 CPU

Ok I was wrong we actually have 6 chips
New chip! We now have 7 chips
Chip initialization complete (found )
Chip initializing complete...
 ARC

 [4/4] DRAM

 [16/16] ETH

 CPU

Ok I was wrong we actually have 6 chips
New chip! We now have 7 chips
Chip initialization complete (found )
Chip initializing complete...
 ARC

 [4/4] DRAM

 [16/16] ETH

 CPU

New chip! We now have 8 chips
Chip initialization complete (found )
Chip initializing complete...
 ARC

 [4/4] DRAM

 [16/16] ETH

 CPU

New chip! We now have 9 chips
Chip initialization complete (found )
Chip initializing complete...
 ARC

 [4/4] DRAM

 [16/16] ETH

 CPU

Ok I was wrong we actually have 8 chips
New chip! We now have 9 chips
Chip initialization complete (found )
Chip initializing complete...
 ARC

 [4/4] DRAM

 [16/16] ETH

 CPU

Ok I was wrong we actually have 8 chips
New chip! We now have 9 chips
Chip initialization complete (found )
Chip initializing complete...
 ARC

 [4/4] DRAM

 [16/16] ETH

 CPU

Ok I was wrong we actually have 8 chips
New chip! We now have 9 chips
Chip initialization complete (found )
Chip initializing complete...
 ARC

 [4/4] DRAM

 [16/16] ETH

 CPU

Ok I was wrong we actually have 8 chips
New chip! We now have 9 chips
Chip initialization complete (found )
Chip initializing complete...
 ARC

 [4/4] DRAM

 [16/16] ETH

 CPU

Ok I was wrong we actually have 8 chips
Chip detection complete (found )

[32m2025-05-08 19:17:39.623[0m | [1m[38;2;100;149;237mINFO    [0m | [36mSiliconDriver  [0m - Opened PCI device 0; KMD version: 1.31.0, IOMMU: disabled
[32m2025-05-08 19:17:39.624[0m | [1m[38;2;100;149;237mINFO    [0m | [36mSiliconDriver  [0m - Opened PCI device 1; KMD version: 1.31.0, IOMMU: disabled
[32m2025-05-08 19:17:39.625[0m | [1m[38;2;100;149;237mINFO    [0m | [36mSiliconDriver  [0m - Opened PCI device 2; KMD version: 1.31.0, IOMMU: disabled
[32m2025-05-08 19:17:39.626[0m | [1m[38;2;100;149;237mINFO    [0m | [36mSiliconDriver  [0m - Opened PCI device 3; KMD version: 1.31.0, IOMMU: disabled
[32m2025-05-08 19:17:39.633[0m | [1m[38;2;100;149;237mINFO    [0m | [36mSiliconDriver  [0m - Opened PCI device 0; KMD version: 1.31.0, IOMMU: disabled
[32m2025-05-08 19:17:39.634[0m | [1m[38;2;100;149;237mINFO    [0m | [36mSiliconDriver  [0m - Opened PCI device 1; KMD version: 1.31.0, IOMMU: disabled
[32m2025-05-08 19:17:39.635[0m | [1m[38;2;100;149;237mINFO    [0m | [36mSiliconDriver  [0m - Opened PCI device 2; KMD version: 1.31.0, IOMMU: disabled
[32m2025-05-08 19:17:39.636[0m | [1m[38;2;100;149;237mINFO    [0m | [36mSiliconDriver  [0m - Opened PCI device 3; KMD version: 1.31.0, IOMMU: disabled
[32m2025-05-08 19:17:39.643[0m | [1m[38;2;100;149;237mINFO    [0m | [36mSiliconDriver  [0m - Harvesting mask for chip 3 is 0x202 (physical layout: 0x9, logical: 0x202, simulated harvesting mask: 0x0).
[32m2025-05-08 19:17:39.650[0m | [1m[38;2;100;149;237mINFO    [0m | [36mSiliconDriver  [0m - Opened PCI device 3; KMD version: 1.31.0, IOMMU: disabled
[32m2025-05-08 19:17:39.691[0m | [1m[38;2;100;149;237mINFO    [0m | [36mSiliconDriver  [0m - Harvesting mask for chip 2 is 0x210 (physical layout: 0x201, logical: 0x210, simulated harvesting mask: 0x0).
[32m2025-05-08 19:17:39.698[0m | [1m[38;2;100;149;237mINFO    [0m | [36mSiliconDriver  [0m - Opened PCI device 2; KMD version: 1.31.0, IOMMU: disabled
[32m2025-05-08 19:17:39.713[0m | [1m[38;2;100;149;237mINFO    [0m | [36mSiliconDriver  [0m - Harvesting mask for chip 1 is 0x300 (physical layout: 0x5, logical: 0x300, simulated harvesting mask: 0x0).
[32m2025-05-08 19:17:39.721[0m | [1m[38;2;100;149;237mINFO    [0m | [36mSiliconDriver  [0m - Opened PCI device 1; KMD version: 1.31.0, IOMMU: disabled
[32m2025-05-08 19:17:39.737[0m | [1m[38;2;100;149;237mINFO    [0m | [36mSiliconDriver  [0m - Harvesting mask for chip 0 is 0x220 (physical layout: 0x101, logical: 0x220, simulated harvesting mask: 0x0).
[32m2025-05-08 19:17:39.744[0m | [1m[38;2;100;149;237mINFO    [0m | [36mSiliconDriver  [0m - Opened PCI device 0; KMD version: 1.31.0, IOMMU: disabled
[32m2025-05-08 19:17:39.760[0m | [1m[38;2;100;149;237mINFO    [0m | [36mSiliconDriver  [0m - Harvesting mask for chip 7 is 0x202 (physical layout: 0x9, logical: 0x202, simulated harvesting mask: 0x0).
[32m2025-05-08 19:17:39.767[0m | [1m[38;2;100;149;237mINFO    [0m | [36mSiliconDriver  [0m - Harvesting mask for chip 6 is 0x201 (physical layout: 0x3, logical: 0x201, simulated harvesting mask: 0x0).
[32m2025-05-08 19:17:39.774[0m | [1m[38;2;100;149;237mINFO    [0m | [36mSiliconDriver  [0m - Harvesting mask for chip 5 is 0x210 (physical layout: 0x201, logical: 0x210, simulated harvesting mask: 0x0).
[32m2025-05-08 19:17:39.781[0m | [1m[38;2;100;149;237mINFO    [0m | [36mSiliconDriver  [0m - Harvesting mask for chip 4 is 0x220 (physical layout: 0x101, logical: 0x220, simulated harvesting mask: 0x0).
[32m2025-05-08 19:17:39.788[0m | [1m[38;2;100;149;237mINFO    [0m | [36mSiliconDriver  [0m - Detected PCI devices: [0, 1, 2, 3]
[32m2025-05-08 19:17:39.788[0m | [1m[38;2;100;149;237mINFO    [0m | [36mSiliconDriver  [0m - Using local chip ids: {0, 1, 2, 3} and remote chip ids {4, 5, 6, 7}
[32m2025-05-08 19:17:39.795[0m | [1m[38;2;100;149;237mINFO    [0m | [36mSiliconDriver  [0m - Software version 6.0.0, Ethernet FW version 6.10.0 (Device 0)
[32m2025-05-08 19:17:39.795[0m | [1m[38;2;100;149;237mINFO    [0m | [36mSiliconDriver  [0m - Software version 6.0.0, Ethernet FW version 6.10.0 (Device 1)
[32m2025-05-08 19:17:39.795[0m | [1m[38;2;100;149;237mINFO    [0m | [36mSiliconDriver  [0m - Software version 6.0.0, Ethernet FW version 6.10.0 (Device 2)
[32m2025-05-08 19:17:39.795[0m | [1m[38;2;100;149;237mINFO    [0m | [36mSiliconDriver  [0m - Software version 6.0.0, Ethernet FW version 6.10.0 (Device 3)
[32m2025-05-08 19:17:39.795[0m | [1m[38;2;100;149;237mINFO    [0m | [36mSiliconDriver  [0m - Software version 6.0.0, Ethernet FW version 6.10.0 (Device 4)
[32m2025-05-08 19:17:39.795[0m | [1m[38;2;100;149;237mINFO    [0m | [36mSiliconDriver  [0m - Software version 6.0.0, Ethernet FW version 6.10.0 (Device 5)
[32m2025-05-08 19:17:39.796[0m | [1m[38;2;100;149;237mINFO    [0m | [36mSiliconDriver  [0m - Software version 6.0.0, Ethernet FW version 6.10.0 (Device 6)
[32m2025-05-08 19:17:39.796[0m | [1m[38;2;100;149;237mINFO    [0m | [36mSiliconDriver  [0m - Software version 6.0.0, Ethernet FW version 6.10.0 (Device 7)
Read unexpected run_mailbox value: 0x40 (expected 0x80 or 0x0)
Read unexpected run_mailbox value: 0x40 (expected 0x80 or 0x0)
Read unexpected run_mailbox value: 0x40 (expected 0x80 or 0x0)
Read unexpected run_mailbox value: 0x40 (expected 0x80 or 0x0)
Read unexpected run_mailbox value: 0x40 (expected 0x80 or 0x0)
Read unexpected run_mailbox value: 0x40 (expected 0x80 or 0x0)
Read unexpected run_mailbox value: 0x40 (expected 0x80 or 0x0)
Read unexpected run_mailbox value: 0x40 (expected 0x80 or 0x0)
[32m                 Always[0m | [1m[38;5;240m   DEBUG[0m | Device grid size = { 8, 8 }
2025-05-08 19:17:42.537 (   3.234s) [        DF755480]              stubs.inc:124   WARN| STUB: PJRT_Client_TopologyDescription
2025-05-08 19:17:42.537 (   3.234s) [        DF755480]      error_instance.cc:49       1| ErrorInstance::PJRT_Error_Message
2025-05-08 19:17:42.537 (   3.234s) [        DF755480]      error_instance.cc:58       1| ErrorInstance::PJRT_Error_GetCode
2025-05-08 19:17:42.537 (   3.234s) [        DF755480]      error_instance.cc:43       1| ErrorInstance::PJRT_Error_Destroy
2025-05-08 19:17:42.537 (   3.234s) [        DF755480]     client_instance.cc:247      1| ClientInstance::PJRT_Client_PlatformVersion
2025-05-08 19:17:42.537 (   3.234s) [        DF755480]     client_instance.cc:227      1| ClientInstance::PJRT_Client_PlatformName
2025-05-08 19:17:42.537 (   3.234s) [        DF755480]     client_instance.cc:259      1| ClientInstance::PJRT_Client_Devices
2025-05-08 19:17:42.537 (   3.234s) [        DF755480]     device_instance.cc:44       1| DeviceInstance::PJRT_Device_GetDescription
2025-05-08 19:17:42.537 (   3.234s) [        DF755480]  device_description.cc:63       1| DeviceDescription::PJRT_DeviceDescription_Attributes
2025-05-08 19:17:42.537 (   3.234s) [        DF755480]     device_instance.cc:44       1| DeviceInstance::PJRT_Device_GetDescription
2025-05-08 19:17:42.537 (   3.234s) [        DF755480]  device_description.cc:63       1| DeviceDescription::PJRT_DeviceDescription_Attributes
2025-05-08 19:17:42.537 (   3.234s) [        DF755480]     device_instance.cc:44       1| DeviceInstance::PJRT_Device_GetDescription
2025-05-08 19:17:42.537 (   3.234s) [        DF755480]  device_description.cc:63       1| DeviceDescription::PJRT_DeviceDescription_Attributes
2025-05-08 19:17:42.537 (   3.234s) [        DF755480]     device_instance.cc:44       1| DeviceInstance::PJRT_Device_GetDescription
2025-05-08 19:17:42.537 (   3.234s) [        DF755480]  device_description.cc:63       1| DeviceDescription::PJRT_DeviceDescription_Attributes
2025-05-08 19:17:42.537 (   3.234s) [        DF755480]     device_instance.cc:44       1| DeviceInstance::PJRT_Device_GetDescription
2025-05-08 19:17:42.537 (   3.234s) [        DF755480]  device_description.cc:63       1| DeviceDescription::PJRT_DeviceDescription_Attributes
2025-05-08 19:17:42.537 (   3.234s) [        DF755480]     device_instance.cc:44       1| DeviceInstance::PJRT_Device_GetDescription
2025-05-08 19:17:42.537 (   3.234s) [        DF755480]  device_description.cc:63       1| DeviceDescription::PJRT_DeviceDescription_Attributes
2025-05-08 19:17:42.537 (   3.234s) [        DF755480]     device_instance.cc:44       1| DeviceInstance::PJRT_Device_GetDescription
2025-05-08 19:17:42.537 (   3.234s) [        DF755480]  device_description.cc:63       1| DeviceDescription::PJRT_DeviceDescription_Attributes
2025-05-08 19:17:42.537 (   3.234s) [        DF755480]     device_instance.cc:44       1| DeviceInstance::PJRT_Device_GetDescription
2025-05-08 19:17:42.537 (   3.234s) [        DF755480]  device_description.cc:63       1| DeviceDescription::PJRT_DeviceDescription_Attributes
2025-05-08 19:17:42.537 (   3.234s) [        DF755480]     client_instance.cc:272      1| ClientInstance::PJRT_Client_AddressableDevices
2025-05-08 19:17:42.537 (   3.234s) [        DF755480]     client_instance.cc:322      1| ClientInstance::PJRT_Client_AddressableMemories
2025-05-08 19:17:42.537 (   3.234s) [        DF755480]     device_instance.cc:71       1| DeviceInstance::PJRT_Device_AddressableMemories
2025-05-08 19:17:42.537 (   3.234s) [        DF755480]     device_instance.cc:71       1| DeviceInstance::PJRT_Device_AddressableMemories
2025-05-08 19:17:42.537 (   3.234s) [        DF755480]     device_instance.cc:71       1| DeviceInstance::PJRT_Device_AddressableMemories
2025-05-08 19:17:42.537 (   3.234s) [        DF755480]     device_instance.cc:71       1| DeviceInstance::PJRT_Device_AddressableMemories
2025-05-08 19:17:42.537 (   3.234s) [        DF755480]     device_instance.cc:71       1| DeviceInstance::PJRT_Device_AddressableMemories
2025-05-08 19:17:42.537 (   3.234s) [        DF755480]     device_instance.cc:71       1| DeviceInstance::PJRT_Device_AddressableMemories
2025-05-08 19:17:42.537 (   3.234s) [        DF755480]     device_instance.cc:71       1| DeviceInstance::PJRT_Device_AddressableMemories
2025-05-08 19:17:42.537 (   3.234s) [        DF755480]     device_instance.cc:71       1| DeviceInstance::PJRT_Device_AddressableMemories
2025-05-08 19:17:42.537 (   3.234s) [        DF755480]     memory_instance.cc:124      1| MemoryInstance::PJRT_Memory_AddressableByDevices
2025-05-08 19:17:42.537 (   3.234s) [        DF755480]     memory_instance.cc:124      1| MemoryInstance::PJRT_Memory_AddressableByDevices
2025-05-08 19:17:42.537 (   3.234s) [        DF755480]     memory_instance.cc:124      1| MemoryInstance::PJRT_Memory_AddressableByDevices
2025-05-08 19:17:42.537 (   3.234s) [        DF755480]     memory_instance.cc:124      1| MemoryInstance::PJRT_Memory_AddressableByDevices
2025-05-08 19:17:42.537 (   3.234s) [        DF755480]     memory_instance.cc:124      1| MemoryInstance::PJRT_Memory_AddressableByDevices
2025-05-08 19:17:42.537 (   3.234s) [        DF755480]     memory_instance.cc:124      1| MemoryInstance::PJRT_Memory_AddressableByDevices
2025-05-08 19:17:42.537 (   3.234s) [        DF755480]     memory_instance.cc:124      1| MemoryInstance::PJRT_Memory_AddressableByDevices
2025-05-08 19:17:42.537 (   3.234s) [        DF755480]     memory_instance.cc:124      1| MemoryInstance::PJRT_Memory_AddressableByDevices
2025-05-08 19:17:42.537 (   3.234s) [        DF755480]     memory_instance.cc:124      1| MemoryInstance::PJRT_Memory_AddressableByDevices
2025-05-08 19:17:42.537 (   3.234s) [        DF755480]        api_bindings.cc:76       1| PJRT_Plugin_Attributes
2025-05-08 19:17:42.537900: W torch_xla/csrc/runtime/profiler.cc:88] Profiler API not found for PJRT plugin
2025-05-08 19:17:42.537 (   3.234s) [        DF755480]  device_description.cc:44       1| DeviceDescription::PJRT_DeviceDescription_Id
2025-05-08 19:17:42.537 (   3.234s) [        DF755480]  device_description.cc:44       1| DeviceDescription::PJRT_DeviceDescription_Id
2025-05-08 19:17:42.537 (   3.234s) [        DF755480]  device_description.cc:44       1| DeviceDescription::PJRT_DeviceDescription_Id
2025-05-08 19:17:42.537 (   3.234s) [        DF755480]  device_description.cc:44       1| DeviceDescription::PJRT_DeviceDescription_Id
2025-05-08 19:17:42.537 (   3.234s) [        DF755480]  device_description.cc:44       1| DeviceDescription::PJRT_DeviceDescription_Id
2025-05-08 19:17:42.537 (   3.234s) [        DF755480]  device_description.cc:44       1| DeviceDescription::PJRT_DeviceDescription_Id
2025-05-08 19:17:42.537 (   3.234s) [        DF755480]  device_description.cc:44       1| DeviceDescription::PJRT_DeviceDescription_Id
2025-05-08 19:17:42.537 (   3.234s) [        DF755480]  device_description.cc:44       1| DeviceDescription::PJRT_DeviceDescription_Id
2025-05-08 19:17:42.537 (   3.234s) [        DF755480]  device_description.cc:44       1| DeviceDescription::PJRT_DeviceDescription_Id
2025-05-08 19:17:42.537 (   3.234s) [        DF755480]  device_description.cc:44       1| DeviceDescription::PJRT_DeviceDescription_Id
2025-05-08 19:17:42.537 (   3.234s) [        DF755480]  device_description.cc:44       1| DeviceDescription::PJRT_DeviceDescription_Id
2025-05-08 19:17:42.537 (   3.234s) [        DF755480]  device_description.cc:44       1| DeviceDescription::PJRT_DeviceDescription_Id
2025-05-08 19:17:42.537 (   3.234s) [        DF755480]  device_description.cc:44       1| DeviceDescription::PJRT_DeviceDescription_Id
2025-05-08 19:17:42.537 (   3.234s) [        DF755480]  device_description.cc:44       1| DeviceDescription::PJRT_DeviceDescription_Id
2025-05-08 19:17:42.537 (   3.234s) [        DF755480]  device_description.cc:44       1| DeviceDescription::PJRT_DeviceDescription_Id
2025-05-08 19:17:42.537 (   3.234s) [        DF755480]  device_description.cc:44       1| DeviceDescription::PJRT_DeviceDescription_Id
2025-05-08 19:17:42.537 (   3.234s) [        DF755480]  device_description.cc:44       1| DeviceDescription::PJRT_DeviceDescription_Id
2025-05-08 19:17:42.537 (   3.234s) [        DF755480]  device_description.cc:44       1| DeviceDescription::PJRT_DeviceDescription_Id
2025-05-08 19:17:42.537 (   3.234s) [        DF755480]  device_description.cc:44       1| DeviceDescription::PJRT_DeviceDescription_Id
2025-05-08 19:17:42.537 (   3.234s) [        DF755480]  device_description.cc:44       1| DeviceDescription::PJRT_DeviceDescription_Id
2025-05-08 19:17:42.537 (   3.234s) [        DF755480]  device_description.cc:44       1| DeviceDescription::PJRT_DeviceDescription_Id
2025-05-08 19:17:42.538 (   3.234s) [        DF755480]  device_description.cc:44       1| DeviceDescription::PJRT_DeviceDescription_Id
2025-05-08 19:17:42.538 (   3.234s) [        DF755480]  device_description.cc:44       1| DeviceDescription::PJRT_DeviceDescription_Id
2025-05-08 19:17:42.538 (   3.234s) [        DF755480]  device_description.cc:44       1| DeviceDescription::PJRT_DeviceDescription_Id
2025-05-08 19:17:42.538 (   3.234s) [        DF755480]  device_description.cc:44       1| DeviceDescription::PJRT_DeviceDescription_Id
2025-05-08 19:17:42.538 (   3.234s) [        DF755480]  device_description.cc:44       1| DeviceDescription::PJRT_DeviceDescription_Id
2025-05-08 19:17:42.538 (   3.234s) [        DF755480]  device_description.cc:44       1| DeviceDescription::PJRT_DeviceDescription_Id
2025-05-08 19:17:42.538 (   3.234s) [        DF755480]  device_description.cc:44       1| DeviceDescription::PJRT_DeviceDescription_Id
2025-05-08 19:17:42.538 (   3.234s) [        DF755480]  device_description.cc:44       1| DeviceDescription::PJRT_DeviceDescription_Id
2025-05-08 19:17:42.538 (   3.234s) [        DF755480]  device_description.cc:44       1| DeviceDescription::PJRT_DeviceDescription_Id
2025-05-08 19:17:42.538 (   3.234s) [        DF755480]  device_description.cc:44       1| DeviceDescription::PJRT_DeviceDescription_Id
2025-05-08 19:17:42.538 (   3.234s) [        DF755480]  device_description.cc:44       1| DeviceDescription::PJRT_DeviceDescription_Id
2025-05-08 19:17:42.538 (   3.234s) [        DF755480]  device_description.cc:44       1| DeviceDescription::PJRT_DeviceDescription_Id
2025-05-08 19:17:42.538 (   3.234s) [        DF755480]  device_description.cc:44       1| DeviceDescription::PJRT_DeviceDescription_Id
2025-05-08 19:17:42.538 (   3.234s) [        DF755480]  device_description.cc:44       1| DeviceDescription::PJRT_DeviceDescription_Id
2025-05-08 19:17:42.538 (   3.234s) [        DF755480]  device_description.cc:44       1| DeviceDescription::PJRT_DeviceDescription_Id
2025-05-08 19:17:42.538 (   3.234s) [        DF755480]  device_description.cc:44       1| DeviceDescription::PJRT_DeviceDescription_Id
2025-05-08 19:17:42.538 (   3.235s) [        DF755480]  device_description.cc:44       1| DeviceDescription::PJRT_DeviceDescription_Id
2025-05-08 19:17:42.538 (   3.235s) [        DF755480]  device_description.cc:44       1| DeviceDescription::PJRT_DeviceDescription_Id
2025-05-08 19:17:42.538 (   3.235s) [        DF755480]  device_description.cc:44       1| DeviceDescription::PJRT_DeviceDescription_Id
2025-05-08 19:17:42.538 (   3.235s) [        DF755480]  device_description.cc:44       1| DeviceDescription::PJRT_DeviceDescription_Id
2025-05-08 19:17:42.538 (   3.235s) [        DF755480]  device_description.cc:44       1| DeviceDescription::PJRT_DeviceDescription_Id
2025-05-08 19:17:42.538 (   3.235s) [        DF755480]  device_description.cc:44       1| DeviceDescription::PJRT_DeviceDescription_Id
2025-05-08 19:17:42.538 (   3.235s) [        DF755480]  device_description.cc:44       1| DeviceDescription::PJRT_DeviceDescription_Id
2025-05-08 19:17:42.538 (   3.235s) [        DF755480]  device_description.cc:44       1| DeviceDescription::PJRT_DeviceDescription_Id
2025-05-08 19:17:42.538 (   3.235s) [        DF755480]  device_description.cc:44       1| DeviceDescription::PJRT_DeviceDescription_Id
2025-05-08 19:17:42.538 (   3.235s) [        DF755480]  device_description.cc:44       1| DeviceDescription::PJRT_DeviceDescription_Id
2025-05-08 19:17:42.538 (   3.235s) [        DF755480]  device_description.cc:44       1| DeviceDescription::PJRT_DeviceDescription_Id
2025-05-08 19:17:42.538 (   3.235s) [        DF755480]  device_description.cc:44       1| DeviceDescription::PJRT_DeviceDescription_Id
2025-05-08 19:17:42.538 (   3.235s) [        DF755480]  device_description.cc:44       1| DeviceDescription::PJRT_DeviceDescription_Id
2025-05-08 19:17:42.538 (   3.235s) [        DF755480]  device_description.cc:44       1| DeviceDescription::PJRT_DeviceDescription_Id
2025-05-08 19:17:42.538 (   3.235s) [        DF755480]  device_description.cc:44       1| DeviceDescription::PJRT_DeviceDescription_Id
2025-05-08 19:17:42.538 (   3.235s) [        DF755480]  device_description.cc:44       1| DeviceDescription::PJRT_DeviceDescription_Id
2025-05-08 19:17:42.538 (   3.235s) [        DF755480]  device_description.cc:44       1| DeviceDescription::PJRT_DeviceDescription_Id
2025-05-08 19:17:42.538 (   3.235s) [        DF755480]  device_description.cc:44       1| DeviceDescription::PJRT_DeviceDescription_Id
2025-05-08 19:17:42.538 (   3.235s) [        DF755480]  device_description.cc:44       1| DeviceDescription::PJRT_DeviceDescription_Id
2025-05-08 19:17:42.538 (   3.235s) [        DF755480]  device_description.cc:44       1| DeviceDescription::PJRT_DeviceDescription_Id
2025-05-08 19:17:42.538 (   3.235s) [        DF755480]  device_description.cc:44       1| DeviceDescription::PJRT_DeviceDescription_Id
2025-05-08 19:17:42.538 (   3.235s) [        DF755480]  device_description.cc:44       1| DeviceDescription::PJRT_DeviceDescription_Id
2025-05-08 19:17:42.538 (   3.235s) [        DF755480]  device_description.cc:44       1| DeviceDescription::PJRT_DeviceDescription_Id
2025-05-08 19:17:42.538 (   3.235s) [        DF755480]  device_description.cc:99       1| DeviceDescription::PJRT_DeviceDescription_ToString
2025-05-08 19:17:42.538 (   3.235s) [        DF755480]  device_description.cc:99       1| DeviceDescription::PJRT_DeviceDescription_ToString
2025-05-08 19:17:42.538 (   3.235s) [        DF755480]  device_description.cc:99       1| DeviceDescription::PJRT_DeviceDescription_ToString
2025-05-08 19:17:42.538 (   3.235s) [        DF755480]  device_description.cc:99       1| DeviceDescription::PJRT_DeviceDescription_ToString
2025-05-08 19:17:42.538 (   3.235s) [        DF755480]  device_description.cc:99       1| DeviceDescription::PJRT_DeviceDescription_ToString
2025-05-08 19:17:42.538 (   3.235s) [        DF755480]  device_description.cc:99       1| DeviceDescription::PJRT_DeviceDescription_ToString
2025-05-08 19:17:42.538 (   3.235s) [        DF755480]  device_description.cc:99       1| DeviceDescription::PJRT_DeviceDescription_ToString
2025-05-08 19:17:42.538 (   3.235s) [        DF755480]  device_description.cc:99       1| DeviceDescription::PJRT_DeviceDescription_ToString
2025-05-08 19:17:42.538 (   3.235s) [        DF755480]  device_description.cc:44       1| DeviceDescription::PJRT_DeviceDescription_Id
2025-05-08 19:17:42.538 (   3.235s) [        DF755480]  device_description.cc:44       1| DeviceDescription::PJRT_DeviceDescription_Id
2025-05-08 19:17:42.538 (   3.235s) [        DF755480]  device_description.cc:44       1| DeviceDescription::PJRT_DeviceDescription_Id
2025-05-08 19:17:42.538 (   3.235s) [        DF755480]  device_description.cc:44       1| DeviceDescription::PJRT_DeviceDescription_Id
2025-05-08 19:17:42.538 (   3.235s) [        DF755480]  device_description.cc:44       1| DeviceDescription::PJRT_DeviceDescription_Id
2025-05-08 19:17:42.538 (   3.235s) [        DF755480]  device_description.cc:44       1| DeviceDescription::PJRT_DeviceDescription_Id
2025-05-08 19:17:42.538 (   3.235s) [        DF755480]  device_description.cc:44       1| DeviceDescription::PJRT_DeviceDescription_Id
2025-05-08 19:17:42.538 (   3.235s) [        DF755480]  device_description.cc:44       1| DeviceDescription::PJRT_DeviceDescription_Id
2025-05-08 19:17:42.538 (   3.235s) [        DF755480]  device_description.cc:44       1| DeviceDescription::PJRT_DeviceDescription_Id
2025-05-08 19:17:42.538 (   3.235s) [        DF755480]  device_description.cc:44       1| DeviceDescription::PJRT_DeviceDescription_Id
2025-05-08 19:17:42.538 (   3.235s) [        DF755480]  device_description.cc:44       1| DeviceDescription::PJRT_DeviceDescription_Id
2025-05-08 19:17:42.538 (   3.235s) [        DF755480]  device_description.cc:44       1| DeviceDescription::PJRT_DeviceDescription_Id
2025-05-08 19:17:42.538 (   3.235s) [        DF755480]  device_description.cc:44       1| DeviceDescription::PJRT_DeviceDescription_Id
2025-05-08 19:17:42.538 (   3.235s) [        DF755480]  device_description.cc:44       1| DeviceDescription::PJRT_DeviceDescription_Id
2025-05-08 19:17:42.538 (   3.235s) [        DF755480]  device_description.cc:44       1| DeviceDescription::PJRT_DeviceDescription_Id
2025-05-08 19:17:42.538 (   3.235s) [        DF755480]  device_description.cc:44       1| DeviceDescription::PJRT_DeviceDescription_Id
2025-05-08 19:17:42.538 (   3.235s) [        DF755480]     device_instance.cc:82       1| DeviceInstance::PJRT_Device_DefaultMemory
2025-05-08 19:17:42.538 (   3.235s) [        DF755480]     client_instance.cc:370      1| ClientInstance::PJRT_Client_BufferFromHostBuffer
2025-05-08 19:17:42.538 (   3.235s) [        DF755480]     memory_instance.cc:57       1| MemoryInstance::getDevice
2025-05-08 19:17:42.539 (   3.236s) [        DF755480]      event_instance.cc:222      1| EventInstance::PJRT_Event_OnReady
2025-05-08 19:17:42.539 (   3.236s) [        DF755480]      event_instance.cc:171      1| EventInstance::PJRT_Event_Destroy
2025-05-08 19:17:42.539 (   3.236s) [        DF755480]     device_instance.cc:82       1| DeviceInstance::PJRT_Device_DefaultMemory
2025-05-08 19:17:42.539 (   3.236s) [        DF755480]     client_instance.cc:370      1| ClientInstance::PJRT_Client_BufferFromHostBuffer
2025-05-08 19:17:42.539 (   3.236s) [        DF755480]     memory_instance.cc:57       1| MemoryInstance::getDevice
2025-05-08 19:17:42.539 (   3.236s) [        DF755480]      event_instance.cc:222      1| EventInstance::PJRT_Event_OnReady
2025-05-08 19:17:42.539 (   3.236s) [        DF755480]      event_instance.cc:171      1| EventInstance::PJRT_Event_Destroy
2025-05-08 19:17:42.539 (   3.236s) [        DF755480]     device_instance.cc:82       1| DeviceInstance::PJRT_Device_DefaultMemory
2025-05-08 19:17:42.539 (   3.236s) [        DF755480]     client_instance.cc:370      1| ClientInstance::PJRT_Client_BufferFromHostBuffer
2025-05-08 19:17:42.539 (   3.236s) [        DF755480]     memory_instance.cc:57       1| MemoryInstance::getDevice
2025-05-08 19:17:42.539 (   3.236s) [        DF755480]      event_instance.cc:222      1| EventInstance::PJRT_Event_OnReady
2025-05-08 19:17:42.539 (   3.236s) [        DF755480]      event_instance.cc:171      1| EventInstance::PJRT_Event_Destroy
2025-05-08 19:17:42.539 (   3.236s) [        DF755480]     device_instance.cc:82       1| DeviceInstance::PJRT_Device_DefaultMemory
2025-05-08 19:17:42.539 (   3.236s) [        DF755480]     client_instance.cc:370      1| ClientInstance::PJRT_Client_BufferFromHostBuffer
2025-05-08 19:17:42.539 (   3.236s) [        DF755480]     memory_instance.cc:57       1| MemoryInstance::getDevice
2025-05-08 19:17:42.539 (   3.236s) [        DF755480]      event_instance.cc:222      1| EventInstance::PJRT_Event_OnReady
2025-05-08 19:17:42.539 (   3.236s) [        DF755480]      event_instance.cc:171      1| EventInstance::PJRT_Event_Destroy
2025-05-08 19:17:42.539 (   3.236s) [        DF755480]     device_instance.cc:82       1| DeviceInstance::PJRT_Device_DefaultMemory
2025-05-08 19:17:42.539 (   3.236s) [        DF755480]     client_instance.cc:370      1| ClientInstance::PJRT_Client_BufferFromHostBuffer
2025-05-08 19:17:42.539 (   3.236s) [        DF755480]     memory_instance.cc:57       1| MemoryInstance::getDevice
2025-05-08 19:17:42.539 (   3.236s) [        DF755480]      event_instance.cc:222      1| EventInstance::PJRT_Event_OnReady
2025-05-08 19:17:42.539 (   3.236s) [        DF755480]      event_instance.cc:171      1| EventInstance::PJRT_Event_Destroy
2025-05-08 19:17:42.539 (   3.236s) [        DF755480]     device_instance.cc:82       1| DeviceInstance::PJRT_Device_DefaultMemory
2025-05-08 19:17:42.539 (   3.236s) [        DF755480]     client_instance.cc:370      1| ClientInstance::PJRT_Client_BufferFromHostBuffer
2025-05-08 19:17:42.539 (   3.236s) [        DF755480]     memory_instance.cc:57       1| MemoryInstance::getDevice
2025-05-08 19:17:42.539 (   3.236s) [        DF755480]      event_instance.cc:222      1| EventInstance::PJRT_Event_OnReady
2025-05-08 19:17:42.539 (   3.236s) [        DF755480]      event_instance.cc:171      1| EventInstance::PJRT_Event_Destroy
2025-05-08 19:17:42.539 (   3.236s) [        DF755480]     device_instance.cc:82       1| DeviceInstance::PJRT_Device_DefaultMemory
2025-05-08 19:17:42.539 (   3.236s) [        DF755480]     client_instance.cc:370      1| ClientInstance::PJRT_Client_BufferFromHostBuffer
2025-05-08 19:17:42.539 (   3.236s) [        DF755480]     memory_instance.cc:57       1| MemoryInstance::getDevice
2025-05-08 19:17:42.539 (   3.236s) [        DF755480]      event_instance.cc:222      1| EventInstance::PJRT_Event_OnReady
2025-05-08 19:17:42.539 (   3.236s) [        DF755480]      event_instance.cc:171      1| EventInstance::PJRT_Event_Destroy
2025-05-08 19:17:42.539 (   3.236s) [        DF755480]     device_instance.cc:82       1| DeviceInstance::PJRT_Device_DefaultMemory
2025-05-08 19:17:42.539 (   3.236s) [        DF755480]     client_instance.cc:370      1| ClientInstance::PJRT_Client_BufferFromHostBuffer
2025-05-08 19:17:42.539 (   3.236s) [        DF755480]     memory_instance.cc:57       1| MemoryInstance::getDevice
2025-05-08 19:17:42.539 (   3.236s) [        DF755480]      event_instance.cc:222      1| EventInstance::PJRT_Event_OnReady
2025-05-08 19:17:42.539 (   3.236s) [        DF755480]      event_instance.cc:171      1| EventInstance::PJRT_Event_Destroy
2025-05-08 19:17:42.540 (   3.236s) [        DF755480]  device_description.cc:44       1| DeviceDescription::PJRT_DeviceDescription_Id
2025-05-08 19:17:42.540 (   3.237s) [        DF755480]  device_description.cc:44       1| DeviceDescription::PJRT_DeviceDescription_Id
2025-05-08 19:17:42.540 (   3.237s) [        DF755480]  device_description.cc:44       1| DeviceDescription::PJRT_DeviceDescription_Id
2025-05-08 19:17:42.540 (   3.237s) [        DF755480]  device_description.cc:44       1| DeviceDescription::PJRT_DeviceDescription_Id
2025-05-08 19:17:42.540 (   3.237s) [        DF755480]  device_description.cc:44       1| DeviceDescription::PJRT_DeviceDescription_Id
2025-05-08 19:17:42.540 (   3.237s) [        DF755480]  device_description.cc:44       1| DeviceDescription::PJRT_DeviceDescription_Id
2025-05-08 19:17:42.540 (   3.237s) [        DF755480]  device_description.cc:44       1| DeviceDescription::PJRT_DeviceDescription_Id
2025-05-08 19:17:42.540 (   3.237s) [        DF755480]  device_description.cc:44       1| DeviceDescription::PJRT_DeviceDescription_Id
2025-05-08 19:17:42.540 (   3.237s) [        DF755480]     device_instance.cc:82       1| DeviceInstance::PJRT_Device_DefaultMemory
2025-05-08 19:17:42.540 (   3.237s) [        DF755480]     client_instance.cc:370      1| ClientInstance::PJRT_Client_BufferFromHostBuffer
2025-05-08 19:17:42.540 (   3.237s) [        DF755480]     memory_instance.cc:57       1| MemoryInstance::getDevice
2025-05-08 19:17:42.540 (   3.237s) [        DF755480]      event_instance.cc:222      1| EventInstance::PJRT_Event_OnReady
2025-05-08 19:17:42.540 (   3.237s) [        DF755480]      event_instance.cc:171      1| EventInstance::PJRT_Event_Destroy
2025-05-08 19:17:42.540 (   3.237s) [        DF755480]     device_instance.cc:82       1| DeviceInstance::PJRT_Device_DefaultMemory
2025-05-08 19:17:42.540 (   3.237s) [        DF755480]     client_instance.cc:370      1| ClientInstance::PJRT_Client_BufferFromHostBuffer
2025-05-08 19:17:42.540 (   3.237s) [        DF755480]     memory_instance.cc:57       1| MemoryInstance::getDevice
2025-05-08 19:17:42.540 (   3.237s) [        DF755480]      event_instance.cc:222      1| EventInstance::PJRT_Event_OnReady
2025-05-08 19:17:42.540 (   3.237s) [        DF755480]      event_instance.cc:171      1| EventInstance::PJRT_Event_Destroy
2025-05-08 19:17:42.540 (   3.237s) [        DF755480]     device_instance.cc:82       1| DeviceInstance::PJRT_Device_DefaultMemory
2025-05-08 19:17:42.540 (   3.237s) [        DF755480]     client_instance.cc:370      1| ClientInstance::PJRT_Client_BufferFromHostBuffer
2025-05-08 19:17:42.540 (   3.237s) [        DF755480]     memory_instance.cc:57       1| MemoryInstance::getDevice
2025-05-08 19:17:42.540 (   3.237s) [        DF755480]      event_instance.cc:222      1| EventInstance::PJRT_Event_OnReady
2025-05-08 19:17:42.540 (   3.237s) [        DF755480]      event_instance.cc:171      1| EventInstance::PJRT_Event_Destroy
2025-05-08 19:17:42.540 (   3.237s) [        DF755480]     device_instance.cc:82       1| DeviceInstance::PJRT_Device_DefaultMemory
2025-05-08 19:17:42.540 (   3.237s) [        DF755480]     client_instance.cc:370      1| ClientInstance::PJRT_Client_BufferFromHostBuffer
2025-05-08 19:17:42.541 (   3.237s) [        DF755480]     memory_instance.cc:57       1| MemoryInstance::getDevice
2025-05-08 19:17:42.541 (   3.237s) [        DF755480]      event_instance.cc:222      1| EventInstance::PJRT_Event_OnReady
2025-05-08 19:17:42.541 (   3.238s) [        DF755480]      event_instance.cc:171      1| EventInstance::PJRT_Event_Destroy
2025-05-08 19:17:42.541 (   3.238s) [        DF755480]     device_instance.cc:82       1| DeviceInstance::PJRT_Device_DefaultMemory
2025-05-08 19:17:42.541 (   3.238s) [        DF755480]     client_instance.cc:370      1| ClientInstance::PJRT_Client_BufferFromHostBuffer
2025-05-08 19:17:42.541 (   3.238s) [        DF755480]     memory_instance.cc:57       1| MemoryInstance::getDevice
2025-05-08 19:17:42.541 (   3.238s) [        DF755480]      event_instance.cc:222      1| EventInstance::PJRT_Event_OnReady
2025-05-08 19:17:42.541 (   3.238s) [        DF755480]      event_instance.cc:171      1| EventInstance::PJRT_Event_Destroy
2025-05-08 19:17:42.541 (   3.238s) [        DF755480]     device_instance.cc:82       1| DeviceInstance::PJRT_Device_DefaultMemory
2025-05-08 19:17:42.541 (   3.238s) [        DF755480]     client_instance.cc:370      1| ClientInstance::PJRT_Client_BufferFromHostBuffer
2025-05-08 19:17:42.541 (   3.238s) [        DF755480]     memory_instance.cc:57       1| MemoryInstance::getDevice
2025-05-08 19:17:42.541 (   3.238s) [        DF755480]      event_instance.cc:222      1| EventInstance::PJRT_Event_OnReady
2025-05-08 19:17:42.541 (   3.238s) [        DF755480]      event_instance.cc:171      1| EventInstance::PJRT_Event_Destroy
2025-05-08 19:17:42.541 (   3.238s) [        DF755480]     device_instance.cc:82       1| DeviceInstance::PJRT_Device_DefaultMemory
2025-05-08 19:17:42.541 (   3.238s) [        DF755480]     client_instance.cc:370      1| ClientInstance::PJRT_Client_BufferFromHostBuffer
2025-05-08 19:17:42.541 (   3.238s) [        DF755480]     memory_instance.cc:57       1| MemoryInstance::getDevice
2025-05-08 19:17:42.541 (   3.238s) [        DF755480]      event_instance.cc:222      1| EventInstance::PJRT_Event_OnReady
2025-05-08 19:17:42.541 (   3.238s) [        DF755480]      event_instance.cc:171      1| EventInstance::PJRT_Event_Destroy
2025-05-08 19:17:42.541 (   3.238s) [        DF755480]     device_instance.cc:82       1| DeviceInstance::PJRT_Device_DefaultMemory
2025-05-08 19:17:42.541 (   3.238s) [        DF755480]     client_instance.cc:370      1| ClientInstance::PJRT_Client_BufferFromHostBuffer
2025-05-08 19:17:42.541 (   3.238s) [        DF755480]     memory_instance.cc:57       1| MemoryInstance::getDevice
2025-05-08 19:17:42.541 (   3.238s) [        DF755480]      event_instance.cc:222      1| EventInstance::PJRT_Event_OnReady
2025-05-08 19:17:42.541 (   3.238s) [        DF755480]      event_instance.cc:171      1| EventInstance::PJRT_Event_Destroy
2025-05-08 19:17:42.541 (   3.238s) [        DF755480]     buffer_instance.cc:396      1| BufferInstance::PJRT_Buffer_IsDeleted
2025-05-08 19:17:42.541 (   3.238s) [        DF755480]     buffer_instance.cc:396      1| BufferInstance::PJRT_Buffer_IsDeleted
2025-05-08 19:17:42.541 (   3.238s) [        DF755480]     buffer_instance.cc:396      1| BufferInstance::PJRT_Buffer_IsDeleted
2025-05-08 19:17:42.541 (   3.238s) [        DF755480]     buffer_instance.cc:396      1| BufferInstance::PJRT_Buffer_IsDeleted
2025-05-08 19:17:42.541 (   3.238s) [        DF755480]     buffer_instance.cc:396      1| BufferInstance::PJRT_Buffer_IsDeleted
2025-05-08 19:17:42.541 (   3.238s) [        DF755480]     buffer_instance.cc:396      1| BufferInstance::PJRT_Buffer_IsDeleted
2025-05-08 19:17:42.541 (   3.238s) [        DF755480]     buffer_instance.cc:396      1| BufferInstance::PJRT_Buffer_IsDeleted
2025-05-08 19:17:42.541 (   3.238s) [        DF755480]     buffer_instance.cc:396      1| BufferInstance::PJRT_Buffer_IsDeleted
2025-05-08 19:17:42.541 (   3.238s) [        DF755480]     buffer_instance.cc:396      1| BufferInstance::PJRT_Buffer_IsDeleted
2025-05-08 19:17:42.541 (   3.238s) [        DF755480]     buffer_instance.cc:396      1| BufferInstance::PJRT_Buffer_IsDeleted
2025-05-08 19:17:42.541 (   3.238s) [        DF755480]     buffer_instance.cc:396      1| BufferInstance::PJRT_Buffer_IsDeleted
2025-05-08 19:17:42.542 (   3.238s) [        DF755480]     buffer_instance.cc:396      1| BufferInstance::PJRT_Buffer_IsDeleted
2025-05-08 19:17:42.542 (   3.238s) [        DF755480]     buffer_instance.cc:396      1| BufferInstance::PJRT_Buffer_IsDeleted
2025-05-08 19:17:42.542 (   3.238s) [        DF755480]     buffer_instance.cc:396      1| BufferInstance::PJRT_Buffer_IsDeleted
2025-05-08 19:17:42.542 (   3.238s) [        DF755480]     buffer_instance.cc:396      1| BufferInstance::PJRT_Buffer_IsDeleted
2025-05-08 19:17:42.542 (   3.239s) [        DF755480]     buffer_instance.cc:396      1| BufferInstance::PJRT_Buffer_IsDeleted
2025-05-08 19:17:42.542 (   3.239s) [        DF755480]     buffer_instance.cc:396      1| BufferInstance::PJRT_Buffer_IsDeleted
2025-05-08 19:17:42.542 (   3.239s) [        DF755480]     buffer_instance.cc:396      1| BufferInstance::PJRT_Buffer_IsDeleted
2025-05-08 19:17:42.542 (   3.239s) [        DF755480]     buffer_instance.cc:396      1| BufferInstance::PJRT_Buffer_IsDeleted
2025-05-08 19:17:42.542 (   3.239s) [        DF755480]     buffer_instance.cc:396      1| BufferInstance::PJRT_Buffer_IsDeleted
2025-05-08 19:17:42.542 (   3.239s) [        DF755480]  device_description.cc:44       1| DeviceDescription::PJRT_DeviceDescription_Id
2025-05-08 19:17:42.542 (   3.239s) [        DF755480]  device_description.cc:44       1| DeviceDescription::PJRT_DeviceDescription_Id
2025-05-08 19:17:42.542 (   3.239s) [        DF755480]  device_description.cc:44       1| DeviceDescription::PJRT_DeviceDescription_Id
2025-05-08 19:17:42.542 (   3.239s) [        DF755480]  device_description.cc:44       1| DeviceDescription::PJRT_DeviceDescription_Id
2025-05-08 19:17:42.542 (   3.239s) [        DF755480]  device_description.cc:44       1| DeviceDescription::PJRT_DeviceDescription_Id
2025-05-08 19:17:42.542 (   3.239s) [        DF755480]  device_description.cc:44       1| DeviceDescription::PJRT_DeviceDescription_Id
2025-05-08 19:17:42.542 (   3.239s) [        DF755480]  device_description.cc:44       1| DeviceDescription::PJRT_DeviceDescription_Id
2025-05-08 19:17:42.542 (   3.239s) [        DF755480]  device_description.cc:44       1| DeviceDescription::PJRT_DeviceDescription_Id
2025-05-08 19:17:42.546 (   3.243s) [        DF755480]     client_instance.cc:335      1| ClientInstance::PJRT_Client_Compile
2025-05-08 19:17:42.546 (   3.243s) [        DF755480]      module_builder.cc:92       1| ModuleBuilder::buildModule
2025-05-08 19:17:42.548 (   3.244s) [        DF755480]      module_builder.cc:141      1| VHLO Module:
module @SyncTensorsGraph.5 attributes {mhlo.cross_program_prefetches = [], mhlo.input_output_alias = [], mhlo.is_dynamic = false, mhlo.use_auto_spmd_partitioning = false} {
  vhlo.func_v1 @main(%arg0: !vhlo.tensor_v1<400x800x!vhlo.f32_v1>, %arg1: !vhlo.tensor_v1<800x400x!vhlo.f32_v1>) -> (!vhlo.tensor_v1<800x800x!vhlo.f32_v1>) {
    %0 = "vhlo.dot_general_v2"(%arg1, %arg0) <{accumulation_type = #vhlo.type_v1<!vhlo.none_v1>, allow_imprecise_accumulation = #vhlo.type_v1<!vhlo.none_v1>, lhs_batching_dimensions = #vhlo.tensor_v1<dense<> : tensor<0xi64>>, lhs_component_count = #vhlo.type_v1<!vhlo.none_v1>, lhs_contracting_dimensions = #vhlo.tensor_v1<dense<1> : tensor<1xi64>>, lhs_precision_type = #vhlo.type_v1<!vhlo.none_v1>, num_primitive_operations = #vhlo.type_v1<!vhlo.none_v1>, precision_config = #vhlo.array_v1<[#vhlo<precision_v1 DEFAULT>, #vhlo<precision_v1 DEFAULT>]>, rhs_batching_dimensions = #vhlo.tensor_v1<dense<> : tensor<0xi64>>, rhs_component_count = #vhlo.type_v1<!vhlo.none_v1>, rhs_contracting_dimensions = #vhlo.tensor_v1<dense<0> : tensor<1xi64>>, rhs_precision_type = #vhlo.type_v1<!vhlo.none_v1>}> : (!vhlo.tensor_v1<800x400x!vhlo.f32_v1>, !vhlo.tensor_v1<400x800x!vhlo.f32_v1>) -> !vhlo.tensor_v1<800x800x!vhlo.f32_v1>
    "vhlo.return_v1"(%0) : (!vhlo.tensor_v1<800x800x!vhlo.f32_v1>) -> ()
  } {arg_attrs = #vhlo.array_v1<[#vhlo.dict_v1<{#vhlo.string_v1<"mhlo.sharding"> = #vhlo.string_v1<"{unknown}">}>, #vhlo.dict_v1<{#vhlo.string_v1<"mhlo.sharding"> = #vhlo.string_v1<"{unknown}">}>]>, res_attrs = #vhlo.array_v1<[]>, sym_visibility = #vhlo.string_v1<"">}
}
2025-05-08 19:17:42.550 (   3.247s) [        DF755480]      module_builder.cc:174      1| SHLO Module:
module @SyncTensorsGraph.5 attributes {mhlo.cross_program_prefetches = [], mhlo.input_output_alias = [], mhlo.is_dynamic = false, mhlo.use_auto_spmd_partitioning = false} {
  func.func @main(%arg0: tensor<400x800xf32> {mhlo.sharding = "{unknown}"}, %arg1: tensor<800x400xf32> {mhlo.sharding = "{unknown}"}) -> tensor<800x800xf32> {
    %0 = stablehlo.dot_general %arg1, %arg0, contracting_dims = [1] x [0] : (tensor<800x400xf32>, tensor<400x800xf32>) -> tensor<800x800xf32>
    return %0 : tensor<800x800xf32>
  }
}
2025-05-08 19:17:42.551 (   3.248s) [        DF755480]      module_builder.cc:346    ERR| Failed to convert sharding attribute to mesh sharding
Program aborted due to an unhandled Error:
Unknown GSPMD sharding: unknown
