2026-06-25 09:37:16.684 | WARNING  | torch_plugin_tt:__init__:40 - TT plugin is setting XLA_STABLEHLO_COMPILE to 1. This is required for TT PJRT plugin to work correctly.
============================= test session starts ==============================
platform linux -- Python 3.12.3, pytest-9.1.1, pluggy-1.6.0 -- /proj_sw/user_dev/ctr-akannan/24_2_jun_yyz/tt-xla/venv/bin/python3
metadata: {'Python': '3.12.3', 'Platform': 'Linux-5.15.0-136-generic-x86_64-with-glibc2.39', 'Packages': {'pytest': '9.1.1', 'pluggy': '1.6.0'}, 'Plugins': {'json-report': '1.5.0', 'forked': '1.6.0', 'metadata': '3.1.1', 'split': '0.11.0', 'jaxtyping': '0.3.11', 'anyio': '4.14.0'}}
rootdir: /proj_sw/user_dev/ctr-akannan/24_2_jun_yyz/tt-xla
configfile: pytest.ini
plugins: json-report-1.5.0, forked-1.6.0, metadata-3.1.1, split-0.11.0, jaxtyping-0.3.11, anyio-4.14.0
collecting ... collected 1 item

tests/torch/models/z_image/test_transformer.py::test_transformer Fetching 2 files:   0%|          | 0/2 [00:00<?, ?it/s]Fetching 2 files: 100%|██████████| 2/2 [00:00<00:00, 562.88it/s]
Loading checkpoint shards:   0%|          | 0/2 [00:00<?, ?it/s]Loading checkpoint shards:  50%|█████     | 1/2 [00:00<00:00,  1.09it/s]Loading checkpoint shards: 100%|██████████| 2/2 [00:01<00:00,  1.99it/s]Loading checkpoint shards: 100%|██████████| 2/2 [00:01<00:00,  1.77it/s]
`torch_dtype` is deprecated! Use `dtype` instead!
Loading weights:   0%|          | 0/398 [00:00<?, ?it/s]Loading weights:  10%|█         | 40/398 [00:00<00:00, 367.46it/s]Loading weights:  22%|██▏       | 87/398 [00:00<00:00, 413.93it/s]Loading weights:  33%|███▎      | 130/398 [00:00<00:00, 383.56it/s]Loading weights:  44%|████▍     | 177/398 [00:00<00:00, 392.67it/s]Loading weights:  56%|█████▌    | 223/398 [00:00<00:00, 411.06it/s]Loading weights:  69%|██████▊   | 273/398 [00:00<00:00, 428.15it/s]Loading weights:  79%|███████▉  | 316/398 [00:00<00:00, 398.26it/s]Loading weights:  92%|█████████▏| 367/398 [00:00<00:00, 416.63it/s]Loading weights: 100%|██████████| 398/398 [00:00<00:00, 414.11it/s]
2026-06-25 09:42:03.434672: W torch_xla/csrc/runtime/profiler.cpp:88] Profiler API not found for PJRT plugin
2026-06-25 09:42:26.333 | WARNING  | tt_torch.backend.backend:_build_params_and_consts:180 - Found an argument on non-XLA device which was not a lifted constant: self___transformer_rope_embedder_freqs_cis_0. Passing a non-XLA tensor to TT compile was likely not intended. Force moving the argument to XLA.
2026-06-25 09:42:26.333 | WARNING  | tt_torch.backend.backend:_build_params_and_consts:180 - Found an argument on non-XLA device which was not a lifted constant: self___transformer_rope_embedder_freqs_cis_1. Passing a non-XLA tensor to TT compile was likely not intended. Force moving the argument to XLA.
2026-06-25 09:42:26.333 | WARNING  | tt_torch.backend.backend:_build_params_and_consts:180 - Found an argument on non-XLA device which was not a lifted constant: self___transformer_rope_embedder_freqs_cis_2. Passing a non-XLA tensor to TT compile was likely not intended. Force moving the argument to XLA.
Building ncrisc, compile step:
cd /proj_sw/user_dev/ctr-akannan/.tt_metal_cache/tt-metal-cache9960082044436985598/kernels/reader_permute_interleaved_tiled_generic/3959647161739449158/ncrisc/ && /proj_sw/user_dev/ctr-akannan/24_2_jun_yyz/tt-xla/third_party/tt-mlir/src/tt-mlir/third_party/tt-metal/src/tt-metal/runtime/sfpi/compiler/bin/riscv-tt-elf-g++ -O2 -std=c++17 -ftt-nttp -ftt-constinit -ftt-consteval -ftt-no-dyninit -flto=auto -ffast-math -fno-exceptions -fno-rtti -fno-use-cxa-atexit -g -MMD -Wall -Werror -Wno-error=deprecated-declarations -Wno-error=multistatement-macros -Wno-error=parentheses -Wno-error=unused-but-set-variable -Wno-unused-variable -Wno-unused-function -mcpu=tt-bh -fno-tree-loop-distribute-patterns -I. -I.. -I/proj_sw/user_dev/ctr-akannan/24_2_jun_yyz/tt-xla/third_party/tt-mlir/src/tt-mlir/third_party/tt-metal/src/tt-metal/ -I/proj_sw/user_dev/ctr-akannan/24_2_jun_yyz/tt-xla/third_party/tt-mlir/src/tt-mlir/third_party/tt-metal/src/tt-metal/ttnn -I/proj_sw/user_dev/ctr-akannan/24_2_jun_yyz/tt-xla/third_party/tt-mlir/src/tt-mlir/third_party/tt-metal/src/tt-metal/ttnn/cpp -I/proj_sw/user_dev/ctr-akannan/24_2_jun_yyz/tt-xla/third_party/tt-mlir/src/tt-mlir/third_party/tt-metal/src/tt-metal/tt_metal -I/proj_sw/user_dev/ctr-akannan/24_2_jun_yyz/tt-xla/third_party/tt-mlir/src/tt-mlir/third_party/tt-metal/src/tt-metal/tt_metal/hw/inc -I/proj_sw/user_dev/ctr-akannan/24_2_jun_yyz/tt-xla/third_party/tt-mlir/src/tt-mlir/third_party/tt-metal/src/tt-metal/tt_metal/tt-llk/common -I/proj_sw/user_dev/ctr-akannan/24_2_jun_yyz/tt-xla/third_party/tt-mlir/src/tt-mlir/third_party/tt-metal/src/tt-metal/tt_metal/hostdevcommon/api -I/proj_sw/user_dev/ctr-akannan/24_2_jun_yyz/tt-xla/third_party/tt-mlir/src/tt-mlir/third_party/tt-metal/src/tt-metal/tt_metal/api/ -I/proj_sw/user_dev/ctr-akannan/24_2_jun_yyz/tt-xla/third_party/tt-mlir/src/tt-mlir/third_party/tt-metal/src/tt-metal/tt_metal/hw/ckernels/blackhole/metal/common -I/proj_sw/user_dev/ctr-akannan/24_2_jun_yyz/tt-xla/third_party/tt-mlir/src/tt-mlir/third_party/tt-metal/src/tt-metal/tt_metal/hw/ckernels/blackhole/metal/llk_io -I/proj_sw/user_dev/ctr-akannan/24_2_jun_yyz/tt-xla/third_party/tt-mlir/src/tt-mlir/third_party/tt-metal/src/tt-metal/tt_metal/hw/inc/internal/tt-1xx -I/proj_sw/user_dev/ctr-akannan/24_2_jun_yyz/tt-xla/third_party/tt-mlir/src/tt-mlir/third_party/tt-metal/src/tt-metal/tt_metal/hw/inc/internal/tt-1xx/blackhole -I/proj_sw/user_dev/ctr-akannan/24_2_jun_yyz/tt-xla/third_party/tt-mlir/src/tt-mlir/third_party/tt-metal/src/tt-metal/tt_metal/hw/inc/internal/tt-1xx/blackhole/blackhole_defines -I/proj_sw/user_dev/ctr-akannan/24_2_jun_yyz/tt-xla/third_party/tt-mlir/src/tt-mlir/third_party/tt-metal/src/tt-metal/tt_metal/hw/inc/internal/tt-1xx/blackhole/noc -I/proj_sw/user_dev/ctr-akannan/24_2_jun_yyz/tt-xla/third_party/tt-mlir/src/tt-mlir/third_party/tt-metal/src/tt-metal/tt_metal/tt-llk/tt_llk_blackhole/common/inc -I/proj_sw/user_dev/ctr-akannan/24_2_jun_yyz/tt-xla/third_party/tt-mlir/src/tt-mlir/third_party/tt-metal/src/tt-metal/tt_metal/tt-llk/tt_llk_blackhole/llk_lib -I/proj_sw/user_dev/ctr-akannan/24_2_jun_yyz/tt-xla/third_party/tt-mlir/src/tt-mlir/third_party/tt-metal/src/tt-metal/tt_metal/hw/firmware/src/tt-1xx -I/proj_sw/user_dev/ctr-akannan/24_2_jun_yyz/tt-xla/third_party/tt-mlir/src/tt-mlir/third_party/tt-metal/src/tt-metal/ttnn/cpp/ttnn/operations/data_movement/permute/device/kernels/dataflow -c -o /proj_sw/user_dev/ctr-akannan/.tt_metal_cache/tt-metal-cache9960082044436985598/kernels/reader_permute_interleaved_tiled_generic/3959647161739449158/ncrisc/ncrisck.10924155851452134571.o /proj_sw/user_dev/ctr-akannan/24_2_jun_yyz/tt-xla/third_party/tt-mlir/src/tt-mlir/third_party/tt-metal/src/tt-metal/tt_metal/hw/firmware/src/tt-1xx/ncrisck.cc -MF /proj_sw/user_dev/ctr-akannan/.tt_metal_cache/tt-metal-cache9960082044436985598/kernels/reader_permute_interleaved_tiled_generic/3959647161739449158/ncrisc/ncrisck.10924155851452134571.d -DIS_NOT_POW2_NUM_DRAM_BANKS=1 -DIS_NOT_POW2_NUM_L1_BANKS=1 -DNUM_DRAM_BANKS=7 -DNUM_L1_BANKS=110 -DPCIE_NOC_X=19 -DPCIE_NOC_Y=24 -DTENSIX_FIRMWARE -DLOCAL_MEM_EN=0 -DPROCESSOR_INDEX=1 -DCOMPILE_FOR_NCRISC -DARCH_BLACKHOLE -DDISPATCH_MESSAGE_ADDR=4290184248 -DKERNEL_BUILD -DNOC_INDEX='0' -DNOC_MODE='0' -DKERNEL_COMPILE_TIME_ARGS=2,2048 -DKERNEL_COMPILE_TIME_ARG_MAP="{\"misalignment\",32}, {\"needs_x_padding\",1}, {\"padding_val_packed\",0}, {\"x_blocks\",1}, {\"read_alignment\",64}, {\"w_blocks\",1}, {\"xw_blocks\",7200}, {\"H_t\",2}, {\"rank\",7}, {\"rows_per_x\",7200}, {\"needs_y_padding\",1}, {\"page_size\",2080}, {\"tile_width\",32}, {\"element_size\",2}, {\"face_width\",16}, {\"tile_height\",32}, {\"face_height\",16}, {\"W\",2}, {\"H_p\",64}, {\"X\",16}, {\"num_writes\",8}, {\"final_tile_real_faces_w\",1}, {\"final_tile_real_w\",2}, {\"x_dim_index_in_input\",0}, {\"H\",45}, {\"X_p\",32}, {\"W_t\",1}, {\"W_p\",32}, " 
In file included from ../kernel_includes.hpp:1,
                 from /proj_sw/user_dev/ctr-akannan/24_2_jun_yyz/tt-xla/third_party/tt-mlir/src/tt-mlir/third_party/tt-metal/src/tt-metal/tt_metal/hw/firmware/src/tt-1xx/ncrisck.cc:22:
/proj_sw/user_dev/ctr-akannan/24_2_jun_yyz/tt-xla/third_party/tt-mlir/src/tt-mlir/third_party/tt-metal/src/tt-metal/ttnn/cpp/ttnn/operations/data_movement/permute/device/kernels/dataflow/reader_permute_interleaved_tiled_generic.cpp: In function 'void kernel_main()':
/proj_sw/user_dev/ctr-akannan/24_2_jun_yyz/tt-xla/third_party/tt-mlir/src/tt-mlir/third_party/tt-metal/src/tt-metal/ttnn/cpp/ttnn/operations/data_movement/permute/device/kernels/dataflow/reader_permute_interleaved_tiled_generic.cpp:91:33: warning: variable 'dims' set but not used [-Wunused-but-set-variable]
   91 |     uint32_t input_shape[RANK], dims[RANK];
      |                                 ^~~~
Building brisc, compile step:
cd /proj_sw/user_dev/ctr-akannan/.tt_metal_cache/tt-metal-cache9960082044436985598/kernels/writer_permute_interleaved_tiled_row_invariant/2802081202402830585/brisc/ && /proj_sw/user_dev/ctr-akannan/24_2_jun_yyz/tt-xla/third_party/tt-mlir/src/tt-mlir/third_party/tt-metal/src/tt-metal/runtime/sfpi/compiler/bin/riscv-tt-elf-g++ -O2 -std=c++17 -ftt-nttp -ftt-constinit -ftt-consteval -ftt-no-dyninit -flto=auto -ffast-math -fno-exceptions -fno-rtti -fno-use-cxa-atexit -g -MMD -Wall -Werror -Wno-error=deprecated-declarations -Wno-error=multistatement-macros -Wno-error=parentheses -Wno-error=unused-but-set-variable -Wno-unused-variable -Wno-unused-function -mcpu=tt-bh -fno-tree-loop-distribute-patterns -I. -I.. -I/proj_sw/user_dev/ctr-akannan/24_2_jun_yyz/tt-xla/third_party/tt-mlir/src/tt-mlir/third_party/tt-metal/src/tt-metal/ -I/proj_sw/user_dev/ctr-akannan/24_2_jun_yyz/tt-xla/third_party/tt-mlir/src/tt-mlir/third_party/tt-metal/src/tt-metal/ttnn -I/proj_sw/user_dev/ctr-akannan/24_2_jun_yyz/tt-xla/third_party/tt-mlir/src/tt-mlir/third_party/tt-metal/src/tt-metal/ttnn/cpp -I/proj_sw/user_dev/ctr-akannan/24_2_jun_yyz/tt-xla/third_party/tt-mlir/src/tt-mlir/third_party/tt-metal/src/tt-metal/tt_metal -I/proj_sw/user_dev/ctr-akannan/24_2_jun_yyz/tt-xla/third_party/tt-mlir/src/tt-mlir/third_party/tt-metal/src/tt-metal/tt_metal/hw/inc -I/proj_sw/user_dev/ctr-akannan/24_2_jun_yyz/tt-xla/third_party/tt-mlir/src/tt-mlir/third_party/tt-metal/src/tt-metal/tt_metal/tt-llk/common -I/proj_sw/user_dev/ctr-akannan/24_2_jun_yyz/tt-xla/third_party/tt-mlir/src/tt-mlir/third_party/tt-metal/src/tt-metal/tt_metal/hostdevcommon/api -I/proj_sw/user_dev/ctr-akannan/24_2_jun_yyz/tt-xla/third_party/tt-mlir/src/tt-mlir/third_party/tt-metal/src/tt-metal/tt_metal/api/ -I/proj_sw/user_dev/ctr-akannan/24_2_jun_yyz/tt-xla/third_party/tt-mlir/src/tt-mlir/third_party/tt-metal/src/tt-metal/tt_metal/hw/ckernels/blackhole/metal/common -I/proj_sw/user_dev/ctr-akannan/24_2_jun_yyz/tt-xla/third_party/tt-mlir/src/tt-mlir/third_party/tt-metal/src/tt-metal/tt_metal/hw/ckernels/blackhole/metal/llk_io -I/proj_sw/user_dev/ctr-akannan/24_2_jun_yyz/tt-xla/third_party/tt-mlir/src/tt-mlir/third_party/tt-metal/src/tt-metal/tt_metal/hw/inc/internal/tt-1xx -I/proj_sw/user_dev/ctr-akannan/24_2_jun_yyz/tt-xla/third_party/tt-mlir/src/tt-mlir/third_party/tt-metal/src/tt-metal/tt_metal/hw/inc/internal/tt-1xx/blackhole -I/proj_sw/user_dev/ctr-akannan/24_2_jun_yyz/tt-xla/third_party/tt-mlir/src/tt-mlir/third_party/tt-metal/src/tt-metal/tt_metal/hw/inc/internal/tt-1xx/blackhole/blackhole_defines -I/proj_sw/user_dev/ctr-akannan/24_2_jun_yyz/tt-xla/third_party/tt-mlir/src/tt-mlir/third_party/tt-metal/src/tt-metal/tt_metal/hw/inc/internal/tt-1xx/blackhole/noc -I/proj_sw/user_dev/ctr-akannan/24_2_jun_yyz/tt-xla/third_party/tt-mlir/src/tt-mlir/third_party/tt-metal/src/tt-metal/tt_metal/tt-llk/tt_llk_blackhole/common/inc -I/proj_sw/user_dev/ctr-akannan/24_2_jun_yyz/tt-xla/third_party/tt-mlir/src/tt-mlir/third_party/tt-metal/src/tt-metal/tt_metal/tt-llk/tt_llk_blackhole/llk_lib -I/proj_sw/user_dev/ctr-akannan/24_2_jun_yyz/tt-xla/third_party/tt-mlir/src/tt-mlir/third_party/tt-metal/src/tt-metal/tt_metal/hw/firmware/src/tt-1xx -I/proj_sw/user_dev/ctr-akannan/24_2_jun_yyz/tt-xla/third_party/tt-mlir/src/tt-mlir/third_party/tt-metal/src/tt-metal/ttnn/cpp/ttnn/operations/data_movement/permute/device/kernels/dataflow -c -o /proj_sw/user_dev/ctr-akannan/.tt_metal_cache/tt-metal-cache9960082044436985598/kernels/writer_permute_interleaved_tiled_row_invariant/2802081202402830585/brisc/brisck.10924155851452134571.o /proj_sw/user_dev/ctr-akannan/24_2_jun_yyz/tt-xla/third_party/tt-mlir/src/tt-mlir/third_party/tt-metal/src/tt-metal/tt_metal/hw/firmware/src/tt-1xx/brisck.cc -MF /proj_sw/user_dev/ctr-akannan/.tt_metal_cache/tt-metal-cache9960082044436985598/kernels/writer_permute_interleaved_tiled_row_invariant/2802081202402830585/brisc/brisck.10924155851452134571.d -DIS_NOT_POW2_NUM_DRAM_BANKS=1 -DIS_NOT_POW2_NUM_L1_BANKS=1 -DNUM_DRAM_BANKS=7 -DNUM_L1_BANKS=110 -DPCIE_NOC_X=19 -DPCIE_NOC_Y=24 -DTENSIX_FIRMWARE -DLOCAL_MEM_EN=0 -DPROCESSOR_INDEX=0 -DCOMPILE_FOR_BRISC -DARCH_BLACKHOLE -DDISPATCH_MESSAGE_ADDR=4290184248 -DKERNEL_BUILD -DNOC_INDEX='1' -DNOC_MODE='0' -DKERNEL_COMPILE_TIME_ARGS=2,2048 -DKERNEL_COMPILE_TIME_ARG_MAP="{\"h_in_dest\",0}, {\"rank\",7}, {\"tile_width\",32}, {\"needs_padding\",1}, {\"face_width\",16}, {\"tile_height\",32}, {\"face_height\",16}, {\"W\",2}, {\"H\",16}, {\"output_H\",45}, {\"output_cb_index\",16}, {\"element_size\",2}, " 
In file included from ../kernel_includes.hpp:1,
                 from /proj_sw/user_dev/ctr-akannan/24_2_jun_yyz/tt-xla/third_party/tt-mlir/src/tt-mlir/third_party/tt-metal/src/tt-metal/tt_metal/hw/firmware/src/tt-1xx/brisck.cc:21:
/proj_sw/user_dev/ctr-akannan/24_2_jun_yyz/tt-xla/third_party/tt-mlir/src/tt-mlir/third_party/tt-metal/src/tt-metal/ttnn/cpp/ttnn/operations/data_movement/permute/device/kernels/dataflow/writer_permute_interleaved_tiled_row_invariant.cpp: In function 'void kernel_main()':
/proj_sw/user_dev/ctr-akannan/24_2_jun_yyz/tt-xla/third_party/tt-mlir/src/tt-mlir/third_party/tt-metal/src/tt-metal/ttnn/cpp/ttnn/operations/data_movement/permute/device/kernels/dataflow/writer_permute_interleaved_tiled_row_invariant.cpp:138:14: warning: variable 'input_padded_shape' set but not used [-Wunused-but-set-variable]
  138 |     uint32_t input_padded_shape[RANK];
      |              ^~~~~~~~~~~~~~~~~~

[ZIMAGE-SHARDED-PCC] sharded=False pcc=0.999217 (all=[0.9992172122001648])

PASSED

=============================== warnings summary ===============================
venv/lib/python3.12/site-packages/torch/jit/_script.py:362: 14 warnings
  /proj_sw/user_dev/ctr-akannan/24_2_jun_yyz/tt-xla/venv/lib/python3.12/site-packages/torch/jit/_script.py:362: DeprecationWarning: `torch.jit.script_method` is deprecated. Please switch to `torch.compile` or `torch.export`.
    warnings.warn(

<frozen importlib._bootstrap>:488
  <frozen importlib._bootstrap>:488: DeprecationWarning: builtin type SwigPyPacked has no __module__ attribute

<frozen importlib._bootstrap>:488
  <frozen importlib._bootstrap>:488: DeprecationWarning: builtin type SwigPyObject has no __module__ attribute

tests/torch/models/z_image/test_transformer.py::test_transformer
  /proj_sw/user_dev/ctr-akannan/24_2_jun_yyz/tt-xla/venv/lib/python3.12/site-packages/huggingface_hub/utils/_validators.py:205: UserWarning: The `local_dir_use_symlinks` argument is deprecated and ignored in `hf_hub_download`. Downloading to a local directory does not use symlinks anymore.
    warnings.warn(

tests/torch/models/z_image/test_transformer.py::test_transformer
  /usr/lib/python3.12/copyreg.py:99: FutureWarning: `isinstance(treespec, LeafSpec)` is deprecated, use `isinstance(treespec, TreeSpec) and treespec.is_leaf()` instead.
    return cls.__new__(cls, *args)

tests/torch/models/z_image/test_transformer.py::test_transformer
  /proj_sw/user_dev/ctr-akannan/24_2_jun_yyz/tt-xla/tests/conftest.py:530: FutureWarning: `torch.distributed.reduce_op` is deprecated, please use `torch.distributed.ReduceOp` instead
    if isinstance(obj, torch.fx.GraphModule):

tests/torch/models/z_image/test_transformer.py::test_transformer
  /proj_sw/user_dev/ctr-akannan/24_2_jun_yyz/tt-xla/tests/conftest.py:534: FutureWarning: `torch.distributed.reduce_op` is deprecated, please use `torch.distributed.ReduceOp` instead
    if isinstance(obj, GraphInputMatcher):

-- Docs: https://docs.pytest.org/en/stable/how-to/capture-warnings.html
================== 1 passed, 20 warnings in 994.38s (0:16:34) ==================
sys:1: DeprecationWarning: builtin type swigvarlink has no __module__ attribute
