2026-06-25 10:13:50.442 | WARNING  | torch_plugin_tt:__init__:40 - TT plugin is setting XLA_STABLEHLO_COMPILE to 1. This is required for TT PJRT plugin to work correctly.
============================= test session starts ==============================
platform linux -- Python 3.12.3, pytest-9.1.1, pluggy-1.6.0 -- /proj_sw/user_dev/ctr-akannan/24_2_jun_yyz/tt-xla/venv/bin/python3
metadata: {'Python': '3.12.3', 'Platform': 'Linux-5.15.0-136-generic-x86_64-with-glibc2.39', 'Packages': {'pytest': '9.1.1', 'pluggy': '1.6.0'}, 'Plugins': {'json-report': '1.5.0', 'forked': '1.6.0', 'metadata': '3.1.1', 'split': '0.11.0', 'jaxtyping': '0.3.11', 'anyio': '4.14.0'}}
rootdir: /proj_sw/user_dev/ctr-akannan/24_2_jun_yyz/tt-xla
configfile: pytest.ini
plugins: json-report-1.5.0, forked-1.6.0, metadata-3.1.1, split-0.11.0, jaxtyping-0.3.11, anyio-4.14.0
collecting ... collected 1 item

tests/torch/models/z_image/test_text_encoder.py::test_text_encoder `torch_dtype` is deprecated! Use `dtype` instead!
Loading weights:   0%|          | 0/398 [00:00<?, ?it/s]Loading weights: 100%|██████████| 398/398 [00:00<00:00, 22063.03it/s]
2026-06-25 10:14:23.915076: W torch_xla/csrc/runtime/profiler.cpp:88] Profiler API not found for PJRT plugin
FAILED

=================================== FAILURES ===================================
______________________________ test_text_encoder _______________________________
tests/torch/models/z_image/test_text_encoder.py:26: in test_text_encoder
    run_graph_test(
tests/infra/testers/single_chip/graph/graph_tester.py:74: in run_graph_test
    tester.test(workload, request=request)
tests/infra/testers/single_chip/op/op_tester.py:78: in test
    self._evaluator.evaluate(tt_res, cpu_res)
tests/infra/evaluators/comparison_evaluator.py:90: in evaluate
    ComparisonEvaluator._assert_on_results(_comparison_result)
tests/infra/evaluators/evaluator.py:73: in _assert_on_results
    assert False, "\n".join(error_messages)
           ^^^^^
E   AssertionError: Evaluation result 0 failed: PCC comparison failed. Calculated: pcc=0.9795049086992885. Required: pcc=0.99.
------------------------------ Captured log call -------------------------------
WARNING  transformers.configuration_utils:logging.py:333 `torch_dtype` is deprecated! Use `dtype` instead!
DEBUG    torch.__trace:utils.py:2029 
DEBUG    torch.__trace:utils.py:2029 
DEBUG    torch.__trace:structured.py:28 
DEBUG    torch.__trace:structured.py:28 
DEBUG    torch.__trace:structured.py:28 
DEBUG    torch.__trace:structured.py:28 
DEBUG    torch.__trace:structured.py:28 
DEBUG    torch.__trace:structured.py:28 
DEBUG    torch.__trace:structured.py:28 
DEBUG    torch.__trace:structured.py:28 
DEBUG    torch.__trace:structured.py:28 
DEBUG    torch.__trace:structured.py:28 
DEBUG    torch.__trace:structured.py:28 
DEBUG    torch.__trace:structured.py:28 
DEBUG    torch.__trace:structured.py:28 
DEBUG    torch.__trace:structured.py:28 
DEBUG    torch.__trace:structured.py:28 
DEBUG    torch.__trace:structured.py:28 
DEBUG    torch.__trace:structured.py:28 
DEBUG    torch.__trace:structured.py:28 
DEBUG    torch.__trace:convert_frame.py:263 
DEBUG    torch.__trace:utils.py:2029 
DEBUG    torch.__trace:utils.py:2029 
DEBUG    torch.__trace:meta_utils.py:271 
DEBUG    torch.__trace:meta_utils.py:490 
DEBUG    torch.__trace:meta_utils.py:1935 
DEBUG    torch.__trace:meta_utils.py:271 
DEBUG    torch.__trace:meta_utils.py:490 
DEBUG    torch.__trace:meta_utils.py:1935 
DEBUG    torch.__trace:meta_utils.py:271 
DEBUG    torch.__trace:meta_utils.py:490 
DEBUG    torch.__trace:meta_utils.py:1935 
DEBUG    torch.__trace:utils.py:2029 
DEBUG    torch.__trace:utils.py:2029 
DEBUG    torch.__trace:utils.py:2029 
DEBUG    torch.__trace:utils.py:2029 
DEBUG    torch.__trace:meta_utils.py:271 
DEBUG    torch.__trace:meta_utils.py:490 
DEBUG    torch.__trace:meta_utils.py:1935 
DEBUG    torch.__trace:meta_utils.py:271 
DEBUG    torch.__trace:meta_utils.py:490 
DEBUG    torch.__trace:meta_utils.py:1935 
DEBUG    torch.__trace:meta_utils.py:271 
DEBUG    torch.__trace:meta_utils.py:490 
DEBUG    torch.__trace:meta_utils.py:1935 
DEBUG    torch.__trace:meta_utils.py:271 
DEBUG    torch.__trace:meta_utils.py:490 
DEBUG    torch.__trace:meta_utils.py:1935 
DEBUG    torch.__trace:meta_utils.py:271 
DEBUG    torch.__trace:meta_utils.py:490 
DEBUG    torch.__trace:meta_utils.py:1935 
DEBUG    torch.__trace:meta_utils.py:271 
DEBUG    torch.__trace:meta_utils.py:490 
DEBUG    torch.__trace:meta_utils.py:1935 
DEBUG    torch.__trace:meta_utils.py:271 
DEBUG    torch.__trace:meta_utils.py:490 
DEBUG    torch.__trace:meta_utils.py:1935 
DEBUG    torch.__trace:meta_utils.py:271 
DEBUG    torch.__trace:meta_utils.py:490 
DEBUG    torch.__trace:meta_utils.py:1935 
DEBUG    torch.__trace:meta_utils.py:271 
DEBUG    torch.__trace:meta_utils.py:490 
DEBUG    torch.__trace:meta_utils.py:1935 
DEBUG    torch.__trace:meta_utils.py:271 
DEBUG    torch.__trace:meta_utils.py:490 
DEBUG    torch.__trace:meta_utils.py:1935 
DEBUG    torch.__trace:meta_utils.py:271 
DEBUG    torch.__trace:meta_utils.py:490 
DEBUG    torch.__trace:meta_utils.py:1935 
DEBUG    torch.__trace:meta_utils.py:271 
DEBUG    torch.__trace:meta_utils.py:490 
DEBUG    torch.__trace:meta_utils.py:1935 
DEBUG    torch.__trace:meta_utils.py:271 
DEBUG    torch.__trace:meta_utils.py:490 
DEBUG    torch.__trace:meta_utils.py:1935 
DEBUG    torch.__trace:meta_utils.py:271 
DEBUG    torch.__trace:meta_utils.py:490 
DEBUG    torch.__trace:meta_utils.py:1935 
DEBUG    torch.__trace:meta_utils.py:271 
DEBUG    torch.__trace:meta_utils.py:490 
DEBUG    torch.__trace:meta_utils.py:1935 
DEBUG    torch.__trace:meta_utils.py:271 
DEBUG    torch.__trace:meta_utils.py:490 
DEBUG    torch.__trace:meta_utils.py:1935 
DEBUG    torch.__trace:meta_utils.py:271 
DEBUG    torch.__trace:meta_utils.py:490 
DEBUG    torch.__trace:meta_utils.py:1935 
DEBUG    torch.__trace:meta_utils.py:271 
DEBUG    torch.__trace:meta_utils.py:490 
DEBUG    torch.__trace:meta_utils.py:1935 
DEBUG    torch.__trace:meta_utils.py:271 
DEBUG    torch.__trace:meta_utils.py:490 
DEBUG    torch.__trace:meta_utils.py:1935 
DEBUG    torch.__trace:meta_utils.py:271 
DEBUG    torch.__trace:meta_utils.py:490 
DEBUG    torch.__trace:meta_utils.py:1935 
DEBUG    torch.__trace:meta_utils.py:271 
DEBUG    torch.__trace:meta_utils.py:490 
DEBUG    torch.__trace:meta_utils.py:1935 
DEBUG    torch.__trace:meta_utils.py:271 
DEBUG    torch.__trace:meta_utils.py:490 
DEBUG    torch.__trace:meta_utils.py:1935 
DEBUG    torch.__trace:meta_utils.py:271 
DEBUG    torch.__trace:meta_utils.py:490 
DEBUG    torch.__trace:meta_utils.py:1935 
DEBUG    torch.__trace:meta_utils.py:271 
DEBUG    torch.__trace:meta_utils.py:490 
DEBUG    torch.__trace:meta_utils.py:1935 
DEBUG    torch.__trace:meta_utils.py:271 
DEBUG    torch.__trace:meta_utils.py:490 
DEBUG    torch.__trace:meta_utils.py:1935 
DEBUG    torch.__trace:meta_utils.py:271 
DEBUG    torch.__trace:meta_utils.py:490 
DEBUG    torch.__trace:meta_utils.py:1935 
DEBUG    torch.__trace:meta_utils.py:271 
DEBUG    torch.__trace:meta_utils.py:490 
DEBUG    torch.__trace:meta_utils.py:1935 
DEBUG    torch.__trace:meta_utils.py:271 
DEBUG    torch.__trace:meta_utils.py:490 
DEBUG    torch.__trace:meta_utils.py:1935 
DEBUG    torch.__trace:meta_utils.py:271 
DEBUG    torch.__trace:meta_utils.py:490 
DEBUG    torch.__trace:meta_utils.py:1935 
DEBUG    torch.__trace:meta_utils.py:271 
DEBUG    torch.__trace:meta_utils.py:490 
DEBUG    torch.__trace:meta_utils.py:1935 
DEBUG    torch.__trace:meta_utils.py:271 
DEBUG    torch.__trace:meta_utils.py:490 
DEBUG    torch.__trace:meta_utils.py:1935 
DEBUG    torch.__trace:meta_utils.py:271 
DEBUG    torch.__trace:meta_utils.py:490 
DEBUG    torch.__trace:meta_utils.py:1935 
DEBUG    torch.__trace:meta_utils.py:271 
DEBUG    torch.__trace:meta_utils.py:490 
DEBUG    torch.__trace:meta_utils.py:1935 
DEBUG    torch.__trace:meta_utils.py:271 
DEBUG    torch.__trace:meta_utils.py:490 
DEBUG    torch.__trace:meta_utils.py:1935 
DEBUG    torch.__trace:meta_utils.py:271 
DEBUG    torch.__trace:meta_utils.py:490 
DEBUG    torch.__trace:meta_utils.py:1935 
DEBUG    torch.__trace:meta_utils.py:271 
DEBUG    torch.__trace:meta_utils.py:490 
DEBUG    torch.__trace:meta_utils.py:1935 
DEBUG    torch.__trace:meta_utils.py:271 
DEBUG    torch.__trace:meta_utils.py:490 
DEBUG    torch.__trace:meta_utils.py:1935 
DEBUG    torch.__trace:meta_utils.py:271 
DEBUG    torch.__trace:meta_utils.py:490 
DEBUG    torch.__trace:meta_utils.py:1935 
DEBUG    torch.__trace:meta_utils.py:271 
DEBUG    torch.__trace:meta_utils.py:490 
DEBUG    torch.__trace:meta_utils.py:1935 
DEBUG    torch.__trace:meta_utils.py:271 
DEBUG    torch.__trace:meta_utils.py:490 
DEBUG    torch.__trace:meta_utils.py:1935 
DEBUG    torch.__trace:meta_utils.py:271 
DEBUG    torch.__trace:meta_utils.py:490 
DEBUG    torch.__trace:meta_utils.py:1935 
DEBUG    torch.__trace:meta_utils.py:271 
DEBUG    torch.__trace:meta_utils.py:490 
DEBUG    torch.__trace:meta_utils.py:1935 
DEBUG    torch.__trace:meta_utils.py:271 
DEBUG    torch.__trace:meta_utils.py:490 
DEBUG    torch.__trace:meta_utils.py:1935 
DEBUG    torch.__trace:meta_utils.py:271 
DEBUG    torch.__trace:meta_utils.py:490 
DEBUG    torch.__trace:meta_utils.py:1935 
DEBUG    torch.__trace:meta_utils.py:271 
DEBUG    torch.__trace:meta_utils.py:490 
DEBUG    torch.__trace:meta_utils.py:1935 
DEBUG    torch.__trace:meta_utils.py:271 
DEBUG    torch.__trace:meta_utils.py:490 
DEBUG    torch.__trace:meta_utils.py:1935 
DEBUG    torch.__trace:meta_utils.py:271 
DEBUG    torch.__trace:meta_utils.py:490 
DEBUG    torch.__trace:meta_utils.py:1935 
DEBUG    torch.__trace:meta_utils.py:271 
DEBUG    torch.__trace:meta_utils.py:490 
DEBUG    torch.__trace:meta_utils.py:1935 
DEBUG    torch.__trace:meta_utils.py:271 
DEBUG    torch.__trace:meta_utils.py:490 
DEBUG    torch.__trace:meta_utils.py:1935 
DEBUG    torch.__trace:meta_utils.py:271 
DEBUG    torch.__trace:meta_utils.py:490 
DEBUG    torch.__trace:meta_utils.py:1935 
DEBUG    torch.__trace:meta_utils.py:271 
DEBUG    torch.__trace:meta_utils.py:490 
DEBUG    torch.__trace:meta_utils.py:1935 
DEBUG    torch.__trace:meta_utils.py:271 
DEBUG    torch.__trace:meta_utils.py:490 
DEBUG    torch.__trace:meta_utils.py:1935 
DEBUG    torch.__trace:meta_utils.py:271 
DEBUG    torch.__trace:meta_utils.py:490 
DEBUG    torch.__trace:meta_utils.py:1935 
DEBUG    torch.__trace:meta_utils.py:271 
DEBUG    torch.__trace:meta_utils.py:490 
DEBUG    torch.__trace:meta_utils.py:1935 
DEBUG    torch.__trace:meta_utils.py:271 
DEBUG    torch.__trace:meta_utils.py:490 
DEBUG    torch.__trace:meta_utils.py:1935 
DEBUG    torch.__trace:meta_utils.py:271 
DEBUG    torch.__trace:meta_utils.py:490 
DEBUG    torch.__trace:meta_utils.py:1935 
DEBUG    torch.__trace:meta_utils.py:271 
DEBUG    torch.__trace:meta_utils.py:490 
DEBUG    torch.__trace:meta_utils.py:1935 
DEBUG    torch.__trace:meta_utils.py:271 
DEBUG    torch.__trace:meta_utils.py:490 
DEBUG    torch.__trace:meta_utils.py:1935 
DEBUG    torch.__trace:meta_utils.py:271 
DEBUG    torch.__trace:meta_utils.py:490 
DEBUG    torch.__trace:meta_utils.py:1935 
DEBUG    torch.__trace:meta_utils.py:271 
DEBUG    torch.__trace:meta_utils.py:490 
DEBUG    torch.__trace:meta_utils.py:1935 
DEBUG    torch.__trace:meta_utils.py:271 
DEBUG    torch.__trace:meta_utils.py:490 
DEBUG    torch.__trace:meta_utils.py:1935 
DEBUG    torch.__trace:meta_utils.py:271 
DEBUG    torch.__trace:meta_utils.py:490 
DEBUG    torch.__trace:meta_utils.py:1935 
DEBUG    torch.__trace:meta_utils.py:271 
DEBUG    torch.__trace:meta_utils.py:490 
DEBUG    torch.__trace:meta_utils.py:1935 
DEBUG    torch.__trace:meta_utils.py:271 
DEBUG    torch.__trace:meta_utils.py:490 
DEBUG    torch.__trace:meta_utils.py:1935 
DEBUG    torch.__trace:meta_utils.py:271 
DEBUG    torch.__trace:meta_utils.py:490 
DEBUG    torch.__trace:meta_utils.py:1935 
DEBUG    torch.__trace:meta_utils.py:271 
DEBUG    torch.__trace:meta_utils.py:490 
DEBUG    torch.__trace:meta_utils.py:1935 
DEBUG    torch.__trace:meta_utils.py:271 
DEBUG    torch.__trace:meta_utils.py:490 
DEBUG    torch.__trace:meta_utils.py:1935 
DEBUG    torch.__trace:meta_utils.py:271 
DEBUG    torch.__trace:meta_utils.py:490 
DEBUG    torch.__trace:meta_utils.py:1935 
DEBUG    torch.__trace:meta_utils.py:271 
DEBUG    torch.__trace:meta_utils.py:490 
DEBUG    torch.__trace:meta_utils.py:1935 
DEBUG    torch.__trace:meta_utils.py:271 
DEBUG    torch.__trace:meta_utils.py:490 
DEBUG    torch.__trace:meta_utils.py:1935 
DEBUG    torch.__trace:meta_utils.py:271 
DEBUG    torch.__trace:meta_utils.py:490 
DEBUG    torch.__trace:meta_utils.py:1935 
DEBUG    torch.__trace:meta_utils.py:271 
DEBUG    torch.__trace:meta_utils.py:490 
DEBUG    torch.__trace:meta_utils.py:1935 
DEBUG    torch.__trace:meta_utils.py:271 
DEBUG    torch.__trace:meta_utils.py:490 
DEBUG    torch.__trace:meta_utils.py:1935 
DEBUG    torch.__trace:meta_utils.py:271 
DEBUG    torch.__trace:meta_utils.py:490 
DEBUG    torch.__trace:meta_utils.py:1935 
DEBUG    torch.__trace:meta_utils.py:271 
DEBUG    torch.__trace:meta_utils.py:490 
DEBUG    torch.__trace:meta_utils.py:1935 
DEBUG    torch.__trace:meta_utils.py:271 
DEBUG    torch.__trace:meta_utils.py:490 
DEBUG    torch.__trace:meta_utils.py:1935 
DEBUG    torch.__trace:meta_utils.py:271 
DEBUG    torch.__trace:meta_utils.py:490 
DEBUG    torch.__trace:meta_utils.py:1935 
DEBUG    torch.__trace:meta_utils.py:271 
DEBUG    torch.__trace:meta_utils.py:490 
DEBUG    torch.__trace:meta_utils.py:1935 
DEBUG    torch.__trace:meta_utils.py:271 
DEBUG    torch.__trace:meta_utils.py:490 
DEBUG    torch.__trace:meta_utils.py:1935 
DEBUG    torch.__trace:meta_utils.py:271 
DEBUG    torch.__trace:meta_utils.py:490 
DEBUG    torch.__trace:meta_utils.py:1935 
DEBUG    torch.__trace:meta_utils.py:271 
DEBUG    torch.__trace:meta_utils.py:490 
DEBUG    torch.__trace:meta_utils.py:1935 
DEBUG    torch.__trace:meta_utils.py:271 
DEBUG    torch.__trace:meta_utils.py:490 
DEBUG    torch.__trace:meta_utils.py:1935 
DEBUG    torch.__trace:meta_utils.py:271 
DEBUG    torch.__trace:meta_utils.py:490 
DEBUG    torch.__trace:meta_utils.py:1935 
DEBUG    torch.__trace:meta_utils.py:271 
DEBUG    torch.__trace:meta_utils.py:490 
DEBUG    torch.__trace:meta_utils.py:1935 
DEBUG    torch.__trace:meta_utils.py:271 
DEBUG    torch.__trace:meta_utils.py:490 
DEBUG    torch.__trace:meta_utils.py:1935 
DEBUG    torch.__trace:meta_utils.py:271 
DEBUG    torch.__trace:meta_utils.py:490 
DEBUG    torch.__trace:meta_utils.py:1935 
DEBUG    torch.__trace:meta_utils.py:271 
DEBUG    torch.__trace:meta_utils.py:490 
DEBUG    torch.__trace:meta_utils.py:1935 
DEBUG    torch.__trace:meta_utils.py:271 
DEBUG    torch.__trace:meta_utils.py:490 
DEBUG    torch.__trace:meta_utils.py:1935 
DEBUG    torch.__trace:meta_utils.py:271 
DEBUG    torch.__trace:meta_utils.py:490 
DEBUG    torch.__trace:meta_utils.py:1935 
DEBUG    torch.__trace:meta_utils.py:271 
DEBUG    torch.__trace:meta_utils.py:490 
DEBUG    torch.__trace:meta_utils.py:1935 
DEBUG    torch.__trace:meta_utils.py:271 
DEBUG    torch.__trace:meta_utils.py:490 
DEBUG    torch.__trace:meta_utils.py:1935 
DEBUG    torch.__trace:meta_utils.py:271 
DEBUG    torch.__trace:meta_utils.py:490 
DEBUG    torch.__trace:meta_utils.py:1935 
DEBUG    torch.__trace:meta_utils.py:271 
DEBUG    torch.__trace:meta_utils.py:490 
DEBUG    torch.__trace:meta_utils.py:1935 
DEBUG    torch.__trace:meta_utils.py:271 
DEBUG    torch.__trace:meta_utils.py:490 
DEBUG    torch.__trace:meta_utils.py:1935 
DEBUG    torch.__trace:meta_utils.py:271 
DEBUG    torch.__trace:meta_utils.py:490 
DEBUG    torch.__trace:meta_utils.py:1935 
DEBUG    torch.__trace:meta_utils.py:271 
DEBUG    torch.__trace:meta_utils.py:490 
DEBUG    torch.__trace:meta_utils.py:1935 
DEBUG    torch.__trace:meta_utils.py:271 
DEBUG    torch.__trace:meta_utils.py:490 
DEBUG    torch.__trace:meta_utils.py:1935 
DEBUG    torch.__trace:meta_utils.py:271 
DEBUG    torch.__trace:meta_utils.py:490 
DEBUG    torch.__trace:meta_utils.py:1935 
DEBUG    torch.__trace:meta_utils.py:271 
DEBUG    torch.__trace:meta_utils.py:490 
DEBUG    torch.__trace:meta_utils.py:1935 
DEBUG    torch.__trace:meta_utils.py:271 
DEBUG    torch.__trace:meta_utils.py:490 
DEBUG    torch.__trace:meta_utils.py:1935 
DEBUG    torch.__trace:meta_utils.py:271 
DEBUG    torch.__trace:meta_utils.py:490 
DEBUG    torch.__trace:meta_utils.py:1935 
DEBUG    torch.__trace:meta_utils.py:271 
DEBUG    torch.__trace:meta_utils.py:490 
DEBUG    torch.__trace:meta_utils.py:1935 
DEBUG    torch.__trace:meta_utils.py:271 
DEBUG    torch.__trace:meta_utils.py:490 
DEBUG    torch.__trace:meta_utils.py:1935 
DEBUG    torch.__trace:meta_utils.py:271 
DEBUG    torch.__trace:meta_utils.py:490 
DEBUG    torch.__trace:meta_utils.py:1935 
DEBUG    torch.__trace:meta_utils.py:271 
DEBUG    torch.__trace:meta_utils.py:490 
DEBUG    torch.__trace:meta_utils.py:1935 
DEBUG    torch.__trace:meta_utils.py:271 
DEBUG    torch.__trace:meta_utils.py:490 
DEBUG    torch.__trace:meta_utils.py:1935 
DEBUG    torch.__trace:meta_utils.py:271 
DEBUG    torch.__trace:meta_utils.py:490 
DEBUG    torch.__trace:meta_utils.py:1935 
DEBUG    torch.__trace:meta_utils.py:271 
DEBUG    torch.__trace:meta_utils.py:490 
DEBUG    torch.__trace:meta_utils.py:1935 
DEBUG    torch.__trace:meta_utils.py:271 
DEBUG    torch.__trace:meta_utils.py:490 
DEBUG    torch.__trace:meta_utils.py:1935 
DEBUG    torch.__trace:meta_utils.py:271 
DEBUG    torch.__trace:meta_utils.py:490 
DEBUG    torch.__trace:meta_utils.py:1935 
DEBUG    torch.__trace:meta_utils.py:271 
DEBUG    torch.__trace:meta_utils.py:490 
DEBUG    torch.__trace:meta_utils.py:1935 
DEBUG    torch.__trace:meta_utils.py:271 
DEBUG    torch.__trace:meta_utils.py:490 
DEBUG    torch.__trace:meta_utils.py:1935 
DEBUG    torch.__trace:meta_utils.py:271 
DEBUG    torch.__trace:meta_utils.py:490 
DEBUG    torch.__trace:meta_utils.py:1935 
DEBUG    torch.__trace:meta_utils.py:271 
DEBUG    torch.__trace:meta_utils.py:490 
DEBUG    torch.__trace:meta_utils.py:1935 
DEBUG    torch.__trace:meta_utils.py:271 
DEBUG    torch.__trace:meta_utils.py:490 
DEBUG    torch.__trace:meta_utils.py:1935 
DEBUG    torch.__trace:meta_utils.py:271 
DEBUG    torch.__trace:meta_utils.py:490 
DEBUG    torch.__trace:meta_utils.py:1935 
DEBUG    torch.__trace:meta_utils.py:271 
DEBUG    torch.__trace:meta_utils.py:490 
DEBUG    torch.__trace:meta_utils.py:1935 
DEBUG    torch.__trace:meta_utils.py:271 
DEBUG    torch.__trace:meta_utils.py:490 
DEBUG    torch.__trace:meta_utils.py:1935 
DEBUG    torch.__trace:meta_utils.py:271 
DEBUG    torch.__trace:meta_utils.py:490 
DEBUG    torch.__trace:meta_utils.py:1935 
DEBUG    torch.__trace:meta_utils.py:271 
DEBUG    torch.__trace:meta_utils.py:490 
DEBUG    torch.__trace:meta_utils.py:1935 
DEBUG    torch.__trace:meta_utils.py:271 
DEBUG    torch.__trace:meta_utils.py:490 
DEBUG    torch.__trace:meta_utils.py:1935 
DEBUG    torch.__trace:meta_utils.py:271 
DEBUG    torch.__trace:meta_utils.py:490 
DEBUG    torch.__trace:meta_utils.py:1935 
DEBUG    torch.__trace:meta_utils.py:271 
DEBUG    torch.__trace:meta_utils.py:490 
DEBUG    torch.__trace:meta_utils.py:1935 
DEBUG    torch.__trace:meta_utils.py:271 
DEBUG    torch.__trace:meta_utils.py:490 
DEBUG    torch.__trace:meta_utils.py:1935 
DEBUG    torch.__trace:meta_utils.py:271 
DEBUG    torch.__trace:meta_utils.py:490 
DEBUG    torch.__trace:meta_utils.py:1935 
DEBUG    torch.__trace:meta_utils.py:271 
DEBUG    torch.__trace:meta_utils.py:490 
DEBUG    torch.__trace:meta_utils.py:1935 
DEBUG    torch.__trace:meta_utils.py:271 
DEBUG    torch.__trace:meta_utils.py:490 
DEBUG    torch.__trace:meta_utils.py:1935 
DEBUG    torch.__trace:meta_utils.py:271 
DEBUG    torch.__trace:meta_utils.py:490 
DEBUG    torch.__trace:meta_utils.py:1935 
DEBUG    torch.__trace:meta_utils.py:271 
DEBUG    torch.__trace:meta_utils.py:490 
DEBUG    torch.__trace:meta_utils.py:1935 
DEBUG    torch.__trace:meta_utils.py:271 
DEBUG    torch.__trace:meta_utils.py:490 
DEBUG    torch.__trace:meta_utils.py:1935 
DEBUG    torch.__trace:meta_utils.py:271 
DEBUG    torch.__trace:meta_utils.py:490 
DEBUG    torch.__trace:meta_utils.py:1935 
DEBUG    torch.__trace:meta_utils.py:271 
DEBUG    torch.__trace:meta_utils.py:490 
DEBUG    torch.__trace:meta_utils.py:1935 
DEBUG    torch.__trace:meta_utils.py:271 
DEBUG    torch.__trace:meta_utils.py:490 
DEBUG    torch.__trace:meta_utils.py:1935 
DEBUG    torch.__trace:meta_utils.py:271 
DEBUG    torch.__trace:meta_utils.py:490 
DEBUG    torch.__trace:meta_utils.py:1935 
DEBUG    torch.__trace:meta_utils.py:271 
DEBUG    torch.__trace:meta_utils.py:490 
DEBUG    torch.__trace:meta_utils.py:1935 
DEBUG    torch.__trace:meta_utils.py:271 
DEBUG    torch.__trace:meta_utils.py:490 
DEBUG    torch.__trace:meta_utils.py:1935 
DEBUG    torch.__trace:meta_utils.py:271 
DEBUG    torch.__trace:meta_utils.py:490 
DEBUG    torch.__trace:meta_utils.py:1935 
DEBUG    torch.__trace:meta_utils.py:271 
DEBUG    torch.__trace:meta_utils.py:490 
DEBUG    torch.__trace:meta_utils.py:1935 
DEBUG    torch.__trace:meta_utils.py:271 
DEBUG    torch.__trace:meta_utils.py:490 
DEBUG    torch.__trace:meta_utils.py:1935 
DEBUG    torch.__trace:meta_utils.py:271 
DEBUG    torch.__trace:meta_utils.py:490 
DEBUG    torch.__trace:meta_utils.py:1935 
DEBUG    torch.__trace:meta_utils.py:271 
DEBUG    torch.__trace:meta_utils.py:490 
DEBUG    torch.__trace:meta_utils.py:1935 
DEBUG    torch.__trace:meta_utils.py:271 
DEBUG    torch.__trace:meta_utils.py:490 
DEBUG    torch.__trace:meta_utils.py:1935 
DEBUG    torch.__trace:meta_utils.py:271 
DEBUG    torch.__trace:meta_utils.py:490 
DEBUG    torch.__trace:meta_utils.py:1935 
DEBUG    torch.__trace:meta_utils.py:271 
DEBUG    torch.__trace:meta_utils.py:490 
DEBUG    torch.__trace:meta_utils.py:1935 
DEBUG    torch.__trace:meta_utils.py:271 
DEBUG    torch.__trace:meta_utils.py:490 
DEBUG    torch.__trace:meta_utils.py:1935 
DEBUG    torch.__trace:meta_utils.py:271 
DEBUG    torch.__trace:meta_utils.py:490 
DEBUG    torch.__trace:meta_utils.py:1935 
DEBUG    torch.__trace:meta_utils.py:271 
DEBUG    torch.__trace:meta_utils.py:490 
DEBUG    torch.__trace:meta_utils.py:1935 
DEBUG    torch.__trace:meta_utils.py:271 
DEBUG    torch.__trace:meta_utils.py:490 
DEBUG    torch.__trace:meta_utils.py:1935 
DEBUG    torch.__trace:utils.py:2029 
DEBUG    torch.__trace:output_graph.py:2190 
DEBUG    torch.__trace:utils.py:2029 
DEBUG    torch.__trace:meta_utils.py:271 
DEBUG    torch.__trace:meta_utils.py:490 
DEBUG    torch.__trace:meta_utils.py:1935 
DEBUG    torch.__trace:meta_utils.py:271 
DEBUG    torch.__trace:meta_utils.py:490 
DEBUG    torch.__trace:meta_utils.py:1935 
DEBUG    torch.__trace:utils.py:2029 
DEBUG    torch.__trace:utils.py:2029 
DEBUG    torch.__trace:utils.py:2029 
DEBUG    torch.__trace:graph_capture.py:318 
DEBUG    torch.__trace:graph_capture.py:336 
DEBUG    torch.__trace:utils.py:2029 
DEBUG    torch.__trace:utils.py:2029 
DEBUG    torch.__trace:utils.py:2029 
DEBUG    torch.__trace:utils.py:2029 
DEBUG    torch.__trace:guards.py:3778 
DEBUG    torch.__trace:utils.py:2029 
DEBUG    torch.__trace:utils.py:2029 
DEBUG    torch.__trace:utils.py:2029 
DEBUG    torch.__trace:utils.py:2029 
DEBUG    torch.__trace:utils.py:1724 
DEBUG    torch.__trace:utils.py:2029 
DEBUG    torch.__trace:structured.py:28 
DEBUG    torch.__trace:structured.py:28 
DEBUG    torch.__trace:structured.py:28 
DEBUG    torch.__trace:structured.py:28 
DEBUG    torch.__trace:structured.py:28 
DEBUG    torch.__trace:structured.py:28 
DEBUG    torch.__trace:structured.py:28 
DEBUG    torch.__trace:structured.py:28 
DEBUG    torch.__trace:meta_utils.py:271 
DEBUG    torch.__trace:meta_utils.py:490 
DEBUG    torch.__trace:meta_utils.py:1935 
DEBUG    torch.__trace:meta_utils.py:271 
DEBUG    torch.__trace:meta_utils.py:490 
DEBUG    torch.__trace:meta_utils.py:1935
=============================== warnings summary ===============================
venv/lib/python3.12/site-packages/torch/jit/_script.py:362: 14 warnings
  /proj_sw/user_dev/ctr-akannan/24_2_jun_yyz/tt-xla/venv/lib/python3.12/site-packages/torch/jit/_script.py:362: DeprecationWarning: `torch.jit.script_method` is deprecated. Please switch to `torch.compile` or `torch.export`.
    warnings.warn(

<frozen importlib._bootstrap>:488
  <frozen importlib._bootstrap>:488: DeprecationWarning: builtin type SwigPyPacked has no __module__ attribute

<frozen importlib._bootstrap>:488
  <frozen importlib._bootstrap>:488: DeprecationWarning: builtin type SwigPyObject has no __module__ attribute

tests/torch/models/z_image/test_text_encoder.py::test_text_encoder
  /usr/lib/python3.12/copyreg.py:99: FutureWarning: `isinstance(treespec, LeafSpec)` is deprecated, use `isinstance(treespec, TreeSpec) and treespec.is_leaf()` instead.
    return cls.__new__(cls, *args)

tests/torch/models/z_image/test_text_encoder.py::test_text_encoder
  /proj_sw/user_dev/ctr-akannan/24_2_jun_yyz/tt-xla/tests/conftest.py:530: FutureWarning: `torch.distributed.reduce_op` is deprecated, please use `torch.distributed.ReduceOp` instead
    if isinstance(obj, torch.fx.GraphModule):

tests/torch/models/z_image/test_text_encoder.py::test_text_encoder
  /proj_sw/user_dev/ctr-akannan/24_2_jun_yyz/tt-xla/tests/conftest.py:534: FutureWarning: `torch.distributed.reduce_op` is deprecated, please use `torch.distributed.ReduceOp` instead
    if isinstance(obj, GraphInputMatcher):

-- Docs: https://docs.pytest.org/en/stable/how-to/capture-warnings.html
=========================== short test summary info ============================
FAILED tests/torch/models/z_image/test_text_encoder.py::test_text_encoder - AssertionError: Evaluation result 0 failed: PCC comparison failed. Calculated: pcc=0.9795049086992885. Required: pcc=0.99.
======================= 1 failed, 19 warnings in 59.47s ========================
sys:1: DeprecationWarning: builtin type swigvarlink has no __module__ attribute
