2026-06-25 09:58:02.780 | WARNING  | torch_plugin_tt:__init__:40 - TT plugin is setting XLA_STABLEHLO_COMPILE to 1. This is required for TT PJRT plugin to work correctly.
============================= test session starts ==============================
platform linux -- Python 3.12.3, pytest-9.1.1, pluggy-1.6.0 -- /proj_sw/user_dev/ctr-akannan/24_2_jun_yyz/tt-xla/venv/bin/python3
metadata: {'Python': '3.12.3', 'Platform': 'Linux-5.15.0-136-generic-x86_64-with-glibc2.39', 'Packages': {'pytest': '9.1.1', 'pluggy': '1.6.0'}, 'Plugins': {'json-report': '1.5.0', 'forked': '1.6.0', 'metadata': '3.1.1', 'split': '0.11.0', 'jaxtyping': '0.3.11', 'anyio': '4.14.0'}}
rootdir: /proj_sw/user_dev/ctr-akannan/24_2_jun_yyz/tt-xla
configfile: pytest.ini
plugins: json-report-1.5.0, forked-1.6.0, metadata-3.1.1, split-0.11.0, jaxtyping-0.3.11, anyio-4.14.0
collecting ... collected 2 items

tests/torch/models/z_image/test_text_encoder.py::test_text_encoder `torch_dtype` is deprecated! Use `dtype` instead!
Loading weights:   0%|          | 0/398 [00:00<?, ?it/s]Loading weights:  14%|█▍        | 57/398 [00:00<00:00, 535.65it/s]Loading weights:  28%|██▊       | 111/398 [00:00<00:00, 504.68it/s]Loading weights:  41%|████      | 162/398 [00:00<00:00, 448.60it/s]Loading weights:  54%|█████▎    | 213/398 [00:00<00:00, 467.29it/s]Loading weights:  66%|██████▌   | 261/398 [00:00<00:00, 449.55it/s]Loading weights:  78%|███████▊  | 312/398 [00:00<00:00, 463.87it/s]Loading weights:  90%|█████████ | 359/398 [00:00<00:00, 428.41it/s]Loading weights: 100%|██████████| 398/398 [00:00<00:00, 473.82it/s]
2026-06-25 09:59:44.259447: W torch_xla/csrc/runtime/profiler.cpp:88] Profiler API not found for PJRT plugin
FAILED
tests/torch/models/z_image/test_vae_decoder.py::test_vae_decoder Flax classes are deprecated and will be removed in Diffusers v1.0.0. We recommend migrating to PyTorch classes or pinning your version of Diffusers.
Flax classes are deprecated and will be removed in Diffusers v1.0.0. We recommend migrating to PyTorch classes or pinning your version of Diffusers.
2026-06-25 10:07:38.613 | critical |          Always | TT_FATAL: Enqueueing a Program across devices with different cores harvested is not supported, unless coordinate virtualization is enabled (only enabled on Wormhole and above). (assert.hpp:104)
2026-06-25 10:07:38.701 ( 575.920s) [        F3AF96C0]                utils.h:62     ERR| Exception:
{TT_FATAL @ /proj_sw/user_dev/ctr-akannan/24_2_jun_yyz/tt-xla/third_party/tt-mlir/src/tt-mlir/third_party/tt-metal/src/tt-metal/tt_metal/impl/program/program.cpp:2026: *get_cached() == device_hash
info:
Enqueueing a Program across devices with different cores harvested is not supported, unless coordinate virtualization is enabled (only enabled on Wormhole and above).
backtrace:
 --- /proj_sw/user_dev/ctr-akannan/24_2_jun_yyz/tt-xla/third_party/tt-mlir/install/lib/libTTMLIRRuntime.so(+0x19ea68) [0x7fe236d3ca68]
 --- tt::tt_metal::detail::ProgramImpl::generate_dispatch_commands(tt::tt_metal::IDevice*, bool)
 --- tt::tt_metal::distributed::MeshWorkloadImpl::generate_dispatch_commands(tt::tt_metal::distributed::MeshCommandQueue&)
 --- tt::tt_metal::distributed::EnqueueMeshWorkload(tt::tt_metal::distributed::MeshCommandQueue&, tt::tt_metal::distributed::MeshWorkload&, bool)
 --- /proj_sw/user_dev/ctr-akannan/24_2_jun_yyz/tt-xla/third_party/tt-mlir/install/lib/_ttnncpp.so(_ZN4ttnn16device_operation6detail21enqueue_mesh_workloadITkNS0_36DeviceOperationWithMeshDeviceAdapterENS0_26MeshDeviceOperationAdapterINS_4prim35TilizeWithValPaddingDeviceOperationEEEEEvRKNT_22operation_attributes_tERKNS7_13tensor_args_tERNS7_21tensor_return_value_tEPN2tt8tt_metal11distributed10MeshDeviceERNSI_12MeshWorkloadEb+0x2f7) [0x7fe23453e087]
 --- /proj_sw/user_dev/ctr-akannan/24_2_jun_yyz/tt-xla/third_party/tt-mlir/install/lib/_ttnncpp.so(_ZN4ttnn16device_operation6detail29handle_mesh_adapter_cache_hitITkNS0_36DeviceOperationWithMeshDeviceAdapterENS0_26MeshDeviceOperationAdapterINS_4prim35TilizeWithValPaddingDeviceOperationEEEEEvRKNT_22operation_attributes_tERKNS7_13tensor_args_tERNS7_21tensor_return_value_tEPN2tt8tt_metal11distributed10MeshDeviceERNSH_13program_cache6detail12ProgramCacheEm+0x152) [0x7fe23453d582]
 --- /proj_sw/user_dev/ctr-akannan/24_2_jun_yyz/tt-xla/third_party/tt-mlir/install/lib/_ttnncpp.so(_ZN4ttnn16device_operation6detail6launchITkNS0_22DeviceOperationConceptENS_4prim35TilizeWithValPaddingDeviceOperationEEENT_21tensor_return_value_tERKNS5_22operation_attributes_tERKNS5_13tensor_args_tE+0x287) [0x7fe23453b6b7]
 --- ttnn::prim::tilize_with_val_padding(tt::tt_metal::Tensor const&, tt::tt_metal::Shape const&, std::variant<unsigned int, float> const&, std::optional<tt::tt_metal::MemoryConfig> const&, std::optional<tt::tt_metal::DataType> const&, bool, bool, bool, std::optional<tt::tt_metal::CoreRangeSet> const&)
 --- /proj_sw/user_dev/ctr-akannan/24_2_jun_yyz/tt-xla/third_party/tt-mlir/install/lib/_ttnncpp.so(+0xab113a) [0x7fe23451a13a]
 --- /proj_sw/user_dev/ctr-akannan/24_2_jun_yyz/tt-xla/third_party/tt-mlir/install/lib/_ttnncpp.so(+0xa4634b) [0x7fe2344af34b]
 --- ttnn::tilize_with_val_padding(tt::tt_metal::Tensor const&, tt::tt_metal::Shape const&, std::variant<unsigned int, float>, std::optional<tt::tt_metal::MemoryConfig> const&, std::optional<tt::tt_metal::DataType>, bool, std::optional<tt::tt_metal::CoreRangeSet> const&)
 --- /proj_sw/user_dev/ctr-akannan/24_2_jun_yyz/tt-xla/third_party/tt-mlir/install/lib/_ttnncpp.so(+0xa0c5dd) [0x7fe2344755dd]
 --- ttnn::to_layout(tt::tt_metal::Tensor const&, tt::tt_metal::Layout, std::optional<tt::tt_metal::DataType> const&, std::optional<tt::tt_metal::MemoryConfig> const&, std::optional<tt::tt_metal::CoreRangeSet> const&, float)
 --- tt::runtime::ttnn::operations::layout::run(tt::target::ttnn::ToLayoutOp const*, tt::runtime::ttnn::ProgramContext&)
 --- tt::runtime::ttnn::ProgramExecutor::runOperation(tt::target::ttnn::Operation const*)
 --- tt::runtime::ttnn::ProgramExecutor::execute()
 --- tt::runtime::ttnn::operations::cache::run(tt::target::ttnn::LoadCachedOp const*, tt::runtime::ttnn::ProgramContext&)
 --- tt::runtime::ttnn::ProgramExecutor::runOperation(tt::target::ttnn::Operation const*)
 --- tt::runtime::ttnn::ProgramExecutor::execute()
 --- tt::runtime::ttnn::submit(tt::runtime::Device, tt::runtime::Binary, unsigned int, std::vector<tt::runtime::Tensor, std::allocator<tt::runtime::Tensor> >&)
 --- tt::runtime::submit(tt::runtime::Device, tt::runtime::Binary, unsigned int, std::vector<tt::runtime::Tensor, std::allocator<tt::runtime::Tensor> >&)
 --- std::vector<tt::runtime::Tensor, std::allocator<tt::runtime::Tensor> > std::__invoke_impl<std::vector<tt::runtime::Tensor, std::allocator<tt::runtime::Tensor> >, std::vector<tt::runtime::Tensor, std::allocator<tt::runtime::Tensor> > (&)(tt::runtime::Device, tt::runtime::Binary, unsigned int, std::vector<tt::runtime::Tensor, std::allocator<tt::runtime::Tensor> >&), tt::runtime::Device&, tt::runtime::Binary const&, unsigned int&, std::vector<tt::runtime::Tensor, std::allocator<tt::runtime::Tensor> >&>(std::__invoke_other, std::vector<tt::runtime::Tensor, std::allocator<tt::runtime::Tensor> > (&)(tt::runtime::Device, tt::runtime::Binary, unsigned int, std::vector<tt::runtime::Tensor, std::allocator<tt::runtime::Tensor> >&), tt::runtime::Device&, tt::runtime::Binary const&, unsigned int&, std::vector<tt::runtime::Tensor, std::allocator<tt::runtime::Tensor> >&)
 --- std::optional<std::conditional<std::is_same_v<std::vector<tt::runtime::Tensor, std::allocator<tt::runtime::Tensor> >, void>, std::monostate, std::vector<tt::runtime::Tensor, std::allocator<tt::runtime::Tensor> > >::type> tt::pjrt::utils::invoke_noexcept<std::vector<tt::runtime::Tensor, std::allocator<tt::runtime::Tensor> > (&)(tt::runtime::Device, tt::runtime::Binary, unsigned int, std::vector<tt::runtime::Tensor, std::allocator<tt::runtime::Tensor> >&), tt::runtime::Device&, tt::runtime::Binary const&, unsigned int&, std::vector<tt::runtime::Tensor, std::allocator<tt::runtime::Tensor> >&, std::vector<tt::runtime::Tensor, std::allocator<tt::runtime::Tensor> > >(std::vector<tt::runtime::Tensor, std::allocator<tt::runtime::Tensor> > (&)(tt::runtime::Device, tt::runtime::Binary, unsigned int, std::vector<tt::runtime::Tensor, std::allocator<tt::runtime::Tensor> >&), tt::runtime::Device&, tt::runtime::Binary const&, unsigned int&, std::vector<tt::runtime::Tensor, std::allocator<tt::runtime::Tensor> >&)
 --- tt::pjrt::FlatbufferLoadedExecutableInstance::execute(PJRT_LoadedExecutable_Execute_Args*)
 --- tt::pjrt::internal::onLoadedExecutableExecute(PJRT_LoadedExecutable_Execute_Args*)
 --- xla::PjRtCApiLoadedExecutable::ExecuteWithSingleDevice(absl::lts_20230802::Span<xla::PjRtBuffer* const>, xla::PjRtDevice*, xla::ExecuteOptions const&, std::optional<xla::PjRtFuture<void> >&, bool)
 --- xla::PjRtCApiLoadedExecutable::ExecutePortable(absl::lts_20230802::Span<xla::PjRtBuffer* const>, xla::PjRtDevice*, xla::ExecuteOptions const&, std::optional<xla::PjRtFuture<void> >&, bool)
 --- torch_xla::runtime::PjRtComputationClient::ExecuteComputation(torch_xla::runtime::ComputationClient::Computation const&, absl::lts_20230802::Span<std::shared_ptr<torch_xla::runtime::ComputationClient::Data> const>, std::__cxx11::basic_string<char, std::char_traits<char>, std::allocator<char> > const&, torch_xla::runtime::ComputationClient::ExecuteComputationOptions const&)
 --- torch_xla::XlaBackendImpl::ExecuteComputation(std::shared_ptr<torch::lazy::Computation>, c10::ArrayRef<std::shared_ptr<torch::lazy::BackendData> >, torch::lazy::BackendDevice const&) const
 --- /proj_sw/user_dev/ctr-akannan/24_2_jun_yyz/tt-xla/venv/lib/python3.12/site-packages/_XLAC.cpython-312-x86_64-linux-gnu.so(+0x6dff7d0) [0x7fe2503c37d0]
 --- torch::lazy::MultiWait::Complete(std::function<void ()> const&)
 --- Eigen::ThreadPoolTempl<tsl::thread::EigenEnvironment>::WorkerLoop(int)
 --- void absl::lts_20230802::internal_any_invocable::RemoteInvoker<false, void, tsl::thread::EigenEnvironment::CreateThread(std::function<void ()>)::{lambda()#1}&>(absl::lts_20230802::internal_any_invocable::TypeErasedState*)
 --- /proj_sw/user_dev/ctr-akannan/24_2_jun_yyz/tt-xla/venv/lib/python3.12/site-packages/_XLAC.cpython-312-x86_64-linux-gnu.so(+0x116a4c12) [0x7fe25ac68c12]
 --- /lib/x86_64-linux-gnu/libc.so.6(+0x9caa4) [0x7fe29770caa4]
 --- /lib/x86_64-linux-gnu/libc.so.6(+0x129c6c) [0x7fe297799c6c]
}

