2026-06-24 17:01:26.084 | WARNING  | torch_plugin_tt:__init__:40 - TT plugin is setting XLA_STABLEHLO_COMPILE to 1. This is required for TT PJRT plugin to work correctly.
============================= test session starts ==============================
platform linux -- Python 3.12.3, pytest-9.1.1, pluggy-1.6.0 -- /proj_sw/user_dev/ctr-akannan/24_2_jun_yyz/tt-xla/venv/bin/python3
metadata: {'Python': '3.12.3', 'Platform': 'Linux-5.15.0-142-generic-x86_64-with-glibc2.39', 'Packages': {'pytest': '9.1.1', 'pluggy': '1.6.0'}, 'Plugins': {'json-report': '1.5.0', 'forked': '1.6.0', 'metadata': '3.1.1', 'split': '0.11.0', 'jaxtyping': '0.3.11', 'anyio': '4.14.0'}}
rootdir: /proj_sw/user_dev/ctr-akannan/24_2_jun_yyz/tt-xla
configfile: pytest.ini
plugins: json-report-1.5.0, forked-1.6.0, metadata-3.1.1, split-0.11.0, jaxtyping-0.3.11, anyio-4.14.0
collecting ... collected 1 item

tests/torch/models/z_image/test_pcc_probe.py::test_pcc_model4 2026-06-24 17:02:36.449323: W torch_xla/csrc/runtime/profiler.cpp:88] Profiler API not found for PJRT plugin
Fetching 2 files:   0%|          | 0/2 [00:00<?, ?it/s]Fetching 2 files: 100%|██████████| 2/2 [00:00<00:00, 107.43it/s]
Loading checkpoint shards:   0%|          | 0/2 [00:00<?, ?it/s]Loading checkpoint shards: 100%|██████████| 2/2 [00:00<00:00, 31.88it/s]
`torch_dtype` is deprecated! Use `dtype` instead!
Loading weights:   0%|          | 0/398 [00:00<?, ?it/s]Loading weights: 100%|██████████| 398/398 [00:00<00:00, 11088.01it/s]
2026-06-24 17:04:32.081 | WARNING  | tt_torch.backend.backend:_build_params_and_consts:180 - Found an argument on non-XLA device which was not a lifted constant: self___transformer_rope_embedder_freqs_cis_0. Passing a non-XLA tensor to TT compile was likely not intended. Force moving the argument to XLA.
2026-06-24 17:04:32.081 | WARNING  | tt_torch.backend.backend:_build_params_and_consts:180 - Found an argument on non-XLA device which was not a lifted constant: self___transformer_rope_embedder_freqs_cis_1. Passing a non-XLA tensor to TT compile was likely not intended. Force moving the argument to XLA.
2026-06-24 17:04:32.081 | WARNING  | tt_torch.backend.backend:_build_params_and_consts:180 - Found an argument on non-XLA device which was not a lifted constant: self___transformer_rope_embedder_freqs_cis_2. Passing a non-XLA tensor to TT compile was likely not intended. Force moving the argument to XLA.
Building ncrisc, compile step:
cd /proj_sw/user_dev/ctr-akannan/.tt_metal_cache/tt-metal-cache4786007283229827664/kernels/reader_concat_stick_layout_interleaved_start_id/17751289423232846962/ncrisc/ && /proj_sw/user_dev/ctr-akannan/24_2_jun_yyz/tt-xla/third_party/tt-mlir/src/tt-mlir/third_party/tt-metal/src/tt-metal/runtime/sfpi/compiler/bin/riscv-tt-elf-g++ -O2 -std=c++17 -ftt-nttp -ftt-constinit -ftt-consteval -ftt-no-dyninit -flto=auto -ffast-math -fno-exceptions -fno-rtti -fno-use-cxa-atexit -g -MMD -Wall -Werror -Wno-error=deprecated-declarations -Wno-error=multistatement-macros -Wno-error=parentheses -Wno-error=unused-but-set-variable -Wno-unused-variable -Wno-unused-function -mcpu=tt-wh -fno-tree-loop-distribute-patterns -I. -I.. -I/proj_sw/user_dev/ctr-akannan/24_2_jun_yyz/tt-xla/third_party/tt-mlir/src/tt-mlir/third_party/tt-metal/src/tt-metal/ -I/proj_sw/user_dev/ctr-akannan/24_2_jun_yyz/tt-xla/third_party/tt-mlir/src/tt-mlir/third_party/tt-metal/src/tt-metal/ttnn -I/proj_sw/user_dev/ctr-akannan/24_2_jun_yyz/tt-xla/third_party/tt-mlir/src/tt-mlir/third_party/tt-metal/src/tt-metal/ttnn/cpp -I/proj_sw/user_dev/ctr-akannan/24_2_jun_yyz/tt-xla/third_party/tt-mlir/src/tt-mlir/third_party/tt-metal/src/tt-metal/tt_metal -I/proj_sw/user_dev/ctr-akannan/24_2_jun_yyz/tt-xla/third_party/tt-mlir/src/tt-mlir/third_party/tt-metal/src/tt-metal/tt_metal/hw/inc -I/proj_sw/user_dev/ctr-akannan/24_2_jun_yyz/tt-xla/third_party/tt-mlir/src/tt-mlir/third_party/tt-metal/src/tt-metal/tt_metal/tt-llk/common -I/proj_sw/user_dev/ctr-akannan/24_2_jun_yyz/tt-xla/third_party/tt-mlir/src/tt-mlir/third_party/tt-metal/src/tt-metal/tt_metal/hostdevcommon/api -I/proj_sw/user_dev/ctr-akannan/24_2_jun_yyz/tt-xla/third_party/tt-mlir/src/tt-mlir/third_party/tt-metal/src/tt-metal/tt_metal/api/ -I/proj_sw/user_dev/ctr-akannan/24_2_jun_yyz/tt-xla/third_party/tt-mlir/src/tt-mlir/third_party/tt-metal/src/tt-metal/tt_metal/hw/ckernels/wormhole_b0/metal/common -I/proj_sw/user_dev/ctr-akannan/24_2_jun_yyz/tt-xla/third_party/tt-mlir/src/tt-mlir/third_party/tt-metal/src/tt-metal/tt_metal/hw/ckernels/wormhole_b0/metal/llk_io -I/proj_sw/user_dev/ctr-akannan/24_2_jun_yyz/tt-xla/third_party/tt-mlir/src/tt-mlir/third_party/tt-metal/src/tt-metal/tt_metal/hw/inc/internal/tt-1xx -I/proj_sw/user_dev/ctr-akannan/24_2_jun_yyz/tt-xla/third_party/tt-mlir/src/tt-mlir/third_party/tt-metal/src/tt-metal/tt_metal/hw/inc/internal/tt-1xx/wormhole -I/proj_sw/user_dev/ctr-akannan/24_2_jun_yyz/tt-xla/third_party/tt-mlir/src/tt-mlir/third_party/tt-metal/src/tt-metal/tt_metal/hw/inc/internal/tt-1xx/wormhole/wormhole_b0_defines -I/proj_sw/user_dev/ctr-akannan/24_2_jun_yyz/tt-xla/third_party/tt-mlir/src/tt-mlir/third_party/tt-metal/src/tt-metal/tt_metal/hw/inc/internal/tt-1xx/wormhole/noc -I/proj_sw/user_dev/ctr-akannan/24_2_jun_yyz/tt-xla/third_party/tt-mlir/src/tt-mlir/third_party/tt-metal/src/tt-metal/tt_metal/tt-llk/tt_llk_wormhole_b0/common/inc -I/proj_sw/user_dev/ctr-akannan/24_2_jun_yyz/tt-xla/third_party/tt-mlir/src/tt-mlir/third_party/tt-metal/src/tt-metal/tt_metal/tt-llk/tt_llk_wormhole_b0/llk_lib -I/proj_sw/user_dev/ctr-akannan/24_2_jun_yyz/tt-xla/third_party/tt-mlir/src/tt-mlir/third_party/tt-metal/src/tt-metal/tt_metal/hw/firmware/src/tt-1xx -I/proj_sw/user_dev/ctr-akannan/24_2_jun_yyz/tt-xla/third_party/tt-mlir/src/tt-mlir/third_party/tt-metal/src/tt-metal/ttnn/cpp/ttnn/operations/data_movement/concat/device/kernels/dataflow -c -o /proj_sw/user_dev/ctr-akannan/.tt_metal_cache/tt-metal-cache4786007283229827664/kernels/reader_concat_stick_layout_interleaved_start_id/17751289423232846962/ncrisc/ncrisck.1522786680818800384.o /proj_sw/user_dev/ctr-akannan/24_2_jun_yyz/tt-xla/third_party/tt-mlir/src/tt-mlir/third_party/tt-metal/src/tt-metal/tt_metal/hw/firmware/src/tt-1xx/ncrisck.cc -MF /proj_sw/user_dev/ctr-akannan/.tt_metal_cache/tt-metal-cache4786007283229827664/kernels/reader_concat_stick_layout_interleaved_start_id/17751289423232846962/ncrisc/ncrisck.1522786680818800384.d -DIS_NOT_POW2_NUM_DRAM_BANKS=1 -DLOG_BASE_2_OF_NUM_L1_BANKS=6 -DNUM_DRAM_BANKS=12 -DNUM_L1_BANKS=64 -DPCIE_NOC_X=0 -DPCIE_NOC_Y=3 -DTENSIX_FIRMWARE -DLOCAL_MEM_EN=0 -DROUTING_FW_ENABLED -DPROCESSOR_INDEX=1 -DCOMPILE_FOR_NCRISC -DARCH_WORMHOLE -DDISPATCH_MESSAGE_ADDR=4290052232 -DKERNEL_BUILD -DFABRIC_1D_PKT_HDR_EXTENSION_WORDS='0' -DROUTING_MODE='145' -DWIDTH_CONCAT='1' -DNOC_INDEX='0' -DNOC_MODE='0' -DKERNEL_COMPILE_TIME_ARGS=0,20,61440,61440,61440,61440,61440,61440,61440,61440,61440,61440,61440,61440,61440,61440,61440,61440,61440,61440,61440,61440,2,61440,2,61440,2,61440,2,61440,2,61440,2,61440,2,61440,2,61440,2,61440,2,61440,2,61440,2,61440,2,61440,2,61440,2,61440,2,61440,2,61440,2,61440,2,61440,2,61440 
In file included from ../kernel_includes.hpp:1,
                 from /proj_sw/user_dev/ctr-akannan/24_2_jun_yyz/tt-xla/third_party/tt-mlir/src/tt-mlir/third_party/tt-metal/src/tt-metal/tt_metal/hw/firmware/src/tt-1xx/ncrisck.cc:22:
/proj_sw/user_dev/ctr-akannan/24_2_jun_yyz/tt-xla/third_party/tt-mlir/src/tt-mlir/third_party/tt-metal/src/tt-metal/ttnn/cpp/ttnn/operations/data_movement/concat/device/kernels/dataflow/reader_concat_stick_layout_interleaved_start_id.cpp: In function 'void kernel_main()':
/proj_sw/user_dev/ctr-akannan/24_2_jun_yyz/tt-xla/third_party/tt-mlir/src/tt-mlir/third_party/tt-metal/src/tt-metal/ttnn/cpp/ttnn/operations/data_movement/concat/device/kernels/dataflow/reader_concat_stick_layout_interleaved_start_id.cpp:29:14: warning: variable 'num_pages_per_block' set but not used [-Wunused-but-set-variable]
   29 |     uint32_t num_pages_per_block[num_tensors];
      |              ^~~~~~~~~~~~~~~~~~~

[PCC-PROBE] model4: pcc=0.995979  (all=[0.995979])

PASSED

=============================== warnings summary ===============================
venv/lib/python3.12/site-packages/torch/jit/_script.py:362: 14 warnings
  /proj_sw/user_dev/ctr-akannan/24_2_jun_yyz/tt-xla/venv/lib/python3.12/site-packages/torch/jit/_script.py:362: DeprecationWarning: `torch.jit.script_method` is deprecated. Please switch to `torch.compile` or `torch.export`.
    warnings.warn(

<frozen importlib._bootstrap>:488
  <frozen importlib._bootstrap>:488: DeprecationWarning: builtin type SwigPyPacked has no __module__ attribute

<frozen importlib._bootstrap>:488
  <frozen importlib._bootstrap>:488: DeprecationWarning: builtin type SwigPyObject has no __module__ attribute

tests/torch/models/z_image/test_pcc_probe.py::test_pcc_model4
  /proj_sw/user_dev/ctr-akannan/24_2_jun_yyz/tt-xla/venv/lib/python3.12/site-packages/huggingface_hub/utils/_validators.py:205: UserWarning: The `local_dir_use_symlinks` argument is deprecated and ignored in `hf_hub_download`. Downloading to a local directory does not use symlinks anymore.
    warnings.warn(

tests/torch/models/z_image/test_pcc_probe.py::test_pcc_model4
  /usr/lib/python3.12/copyreg.py:99: FutureWarning: `isinstance(treespec, LeafSpec)` is deprecated, use `isinstance(treespec, TreeSpec) and treespec.is_leaf()` instead.
    return cls.__new__(cls, *args)

tests/torch/models/z_image/test_pcc_probe.py::test_pcc_model4
  /proj_sw/user_dev/ctr-akannan/24_2_jun_yyz/tt-xla/tests/conftest.py:530: FutureWarning: `torch.distributed.reduce_op` is deprecated, please use `torch.distributed.ReduceOp` instead
    if isinstance(obj, torch.fx.GraphModule):

tests/torch/models/z_image/test_pcc_probe.py::test_pcc_model4
  /proj_sw/user_dev/ctr-akannan/24_2_jun_yyz/tt-xla/tests/conftest.py:534: FutureWarning: `torch.distributed.reduce_op` is deprecated, please use `torch.distributed.ReduceOp` instead
    if isinstance(obj, GraphInputMatcher):

-- Docs: https://docs.pytest.org/en/stable/how-to/capture-warnings.html
================== 1 passed, 20 warnings in 175.60s (0:02:55) ==================
sys:1: DeprecationWarning: builtin type swigvarlink has no __module__ attribute
