2026-06-24 16:58:22.319 | WARNING  | torch_plugin_tt:__init__:40 - TT plugin is setting XLA_STABLEHLO_COMPILE to 1. This is required for TT PJRT plugin to work correctly.
============================= test session starts ==============================
platform linux -- Python 3.12.3, pytest-9.1.1, pluggy-1.6.0 -- /proj_sw/user_dev/ctr-akannan/24_2_jun_yyz/tt-xla/venv/bin/python3
metadata: {'Python': '3.12.3', 'Platform': 'Linux-5.15.0-142-generic-x86_64-with-glibc2.39', 'Packages': {'pytest': '9.1.1', 'pluggy': '1.6.0'}, 'Plugins': {'json-report': '1.5.0', 'forked': '1.6.0', 'metadata': '3.1.1', 'split': '0.11.0', 'jaxtyping': '0.3.11', 'anyio': '4.14.0'}}
rootdir: /proj_sw/user_dev/ctr-akannan/24_2_jun_yyz/tt-xla
configfile: pytest.ini
plugins: json-report-1.5.0, forked-1.6.0, metadata-3.1.1, split-0.11.0, jaxtyping-0.3.11, anyio-4.14.0
collecting ... collected 1 item

tests/torch/models/z_image/test_pcc_probe.py::test_pcc_model4 2026-06-24 16:58:59.216625: W torch_xla/csrc/runtime/profiler.cpp:88] Profiler API not found for PJRT plugin
Fetching 2 files:   0%|          | 0/2 [00:00<?, ?it/s]Fetching 2 files: 100%|██████████| 2/2 [00:00<00:00, 458.85it/s]
Loading checkpoint shards:   0%|          | 0/2 [00:00<?, ?it/s]Loading checkpoint shards: 100%|██████████| 2/2 [00:00<00:00, 35.98it/s]
`torch_dtype` is deprecated! Use `dtype` instead!
Loading weights:   0%|          | 0/398 [00:00<?, ?it/s]Loading weights: 100%|██████████| 398/398 [00:00<00:00, 10635.40it/s]
2026-06-24 17:00:17.733 | WARNING  | tt_torch.backend.backend:_build_params_and_consts:180 - Found an argument on non-XLA device which was not a lifted constant: self___transformer_rope_embedder_freqs_cis_0. Passing a non-XLA tensor to TT compile was likely not intended. Force moving the argument to XLA.
2026-06-24 17:00:17.733 | WARNING  | tt_torch.backend.backend:_build_params_and_consts:180 - Found an argument on non-XLA device which was not a lifted constant: self___transformer_rope_embedder_freqs_cis_1. Passing a non-XLA tensor to TT compile was likely not intended. Force moving the argument to XLA.
2026-06-24 17:00:17.733 | WARNING  | tt_torch.backend.backend:_build_params_and_consts:180 - Found an argument on non-XLA device which was not a lifted constant: self___transformer_rope_embedder_freqs_cis_2. Passing a non-XLA tensor to TT compile was likely not intended. Force moving the argument to XLA.
Building ncrisc, compile step:
cd /proj_sw/user_dev/ctr-akannan/.tt_metal_cache/tt-metal-cache4786007283229827664/kernels/reader_concat_stick_layout_interleaved_start_id/9813585209103766217/ncrisc/ && /proj_sw/user_dev/ctr-akannan/24_2_jun_yyz/tt-xla/third_party/tt-mlir/src/tt-mlir/third_party/tt-metal/src/tt-metal/runtime/sfpi/compiler/bin/riscv-tt-elf-g++ -O2 -std=c++17 -ftt-nttp -ftt-constinit -ftt-consteval -ftt-no-dyninit -flto=auto -ffast-math -fno-exceptions -fno-rtti -fno-use-cxa-atexit -g -MMD -Wall -Werror -Wno-error=deprecated-declarations -Wno-error=multistatement-macros -Wno-error=parentheses -Wno-error=unused-but-set-variable -Wno-unused-variable -Wno-unused-function -mcpu=tt-wh -fno-tree-loop-distribute-patterns -I. -I.. -I/proj_sw/user_dev/ctr-akannan/24_2_jun_yyz/tt-xla/third_party/tt-mlir/src/tt-mlir/third_party/tt-metal/src/tt-metal/ -I/proj_sw/user_dev/ctr-akannan/24_2_jun_yyz/tt-xla/third_party/tt-mlir/src/tt-mlir/third_party/tt-metal/src/tt-metal/ttnn -I/proj_sw/user_dev/ctr-akannan/24_2_jun_yyz/tt-xla/third_party/tt-mlir/src/tt-mlir/third_party/tt-metal/src/tt-metal/ttnn/cpp -I/proj_sw/user_dev/ctr-akannan/24_2_jun_yyz/tt-xla/third_party/tt-mlir/src/tt-mlir/third_party/tt-metal/src/tt-metal/tt_metal -I/proj_sw/user_dev/ctr-akannan/24_2_jun_yyz/tt-xla/third_party/tt-mlir/src/tt-mlir/third_party/tt-metal/src/tt-metal/tt_metal/hw/inc -I/proj_sw/user_dev/ctr-akannan/24_2_jun_yyz/tt-xla/third_party/tt-mlir/src/tt-mlir/third_party/tt-metal/src/tt-metal/tt_metal/tt-llk/common -I/proj_sw/user_dev/ctr-akannan/24_2_jun_yyz/tt-xla/third_party/tt-mlir/src/tt-mlir/third_party/tt-metal/src/tt-metal/tt_metal/hostdevcommon/api -I/proj_sw/user_dev/ctr-akannan/24_2_jun_yyz/tt-xla/third_party/tt-mlir/src/tt-mlir/third_party/tt-metal/src/tt-metal/tt_metal/api/ -I/proj_sw/user_dev/ctr-akannan/24_2_jun_yyz/tt-xla/third_party/tt-mlir/src/tt-mlir/third_party/tt-metal/src/tt-metal/tt_metal/hw/ckernels/wormhole_b0/metal/common -I/proj_sw/user_dev/ctr-akannan/24_2_jun_yyz/tt-xla/third_party/tt-mlir/src/tt-mlir/third_party/tt-metal/src/tt-metal/tt_metal/hw/ckernels/wormhole_b0/metal/llk_io -I/proj_sw/user_dev/ctr-akannan/24_2_jun_yyz/tt-xla/third_party/tt-mlir/src/tt-mlir/third_party/tt-metal/src/tt-metal/tt_metal/hw/inc/internal/tt-1xx -I/proj_sw/user_dev/ctr-akannan/24_2_jun_yyz/tt-xla/third_party/tt-mlir/src/tt-mlir/third_party/tt-metal/src/tt-metal/tt_metal/hw/inc/internal/tt-1xx/wormhole -I/proj_sw/user_dev/ctr-akannan/24_2_jun_yyz/tt-xla/third_party/tt-mlir/src/tt-mlir/third_party/tt-metal/src/tt-metal/tt_metal/hw/inc/internal/tt-1xx/wormhole/wormhole_b0_defines -I/proj_sw/user_dev/ctr-akannan/24_2_jun_yyz/tt-xla/third_party/tt-mlir/src/tt-mlir/third_party/tt-metal/src/tt-metal/tt_metal/hw/inc/internal/tt-1xx/wormhole/noc -I/proj_sw/user_dev/ctr-akannan/24_2_jun_yyz/tt-xla/third_party/tt-mlir/src/tt-mlir/third_party/tt-metal/src/tt-metal/tt_metal/tt-llk/tt_llk_wormhole_b0/common/inc -I/proj_sw/user_dev/ctr-akannan/24_2_jun_yyz/tt-xla/third_party/tt-mlir/src/tt-mlir/third_party/tt-metal/src/tt-metal/tt_metal/tt-llk/tt_llk_wormhole_b0/llk_lib -I/proj_sw/user_dev/ctr-akannan/24_2_jun_yyz/tt-xla/third_party/tt-mlir/src/tt-mlir/third_party/tt-metal/src/tt-metal/tt_metal/hw/firmware/src/tt-1xx -I/proj_sw/user_dev/ctr-akannan/24_2_jun_yyz/tt-xla/third_party/tt-mlir/src/tt-mlir/third_party/tt-metal/src/tt-metal/ttnn/cpp/ttnn/operations/data_movement/concat/device/kernels/dataflow -c -o /proj_sw/user_dev/ctr-akannan/.tt_metal_cache/tt-metal-cache4786007283229827664/kernels/reader_concat_stick_layout_interleaved_start_id/9813585209103766217/ncrisc/ncrisck.3763896241333465641.o /proj_sw/user_dev/ctr-akannan/24_2_jun_yyz/tt-xla/third_party/tt-mlir/src/tt-mlir/third_party/tt-metal/src/tt-metal/tt_metal/hw/firmware/src/tt-1xx/ncrisck.cc -MF /proj_sw/user_dev/ctr-akannan/.tt_metal_cache/tt-metal-cache4786007283229827664/kernels/reader_concat_stick_layout_interleaved_start_id/9813585209103766217/ncrisc/ncrisck.3763896241333465641.d -DIS_NOT_POW2_NUM_DRAM_BANKS=1 -DLOG_BASE_2_OF_NUM_L1_BANKS=6 -DNUM_DRAM_BANKS=12 -DNUM_L1_BANKS=64 -DPCIE_NOC_X=0 -DPCIE_NOC_Y=3 -DTENSIX_FIRMWARE -DLOCAL_MEM_EN=0 -DROUTING_FW_ENABLED -DPROCESSOR_INDEX=1 -DCOMPILE_FOR_NCRISC -DARCH_WORMHOLE -DDISPATCH_MESSAGE_ADDR=4290052232 -DKERNEL_BUILD -DFABRIC_1D_PKT_HDR_EXTENSION_WORDS='0' -DROUTING_MODE='145' -DWIDTH_CONCAT='1' -DNOC_INDEX='0' -DNOC_MODE='0' -DKERNEL_COMPILE_TIME_ARGS=0,22,61440,61440,61440,61440,61440,61440,61440,61440,61440,61440,61440,61440,61440,61440,61440,61440,61440,61440,61440,61440,61440,61440,2,61440,2,61440,2,61440,2,61440,2,61440,2,61440,2,61440,2,61440,2,61440,2,61440,2,61440,2,61440,2,61440,2,61440,2,61440,2,61440,2,61440,2,61440,2,61440,2,61440,2,61440,2,61440 
In file included from ../kernel_includes.hpp:1,
                 from /proj_sw/user_dev/ctr-akannan/24_2_jun_yyz/tt-xla/third_party/tt-mlir/src/tt-mlir/third_party/tt-metal/src/tt-metal/tt_metal/hw/firmware/src/tt-1xx/ncrisck.cc:22:
/proj_sw/user_dev/ctr-akannan/24_2_jun_yyz/tt-xla/third_party/tt-mlir/src/tt-mlir/third_party/tt-metal/src/tt-metal/ttnn/cpp/ttnn/operations/data_movement/concat/device/kernels/dataflow/reader_concat_stick_layout_interleaved_start_id.cpp: In function 'void kernel_main()':
/proj_sw/user_dev/ctr-akannan/24_2_jun_yyz/tt-xla/third_party/tt-mlir/src/tt-mlir/third_party/tt-metal/src/tt-metal/ttnn/cpp/ttnn/operations/data_movement/concat/device/kernels/dataflow/reader_concat_stick_layout_interleaved_start_id.cpp:29:14: warning: variable 'num_pages_per_block' set but not used [-Wunused-but-set-variable]
   29 |     uint32_t num_pages_per_block[num_tensors];
      |              ^~~~~~~~~~~~~~~~~~~
2026-06-24 17:00:46.984 | critical |          Always | TT_THROW: Statically allocated circular buffers on core range [0-0 - 0-0] grow to 1502048 B which is beyond max L1 size of 1499136 B (assert.hpp:104)
2026-06-24 17:00:47.014 ( 144.695s) [        9D3EE6C0]                utils.h:62     ERR| Exception:
{TT_THROW @ /proj_sw/user_dev/ctr-akannan/24_2_jun_yyz/tt-xla/third_party/tt-mlir/src/tt-mlir/third_party/tt-metal/src/tt-metal/tt_metal/impl/program/program.cpp:1488: tt::exception
info:
Statically allocated circular buffers on core range [0-0 - 0-0] grow to 1502048 B which is beyond max L1 size of 1499136 B
backtrace:
 --- /proj_sw/user_dev/ctr-akannan/24_2_jun_yyz/tt-xla/third_party/tt-mlir/install/lib/libtt_metal.so(+0x92937a) [0x7f252c43a37a]
 --- tt::tt_metal::detail::ProgramImpl::validate_circular_buffer_region(tt::tt_metal::IDevice const*)
 --- tt::tt_metal::distributed::MeshWorkloadImpl::compile(tt::tt_metal::distributed::MeshDevice*)
 --- tt::tt_metal::distributed::EnqueueMeshWorkload(tt::tt_metal::distributed::MeshCommandQueue&, tt::tt_metal::distributed::MeshWorkload&, bool)
 --- /proj_sw/user_dev/ctr-akannan/24_2_jun_yyz/tt-xla/third_party/tt-mlir/install/lib/_ttnncpp.so(_ZN4ttnn16device_operation6detail21enqueue_mesh_workloadITkNS0_36DeviceOperationWithMeshDeviceAdapterENS0_26MeshDeviceOperationAdapterINS_4prim35TilizeWithValPaddingDeviceOperationEEEEEvRKNT_22operation_attributes_tERKNS7_13tensor_args_tERNS7_21tensor_return_value_tEPN2tt8tt_metal11distributed10MeshDeviceERNSI_12MeshWorkloadEb+0x2f7) [0x7f252a7ff087]
 --- /proj_sw/user_dev/ctr-akannan/24_2_jun_yyz/tt-xla/third_party/tt-mlir/install/lib/_ttnncpp.so(+0xadc589) [0x7f252a806589]
 --- /proj_sw/user_dev/ctr-akannan/24_2_jun_yyz/tt-xla/third_party/tt-mlir/install/lib/_ttnncpp.so(_ZN4ttnn16device_operation6detail30create_and_cache_mesh_workloadITkNS0_22DeviceOperationConceptENS0_26MeshDeviceOperationAdapterINS_4prim35TilizeWithValPaddingDeviceOperationEEEEEvRKNT_22operation_attributes_tERKNS7_13tensor_args_tERNS7_21tensor_return_value_tEPN2tt8tt_metal11distributed10MeshDeviceERNSH_13program_cache6detail12ProgramCacheEm+0xa7) [0x7f252a7fe647]
 --- /proj_sw/user_dev/ctr-akannan/24_2_jun_yyz/tt-xla/third_party/tt-mlir/install/lib/_ttnncpp.so(_ZN4ttnn16device_operation6detail6launchITkNS0_22DeviceOperationConceptENS_4prim35TilizeWithValPaddingDeviceOperationEEENT_21tensor_return_value_tERKNS5_22operation_attributes_tERKNS5_13tensor_args_tE+0x287) [0x7f252a7fc6b7]
 --- ttnn::prim::tilize_with_val_padding(tt::tt_metal::Tensor const&, tt::tt_metal::Shape const&, std::variant<unsigned int, float> const&, std::optional<tt::tt_metal::MemoryConfig> const&, std::optional<tt::tt_metal::DataType> const&, bool, bool, bool, std::optional<tt::tt_metal::CoreRangeSet> const&)
 --- /proj_sw/user_dev/ctr-akannan/24_2_jun_yyz/tt-xla/third_party/tt-mlir/install/lib/_ttnncpp.so(+0xab113a) [0x7f252a7db13a]
 --- /proj_sw/user_dev/ctr-akannan/24_2_jun_yyz/tt-xla/third_party/tt-mlir/install/lib/_ttnncpp.so(+0xa4634b) [0x7f252a77034b]
 --- ttnn::tilize_with_val_padding(tt::tt_metal::Tensor const&, tt::tt_metal::Shape const&, std::variant<unsigned int, float>, std::optional<tt::tt_metal::MemoryConfig> const&, std::optional<tt::tt_metal::DataType>, bool, std::optional<tt::tt_metal::CoreRangeSet> const&)
 --- /proj_sw/user_dev/ctr-akannan/24_2_jun_yyz/tt-xla/third_party/tt-mlir/install/lib/_ttnncpp.so(+0xc9c2aa) [0x7f252a9c62aa]
 --- /proj_sw/user_dev/ctr-akannan/24_2_jun_yyz/tt-xla/third_party/tt-mlir/install/lib/_ttnncpp.so(+0xca6eef) [0x7f252a9d0eef]
 --- /proj_sw/user_dev/ctr-akannan/24_2_jun_yyz/tt-xla/third_party/tt-mlir/install/lib/_ttnncpp.so(+0xca6c40) [0x7f252a9d0c40]
 --- /proj_sw/user_dev/ctr-akannan/24_2_jun_yyz/tt-xla/third_party/tt-mlir/install/lib/_ttnncpp.so(+0xc9ebff) [0x7f252a9c8bff]
 --- ttnn::concat(std::vector<tt::tt_metal::Tensor, std::allocator<tt::tt_metal::Tensor> > const&, int, std::optional<tt::tt_metal::MemoryConfig> const&, std::optional<tt::tt_metal::Tensor> const&, unsigned int, std::optional<tt::tt_metal::CoreRangeSet> const&)
 --- tt::runtime::ttnn::operations::data_movement::run(tt::target::ttnn::ConcatOp const*, tt::runtime::ttnn::ProgramContext&)
 --- tt::runtime::ttnn::ProgramExecutor::runOperation(tt::target::ttnn::Operation const*)
 --- tt::runtime::ttnn::ProgramExecutor::execute()
 --- tt::runtime::ttnn::operations::cache::run(tt::target::ttnn::LoadCachedOp const*, tt::runtime::ttnn::ProgramContext&)
 --- tt::runtime::ttnn::ProgramExecutor::runOperation(tt::target::ttnn::Operation const*)
 --- tt::runtime::ttnn::ProgramExecutor::execute()
 --- tt::runtime::ttnn::submit(tt::runtime::Device, tt::runtime::Binary, unsigned int, std::vector<tt::runtime::Tensor, std::allocator<tt::runtime::Tensor> >&)
 --- tt::runtime::submit(tt::runtime::Device, tt::runtime::Binary, unsigned int, std::vector<tt::runtime::Tensor, std::allocator<tt::runtime::Tensor> >&)
 --- std::vector<tt::runtime::Tensor, std::allocator<tt::runtime::Tensor> > std::__invoke_impl<std::vector<tt::runtime::Tensor, std::allocator<tt::runtime::Tensor> >, std::vector<tt::runtime::Tensor, std::allocator<tt::runtime::Tensor> > (&)(tt::runtime::Device, tt::runtime::Binary, unsigned int, std::vector<tt::runtime::Tensor, std::allocator<tt::runtime::Tensor> >&), tt::runtime::Device&, tt::runtime::Binary const&, unsigned int&, std::vector<tt::runtime::Tensor, std::allocator<tt::runtime::Tensor> >&>(std::__invoke_other, std::vector<tt::runtime::Tensor, std::allocator<tt::runtime::Tensor> > (&)(tt::runtime::Device, tt::runtime::Binary, unsigned int, std::vector<tt::runtime::Tensor, std::allocator<tt::runtime::Tensor> >&), tt::runtime::Device&, tt::runtime::Binary const&, unsigned int&, std::vector<tt::runtime::Tensor, std::allocator<tt::runtime::Tensor> >&)
 --- std::optional<std::conditional<std::is_same_v<std::vector<tt::runtime::Tensor, std::allocator<tt::runtime::Tensor> >, void>, std::monostate, std::vector<tt::runtime::Tensor, std::allocator<tt::runtime::Tensor> > >::type> tt::pjrt::utils::invoke_noexcept<std::vector<tt::runtime::Tensor, std::allocator<tt::runtime::Tensor> > (&)(tt::runtime::Device, tt::runtime::Binary, unsigned int, std::vector<tt::runtime::Tensor, std::allocator<tt::runtime::Tensor> >&), tt::runtime::Device&, tt::runtime::Binary const&, unsigned int&, std::vector<tt::runtime::Tensor, std::allocator<tt::runtime::Tensor> >&, std::vector<tt::runtime::Tensor, std::allocator<tt::runtime::Tensor> > >(std::vector<tt::runtime::Tensor, std::allocator<tt::runtime::Tensor> > (&)(tt::runtime::Device, tt::runtime::Binary, unsigned int, std::vector<tt::runtime::Tensor, std::allocator<tt::runtime::Tensor> >&), tt::runtime::Device&, tt::runtime::Binary const&, unsigned int&, std::vector<tt::runtime::Tensor, std::allocator<tt::runtime::Tensor> >&)
 --- tt::pjrt::FlatbufferLoadedExecutableInstance::execute(PJRT_LoadedExecutable_Execute_Args*)
 --- tt::pjrt::internal::onLoadedExecutableExecute(PJRT_LoadedExecutable_Execute_Args*)
 --- xla::PjRtCApiLoadedExecutable::Execute(absl::lts_20230802::Span<std::vector<xla::PjRtBuffer*, std::allocator<xla::PjRtBuffer*> > const>, xla::ExecuteOptions const&, std::optional<std::vector<xla::PjRtFuture<void>, std::allocator<xla::PjRtFuture<void> > > >&)
 --- torch_xla::runtime::PjRtComputationClient::ExecuteReplicated(torch_xla::runtime::ComputationClient::Computation const&, absl::lts_20230802::Span<std::shared_ptr<torch_xla::runtime::ComputationClient::Data> const>, absl::lts_20230802::Span<std::__cxx11::basic_string<char, std::char_traits<char>, std::allocator<char> > const>, torch_xla::runtime::ComputationClient::ExecuteReplicatedOptions const&)
 --- /proj_sw/user_dev/ctr-akannan/24_2_jun_yyz/tt-xla/venv/lib/python3.12/site-packages/_XLAC.cpython-312-x86_64-linux-gnu.so(+0x6dff5bc) [0x7f254666c5bc]
 --- torch::lazy::MultiWait::Complete(std::function<void ()> const&)
 --- Eigen::ThreadPoolTempl<tsl::thread::EigenEnvironment>::WorkerLoop(int)
 --- void absl::lts_20230802::internal_any_invocable::RemoteInvoker<false, void, tsl::thread::EigenEnvironment::CreateThread(std::function<void ()>)::{lambda()#1}&>(absl::lts_20230802::internal_any_invocable::TypeErasedState*)
 --- /proj_sw/user_dev/ctr-akannan/24_2_jun_yyz/tt-xla/venv/lib/python3.12/site-packages/_XLAC.cpython-312-x86_64-linux-gnu.so(+0x116a4c12) [0x7f2550f11c12]
 --- /lib/x86_64-linux-gnu/libc.so.6(+0x9caa4) [0x7f25bfc42aa4]
 --- /lib/x86_64-linux-gnu/libc.so.6(+0x129c6c) [0x7f25bfccfc6c]
}

FAILED

=================================== FAILURES ===================================
_______________________________ test_pcc_model4 ________________________________
tests/torch/models/z_image/test_pcc_probe.py:280: in test_pcc_model4
    _run("model4", ("batch", "model"))
tests/torch/models/z_image/test_pcc_probe.py:252: in _run
    run_graph_test(
tests/infra/testers/single_chip/graph/graph_tester.py:74: in run_graph_test
    tester.test(workload, request=request)
tests/infra/testers/single_chip/op/op_tester.py:76: in test
    self._custom_comparator(tt_res, cpu_res, workload.args, workload.kwargs)
tests/torch/models/z_image/test_pcc_probe.py:60: in cmp
    pccs.append(_pcc(t.cpu(), c.cpu()))
                     ^^^^^^^
python_package/tt_torch/torch_overrides.py:135: in __torch_function__
    return func(*args, **(kwargs or {}))
           ^^^^^^^^^^^^^^^^^^^^^^^^^^^^^
E   RuntimeError: Bad StatusOr access: INTERNAL: Error code: 13
------------------------------ Captured log call -------------------------------
WARNING  transformers.configuration_utils:logging.py:333 `torch_dtype` is deprecated! Use `dtype` instead!
DEBUG    torch.__trace:utils.py:2029 
DEBUG    torch.__trace:utils.py:2029 
DEBUG    torch.__trace:structured.py:28 
DEBUG    torch.__trace:structured.py:28 
DEBUG    torch.__trace:structured.py:28 
DEBUG    torch.__trace:structured.py:28 
DEBUG    torch.__trace:structured.py:28 
DEBUG    torch.__trace:structured.py:28 
DEBUG    torch.__trace:structured.py:28 
DEBUG    torch.__trace:structured.py:28 
DEBUG    torch.__trace:structured.py:28 
DEBUG    torch.__trace:structured.py:28 
DEBUG    torch.__trace:structured.py:28 
DEBUG    torch.__trace:structured.py:28 
DEBUG    torch.__trace:structured.py:28 
DEBUG    torch.__trace:structured.py:28 
DEBUG    torch.__trace:structured.py:28 
DEBUG    torch.__trace:structured.py:28 
DEBUG    torch.__trace:structured.py:28 
DEBUG    torch.__trace:structured.py:28 
DEBUG    torch.__trace:convert_frame.py:263 
DEBUG    torch.__trace:utils.py:2029 
DEBUG    torch.__trace:utils.py:2029 
DEBUG    torch.__trace:meta_utils.py:271 
DEBUG    torch.__trace:meta_utils.py:490 
DEBUG    torch.__trace:meta_utils.py:1935 
DEBUG    torch.__trace:meta_utils.py:271 
DEBUG    torch.__trace:meta_utils.py:490 
DEBUG    torch.__trace:meta_utils.py:1935 
DEBUG    torch.__trace:meta_utils.py:271 
DEBUG    torch.__trace:meta_utils.py:490 
DEBUG    torch.__trace:meta_utils.py:1935 
DEBUG    torch.__trace:meta_utils.py:271 
DEBUG    torch.__trace:meta_utils.py:490 
DEBUG    torch.__trace:meta_utils.py:1935 
DEBUG    torch.__trace:meta_utils.py:271 
DEBUG    torch.__trace:meta_utils.py:490 
DEBUG    torch.__trace:meta_utils.py:1935 
DEBUG    torch.__trace:meta_utils.py:271 
DEBUG    torch.__trace:meta_utils.py:490 
DEBUG    torch.__trace:meta_utils.py:1935 
DEBUG    torch.__trace:meta_utils.py:271 
DEBUG    torch.__trace:meta_utils.py:490 
DEBUG    torch.__trace:meta_utils.py:1935 
DEBUG    torch.__trace:meta_utils.py:271 
DEBUG    torch.__trace:meta_utils.py:490 
DEBUG    torch.__trace:meta_utils.py:1935 
DEBUG    torch.__trace:meta_utils.py:271 
DEBUG    torch.__trace:meta_utils.py:490 
DEBUG    torch.__trace:meta_utils.py:1935 
DEBUG    torch.__trace:meta_utils.py:271 
DEBUG    torch.__trace:meta_utils.py:490 
DEBUG    torch.__trace:meta_utils.py:1935 
DEBUG    torch.__trace:meta_utils.py:271 
DEBUG    torch.__trace:meta_utils.py:490 
DEBUG    torch.__trace:meta_utils.py:1935 
DEBUG    torch.__trace:meta_utils.py:271 
DEBUG    torch.__trace:meta_utils.py:490 
DEBUG    torch.__trace:meta_utils.py:1935 
DEBUG    torch.__trace:meta_utils.py:271 
DEBUG    torch.__trace:meta_utils.py:490 
DEBUG    torch.__trace:meta_utils.py:1935 
DEBUG    torch.__trace:meta_utils.py:271 
DEBUG    torch.__trace:meta_utils.py:490 
DEBUG    torch.__trace:meta_utils.py:1935 
DEBUG    torch.__trace:meta_utils.py:271 
DEBUG    torch.__trace:meta_utils.py:490 
DEBUG    torch.__trace:meta_utils.py:1935 
DEBUG    torch.__trace:meta_utils.py:271 
DEBUG    torch.__trace:meta_utils.py:490 
DEBUG    torch.__trace:meta_utils.py:1935 
DEBUG    torch.__trace:meta_utils.py:271 
DEBUG    torch.__trace:meta_utils.py:490 
DEBUG    torch.__trace:meta_utils.py:1935 
DEBUG    torch.__trace:meta_utils.py:271 
DEBUG    torch.__trace:meta_utils.py:490 
DEBUG    torch.__trace:meta_utils.py:1935 
DEBUG    torch.__trace:meta_utils.py:271 
DEBUG    torch.__trace:meta_utils.py:490 
DEBUG    torch.__trace:meta_utils.py:1935 
DEBUG    torch.__trace:meta_utils.py:271 
DEBUG    torch.__trace:meta_utils.py:490 
DEBUG    torch.__trace:meta_utils.py:1935 
DEBUG    torch.__trace:meta_utils.py:271 
DEBUG    torch.__trace:meta_utils.py:490 
DEBUG    torch.__trace:meta_utils.py:1935 
DEBUG    torch.__trace:meta_utils.py:271 
DEBUG    torch.__trace:meta_utils.py:490 
DEBUG    torch.__trace:meta_utils.py:1935 
DEBUG    torch.__trace:meta_utils.py:271 
DEBUG    torch.__trace:meta_utils.py:490 
DEBUG    torch.__trace:meta_utils.py:1935 
DEBUG    torch.__trace:meta_utils.py:271 
DEBUG    torch.__trace:meta_utils.py:490 
DEBUG    torch.__trace:meta_utils.py:1935 
DEBUG    torch.__trace:meta_utils.py:271 
DEBUG    torch.__trace:meta_utils.py:490 
DEBUG    torch.__trace:meta_utils.py:1935 
DEBUG    torch.__trace:meta_utils.py:271 
DEBUG    torch.__trace:meta_utils.py:490 
DEBUG    torch.__trace:meta_utils.py:1935 
DEBUG    torch.__trace:meta_utils.py:271 
DEBUG    torch.__trace:meta_utils.py:490 
DEBUG    torch.__trace:meta_utils.py:1935 
DEBUG    torch.__trace:meta_utils.py:271 
DEBUG    torch.__trace:meta_utils.py:490 
DEBUG    torch.__trace:meta_utils.py:1935 
DEBUG    torch.__trace:meta_utils.py:271 
DEBUG    torch.__trace:meta_utils.py:490 
DEBUG    torch.__trace:meta_utils.py:1935 
DEBUG    torch.__trace:meta_utils.py:271 
DEBUG    torch.__trace:meta_utils.py:490 
DEBUG    torch.__trace:meta_utils.py:1935 
DEBUG    torch.__trace:meta_utils.py:271 
DEBUG    torch.__trace:meta_utils.py:490 
DEBUG    torch.__trace:meta_utils.py:1935 
DEBUG    torch.__trace:meta_utils.py:271 
DEBUG    torch.__trace:meta_utils.py:490 
DEBUG    torch.__trace:meta_utils.py:1935 
DEBUG    torch.__trace:meta_utils.py:271 
DEBUG    torch.__trace:meta_utils.py:490 
DEBUG    torch.__trace:meta_utils.py:1935 
DEBUG    torch.__trace:meta_utils.py:271 
DEBUG    torch.__trace:meta_utils.py:490 
DEBUG    torch.__trace:meta_utils.py:1935 
DEBUG    torch.__trace:meta_utils.py:271 
DEBUG    torch.__trace:meta_utils.py:490 
DEBUG    torch.__trace:meta_utils.py:1935 
DEBUG    torch.__trace:meta_utils.py:271 
DEBUG    torch.__trace:meta_utils.py:490 
DEBUG    torch.__trace:meta_utils.py:1935 
DEBUG    torch.__trace:meta_utils.py:271 
DEBUG    torch.__trace:meta_utils.py:490 
DEBUG    torch.__trace:meta_utils.py:1935 
DEBUG    torch.__trace:meta_utils.py:271 
DEBUG    torch.__trace:meta_utils.py:490 
DEBUG    torch.__trace:meta_utils.py:1935 
DEBUG    torch.__trace:meta_utils.py:271 
DEBUG    torch.__trace:meta_utils.py:490 
DEBUG    torch.__trace:meta_utils.py:1935 
DEBUG    torch.__trace:meta_utils.py:271 
DEBUG    torch.__trace:meta_utils.py:490 
DEBUG    torch.__trace:meta_utils.py:1935 
DEBUG    torch.__trace:meta_utils.py:271 
DEBUG    torch.__trace:meta_utils.py:490 
DEBUG    torch.__trace:meta_utils.py:1935 
DEBUG    torch.__trace:meta_utils.py:271 
DEBUG    torch.__trace:meta_utils.py:490 
DEBUG    torch.__trace:meta_utils.py:1935 
DEBUG    torch.__trace:meta_utils.py:271 
DEBUG    torch.__trace:meta_utils.py:490 
DEBUG    torch.__trace:meta_utils.py:1935 
DEBUG    torch.__trace:meta_utils.py:271 
DEBUG    torch.__trace:meta_utils.py:490 
DEBUG    torch.__trace:meta_utils.py:1935 
DEBUG    torch.__trace:meta_utils.py:271 
DEBUG    torch.__trace:meta_utils.py:490 
DEBUG    torch.__trace:meta_utils.py:1935 
DEBUG    torch.__trace:meta_utils.py:271 
DEBUG    torch.__trace:meta_utils.py:490 
DEBUG    torch.__trace:meta_utils.py:1935 
DEBUG    torch.__trace:meta_utils.py:271 
DEBUG    torch.__trace:meta_utils.py:490 
DEBUG    torch.__trace:meta_utils.py:1935 
DEBUG    torch.__trace:meta_utils.py:271 
DEBUG    torch.__trace:meta_utils.py:490 
DEBUG    torch.__trace:meta_utils.py:1935 
DEBUG    torch.__trace:meta_utils.py:271 
DEBUG    torch.__trace:meta_utils.py:490 
DEBUG    torch.__trace:meta_utils.py:1935 
DEBUG    torch.__trace:meta_utils.py:271 
DEBUG    torch.__trace:meta_utils.py:490 
DEBUG    torch.__trace:meta_utils.py:1935 
DEBUG    torch.__trace:meta_utils.py:271 
DEBUG    torch.__trace:meta_utils.py:490 
DEBUG    torch.__trace:meta_utils.py:1935 
DEBUG    torch.__trace:meta_utils.py:271 
DEBUG    torch.__trace:meta_utils.py:490 
DEBUG    torch.__trace:meta_utils.py:1935 
DEBUG    torch.__trace:meta_utils.py:271 
DEBUG    torch.__trace:meta_utils.py:490 
DEBUG    torch.__trace:meta_utils.py:1935 
DEBUG    torch.__trace:meta_utils.py:271 
DEBUG    torch.__trace:meta_utils.py:490 
DEBUG    torch.__trace:meta_utils.py:1935 
DEBUG    torch.__trace:meta_utils.py:271 
DEBUG    torch.__trace:meta_utils.py:490 
DEBUG    torch.__trace:meta_utils.py:1935 
DEBUG    torch.__trace:meta_utils.py:271 
DEBUG    torch.__trace:meta_utils.py:490 
DEBUG    torch.__trace:meta_utils.py:1935 
DEBUG    torch.__trace:meta_utils.py:271 
DEBUG    torch.__trace:meta_utils.py:490 
DEBUG    torch.__trace:meta_utils.py:1935 
DEBUG    torch.__trace:meta_utils.py:271 
DEBUG    torch.__trace:meta_utils.py:490 
DEBUG    torch.__trace:meta_utils.py:1935 
DEBUG    torch.__trace:meta_utils.py:271 
DEBUG    torch.__trace:meta_utils.py:490 
DEBUG    torch.__trace:meta_utils.py:1935 
DEBUG    torch.__trace:meta_utils.py:271 
DEBUG    torch.__trace:meta_utils.py:490 
DEBUG    torch.__trace:meta_utils.py:1935 
DEBUG    torch.__trace:meta_utils.py:271 
DEBUG    torch.__trace:meta_utils.py:490 
DEBUG    torch.__trace:meta_utils.py:1935 
DEBUG    torch.__trace:meta_utils.py:271 
DEBUG    torch.__trace:meta_utils.py:490 
DEBUG    torch.__trace:meta_utils.py:1935 
DEBUG    torch.__trace:meta_utils.py:271 
DEBUG    torch.__trace:meta_utils.py:490 
DEBUG    torch.__trace:meta_utils.py:1935 
DEBUG    torch.__trace:meta_utils.py:271 
DEBUG    torch.__trace:meta_utils.py:490 
DEBUG    torch.__trace:meta_utils.py:1935 
DEBUG    torch.__trace:meta_utils.py:271 
DEBUG    torch.__trace:meta_utils.py:490 
DEBUG    torch.__trace:meta_utils.py:1935 
DEBUG    torch.__trace:meta_utils.py:271 
DEBUG    torch.__trace:meta_utils.py:490 
DEBUG    torch.__trace:meta_utils.py:1935 
DEBUG    torch.__trace:meta_utils.py:271 
DEBUG    torch.__trace:meta_utils.py:490 
DEBUG    torch.__trace:meta_utils.py:1935 
DEBUG    torch.__trace:meta_utils.py:271 
DEBUG    torch.__trace:meta_utils.py:490 
DEBUG    torch.__trace:meta_utils.py:1935 
DEBUG    torch.__trace:meta_utils.py:271 
DEBUG    torch.__trace:meta_utils.py:490 
DEBUG    torch.__trace:meta_utils.py:1935 
DEBUG    torch.__trace:meta_utils.py:271 
DEBUG    torch.__trace:meta_utils.py:490 
DEBUG    torch.__trace:meta_utils.py:1935 
DEBUG    torch.__trace:meta_utils.py:271 
DEBUG    torch.__trace:meta_utils.py:490 
DEBUG    torch.__trace:meta_utils.py:1935 
DEBUG    torch.__trace:meta_utils.py:271 
DEBUG    torch.__trace:meta_utils.py:490 
DEBUG    torch.__trace:meta_utils.py:1935 
DEBUG    torch.__trace:meta_utils.py:271 
DEBUG    torch.__trace:meta_utils.py:490 
DEBUG    torch.__trace:meta_utils.py:1935 
DEBUG    torch.__trace:meta_utils.py:271 
DEBUG    torch.__trace:meta_utils.py:490 
DEBUG    torch.__trace:meta_utils.py:1935 
DEBUG    torch.__trace:meta_utils.py:271 
DEBUG    torch.__trace:meta_utils.py:490 
DEBUG    torch.__trace:meta_utils.py:1935 
DEBUG    torch.__trace:meta_utils.py:271 
DEBUG    torch.__trace:meta_utils.py:490 
DEBUG    torch.__trace:meta_utils.py:1935 
DEBUG    torch.__trace:meta_utils.py:271 
DEBUG    torch.__trace:meta_utils.py:490 
DEBUG    torch.__trace:meta_utils.py:1935 
DEBUG    torch.__trace:meta_utils.py:271 
DEBUG    torch.__trace:meta_utils.py:490 
DEBUG    torch.__trace:meta_utils.py:1935 
DEBUG    torch.__trace:meta_utils.py:271 
DEBUG    torch.__trace:meta_utils.py:490 
DEBUG    torch.__trace:meta_utils.py:1935 
DEBUG    torch.__trace:meta_utils.py:271 
DEBUG    torch.__trace:meta_utils.py:490 
DEBUG    torch.__trace:meta_utils.py:1935 
DEBUG    torch.__trace:meta_utils.py:271 
DEBUG    torch.__trace:meta_utils.py:490 
DEBUG    torch.__trace:meta_utils.py:1935 
DEBUG    torch.__trace:meta_utils.py:271 
DEBUG    torch.__trace:meta_utils.py:490 
DEBUG    torch.__trace:meta_utils.py:1935 
DEBUG    torch.__trace:meta_utils.py:271 
DEBUG    torch.__trace:meta_utils.py:490 
DEBUG    torch.__trace:meta_utils.py:1935 
DEBUG    torch.__trace:meta_utils.py:271 
DEBUG    torch.__trace:meta_utils.py:490 
DEBUG    torch.__trace:meta_utils.py:1935 
DEBUG    torch.__trace:meta_utils.py:271 
DEBUG    torch.__trace:meta_utils.py:490 
DEBUG    torch.__trace:meta_utils.py:1935 
DEBUG    torch.__trace:meta_utils.py:271 
DEBUG    torch.__trace:meta_utils.py:490 
DEBUG    torch.__trace:meta_utils.py:1935 
DEBUG    torch.__trace:meta_utils.py:271 
DEBUG    torch.__trace:meta_utils.py:490 
DEBUG    torch.__trace:meta_utils.py:1935 
DEBUG    torch.__trace:meta_utils.py:271 
DEBUG    torch.__trace:meta_utils.py:490 
DEBUG    torch.__trace:meta_utils.py:1935 
DEBUG    torch.__trace:meta_utils.py:271 
DEBUG    torch.__trace:meta_utils.py:490 
DEBUG    torch.__trace:meta_utils.py:1935 
DEBUG    torch.__trace:meta_utils.py:271 
DEBUG    torch.__trace:meta_utils.py:490 
DEBUG    torch.__trace:meta_utils.py:1935 
DEBUG    torch.__trace:meta_utils.py:271 
DEBUG    torch.__trace:meta_utils.py:490 
DEBUG    torch.__trace:meta_utils.py:1935 
DEBUG    torch.__trace:meta_utils.py:271 
DEBUG    torch.__trace:meta_utils.py:490 
DEBUG    torch.__trace:meta_utils.py:1935 
DEBUG    torch.__trace:meta_utils.py:271 
DEBUG    torch.__trace:meta_utils.py:490 
DEBUG    torch.__trace:meta_utils.py:1935 
DEBUG    torch.__trace:meta_utils.py:271 
DEBUG    torch.__trace:meta_utils.py:490 
DEBUG    torch.__trace:meta_utils.py:1935 
DEBUG    torch.__trace:meta_utils.py:271 
DEBUG    torch.__trace:meta_utils.py:490 
DEBUG    torch.__trace:meta_utils.py:1935 
DEBUG    torch.__trace:meta_utils.py:271 
DEBUG    torch.__trace:meta_utils.py:490 
DEBUG    torch.__trace:meta_utils.py:1935 
DEBUG    torch.__trace:meta_utils.py:271 
DEBUG    torch.__trace:meta_utils.py:490 
DEBUG    torch.__trace:meta_utils.py:1935 
DEBUG    torch.__trace:meta_utils.py:271 
DEBUG    torch.__trace:meta_utils.py:490 
DEBUG    torch.__trace:meta_utils.py:1935 
DEBUG    torch.__trace:meta_utils.py:271 
DEBUG    torch.__trace:meta_utils.py:490 
DEBUG    torch.__trace:meta_utils.py:1935 
DEBUG    torch.__trace:meta_utils.py:271 
DEBUG    torch.__trace:meta_utils.py:490 
DEBUG    torch.__trace:meta_utils.py:1935 
DEBUG    torch.__trace:meta_utils.py:271 
DEBUG    torch.__trace:meta_utils.py:490 
DEBUG    torch.__trace:meta_utils.py:1935 
DEBUG    torch.__trace:meta_utils.py:271 
DEBUG    torch.__trace:meta_utils.py:490 
DEBUG    torch.__trace:meta_utils.py:1935 
DEBUG    torch.__trace:meta_utils.py:271 
DEBUG    torch.__trace:meta_utils.py:490 
DEBUG    torch.__trace:meta_utils.py:1935 
DEBUG    torch.__trace:meta_utils.py:271 
DEBUG    torch.__trace:meta_utils.py:490 
DEBUG    torch.__trace:meta_utils.py:1935 
DEBUG    torch.__trace:meta_utils.py:271 
DEBUG    torch.__trace:meta_utils.py:490 
DEBUG    torch.__trace:meta_utils.py:1935 
DEBUG    torch.__trace:meta_utils.py:271 
DEBUG    torch.__trace:meta_utils.py:490 
DEBUG    torch.__trace:meta_utils.py:1935 
DEBUG    torch.__trace:meta_utils.py:271 
DEBUG    torch.__trace:meta_utils.py:490 
DEBUG    torch.__trace:meta_utils.py:1935 
DEBUG    torch.__trace:meta_utils.py:271 
DEBUG    torch.__trace:meta_utils.py:490 
DEBUG    torch.__trace:meta_utils.py:1935 
DEBUG    torch.__trace:meta_utils.py:271 
DEBUG    torch.__trace:meta_utils.py:490 
DEBUG    torch.__trace:meta_utils.py:1935 
DEBUG    torch.__trace:meta_utils.py:271 
DEBUG    torch.__trace:meta_utils.py:490 
DEBUG    torch.__trace:meta_utils.py:1935 
DEBUG    torch.__trace:meta_utils.py:271 
DEBUG    torch.__trace:meta_utils.py:490 
DEBUG    torch.__trace:meta_utils.py:1935 
DEBUG    torch.__trace:meta_utils.py:271 
DEBUG    torch.__trace:meta_utils.py:490 
DEBUG    torch.__trace:meta_utils.py:1935 
DEBUG    torch.__trace:meta_utils.py:271 
DEBUG    torch.__trace:meta_utils.py:490 
DEBUG    torch.__trace:meta_utils.py:1935 
DEBUG    torch.__trace:meta_utils.py:271 
DEBUG    torch.__trace:meta_utils.py:490 
DEBUG    torch.__trace:meta_utils.py:1935 
DEBUG    torch.__trace:meta_utils.py:271 
DEBUG    torch.__trace:meta_utils.py:490 
DEBUG    torch.__trace:meta_utils.py:1935 
DEBUG    torch.__trace:meta_utils.py:271 
DEBUG    torch.__trace:meta_utils.py:490 
DEBUG    torch.__trace:meta_utils.py:1935 
DEBUG    torch.__trace:meta_utils.py:271 
DEBUG    torch.__trace:meta_utils.py:490 
DEBUG    torch.__trace:meta_utils.py:1935 
DEBUG    torch.__trace:meta_utils.py:271 
DEBUG    torch.__trace:meta_utils.py:490 
DEBUG    torch.__trace:meta_utils.py:1935 
DEBUG    torch.__trace:meta_utils.py:271 
DEBUG    torch.__trace:meta_utils.py:490 
DEBUG    torch.__trace:meta_utils.py:1935 
DEBUG    torch.__trace:meta_utils.py:271 
DEBUG    torch.__trace:meta_utils.py:490 
DEBUG    torch.__trace:meta_utils.py:1935 
DEBUG    torch.__trace:meta_utils.py:271 
DEBUG    torch.__trace:meta_utils.py:490 
DEBUG    torch.__trace:meta_utils.py:1935 
DEBUG    torch.__trace:meta_utils.py:271 
DEBUG    torch.__trace:meta_utils.py:490 
DEBUG    torch.__trace:meta_utils.py:1935 
DEBUG    torch.__trace:meta_utils.py:271 
DEBUG    torch.__trace:meta_utils.py:490 
DEBUG    torch.__trace:meta_utils.py:1935 
DEBUG    torch.__trace:meta_utils.py:271 
DEBUG    torch.__trace:meta_utils.py:490 
DEBUG    torch.__trace:meta_utils.py:1935 
DEBUG    torch.__trace:meta_utils.py:271 
DEBUG    torch.__trace:meta_utils.py:490 
DEBUG    torch.__trace:meta_utils.py:1935 
DEBUG    torch.__trace:meta_utils.py:271 
DEBUG    torch.__trace:meta_utils.py:490 
DEBUG    torch.__trace:meta_utils.py:1935 
DEBUG    torch.__trace:meta_utils.py:271 
DEBUG    torch.__trace:meta_utils.py:490 
DEBUG    torch.__trace:meta_utils.py:1935 
DEBUG    torch.__trace:meta_utils.py:271 
DEBUG    torch.__trace:meta_utils.py:490 
DEBUG    torch.__trace:meta_utils.py:1935 
DEBUG    torch.__trace:meta_utils.py:271 
DEBUG    torch.__trace:meta_utils.py:490 
DEBUG    torch.__trace:meta_utils.py:1935 
DEBUG    torch.__trace:meta_utils.py:271 
DEBUG    torch.__trace:meta_utils.py:490 
DEBUG    torch.__trace:meta_utils.py:1935 
DEBUG    torch.__trace:meta_utils.py:271 
DEBUG    torch.__trace:meta_utils.py:490 
DEBUG    torch.__trace:meta_utils.py:1935 
DEBUG    torch.__trace:meta_utils.py:271 
DEBUG    torch.__trace:meta_utils.py:490 
DEBUG    torch.__trace:meta_utils.py:1935 
DEBUG    torch.__trace:meta_utils.py:271 
DEBUG    torch.__trace:meta_utils.py:490 
DEBUG    torch.__trace:meta_utils.py:1935 
DEBUG    torch.__trace:meta_utils.py:271 
DEBUG    torch.__trace:meta_utils.py:490 
DEBUG    torch.__trace:meta_utils.py:1935 
DEBUG    torch.__trace:meta_utils.py:271 
DEBUG    torch.__trace:meta_utils.py:490 
DEBUG    torch.__trace:meta_utils.py:1935 
DEBUG    torch.__trace:meta_utils.py:271 
DEBUG    torch.__trace:meta_utils.py:490 
DEBUG    torch.__trace:meta_utils.py:1935 
DEBUG    torch.__trace:meta_utils.py:271 
DEBUG    torch.__trace:meta_utils.py:490 
DEBUG    torch.__trace:meta_utils.py:1935 
DEBUG    torch.__trace:meta_utils.py:271 
DEBUG    torch.__trace:meta_utils.py:490 
DEBUG    torch.__trace:meta_utils.py:1935 
DEBUG    torch.__trace:meta_utils.py:271 
DEBUG    torch.__trace:meta_utils.py:490 
DEBUG    torch.__trace:meta_utils.py:1935 
DEBUG    torch.__trace:meta_utils.py:271 
DEBUG    torch.__trace:meta_utils.py:490 
DEBUG    torch.__trace:meta_utils.py:1935 
DEBUG    torch.__trace:meta_utils.py:271 
DEBUG    torch.__trace:meta_utils.py:490 
DEBUG    torch.__trace:meta_utils.py:1935 
DEBUG    torch.__trace:meta_utils.py:271 
DEBUG    torch.__trace:meta_utils.py:490 
DEBUG    torch.__trace:meta_utils.py:1935 
DEBUG    torch.__trace:meta_utils.py:271 
DEBUG    torch.__trace:meta_utils.py:490 
DEBUG    torch.__trace:meta_utils.py:1935 
DEBUG    torch.__trace:meta_utils.py:271 
DEBUG    torch.__trace:meta_utils.py:490 
DEBUG    torch.__trace:meta_utils.py:1935 
DEBUG    torch.__trace:meta_utils.py:271 
DEBUG    torch.__trace:meta_utils.py:490 
DEBUG    torch.__trace:meta_utils.py:1935 
DEBUG    torch.__trace:meta_utils.py:271 
DEBUG    torch.__trace:meta_utils.py:490 
DEBUG    torch.__trace:meta_utils.py:1935 
DEBUG    torch.__trace:meta_utils.py:271 
DEBUG    torch.__trace:meta_utils.py:490 
DEBUG    torch.__trace:meta_utils.py:1935 
DEBUG    torch.__trace:meta_utils.py:271 
DEBUG    torch.__trace:meta_utils.py:490 
DEBUG    torch.__trace:meta_utils.py:1935 
DEBUG    torch.__trace:meta_utils.py:271 
DEBUG    torch.__trace:meta_utils.py:490 
DEBUG    torch.__trace:meta_utils.py:1935 
DEBUG    torch.__trace:meta_utils.py:271 
DEBUG    torch.__trace:meta_utils.py:490 
DEBUG    torch.__trace:meta_utils.py:1935 
DEBUG    torch.__trace:meta_utils.py:271 
DEBUG    torch.__trace:meta_utils.py:490 
DEBUG    torch.__trace:meta_utils.py:1935 
DEBUG    torch.__trace:meta_utils.py:271 
DEBUG    torch.__trace:meta_utils.py:490 
DEBUG    torch.__trace:meta_utils.py:1935 
DEBUG    torch.__trace:meta_utils.py:271 
DEBUG    torch.__trace:meta_utils.py:490 
DEBUG    torch.__trace:meta_utils.py:1935 
DEBUG    torch.__trace:meta_utils.py:271 
DEBUG    torch.__trace:meta_utils.py:490 
DEBUG    torch.__trace:meta_utils.py:1935 
DEBUG    torch.__trace:utils.py:2029 
DEBUG    torch.__trace:output_graph.py:2190 
DEBUG    torch.__trace:utils.py:2029 
DEBUG    torch.__trace:meta_utils.py:271 
DEBUG    torch.__trace:meta_utils.py:490 
DEBUG    torch.__trace:meta_utils.py:1935 
DEBUG    torch.__trace:meta_utils.py:271 
DEBUG    torch.__trace:meta_utils.py:490 
DEBUG    torch.__trace:meta_utils.py:1935 
DEBUG    torch.__trace:meta_utils.py:271 
DEBUG    torch.__trace:meta_utils.py:490 
DEBUG    torch.__trace:meta_utils.py:1935 
DEBUG    torch.__trace:utils.py:2029 
DEBUG    torch.__trace:utils.py:2029 
DEBUG    torch.__trace:utils.py:2029 
DEBUG    torch.__trace:graph_capture.py:318 
DEBUG    torch.__trace:graph_capture.py:336 
DEBUG    torch.__trace:utils.py:2029 
DEBUG    torch.__trace:utils.py:2029 
DEBUG    torch.__trace:utils.py:2029 
DEBUG    torch.__trace:utils.py:2029 
DEBUG    torch.__trace:guards.py:3778 
DEBUG    torch.__trace:utils.py:2029 
DEBUG    torch.__trace:utils.py:2029 
DEBUG    torch.__trace:utils.py:2029 
DEBUG    torch.__trace:utils.py:2029 
DEBUG    torch.__trace:utils.py:1724 
DEBUG    torch.__trace:utils.py:2029 
DEBUG    torch.__trace:structured.py:28 
DEBUG    torch.__trace:structured.py:28 
DEBUG    torch.__trace:structured.py:28 
DEBUG    torch.__trace:structured.py:28 
DEBUG    torch.__trace:structured.py:28 
DEBUG    torch.__trace:structured.py:28 
DEBUG    torch.__trace:structured.py:28 
DEBUG    torch.__trace:structured.py:28 
DEBUG    torch.__trace:meta_utils.py:271 
DEBUG    torch.__trace:meta_utils.py:490 
DEBUG    torch.__trace:meta_utils.py:1935 
DEBUG    torch.__trace:meta_utils.py:271 
DEBUG    torch.__trace:meta_utils.py:490 
DEBUG    torch.__trace:meta_utils.py:1935 
DEBUG    torch.__trace:meta_utils.py:271 
DEBUG    torch.__trace:meta_utils.py:490 
DEBUG    torch.__trace:meta_utils.py:1935
=============================== warnings summary ===============================
venv/lib/python3.12/site-packages/torch/jit/_script.py:362: 14 warnings
  /proj_sw/user_dev/ctr-akannan/24_2_jun_yyz/tt-xla/venv/lib/python3.12/site-packages/torch/jit/_script.py:362: DeprecationWarning: `torch.jit.script_method` is deprecated. Please switch to `torch.compile` or `torch.export`.
    warnings.warn(

<frozen importlib._bootstrap>:488
  <frozen importlib._bootstrap>:488: DeprecationWarning: builtin type SwigPyPacked has no __module__ attribute

<frozen importlib._bootstrap>:488
  <frozen importlib._bootstrap>:488: DeprecationWarning: builtin type SwigPyObject has no __module__ attribute

tests/torch/models/z_image/test_pcc_probe.py::test_pcc_model4
  /proj_sw/user_dev/ctr-akannan/24_2_jun_yyz/tt-xla/venv/lib/python3.12/site-packages/huggingface_hub/utils/_validators.py:205: UserWarning: The `local_dir_use_symlinks` argument is deprecated and ignored in `hf_hub_download`. Downloading to a local directory does not use symlinks anymore.
    warnings.warn(

tests/torch/models/z_image/test_pcc_probe.py::test_pcc_model4
  /usr/lib/python3.12/copyreg.py:99: FutureWarning: `isinstance(treespec, LeafSpec)` is deprecated, use `isinstance(treespec, TreeSpec) and treespec.is_leaf()` instead.
    return cls.__new__(cls, *args)

tests/torch/models/z_image/test_pcc_probe.py::test_pcc_model4
  /proj_sw/user_dev/ctr-akannan/24_2_jun_yyz/tt-xla/tests/conftest.py:530: FutureWarning: `torch.distributed.reduce_op` is deprecated, please use `torch.distributed.ReduceOp` instead
    if isinstance(obj, torch.fx.GraphModule):

tests/torch/models/z_image/test_pcc_probe.py::test_pcc_model4
  /proj_sw/user_dev/ctr-akannan/24_2_jun_yyz/tt-xla/tests/conftest.py:534: FutureWarning: `torch.distributed.reduce_op` is deprecated, please use `torch.distributed.ReduceOp` instead
    if isinstance(obj, GraphInputMatcher):

-- Docs: https://docs.pytest.org/en/stable/how-to/capture-warnings.html
=========================== short test summary info ============================
FAILED tests/torch/models/z_image/test_pcc_probe.py::test_pcc_model4 - RuntimeError: Bad StatusOr access: INTERNAL: Error code: 13
================== 1 failed, 20 warnings in 112.30s (0:01:52) ==================
sys:1: DeprecationWarning: builtin type swigvarlink has no __module__ attribute
