2026-06-24 16:52:19.668 | WARNING  | torch_plugin_tt:__init__:40 - TT plugin is setting XLA_STABLEHLO_COMPILE to 1. This is required for TT PJRT plugin to work correctly.
============================= test session starts ==============================
platform linux -- Python 3.12.3, pytest-9.1.1, pluggy-1.6.0 -- /proj_sw/user_dev/ctr-akannan/24_2_jun_yyz/tt-xla/venv/bin/python3
metadata: {'Python': '3.12.3', 'Platform': 'Linux-5.15.0-142-generic-x86_64-with-glibc2.39', 'Packages': {'pytest': '9.1.1', 'pluggy': '1.6.0'}, 'Plugins': {'json-report': '1.5.0', 'forked': '1.6.0', 'metadata': '3.1.1', 'split': '0.11.0', 'jaxtyping': '0.3.11', 'anyio': '4.14.0'}}
rootdir: /proj_sw/user_dev/ctr-akannan/24_2_jun_yyz/tt-xla
configfile: pytest.ini
plugins: json-report-1.5.0, forked-1.6.0, metadata-3.1.1, split-0.11.0, jaxtyping-0.3.11, anyio-4.14.0
collecting ... collected 1 item

tests/torch/models/z_image/test_pcc_probe.py::test_pcc_model4 2026-06-24 16:52:55.645559: W torch_xla/csrc/runtime/profiler.cpp:88] Profiler API not found for PJRT plugin
Fetching 2 files:   0%|          | 0/2 [00:00<?, ?it/s]Fetching 2 files: 100%|██████████| 2/2 [00:00<00:00, 620.14it/s]
Loading checkpoint shards:   0%|          | 0/2 [00:00<?, ?it/s]Loading checkpoint shards: 100%|██████████| 2/2 [00:00<00:00, 34.93it/s]
`torch_dtype` is deprecated! Use `dtype` instead!
Loading weights:   0%|          | 0/398 [00:00<?, ?it/s]Loading weights: 100%|██████████| 398/398 [00:00<00:00, 9764.41it/s]
2026-06-24 16:54:21.333 | WARNING  | tt_torch.backend.backend:_build_params_and_consts:180 - Found an argument on non-XLA device which was not a lifted constant: self___transformer_rope_embedder_freqs_cis_0. Passing a non-XLA tensor to TT compile was likely not intended. Force moving the argument to XLA.
2026-06-24 16:54:21.333 | WARNING  | tt_torch.backend.backend:_build_params_and_consts:180 - Found an argument on non-XLA device which was not a lifted constant: self___transformer_rope_embedder_freqs_cis_1. Passing a non-XLA tensor to TT compile was likely not intended. Force moving the argument to XLA.
2026-06-24 16:54:21.333 | WARNING  | tt_torch.backend.backend:_build_params_and_consts:180 - Found an argument on non-XLA device which was not a lifted constant: self___transformer_rope_embedder_freqs_cis_2. Passing a non-XLA tensor to TT compile was likely not intended. Force moving the argument to XLA.
2026-06-24 16:54:44.118 | critical |          Always | TT_FATAL: ttnn.concat: required CB page size (1597440 B) exceeds per-core L1 capacity (1394912 B); op cannot fit on this device. (assert.hpp:104)
2026-06-24 16:54:44.147 ( 144.479s) [        2B6F26C0]                utils.h:62     ERR| Exception:
{TT_FATAL @ /proj_sw/user_dev/ctr-akannan/24_2_jun_yyz/tt-xla/third_party/tt-mlir/src/tt-mlir/third_party/tt-metal/src/tt-metal/ttnn/cpp/ttnn/operations/data_movement/concat/device/concat_program_factory.cpp:121: single_page_size <= l1_capacity
info:
ttnn.concat: required CB page size (1597440 B) exceeds per-core L1 capacity (1394912 B); op cannot fit on this device.
backtrace:
 --- /proj_sw/user_dev/ctr-akannan/24_2_jun_yyz/tt-xla/third_party/tt-mlir/install/lib/libtt_metal.so(+0x6bc948) [0x7f289536d948]
 --- ttnn::prim::ConcatProgramFactory::create_descriptor(ttnn::prim::ConcatParams const&, ttnn::prim::ConcatInputs const&, tt::tt_metal::Tensor&)
 --- /proj_sw/user_dev/ctr-akannan/24_2_jun_yyz/tt-xla/third_party/tt-mlir/install/lib/_ttnncpp.so(+0xcaeacb) [0x7f2893b78acb]
 --- /proj_sw/user_dev/ctr-akannan/24_2_jun_yyz/tt-xla/third_party/tt-mlir/install/lib/_ttnncpp.so(+0xcae8f1) [0x7f2893b788f1]
 --- /proj_sw/user_dev/ctr-akannan/24_2_jun_yyz/tt-xla/third_party/tt-mlir/install/lib/_ttnncpp.so(+0xcade79) [0x7f2893b77e79]
 --- /proj_sw/user_dev/ctr-akannan/24_2_jun_yyz/tt-xla/third_party/tt-mlir/install/lib/_ttnncpp.so(_ZN4ttnn16device_operation6detail30create_and_cache_mesh_workloadITkNS0_22DeviceOperationConceptENS0_26MeshDeviceOperationAdapterINS_4prim21ConcatDeviceOperationEEEEEvRKNT_22operation_attributes_tERKNS7_13tensor_args_tERNS7_21tensor_return_value_tEPN2tt8tt_metal11distributed10MeshDeviceERNSH_13program_cache6detail12ProgramCacheEm+0x86) [0x7f2893b72c06]
 --- /proj_sw/user_dev/ctr-akannan/24_2_jun_yyz/tt-xla/third_party/tt-mlir/install/lib/_ttnncpp.so(_ZN4ttnn16device_operation6detail6launchITkNS0_22DeviceOperationConceptENS_4prim21ConcatDeviceOperationEEENT_21tensor_return_value_tERKNS5_22operation_attributes_tERKNS5_13tensor_args_tE+0x3f8) [0x7f2893b690f8]
 --- ttnn::prim::concat(std::vector<tt::tt_metal::Tensor, std::allocator<tt::tt_metal::Tensor> > const&, long, unsigned int, tt::tt_metal::MemoryConfig const&, std::optional<tt::tt_metal::CoreRangeSet> const&)
 --- ttnn::operations::data_movement::concat_impl(std::vector<tt::tt_metal::Tensor, std::allocator<tt::tt_metal::Tensor> > const&, long, unsigned int, tt::tt_metal::MemoryConfig const&, std::optional<tt::tt_metal::CoreRangeSet> const&)
 --- /proj_sw/user_dev/ctr-akannan/24_2_jun_yyz/tt-xla/third_party/tt-mlir/install/lib/_ttnncpp.so(+0xc9c4ab) [0x7f2893b664ab]
 --- /proj_sw/user_dev/ctr-akannan/24_2_jun_yyz/tt-xla/third_party/tt-mlir/install/lib/_ttnncpp.so(+0xc9ebe5) [0x7f2893b68be5]
 --- ttnn::concat(std::vector<tt::tt_metal::Tensor, std::allocator<tt::tt_metal::Tensor> > const&, int, std::optional<tt::tt_metal::MemoryConfig> const&, std::optional<tt::tt_metal::Tensor> const&, unsigned int, std::optional<tt::tt_metal::CoreRangeSet> const&)
 --- tt::runtime::ttnn::operations::data_movement::run(tt::target::ttnn::ConcatOp const*, tt::runtime::ttnn::ProgramContext&)
 --- tt::runtime::ttnn::ProgramExecutor::runOperation(tt::target::ttnn::Operation const*)
 --- tt::runtime::ttnn::ProgramExecutor::execute()
 --- tt::runtime::ttnn::operations::cache::run(tt::target::ttnn::LoadCachedOp const*, tt::runtime::ttnn::ProgramContext&)
 --- tt::runtime::ttnn::ProgramExecutor::runOperation(tt::target::ttnn::Operation const*)
 --- tt::runtime::ttnn::ProgramExecutor::execute()
 --- tt::runtime::ttnn::submit(tt::runtime::Device, tt::runtime::Binary, unsigned int, std::vector<tt::runtime::Tensor, std::allocator<tt::runtime::Tensor> >&)
 --- tt::runtime::submit(tt::runtime::Device, tt::runtime::Binary, unsigned int, std::vector<tt::runtime::Tensor, std::allocator<tt::runtime::Tensor> >&)
 --- std::vector<tt::runtime::Tensor, std::allocator<tt::runtime::Tensor> > std::__invoke_impl<std::vector<tt::runtime::Tensor, std::allocator<tt::runtime::Tensor> >, std::vector<tt::runtime::Tensor, std::allocator<tt::runtime::Tensor> > (&)(tt::runtime::Device, tt::runtime::Binary, unsigned int, std::vector<tt::runtime::Tensor, std::allocator<tt::runtime::Tensor> >&), tt::runtime::Device&, tt::runtime::Binary const&, unsigned int&, std::vector<tt::runtime::Tensor, std::allocator<tt::runtime::Tensor> >&>(std::__invoke_other, std::vector<tt::runtime::Tensor, std::allocator<tt::runtime::Tensor> > (&)(tt::runtime::Device, tt::runtime::Binary, unsigned int, std::vector<tt::runtime::Tensor, std::allocator<tt::runtime::Tensor> >&), tt::runtime::Device&, tt::runtime::Binary const&, unsigned int&, std::vector<tt::runtime::Tensor, std::allocator<tt::runtime::Tensor> >&)
 --- std::optional<std::conditional<std::is_same_v<std::vector<tt::runtime::Tensor, std::allocator<tt::runtime::Tensor> >, void>, std::monostate, std::vector<tt::runtime::Tensor, std::allocator<tt::runtime::Tensor> > >::type> tt::pjrt::utils::invoke_noexcept<std::vector<tt::runtime::Tensor, std::allocator<tt::runtime::Tensor> > (&)(tt::runtime::Device, tt::runtime::Binary, unsigned int, std::vector<tt::runtime::Tensor, std::allocator<tt::runtime::Tensor> >&), tt::runtime::Device&, tt::runtime::Binary const&, unsigned int&, std::vector<tt::runtime::Tensor, std::allocator<tt::runtime::Tensor> >&, std::vector<tt::runtime::Tensor, std::allocator<tt::runtime::Tensor> > >(std::vector<tt::runtime::Tensor, std::allocator<tt::runtime::Tensor> > (&)(tt::runtime::Device, tt::runtime::Binary, unsigned int, std::vector<tt::runtime::Tensor, std::allocator<tt::runtime::Tensor> >&), tt::runtime::Device&, tt::runtime::Binary const&, unsigned int&, std::vector<tt::runtime::Tensor, std::allocator<tt::runtime::Tensor> >&)
 --- tt::pjrt::FlatbufferLoadedExecutableInstance::execute(PJRT_LoadedExecutable_Execute_Args*)
 --- tt::pjrt::internal::onLoadedExecutableExecute(PJRT_LoadedExecutable_Execute_Args*)
 --- xla::PjRtCApiLoadedExecutable::Execute(absl::lts_20230802::Span<std::vector<xla::PjRtBuffer*, std::allocator<xla::PjRtBuffer*> > const>, xla::ExecuteOptions const&, std::optional<std::vector<xla::PjRtFuture<void>, std::allocator<xla::PjRtFuture<void> > > >&)
 --- torch_xla::runtime::PjRtComputationClient::ExecuteReplicated(torch_xla::runtime::ComputationClient::Computation const&, absl::lts_20230802::Span<std::shared_ptr<torch_xla::runtime::ComputationClient::Data> const>, absl::lts_20230802::Span<std::__cxx11::basic_string<char, std::char_traits<char>, std::allocator<char> > const>, torch_xla::runtime::ComputationClient::ExecuteReplicatedOptions const&)
 --- /proj_sw/user_dev/ctr-akannan/24_2_jun_yyz/tt-xla/venv/lib/python3.12/site-packages/_XLAC.cpython-312-x86_64-linux-gnu.so(+0x6dff5bc) [0x7f28af81d5bc]
 --- torch::lazy::MultiWait::Complete(std::function<void ()> const&)
 --- Eigen::ThreadPoolTempl<tsl::thread::EigenEnvironment>::WorkerLoop(int)
 --- void absl::lts_20230802::internal_any_invocable::RemoteInvoker<false, void, tsl::thread::EigenEnvironment::CreateThread(std::function<void ()>)::{lambda()#1}&>(absl::lts_20230802::internal_any_invocable::TypeErasedState*)
 --- /proj_sw/user_dev/ctr-akannan/24_2_jun_yyz/tt-xla/venv/lib/python3.12/site-packages/_XLAC.cpython-312-x86_64-linux-gnu.so(+0x116a4c12) [0x7f28ba0c2c12]
 --- /lib/x86_64-linux-gnu/libc.so.6(+0x9caa4) [0x7f2928de7aa4]
 --- /lib/x86_64-linux-gnu/libc.so.6(+0x129c6c) [0x7f2928e74c6c]
}

FAILED

=================================== FAILURES ===================================
_______________________________ test_pcc_model4 ________________________________
tests/torch/models/z_image/test_pcc_probe.py:280: in test_pcc_model4
    _run("model4", ("batch", "model"))
tests/torch/models/z_image/test_pcc_probe.py:252: in _run
    run_graph_test(
tests/infra/testers/single_chip/graph/graph_tester.py:74: in run_graph_test
    tester.test(workload, request=request)
tests/infra/testers/single_chip/op/op_tester.py:76: in test
    self._custom_comparator(tt_res, cpu_res, workload.args, workload.kwargs)
tests/torch/models/z_image/test_pcc_probe.py:60: in cmp
    pccs.append(_pcc(t.cpu(), c.cpu()))
                     ^^^^^^^
python_package/tt_torch/torch_overrides.py:135: in __torch_function__
    return func(*args, **(kwargs or {}))
           ^^^^^^^^^^^^^^^^^^^^^^^^^^^^^
E   RuntimeError: Bad StatusOr access: INTERNAL: Error code: 13
------------------------------ Captured log call -------------------------------
WARNING  transformers.configuration_utils:logging.py:333 `torch_dtype` is deprecated! Use `dtype` instead!
DEBUG    torch.__trace:utils.py:2029 
DEBUG    torch.__trace:utils.py:2029 
DEBUG    torch.__trace:structured.py:28 
DEBUG    torch.__trace:structured.py:28 
DEBUG    torch.__trace:structured.py:28 
DEBUG    torch.__trace:structured.py:28 
DEBUG    torch.__trace:structured.py:28 
DEBUG    torch.__trace:structured.py:28 
DEBUG    torch.__trace:structured.py:28 
DEBUG    torch.__trace:structured.py:28 
DEBUG    torch.__trace:structured.py:28 
DEBUG    torch.__trace:structured.py:28 
DEBUG    torch.__trace:structured.py:28 
DEBUG    torch.__trace:structured.py:28 
DEBUG    torch.__trace:structured.py:28 
DEBUG    torch.__trace:structured.py:28 
DEBUG    torch.__trace:structured.py:28 
DEBUG    torch.__trace:structured.py:28 
DEBUG    torch.__trace:structured.py:28 
DEBUG    torch.__trace:structured.py:28 
DEBUG    torch.__trace:convert_frame.py:263 
DEBUG    torch.__trace:utils.py:2029 
DEBUG    torch.__trace:utils.py:2029 
DEBUG    torch.__trace:meta_utils.py:271 
DEBUG    torch.__trace:meta_utils.py:490 
DEBUG    torch.__trace:meta_utils.py:1935 
DEBUG    torch.__trace:meta_utils.py:271 
DEBUG    torch.__trace:meta_utils.py:490 
DEBUG    torch.__trace:meta_utils.py:1935 
DEBUG    torch.__trace:meta_utils.py:271 
DEBUG    torch.__trace:meta_utils.py:490 
DEBUG    torch.__trace:meta_utils.py:1935 
DEBUG    torch.__trace:meta_utils.py:271 
DEBUG    torch.__trace:meta_utils.py:490 
DEBUG    torch.__trace:meta_utils.py:1935 
DEBUG    torch.__trace:meta_utils.py:271 
DEBUG    torch.__trace:meta_utils.py:490 
DEBUG    torch.__trace:meta_utils.py:1935 
DEBUG    torch.__trace:meta_utils.py:271 
DEBUG    torch.__trace:meta_utils.py:490 
DEBUG    torch.__trace:meta_utils.py:1935 
DEBUG    torch.__trace:meta_utils.py:271 
DEBUG    torch.__trace:meta_utils.py:490 
DEBUG    torch.__trace:meta_utils.py:1935 
DEBUG    torch.__trace:meta_utils.py:271 
DEBUG    torch.__trace:meta_utils.py:490 
DEBUG    torch.__trace:meta_utils.py:1935 
DEBUG    torch.__trace:meta_utils.py:271 
DEBUG    torch.__trace:meta_utils.py:490 
DEBUG    torch.__trace:meta_utils.py:1935 
DEBUG    torch.__trace:meta_utils.py:271 
DEBUG    torch.__trace:meta_utils.py:490 
DEBUG    torch.__trace:meta_utils.py:1935 
DEBUG    torch.__trace:meta_utils.py:271 
DEBUG    torch.__trace:meta_utils.py:490 
DEBUG    torch.__trace:meta_utils.py:1935 
DEBUG    torch.__trace:meta_utils.py:271 
DEBUG    torch.__trace:meta_utils.py:490 
DEBUG    torch.__trace:meta_utils.py:1935 
DEBUG    torch.__trace:meta_utils.py:271 
DEBUG    torch.__trace:meta_utils.py:490 
DEBUG    torch.__trace:meta_utils.py:1935 
DEBUG    torch.__trace:meta_utils.py:271 
DEBUG    torch.__trace:meta_utils.py:490 
DEBUG    torch.__trace:meta_utils.py:1935 
DEBUG    torch.__trace:meta_utils.py:271 
DEBUG    torch.__trace:meta_utils.py:490 
DEBUG    torch.__trace:meta_utils.py:1935 
DEBUG    torch.__trace:meta_utils.py:271 
DEBUG    torch.__trace:meta_utils.py:490 
DEBUG    torch.__trace:meta_utils.py:1935 
DEBUG    torch.__trace:meta_utils.py:271 
DEBUG    torch.__trace:meta_utils.py:490 
DEBUG    torch.__trace:meta_utils.py:1935 
DEBUG    torch.__trace:meta_utils.py:271 
DEBUG    torch.__trace:meta_utils.py:490 
DEBUG    torch.__trace:meta_utils.py:1935 
DEBUG    torch.__trace:meta_utils.py:271 
DEBUG    torch.__trace:meta_utils.py:490 
DEBUG    torch.__trace:meta_utils.py:1935 
DEBUG    torch.__trace:meta_utils.py:271 
DEBUG    torch.__trace:meta_utils.py:490 
DEBUG    torch.__trace:meta_utils.py:1935 
DEBUG    torch.__trace:meta_utils.py:271 
DEBUG    torch.__trace:meta_utils.py:490 
DEBUG    torch.__trace:meta_utils.py:1935 
DEBUG    torch.__trace:meta_utils.py:271 
DEBUG    torch.__trace:meta_utils.py:490 
DEBUG    torch.__trace:meta_utils.py:1935 
DEBUG    torch.__trace:meta_utils.py:271 
DEBUG    torch.__trace:meta_utils.py:490 
DEBUG    torch.__trace:meta_utils.py:1935 
DEBUG    torch.__trace:meta_utils.py:271 
DEBUG    torch.__trace:meta_utils.py:490 
DEBUG    torch.__trace:meta_utils.py:1935 
DEBUG    torch.__trace:meta_utils.py:271 
DEBUG    torch.__trace:meta_utils.py:490 
DEBUG    torch.__trace:meta_utils.py:1935 
DEBUG    torch.__trace:meta_utils.py:271 
DEBUG    torch.__trace:meta_utils.py:490 
DEBUG    torch.__trace:meta_utils.py:1935 
DEBUG    torch.__trace:meta_utils.py:271 
DEBUG    torch.__trace:meta_utils.py:490 
DEBUG    torch.__trace:meta_utils.py:1935 
DEBUG    torch.__trace:meta_utils.py:271 
DEBUG    torch.__trace:meta_utils.py:490 
DEBUG    torch.__trace:meta_utils.py:1935 
DEBUG    torch.__trace:meta_utils.py:271 
DEBUG    torch.__trace:meta_utils.py:490 
DEBUG    torch.__trace:meta_utils.py:1935 
DEBUG    torch.__trace:meta_utils.py:271 
DEBUG    torch.__trace:meta_utils.py:490 
DEBUG    torch.__trace:meta_utils.py:1935 
DEBUG    torch.__trace:meta_utils.py:271 
DEBUG    torch.__trace:meta_utils.py:490 
DEBUG    torch.__trace:meta_utils.py:1935 
DEBUG    torch.__trace:meta_utils.py:271 
DEBUG    torch.__trace:meta_utils.py:490 
DEBUG    torch.__trace:meta_utils.py:1935 
DEBUG    torch.__trace:meta_utils.py:271 
DEBUG    torch.__trace:meta_utils.py:490 
DEBUG    torch.__trace:meta_utils.py:1935 
DEBUG    torch.__trace:meta_utils.py:271 
DEBUG    torch.__trace:meta_utils.py:490 
DEBUG    torch.__trace:meta_utils.py:1935 
DEBUG    torch.__trace:meta_utils.py:271 
DEBUG    torch.__trace:meta_utils.py:490 
DEBUG    torch.__trace:meta_utils.py:1935 
DEBUG    torch.__trace:meta_utils.py:271 
DEBUG    torch.__trace:meta_utils.py:490 
DEBUG    torch.__trace:meta_utils.py:1935 
DEBUG    torch.__trace:meta_utils.py:271 
DEBUG    torch.__trace:meta_utils.py:490 
DEBUG    torch.__trace:meta_utils.py:1935 
DEBUG    torch.__trace:meta_utils.py:271 
DEBUG    torch.__trace:meta_utils.py:490 
DEBUG    torch.__trace:meta_utils.py:1935 
DEBUG    torch.__trace:meta_utils.py:271 
DEBUG    torch.__trace:meta_utils.py:490 
DEBUG    torch.__trace:meta_utils.py:1935 
DEBUG    torch.__trace:meta_utils.py:271 
DEBUG    torch.__trace:meta_utils.py:490 
DEBUG    torch.__trace:meta_utils.py:1935 
DEBUG    torch.__trace:meta_utils.py:271 
DEBUG    torch.__trace:meta_utils.py:490 
DEBUG    torch.__trace:meta_utils.py:1935 
DEBUG    torch.__trace:meta_utils.py:271 
DEBUG    torch.__trace:meta_utils.py:490 
DEBUG    torch.__trace:meta_utils.py:1935 
DEBUG    torch.__trace:meta_utils.py:271 
DEBUG    torch.__trace:meta_utils.py:490 
DEBUG    torch.__trace:meta_utils.py:1935 
DEBUG    torch.__trace:meta_utils.py:271 
DEBUG    torch.__trace:meta_utils.py:490 
DEBUG    torch.__trace:meta_utils.py:1935 
DEBUG    torch.__trace:meta_utils.py:271 
DEBUG    torch.__trace:meta_utils.py:490 
DEBUG    torch.__trace:meta_utils.py:1935 
DEBUG    torch.__trace:meta_utils.py:271 
DEBUG    torch.__trace:meta_utils.py:490 
DEBUG    torch.__trace:meta_utils.py:1935 
DEBUG    torch.__trace:meta_utils.py:271 
DEBUG    torch.__trace:meta_utils.py:490 
DEBUG    torch.__trace:meta_utils.py:1935 
DEBUG    torch.__trace:meta_utils.py:271 
DEBUG    torch.__trace:meta_utils.py:490 
DEBUG    torch.__trace:meta_utils.py:1935 
DEBUG    torch.__trace:meta_utils.py:271 
DEBUG    torch.__trace:meta_utils.py:490 
DEBUG    torch.__trace:meta_utils.py:1935 
DEBUG    torch.__trace:meta_utils.py:271 
DEBUG    torch.__trace:meta_utils.py:490 
DEBUG    torch.__trace:meta_utils.py:1935 
DEBUG    torch.__trace:meta_utils.py:271 
DEBUG    torch.__trace:meta_utils.py:490 
DEBUG    torch.__trace:meta_utils.py:1935 
DEBUG    torch.__trace:meta_utils.py:271 
DEBUG    torch.__trace:meta_utils.py:490 
DEBUG    torch.__trace:meta_utils.py:1935 
DEBUG    torch.__trace:meta_utils.py:271 
DEBUG    torch.__trace:meta_utils.py:490 
DEBUG    torch.__trace:meta_utils.py:1935 
DEBUG    torch.__trace:meta_utils.py:271 
DEBUG    torch.__trace:meta_utils.py:490 
DEBUG    torch.__trace:meta_utils.py:1935 
DEBUG    torch.__trace:meta_utils.py:271 
DEBUG    torch.__trace:meta_utils.py:490 
DEBUG    torch.__trace:meta_utils.py:1935 
DEBUG    torch.__trace:meta_utils.py:271 
DEBUG    torch.__trace:meta_utils.py:490 
DEBUG    torch.__trace:meta_utils.py:1935 
DEBUG    torch.__trace:meta_utils.py:271 
DEBUG    torch.__trace:meta_utils.py:490 
DEBUG    torch.__trace:meta_utils.py:1935 
DEBUG    torch.__trace:meta_utils.py:271 
DEBUG    torch.__trace:meta_utils.py:490 
DEBUG    torch.__trace:meta_utils.py:1935 
DEBUG    torch.__trace:meta_utils.py:271 
DEBUG    torch.__trace:meta_utils.py:490 
DEBUG    torch.__trace:meta_utils.py:1935 
DEBUG    torch.__trace:meta_utils.py:271 
DEBUG    torch.__trace:meta_utils.py:490 
DEBUG    torch.__trace:meta_utils.py:1935 
DEBUG    torch.__trace:meta_utils.py:271 
DEBUG    torch.__trace:meta_utils.py:490 
DEBUG    torch.__trace:meta_utils.py:1935 
DEBUG    torch.__trace:meta_utils.py:271 
DEBUG    torch.__trace:meta_utils.py:490 
DEBUG    torch.__trace:meta_utils.py:1935 
DEBUG    torch.__trace:meta_utils.py:271 
DEBUG    torch.__trace:meta_utils.py:490 
DEBUG    torch.__trace:meta_utils.py:1935 
DEBUG    torch.__trace:meta_utils.py:271 
DEBUG    torch.__trace:meta_utils.py:490 
DEBUG    torch.__trace:meta_utils.py:1935 
DEBUG    torch.__trace:meta_utils.py:271 
DEBUG    torch.__trace:meta_utils.py:490 
DEBUG    torch.__trace:meta_utils.py:1935 
DEBUG    torch.__trace:meta_utils.py:271 
DEBUG    torch.__trace:meta_utils.py:490 
DEBUG    torch.__trace:meta_utils.py:1935 
DEBUG    torch.__trace:meta_utils.py:271 
DEBUG    torch.__trace:meta_utils.py:490 
DEBUG    torch.__trace:meta_utils.py:1935 
DEBUG    torch.__trace:meta_utils.py:271 
DEBUG    torch.__trace:meta_utils.py:490 
DEBUG    torch.__trace:meta_utils.py:1935 
DEBUG    torch.__trace:meta_utils.py:271 
DEBUG    torch.__trace:meta_utils.py:490 
DEBUG    torch.__trace:meta_utils.py:1935 
DEBUG    torch.__trace:meta_utils.py:271 
DEBUG    torch.__trace:meta_utils.py:490 
DEBUG    torch.__trace:meta_utils.py:1935 
DEBUG    torch.__trace:meta_utils.py:271 
DEBUG    torch.__trace:meta_utils.py:490 
DEBUG    torch.__trace:meta_utils.py:1935 
DEBUG    torch.__trace:meta_utils.py:271 
DEBUG    torch.__trace:meta_utils.py:490 
DEBUG    torch.__trace:meta_utils.py:1935 
DEBUG    torch.__trace:meta_utils.py:271 
DEBUG    torch.__trace:meta_utils.py:490 
DEBUG    torch.__trace:meta_utils.py:1935 
DEBUG    torch.__trace:meta_utils.py:271 
DEBUG    torch.__trace:meta_utils.py:490 
DEBUG    torch.__trace:meta_utils.py:1935 
DEBUG    torch.__trace:meta_utils.py:271 
DEBUG    torch.__trace:meta_utils.py:490 
DEBUG    torch.__trace:meta_utils.py:1935 
DEBUG    torch.__trace:meta_utils.py:271 
DEBUG    torch.__trace:meta_utils.py:490 
DEBUG    torch.__trace:meta_utils.py:1935 
DEBUG    torch.__trace:meta_utils.py:271 
DEBUG    torch.__trace:meta_utils.py:490 
DEBUG    torch.__trace:meta_utils.py:1935 
DEBUG    torch.__trace:meta_utils.py:271 
DEBUG    torch.__trace:meta_utils.py:490 
DEBUG    torch.__trace:meta_utils.py:1935 
DEBUG    torch.__trace:meta_utils.py:271 
DEBUG    torch.__trace:meta_utils.py:490 
DEBUG    torch.__trace:meta_utils.py:1935 
DEBUG    torch.__trace:meta_utils.py:271 
DEBUG    torch.__trace:meta_utils.py:490 
DEBUG    torch.__trace:meta_utils.py:1935 
DEBUG    torch.__trace:meta_utils.py:271 
DEBUG    torch.__trace:meta_utils.py:490 
DEBUG    torch.__trace:meta_utils.py:1935 
DEBUG    torch.__trace:meta_utils.py:271 
DEBUG    torch.__trace:meta_utils.py:490 
DEBUG    torch.__trace:meta_utils.py:1935 
DEBUG    torch.__trace:meta_utils.py:271 
DEBUG    torch.__trace:meta_utils.py:490 
DEBUG    torch.__trace:meta_utils.py:1935 
DEBUG    torch.__trace:meta_utils.py:271 
DEBUG    torch.__trace:meta_utils.py:490 
DEBUG    torch.__trace:meta_utils.py:1935 
DEBUG    torch.__trace:meta_utils.py:271 
DEBUG    torch.__trace:meta_utils.py:490 
DEBUG    torch.__trace:meta_utils.py:1935 
DEBUG    torch.__trace:meta_utils.py:271 
DEBUG    torch.__trace:meta_utils.py:490 
DEBUG    torch.__trace:meta_utils.py:1935 
DEBUG    torch.__trace:meta_utils.py:271 
DEBUG    torch.__trace:meta_utils.py:490 
DEBUG    torch.__trace:meta_utils.py:1935 
DEBUG    torch.__trace:meta_utils.py:271 
DEBUG    torch.__trace:meta_utils.py:490 
DEBUG    torch.__trace:meta_utils.py:1935 
DEBUG    torch.__trace:meta_utils.py:271 
DEBUG    torch.__trace:meta_utils.py:490 
DEBUG    torch.__trace:meta_utils.py:1935 
DEBUG    torch.__trace:meta_utils.py:271 
DEBUG    torch.__trace:meta_utils.py:490 
DEBUG    torch.__trace:meta_utils.py:1935 
DEBUG    torch.__trace:meta_utils.py:271 
DEBUG    torch.__trace:meta_utils.py:490 
DEBUG    torch.__trace:meta_utils.py:1935 
DEBUG    torch.__trace:meta_utils.py:271 
DEBUG    torch.__trace:meta_utils.py:490 
DEBUG    torch.__trace:meta_utils.py:1935 
DEBUG    torch.__trace:meta_utils.py:271 
DEBUG    torch.__trace:meta_utils.py:490 
DEBUG    torch.__trace:meta_utils.py:1935 
DEBUG    torch.__trace:meta_utils.py:271 
DEBUG    torch.__trace:meta_utils.py:490 
DEBUG    torch.__trace:meta_utils.py:1935 
DEBUG    torch.__trace:meta_utils.py:271 
DEBUG    torch.__trace:meta_utils.py:490 
DEBUG    torch.__trace:meta_utils.py:1935 
DEBUG    torch.__trace:meta_utils.py:271 
DEBUG    torch.__trace:meta_utils.py:490 
DEBUG    torch.__trace:meta_utils.py:1935 
DEBUG    torch.__trace:meta_utils.py:271 
DEBUG    torch.__trace:meta_utils.py:490 
DEBUG    torch.__trace:meta_utils.py:1935 
DEBUG    torch.__trace:meta_utils.py:271 
DEBUG    torch.__trace:meta_utils.py:490 
DEBUG    torch.__trace:meta_utils.py:1935 
DEBUG    torch.__trace:meta_utils.py:271 
DEBUG    torch.__trace:meta_utils.py:490 
DEBUG    torch.__trace:meta_utils.py:1935 
DEBUG    torch.__trace:meta_utils.py:271 
DEBUG    torch.__trace:meta_utils.py:490 
DEBUG    torch.__trace:meta_utils.py:1935 
DEBUG    torch.__trace:meta_utils.py:271 
DEBUG    torch.__trace:meta_utils.py:490 
DEBUG    torch.__trace:meta_utils.py:1935 
DEBUG    torch.__trace:meta_utils.py:271 
DEBUG    torch.__trace:meta_utils.py:490 
DEBUG    torch.__trace:meta_utils.py:1935 
DEBUG    torch.__trace:meta_utils.py:271 
DEBUG    torch.__trace:meta_utils.py:490 
DEBUG    torch.__trace:meta_utils.py:1935 
DEBUG    torch.__trace:meta_utils.py:271 
DEBUG    torch.__trace:meta_utils.py:490 
DEBUG    torch.__trace:meta_utils.py:1935 
DEBUG    torch.__trace:meta_utils.py:271 
DEBUG    torch.__trace:meta_utils.py:490 
DEBUG    torch.__trace:meta_utils.py:1935 
DEBUG    torch.__trace:meta_utils.py:271 
DEBUG    torch.__trace:meta_utils.py:490 
DEBUG    torch.__trace:meta_utils.py:1935 
DEBUG    torch.__trace:meta_utils.py:271 
DEBUG    torch.__trace:meta_utils.py:490 
DEBUG    torch.__trace:meta_utils.py:1935 
DEBUG    torch.__trace:meta_utils.py:271 
DEBUG    torch.__trace:meta_utils.py:490 
DEBUG    torch.__trace:meta_utils.py:1935 
DEBUG    torch.__trace:meta_utils.py:271 
DEBUG    torch.__trace:meta_utils.py:490 
DEBUG    torch.__trace:meta_utils.py:1935 
DEBUG    torch.__trace:meta_utils.py:271 
DEBUG    torch.__trace:meta_utils.py:490 
DEBUG    torch.__trace:meta_utils.py:1935 
DEBUG    torch.__trace:meta_utils.py:271 
DEBUG    torch.__trace:meta_utils.py:490 
DEBUG    torch.__trace:meta_utils.py:1935 
DEBUG    torch.__trace:meta_utils.py:271 
DEBUG    torch.__trace:meta_utils.py:490 
DEBUG    torch.__trace:meta_utils.py:1935 
DEBUG    torch.__trace:meta_utils.py:271 
DEBUG    torch.__trace:meta_utils.py:490 
DEBUG    torch.__trace:meta_utils.py:1935 
DEBUG    torch.__trace:meta_utils.py:271 
DEBUG    torch.__trace:meta_utils.py:490 
DEBUG    torch.__trace:meta_utils.py:1935 
DEBUG    torch.__trace:meta_utils.py:271 
DEBUG    torch.__trace:meta_utils.py:490 
DEBUG    torch.__trace:meta_utils.py:1935 
DEBUG    torch.__trace:meta_utils.py:271 
DEBUG    torch.__trace:meta_utils.py:490 
DEBUG    torch.__trace:meta_utils.py:1935 
DEBUG    torch.__trace:meta_utils.py:271 
DEBUG    torch.__trace:meta_utils.py:490 
DEBUG    torch.__trace:meta_utils.py:1935 
DEBUG    torch.__trace:meta_utils.py:271 
DEBUG    torch.__trace:meta_utils.py:490 
DEBUG    torch.__trace:meta_utils.py:1935 
DEBUG    torch.__trace:meta_utils.py:271 
DEBUG    torch.__trace:meta_utils.py:490 
DEBUG    torch.__trace:meta_utils.py:1935 
DEBUG    torch.__trace:meta_utils.py:271 
DEBUG    torch.__trace:meta_utils.py:490 
DEBUG    torch.__trace:meta_utils.py:1935 
DEBUG    torch.__trace:meta_utils.py:271 
DEBUG    torch.__trace:meta_utils.py:490 
DEBUG    torch.__trace:meta_utils.py:1935 
DEBUG    torch.__trace:meta_utils.py:271 
DEBUG    torch.__trace:meta_utils.py:490 
DEBUG    torch.__trace:meta_utils.py:1935 
DEBUG    torch.__trace:meta_utils.py:271 
DEBUG    torch.__trace:meta_utils.py:490 
DEBUG    torch.__trace:meta_utils.py:1935 
DEBUG    torch.__trace:meta_utils.py:271 
DEBUG    torch.__trace:meta_utils.py:490 
DEBUG    torch.__trace:meta_utils.py:1935 
DEBUG    torch.__trace:meta_utils.py:271 
DEBUG    torch.__trace:meta_utils.py:490 
DEBUG    torch.__trace:meta_utils.py:1935 
DEBUG    torch.__trace:meta_utils.py:271 
DEBUG    torch.__trace:meta_utils.py:490 
DEBUG    torch.__trace:meta_utils.py:1935 
DEBUG    torch.__trace:meta_utils.py:271 
DEBUG    torch.__trace:meta_utils.py:490 
DEBUG    torch.__trace:meta_utils.py:1935 
DEBUG    torch.__trace:meta_utils.py:271 
DEBUG    torch.__trace:meta_utils.py:490 
DEBUG    torch.__trace:meta_utils.py:1935 
DEBUG    torch.__trace:meta_utils.py:271 
DEBUG    torch.__trace:meta_utils.py:490 
DEBUG    torch.__trace:meta_utils.py:1935 
DEBUG    torch.__trace:meta_utils.py:271 
DEBUG    torch.__trace:meta_utils.py:490 
DEBUG    torch.__trace:meta_utils.py:1935 
DEBUG    torch.__trace:meta_utils.py:271 
DEBUG    torch.__trace:meta_utils.py:490 
DEBUG    torch.__trace:meta_utils.py:1935 
DEBUG    torch.__trace:meta_utils.py:271 
DEBUG    torch.__trace:meta_utils.py:490 
DEBUG    torch.__trace:meta_utils.py:1935 
DEBUG    torch.__trace:meta_utils.py:271 
DEBUG    torch.__trace:meta_utils.py:490 
DEBUG    torch.__trace:meta_utils.py:1935 
DEBUG    torch.__trace:meta_utils.py:271 
DEBUG    torch.__trace:meta_utils.py:490 
DEBUG    torch.__trace:meta_utils.py:1935 
DEBUG    torch.__trace:meta_utils.py:271 
DEBUG    torch.__trace:meta_utils.py:490 
DEBUG    torch.__trace:meta_utils.py:1935 
DEBUG    torch.__trace:meta_utils.py:271 
DEBUG    torch.__trace:meta_utils.py:490 
DEBUG    torch.__trace:meta_utils.py:1935 
DEBUG    torch.__trace:meta_utils.py:271 
DEBUG    torch.__trace:meta_utils.py:490 
DEBUG    torch.__trace:meta_utils.py:1935 
DEBUG    torch.__trace:meta_utils.py:271 
DEBUG    torch.__trace:meta_utils.py:490 
DEBUG    torch.__trace:meta_utils.py:1935 
DEBUG    torch.__trace:meta_utils.py:271 
DEBUG    torch.__trace:meta_utils.py:490 
DEBUG    torch.__trace:meta_utils.py:1935 
DEBUG    torch.__trace:meta_utils.py:271 
DEBUG    torch.__trace:meta_utils.py:490 
DEBUG    torch.__trace:meta_utils.py:1935 
DEBUG    torch.__trace:meta_utils.py:271 
DEBUG    torch.__trace:meta_utils.py:490 
DEBUG    torch.__trace:meta_utils.py:1935 
DEBUG    torch.__trace:meta_utils.py:271 
DEBUG    torch.__trace:meta_utils.py:490 
DEBUG    torch.__trace:meta_utils.py:1935 
DEBUG    torch.__trace:meta_utils.py:271 
DEBUG    torch.__trace:meta_utils.py:490 
DEBUG    torch.__trace:meta_utils.py:1935 
DEBUG    torch.__trace:meta_utils.py:271 
DEBUG    torch.__trace:meta_utils.py:490 
DEBUG    torch.__trace:meta_utils.py:1935 
DEBUG    torch.__trace:meta_utils.py:271 
DEBUG    torch.__trace:meta_utils.py:490 
DEBUG    torch.__trace:meta_utils.py:1935 
DEBUG    torch.__trace:meta_utils.py:271 
DEBUG    torch.__trace:meta_utils.py:490 
DEBUG    torch.__trace:meta_utils.py:1935 
DEBUG    torch.__trace:meta_utils.py:271 
DEBUG    torch.__trace:meta_utils.py:490 
DEBUG    torch.__trace:meta_utils.py:1935 
DEBUG    torch.__trace:meta_utils.py:271 
DEBUG    torch.__trace:meta_utils.py:490 
DEBUG    torch.__trace:meta_utils.py:1935 
DEBUG    torch.__trace:meta_utils.py:271 
DEBUG    torch.__trace:meta_utils.py:490 
DEBUG    torch.__trace:meta_utils.py:1935 
DEBUG    torch.__trace:meta_utils.py:271 
DEBUG    torch.__trace:meta_utils.py:490 
DEBUG    torch.__trace:meta_utils.py:1935 
DEBUG    torch.__trace:meta_utils.py:271 
DEBUG    torch.__trace:meta_utils.py:490 
DEBUG    torch.__trace:meta_utils.py:1935 
DEBUG    torch.__trace:meta_utils.py:271 
DEBUG    torch.__trace:meta_utils.py:490 
DEBUG    torch.__trace:meta_utils.py:1935 
DEBUG    torch.__trace:meta_utils.py:271 
DEBUG    torch.__trace:meta_utils.py:490 
DEBUG    torch.__trace:meta_utils.py:1935 
DEBUG    torch.__trace:meta_utils.py:271 
DEBUG    torch.__trace:meta_utils.py:490 
DEBUG    torch.__trace:meta_utils.py:1935 
DEBUG    torch.__trace:meta_utils.py:271 
DEBUG    torch.__trace:meta_utils.py:490 
DEBUG    torch.__trace:meta_utils.py:1935 
DEBUG    torch.__trace:meta_utils.py:271 
DEBUG    torch.__trace:meta_utils.py:490 
DEBUG    torch.__trace:meta_utils.py:1935 
DEBUG    torch.__trace:meta_utils.py:271 
DEBUG    torch.__trace:meta_utils.py:490 
DEBUG    torch.__trace:meta_utils.py:1935 
DEBUG    torch.__trace:meta_utils.py:271 
DEBUG    torch.__trace:meta_utils.py:490 
DEBUG    torch.__trace:meta_utils.py:1935 
DEBUG    torch.__trace:meta_utils.py:271 
DEBUG    torch.__trace:meta_utils.py:490 
DEBUG    torch.__trace:meta_utils.py:1935 
DEBUG    torch.__trace:meta_utils.py:271 
DEBUG    torch.__trace:meta_utils.py:490 
DEBUG    torch.__trace:meta_utils.py:1935 
DEBUG    torch.__trace:meta_utils.py:271 
DEBUG    torch.__trace:meta_utils.py:490 
DEBUG    torch.__trace:meta_utils.py:1935 
DEBUG    torch.__trace:meta_utils.py:271 
DEBUG    torch.__trace:meta_utils.py:490 
DEBUG    torch.__trace:meta_utils.py:1935 
DEBUG    torch.__trace:meta_utils.py:271 
DEBUG    torch.__trace:meta_utils.py:490 
DEBUG    torch.__trace:meta_utils.py:1935 
DEBUG    torch.__trace:meta_utils.py:271 
DEBUG    torch.__trace:meta_utils.py:490 
DEBUG    torch.__trace:meta_utils.py:1935 
DEBUG    torch.__trace:meta_utils.py:271 
DEBUG    torch.__trace:meta_utils.py:490 
DEBUG    torch.__trace:meta_utils.py:1935 
DEBUG    torch.__trace:meta_utils.py:271 
DEBUG    torch.__trace:meta_utils.py:490 
DEBUG    torch.__trace:meta_utils.py:1935 
DEBUG    torch.__trace:meta_utils.py:271 
DEBUG    torch.__trace:meta_utils.py:490 
DEBUG    torch.__trace:meta_utils.py:1935 
DEBUG    torch.__trace:meta_utils.py:271 
DEBUG    torch.__trace:meta_utils.py:490 
DEBUG    torch.__trace:meta_utils.py:1935 
DEBUG    torch.__trace:meta_utils.py:271 
DEBUG    torch.__trace:meta_utils.py:490 
DEBUG    torch.__trace:meta_utils.py:1935 
DEBUG    torch.__trace:meta_utils.py:271 
DEBUG    torch.__trace:meta_utils.py:490 
DEBUG    torch.__trace:meta_utils.py:1935 
DEBUG    torch.__trace:meta_utils.py:271 
DEBUG    torch.__trace:meta_utils.py:490 
DEBUG    torch.__trace:meta_utils.py:1935 
DEBUG    torch.__trace:meta_utils.py:271 
DEBUG    torch.__trace:meta_utils.py:490 
DEBUG    torch.__trace:meta_utils.py:1935 
DEBUG    torch.__trace:meta_utils.py:271 
DEBUG    torch.__trace:meta_utils.py:490 
DEBUG    torch.__trace:meta_utils.py:1935 
DEBUG    torch.__trace:meta_utils.py:271 
DEBUG    torch.__trace:meta_utils.py:490 
DEBUG    torch.__trace:meta_utils.py:1935 
DEBUG    torch.__trace:meta_utils.py:271 
DEBUG    torch.__trace:meta_utils.py:490 
DEBUG    torch.__trace:meta_utils.py:1935 
DEBUG    torch.__trace:meta_utils.py:271 
DEBUG    torch.__trace:meta_utils.py:490 
DEBUG    torch.__trace:meta_utils.py:1935 
DEBUG    torch.__trace:meta_utils.py:271 
DEBUG    torch.__trace:meta_utils.py:490 
DEBUG    torch.__trace:meta_utils.py:1935 
DEBUG    torch.__trace:meta_utils.py:271 
DEBUG    torch.__trace:meta_utils.py:490 
DEBUG    torch.__trace:meta_utils.py:1935 
DEBUG    torch.__trace:utils.py:2029 
DEBUG    torch.__trace:output_graph.py:2190 
DEBUG    torch.__trace:utils.py:2029 
DEBUG    torch.__trace:meta_utils.py:271 
DEBUG    torch.__trace:meta_utils.py:490 
DEBUG    torch.__trace:meta_utils.py:1935 
DEBUG    torch.__trace:meta_utils.py:271 
DEBUG    torch.__trace:meta_utils.py:490 
DEBUG    torch.__trace:meta_utils.py:1935 
DEBUG    torch.__trace:meta_utils.py:271 
DEBUG    torch.__trace:meta_utils.py:490 
DEBUG    torch.__trace:meta_utils.py:1935 
DEBUG    torch.__trace:utils.py:2029 
DEBUG    torch.__trace:utils.py:2029 
DEBUG    torch.__trace:utils.py:2029 
DEBUG    torch.__trace:graph_capture.py:318 
DEBUG    torch.__trace:graph_capture.py:336 
DEBUG    torch.__trace:utils.py:2029 
DEBUG    torch.__trace:utils.py:2029 
DEBUG    torch.__trace:utils.py:2029 
DEBUG    torch.__trace:utils.py:2029 
DEBUG    torch.__trace:guards.py:3778 
DEBUG    torch.__trace:utils.py:2029 
DEBUG    torch.__trace:utils.py:2029 
DEBUG    torch.__trace:utils.py:2029 
DEBUG    torch.__trace:utils.py:2029 
DEBUG    torch.__trace:utils.py:1724 
DEBUG    torch.__trace:utils.py:2029 
DEBUG    torch.__trace:structured.py:28 
DEBUG    torch.__trace:structured.py:28 
DEBUG    torch.__trace:structured.py:28 
DEBUG    torch.__trace:structured.py:28 
DEBUG    torch.__trace:structured.py:28 
DEBUG    torch.__trace:structured.py:28 
DEBUG    torch.__trace:structured.py:28 
DEBUG    torch.__trace:structured.py:28 
DEBUG    torch.__trace:meta_utils.py:271 
DEBUG    torch.__trace:meta_utils.py:490 
DEBUG    torch.__trace:meta_utils.py:1935 
DEBUG    torch.__trace:meta_utils.py:271 
DEBUG    torch.__trace:meta_utils.py:490 
DEBUG    torch.__trace:meta_utils.py:1935 
DEBUG    torch.__trace:meta_utils.py:271 
DEBUG    torch.__trace:meta_utils.py:490 
DEBUG    torch.__trace:meta_utils.py:1935
=============================== warnings summary ===============================
venv/lib/python3.12/site-packages/torch/jit/_script.py:362: 14 warnings
  /proj_sw/user_dev/ctr-akannan/24_2_jun_yyz/tt-xla/venv/lib/python3.12/site-packages/torch/jit/_script.py:362: DeprecationWarning: `torch.jit.script_method` is deprecated. Please switch to `torch.compile` or `torch.export`.
    warnings.warn(

<frozen importlib._bootstrap>:488
  <frozen importlib._bootstrap>:488: DeprecationWarning: builtin type SwigPyPacked has no __module__ attribute

<frozen importlib._bootstrap>:488
  <frozen importlib._bootstrap>:488: DeprecationWarning: builtin type SwigPyObject has no __module__ attribute

tests/torch/models/z_image/test_pcc_probe.py::test_pcc_model4
  /proj_sw/user_dev/ctr-akannan/24_2_jun_yyz/tt-xla/venv/lib/python3.12/site-packages/huggingface_hub/utils/_validators.py:205: UserWarning: The `local_dir_use_symlinks` argument is deprecated and ignored in `hf_hub_download`. Downloading to a local directory does not use symlinks anymore.
    warnings.warn(

tests/torch/models/z_image/test_pcc_probe.py::test_pcc_model4
  /usr/lib/python3.12/copyreg.py:99: FutureWarning: `isinstance(treespec, LeafSpec)` is deprecated, use `isinstance(treespec, TreeSpec) and treespec.is_leaf()` instead.
    return cls.__new__(cls, *args)

tests/torch/models/z_image/test_pcc_probe.py::test_pcc_model4
  /proj_sw/user_dev/ctr-akannan/24_2_jun_yyz/tt-xla/tests/conftest.py:530: FutureWarning: `torch.distributed.reduce_op` is deprecated, please use `torch.distributed.ReduceOp` instead
    if isinstance(obj, torch.fx.GraphModule):

tests/torch/models/z_image/test_pcc_probe.py::test_pcc_model4
  /proj_sw/user_dev/ctr-akannan/24_2_jun_yyz/tt-xla/tests/conftest.py:534: FutureWarning: `torch.distributed.reduce_op` is deprecated, please use `torch.distributed.ReduceOp` instead
    if isinstance(obj, GraphInputMatcher):

-- Docs: https://docs.pytest.org/en/stable/how-to/capture-warnings.html
=========================== short test summary info ============================
FAILED tests/torch/models/z_image/test_pcc_probe.py::test_pcc_model4 - RuntimeError: Bad StatusOr access: INTERNAL: Error code: 13
================== 1 failed, 20 warnings in 113.35s (0:01:53) ==================
sys:1: DeprecationWarning: builtin type swigvarlink has no __module__ attribute
