2026-06-24 10:03:50.218 | INFO     | pjrt_plugin_tt:setup_tt_pjrt_plugin_dir:46 - Using PJRT plugin directory: /proj_sw/user_dev/ctr-akannan/24_2_jun_yyz/tt-xla/python_package/pjrt_plugin_tt
2026-06-24 10:03:50.223 | INFO     | pjrt_plugin_tt:setup_tt_metal_home:107 - Using TT-Metal from the source tree: /proj_sw/user_dev/ctr-akannan/24_2_jun_yyz/tt-xla/third_party/tt-mlir/src/tt-mlir/third_party/tt-metal/src/tt-metal
2026-06-24 10:03:50.559 | WARNING  | torch_plugin_tt:__init__:40 - TT plugin is setting XLA_STABLEHLO_COMPILE to 1. This is required for TT PJRT plugin to work correctly.
============================= test session starts ==============================
platform linux -- Python 3.12.3, pytest-9.1.1, pluggy-1.6.0 -- /proj_sw/user_dev/ctr-akannan/24_2_jun_yyz/tt-xla/venv/bin/python3
metadata: {'Python': '3.12.3', 'Platform': 'Linux-5.15.0-142-generic-x86_64-with-glibc2.39', 'Packages': {'pytest': '9.1.1', 'pluggy': '1.6.0'}, 'Plugins': {'json-report': '1.5.0', 'forked': '1.6.0', 'metadata': '3.1.1', 'split': '0.11.0', 'jaxtyping': '0.3.11', 'anyio': '4.14.0'}}
rootdir: /proj_sw/user_dev/ctr-akannan/24_2_jun_yyz/tt-xla
configfile: pytest.ini
plugins: json-report-1.5.0, forked-1.6.0, metadata-3.1.1, split-0.11.0, jaxtyping-0.3.11, anyio-4.14.0
collecting ... collected 1 item

tests/torch/models/z_image/test_pcc_probe.py::test_pcc_model4_fp32 2026-06-24 10:04:27.963299: W torch_xla/csrc/runtime/profiler.cpp:88] Profiler API not found for PJRT plugin
Fetching 2 files:   0%|          | 0/2 [00:00<?, ?it/s]Fetching 2 files: 100%|██████████| 2/2 [00:00<00:00, 551.52it/s]
Loading checkpoint shards:   0%|          | 0/2 [00:00<?, ?it/s]Loading checkpoint shards:  50%|█████     | 1/2 [00:02<00:02,  2.13s/it]Loading checkpoint shards: 100%|██████████| 2/2 [00:02<00:00,  1.28s/it]Loading checkpoint shards: 100%|██████████| 2/2 [00:02<00:00,  1.41s/it]
`torch_dtype` is deprecated! Use `dtype` instead!
Loading weights:   0%|          | 0/398 [00:00<?, ?it/s]Loading weights:   0%|          | 1/398 [00:00<04:46,  1.38it/s]Loading weights: 100%|██████████| 398/398 [00:00<00:00, 510.27it/s]
2026-06-24 10:05:20.026 | WARNING  | tt_torch.backend.backend:_build_params_and_consts:180 - Found an argument on non-XLA device which was not a lifted constant: self___transformer_rope_embedder_freqs_cis_0. Passing a non-XLA tensor to TT compile was likely not intended. Force moving the argument to XLA.
2026-06-24 10:05:20.026 | WARNING  | tt_torch.backend.backend:_build_params_and_consts:180 - Found an argument on non-XLA device which was not a lifted constant: self___transformer_rope_embedder_freqs_cis_1. Passing a non-XLA tensor to TT compile was likely not intended. Force moving the argument to XLA.
2026-06-24 10:05:20.027 | WARNING  | tt_torch.backend.backend:_build_params_and_consts:180 - Found an argument on non-XLA device which was not a lifted constant: self___transformer_rope_embedder_freqs_cis_2. Passing a non-XLA tensor to TT compile was likely not intended. Force moving the argument to XLA.
loc("reshape.2351"): error: number of output elements (245760) doesn't match expected number of elements (983040)
2026-06-24 10:05:21.372 (  90.813s) [        D25D3140]      module_builder.cc:783    ERR| Failed to run stablehlo pipeline
FAILED

=================================== FAILURES ===================================
_____________________________ test_pcc_model4_fp32 _____________________________
tests/torch/models/z_image/test_pcc_probe.py:151: in test_pcc_model4_fp32
    _run("model4_fp32", ("batch", "model"), dtype=torch.float32)
tests/torch/models/z_image/test_pcc_probe.py:111: in _run
    run_graph_test(
tests/infra/testers/single_chip/graph/graph_tester.py:74: in run_graph_test
    tester.test(workload, request=request)
tests/infra/testers/single_chip/op/op_tester.py:73: in test
    tt_res = self._device_runner.run_on_tt_device(tt_workload)
             ^^^^^^^^^^^^^^^^^^^^^^^^^^^^^^^^^^^^^^^^^^^^^^^^^
tests/infra/runners/device_runner.py:30: in run_on_tt_device
    return self.run_on_device(workload, DeviceType.TT, device_num)
           ^^^^^^^^^^^^^^^^^^^^^^^^^^^^^^^^^^^^^^^^^^^^^^^^^^^^^^^
tests/infra/runners/device_runner.py:40: in run_on_device
    return self._run_on_device(device_workload, device)
           ^^^^^^^^^^^^^^^^^^^^^^^^^^^^^^^^^^^^^^^^^^^^
tests/infra/runners/torch_device_runner.py:136: in _run_on_device
    return workload.execute()
           ^^^^^^^^^^^^^^^^^^
tests/infra/workloads/workload.py:71: in execute
    return self.compiled_executable(*self.args, **self.kwargs)
           ^^^^^^^^^^^^^^^^^^^^^^^^^^^^^^^^^^^^^^^^^^^^^^^^^^^
venv/lib/python3.12/site-packages/torch/_dynamo/eval_frame.py:465: in __call__
    return super().__call__(*args, **kwargs)
           ^^^^^^^^^^^^^^^^^^^^^^^^^^^^^^^^^
venv/lib/python3.12/site-packages/torch/nn/modules/module.py:1776: in _wrapped_call_impl
    return self._call_impl(*args, **kwargs)
           ^^^^^^^^^^^^^^^^^^^^^^^^^^^^^^^^
venv/lib/python3.12/site-packages/torch/nn/modules/module.py:1787: in _call_impl
    return forward_call(*args, **kwargs)
           ^^^^^^^^^^^^^^^^^^^^^^^^^^^^^
venv/lib/python3.12/site-packages/torch/_dynamo/eval_frame.py:953: in compile_wrapper
    return fn(*args, **kwargs)
           ^^^^^^^^^^^^^^^^^^^
venv/lib/python3.12/site-packages/torch/nn/modules/module.py:1776: in _wrapped_call_impl
    return self._call_impl(*args, **kwargs)
           ^^^^^^^^^^^^^^^^^^^^^^^^^^^^^^^^
venv/lib/python3.12/site-packages/torch/nn/modules/module.py:1787: in _call_impl
    return forward_call(*args, **kwargs)
           ^^^^^^^^^^^^^^^^^^^^^^^^^^^^^
third_party/tt_forge_models/z_image/pytorch/src/model_utils.py:174: in forward
    def forward(
venv/lib/python3.12/site-packages/torch/_dynamo/eval_frame.py:1181: in _fn
    return fn(*args, **kwargs)
           ^^^^^^^^^^^^^^^^^^^
python_package/tt_torch/backend/backend.py:237: in __call__
    return self._call_experimental_compile(*args)
           ^^^^^^^^^^^^^^^^^^^^^^^^^^^^^^^^^^^^^^
python_package/tt_torch/backend/backend.py:212: in _call_experimental_compile
    self.compiled_graph = bridge.extract_compiled_graph(
venv/lib/python3.12/site-packages/torch_xla/_dynamo/dynamo_bridge.py:737: in extract_compiled_graph
    return extract_compiled_graph_helper(xla_model, xla_args)
           ^^^^^^^^^^^^^^^^^^^^^^^^^^^^^^^^^^^^^^^^^^^^^^^^^^
venv/lib/python3.12/site-packages/torch_xla/_dynamo/dynamo_bridge.py:859: in extract_compiled_graph_helper
    return partition_fx_graph_for_cpu_fallback(xla_model, xla_args,
venv/lib/python3.12/site-packages/torch_xla/_dynamo/dynamo_bridge.py:804: in partition_fx_graph_for_cpu_fallback
    extract_internal(fused_module), node.args, None)
    ^^^^^^^^^^^^^^^^^^^^^^^^^^^^^^
venv/lib/python3.12/site-packages/torch_xla/_dynamo/dynamo_bridge.py:539: in extract_internal
    xla_args_need_update) = extract_graph_helper(xla_model,
venv/lib/python3.12/site-packages/torch_xla/_dynamo/dynamo_bridge.py:483: in extract_graph_helper
    torch_xla._XLAC._xla_warm_up_cache(args_and_out_tensor_only, [])
E   ValueError: Error code: 13
------------------------------ Captured log call -------------------------------
WARNING  transformers.configuration_utils:logging.py:333 `torch_dtype` is deprecated! Use `dtype` instead!
DEBUG    torch.__trace:utils.py:2029 
DEBUG    torch.__trace:utils.py:2029 
DEBUG    torch.__trace:structured.py:28 
DEBUG    torch.__trace:structured.py:28 
DEBUG    torch.__trace:structured.py:28 
DEBUG    torch.__trace:structured.py:28 
DEBUG    torch.__trace:structured.py:28 
DEBUG    torch.__trace:structured.py:28 
DEBUG    torch.__trace:structured.py:28 
DEBUG    torch.__trace:structured.py:28 
DEBUG    torch.__trace:structured.py:28 
DEBUG    torch.__trace:structured.py:28 
DEBUG    torch.__trace:structured.py:28 
DEBUG    torch.__trace:structured.py:28 
DEBUG    torch.__trace:structured.py:28 
DEBUG    torch.__trace:structured.py:28 
DEBUG    torch.__trace:structured.py:28 
DEBUG    torch.__trace:structured.py:28 
DEBUG    torch.__trace:structured.py:28 
DEBUG    torch.__trace:structured.py:28 
DEBUG    torch.__trace:convert_frame.py:263 
DEBUG    torch.__trace:utils.py:2029 
DEBUG    torch.__trace:utils.py:2029 
DEBUG    torch.__trace:meta_utils.py:271 
DEBUG    torch.__trace:meta_utils.py:490 
DEBUG    torch.__trace:meta_utils.py:1935 
DEBUG    torch.__trace:meta_utils.py:271 
DEBUG    torch.__trace:meta_utils.py:490 
DEBUG    torch.__trace:meta_utils.py:1935 
DEBUG    torch.__trace:meta_utils.py:271 
DEBUG    torch.__trace:meta_utils.py:490 
DEBUG    torch.__trace:meta_utils.py:1935 
DEBUG    torch.__trace:meta_utils.py:271 
DEBUG    torch.__trace:meta_utils.py:490 
DEBUG    torch.__trace:meta_utils.py:1935 
DEBUG    torch.__trace:meta_utils.py:271 
DEBUG    torch.__trace:meta_utils.py:490 
DEBUG    torch.__trace:meta_utils.py:1935 
DEBUG    torch.__trace:meta_utils.py:271 
DEBUG    torch.__trace:meta_utils.py:490 
DEBUG    torch.__trace:meta_utils.py:1935 
DEBUG    torch.__trace:meta_utils.py:271 
DEBUG    torch.__trace:meta_utils.py:490 
DEBUG    torch.__trace:meta_utils.py:1935 
DEBUG    torch.__trace:meta_utils.py:271 
DEBUG    torch.__trace:meta_utils.py:490 
DEBUG    torch.__trace:meta_utils.py:1935 
DEBUG    torch.__trace:meta_utils.py:271 
DEBUG    torch.__trace:meta_utils.py:490 
DEBUG    torch.__trace:meta_utils.py:1935 
DEBUG    torch.__trace:meta_utils.py:271 
DEBUG    torch.__trace:meta_utils.py:490 
DEBUG    torch.__trace:meta_utils.py:1935 
DEBUG    torch.__trace:meta_utils.py:271 
DEBUG    torch.__trace:meta_utils.py:490 
DEBUG    torch.__trace:meta_utils.py:1935 
DEBUG    torch.__trace:meta_utils.py:271 
DEBUG    torch.__trace:meta_utils.py:490 
DEBUG    torch.__trace:meta_utils.py:1935 
DEBUG    torch.__trace:meta_utils.py:271 
DEBUG    torch.__trace:meta_utils.py:490 
DEBUG    torch.__trace:meta_utils.py:1935 
DEBUG    torch.__trace:meta_utils.py:271 
DEBUG    torch.__trace:meta_utils.py:490 
DEBUG    torch.__trace:meta_utils.py:1935 
DEBUG    torch.__trace:meta_utils.py:271 
DEBUG    torch.__trace:meta_utils.py:490 
DEBUG    torch.__trace:meta_utils.py:1935 
DEBUG    torch.__trace:meta_utils.py:271 
DEBUG    torch.__trace:meta_utils.py:490 
DEBUG    torch.__trace:meta_utils.py:1935 
DEBUG    torch.__trace:meta_utils.py:271 
DEBUG    torch.__trace:meta_utils.py:490 
DEBUG    torch.__trace:meta_utils.py:1935 
DEBUG    torch.__trace:meta_utils.py:271 
DEBUG    torch.__trace:meta_utils.py:490 
DEBUG    torch.__trace:meta_utils.py:1935 
DEBUG    torch.__trace:meta_utils.py:271 
DEBUG    torch.__trace:meta_utils.py:490 
DEBUG    torch.__trace:meta_utils.py:1935 
DEBUG    torch.__trace:meta_utils.py:271 
DEBUG    torch.__trace:meta_utils.py:490 
DEBUG    torch.__trace:meta_utils.py:1935 
DEBUG    torch.__trace:meta_utils.py:271 
DEBUG    torch.__trace:meta_utils.py:490 
DEBUG    torch.__trace:meta_utils.py:1935 
DEBUG    torch.__trace:meta_utils.py:271 
DEBUG    torch.__trace:meta_utils.py:490 
DEBUG    torch.__trace:meta_utils.py:1935 
DEBUG    torch.__trace:meta_utils.py:271 
DEBUG    torch.__trace:meta_utils.py:490 
DEBUG    torch.__trace:meta_utils.py:1935 
DEBUG    torch.__trace:meta_utils.py:271 
DEBUG    torch.__trace:meta_utils.py:490 
DEBUG    torch.__trace:meta_utils.py:1935 
DEBUG    torch.__trace:meta_utils.py:271 
DEBUG    torch.__trace:meta_utils.py:490 
DEBUG    torch.__trace:meta_utils.py:1935 
DEBUG    torch.__trace:meta_utils.py:271 
DEBUG    torch.__trace:meta_utils.py:490 
DEBUG    torch.__trace:meta_utils.py:1935 
DEBUG    torch.__trace:meta_utils.py:271 
DEBUG    torch.__trace:meta_utils.py:490 
DEBUG    torch.__trace:meta_utils.py:1935 
DEBUG    torch.__trace:meta_utils.py:271 
DEBUG    torch.__trace:meta_utils.py:490 
DEBUG    torch.__trace:meta_utils.py:1935 
DEBUG    torch.__trace:meta_utils.py:271 
DEBUG    torch.__trace:meta_utils.py:490 
DEBUG    torch.__trace:meta_utils.py:1935 
DEBUG    torch.__trace:meta_utils.py:271 
DEBUG    torch.__trace:meta_utils.py:490 
DEBUG    torch.__trace:meta_utils.py:1935 
DEBUG    torch.__trace:meta_utils.py:271 
DEBUG    torch.__trace:meta_utils.py:490 
DEBUG    torch.__trace:meta_utils.py:1935 
DEBUG    torch.__trace:meta_utils.py:271 
DEBUG    torch.__trace:meta_utils.py:490 
DEBUG    torch.__trace:meta_utils.py:1935 
DEBUG    torch.__trace:meta_utils.py:271 
DEBUG    torch.__trace:meta_utils.py:490 
DEBUG    torch.__trace:meta_utils.py:1935 
DEBUG    torch.__trace:meta_utils.py:271 
DEBUG    torch.__trace:meta_utils.py:490 
DEBUG    torch.__trace:meta_utils.py:1935 
DEBUG    torch.__trace:meta_utils.py:271 
DEBUG    torch.__trace:meta_utils.py:490 
DEBUG    torch.__trace:meta_utils.py:1935 
DEBUG    torch.__trace:meta_utils.py:271 
DEBUG    torch.__trace:meta_utils.py:490 
DEBUG    torch.__trace:meta_utils.py:1935 
DEBUG    torch.__trace:meta_utils.py:271 
DEBUG    torch.__trace:meta_utils.py:490 
DEBUG    torch.__trace:meta_utils.py:1935 
DEBUG    torch.__trace:meta_utils.py:271 
DEBUG    torch.__trace:meta_utils.py:490 
DEBUG    torch.__trace:meta_utils.py:1935 
DEBUG    torch.__trace:meta_utils.py:271 
DEBUG    torch.__trace:meta_utils.py:490 
DEBUG    torch.__trace:meta_utils.py:1935 
DEBUG    torch.__trace:meta_utils.py:271 
DEBUG    torch.__trace:meta_utils.py:490 
DEBUG    torch.__trace:meta_utils.py:1935 
DEBUG    torch.__trace:meta_utils.py:271 
DEBUG    torch.__trace:meta_utils.py:490 
DEBUG    torch.__trace:meta_utils.py:1935 
DEBUG    torch.__trace:meta_utils.py:271 
DEBUG    torch.__trace:meta_utils.py:490 
DEBUG    torch.__trace:meta_utils.py:1935 
DEBUG    torch.__trace:meta_utils.py:271 
DEBUG    torch.__trace:meta_utils.py:490 
DEBUG    torch.__trace:meta_utils.py:1935 
DEBUG    torch.__trace:meta_utils.py:271 
DEBUG    torch.__trace:meta_utils.py:490 
DEBUG    torch.__trace:meta_utils.py:1935 
DEBUG    torch.__trace:meta_utils.py:271 
DEBUG    torch.__trace:meta_utils.py:490 
DEBUG    torch.__trace:meta_utils.py:1935 
DEBUG    torch.__trace:meta_utils.py:271 
DEBUG    torch.__trace:meta_utils.py:490 
DEBUG    torch.__trace:meta_utils.py:1935 
DEBUG    torch.__trace:meta_utils.py:271 
DEBUG    torch.__trace:meta_utils.py:490 
DEBUG    torch.__trace:meta_utils.py:1935 
DEBUG    torch.__trace:meta_utils.py:271 
DEBUG    torch.__trace:meta_utils.py:490 
DEBUG    torch.__trace:meta_utils.py:1935 
DEBUG    torch.__trace:meta_utils.py:271 
DEBUG    torch.__trace:meta_utils.py:490 
DEBUG    torch.__trace:meta_utils.py:1935 
DEBUG    torch.__trace:meta_utils.py:271 
DEBUG    torch.__trace:meta_utils.py:490 
DEBUG    torch.__trace:meta_utils.py:1935 
DEBUG    torch.__trace:meta_utils.py:271 
DEBUG    torch.__trace:meta_utils.py:490 
DEBUG    torch.__trace:meta_utils.py:1935 
DEBUG    torch.__trace:meta_utils.py:271 
DEBUG    torch.__trace:meta_utils.py:490 
DEBUG    torch.__trace:meta_utils.py:1935 
DEBUG    torch.__trace:meta_utils.py:271 
DEBUG    torch.__trace:meta_utils.py:490 
DEBUG    torch.__trace:meta_utils.py:1935 
DEBUG    torch.__trace:meta_utils.py:271 
DEBUG    torch.__trace:meta_utils.py:490 
DEBUG    torch.__trace:meta_utils.py:1935 
DEBUG    torch.__trace:meta_utils.py:271 
DEBUG    torch.__trace:meta_utils.py:490 
DEBUG    torch.__trace:meta_utils.py:1935 
DEBUG    torch.__trace:meta_utils.py:271 
DEBUG    torch.__trace:meta_utils.py:490 
DEBUG    torch.__trace:meta_utils.py:1935 
DEBUG    torch.__trace:meta_utils.py:271 
DEBUG    torch.__trace:meta_utils.py:490 
DEBUG    torch.__trace:meta_utils.py:1935 
DEBUG    torch.__trace:meta_utils.py:271 
DEBUG    torch.__trace:meta_utils.py:490 
DEBUG    torch.__trace:meta_utils.py:1935 
DEBUG    torch.__trace:meta_utils.py:271 
DEBUG    torch.__trace:meta_utils.py:490 
DEBUG    torch.__trace:meta_utils.py:1935 
DEBUG    torch.__trace:meta_utils.py:271 
DEBUG    torch.__trace:meta_utils.py:490 
DEBUG    torch.__trace:meta_utils.py:1935 
DEBUG    torch.__trace:meta_utils.py:271 
DEBUG    torch.__trace:meta_utils.py:490 
DEBUG    torch.__trace:meta_utils.py:1935 
DEBUG    torch.__trace:meta_utils.py:271 
DEBUG    torch.__trace:meta_utils.py:490 
DEBUG    torch.__trace:meta_utils.py:1935 
DEBUG    torch.__trace:meta_utils.py:271 
DEBUG    torch.__trace:meta_utils.py:490 
DEBUG    torch.__trace:meta_utils.py:1935 
DEBUG    torch.__trace:meta_utils.py:271 
DEBUG    torch.__trace:meta_utils.py:490 
DEBUG    torch.__trace:meta_utils.py:1935 
DEBUG    torch.__trace:meta_utils.py:271 
DEBUG    torch.__trace:meta_utils.py:490 
DEBUG    torch.__trace:meta_utils.py:1935 
DEBUG    torch.__trace:meta_utils.py:271 
DEBUG    torch.__trace:meta_utils.py:490 
DEBUG    torch.__trace:meta_utils.py:1935 
DEBUG    torch.__trace:meta_utils.py:271 
DEBUG    torch.__trace:meta_utils.py:490 
DEBUG    torch.__trace:meta_utils.py:1935 
DEBUG    torch.__trace:meta_utils.py:271 
DEBUG    torch.__trace:meta_utils.py:490 
DEBUG    torch.__trace:meta_utils.py:1935 
DEBUG    torch.__trace:meta_utils.py:271 
DEBUG    torch.__trace:meta_utils.py:490 
DEBUG    torch.__trace:meta_utils.py:1935 
DEBUG    torch.__trace:meta_utils.py:271 
DEBUG    torch.__trace:meta_utils.py:490 
DEBUG    torch.__trace:meta_utils.py:1935 
DEBUG    torch.__trace:meta_utils.py:271 
DEBUG    torch.__trace:meta_utils.py:490 
DEBUG    torch.__trace:meta_utils.py:1935 
DEBUG    torch.__trace:meta_utils.py:271 
DEBUG    torch.__trace:meta_utils.py:490 
DEBUG    torch.__trace:meta_utils.py:1935 
DEBUG    torch.__trace:meta_utils.py:271 
DEBUG    torch.__trace:meta_utils.py:490 
DEBUG    torch.__trace:meta_utils.py:1935 
DEBUG    torch.__trace:meta_utils.py:271 
DEBUG    torch.__trace:meta_utils.py:490 
DEBUG    torch.__trace:meta_utils.py:1935 
DEBUG    torch.__trace:meta_utils.py:271 
DEBUG    torch.__trace:meta_utils.py:490 
DEBUG    torch.__trace:meta_utils.py:1935 
DEBUG    torch.__trace:meta_utils.py:271 
DEBUG    torch.__trace:meta_utils.py:490 
DEBUG    torch.__trace:meta_utils.py:1935 
DEBUG    torch.__trace:meta_utils.py:271 
DEBUG    torch.__trace:meta_utils.py:490 
DEBUG    torch.__trace:meta_utils.py:1935 
DEBUG    torch.__trace:meta_utils.py:271 
DEBUG    torch.__trace:meta_utils.py:490 
DEBUG    torch.__trace:meta_utils.py:1935 
DEBUG    torch.__trace:meta_utils.py:271 
DEBUG    torch.__trace:meta_utils.py:490 
DEBUG    torch.__trace:meta_utils.py:1935 
DEBUG    torch.__trace:meta_utils.py:271 
DEBUG    torch.__trace:meta_utils.py:490 
DEBUG    torch.__trace:meta_utils.py:1935 
DEBUG    torch.__trace:meta_utils.py:271 
DEBUG    torch.__trace:meta_utils.py:490 
DEBUG    torch.__trace:meta_utils.py:1935 
DEBUG    torch.__trace:meta_utils.py:271 
DEBUG    torch.__trace:meta_utils.py:490 
DEBUG    torch.__trace:meta_utils.py:1935 
DEBUG    torch.__trace:utils.py:2029 
DEBUG    torch.__trace:output_graph.py:2190 
DEBUG    torch.__trace:utils.py:2029 
DEBUG    torch.__trace:meta_utils.py:271 
DEBUG    torch.__trace:meta_utils.py:490 
DEBUG    torch.__trace:meta_utils.py:1935 
DEBUG    torch.__trace:meta_utils.py:271 
DEBUG    torch.__trace:meta_utils.py:490 
DEBUG    torch.__trace:meta_utils.py:1935 
DEBUG    torch.__trace:meta_utils.py:271 
DEBUG    torch.__trace:meta_utils.py:490 
DEBUG    torch.__trace:meta_utils.py:1935 
DEBUG    torch.__trace:utils.py:2029 
DEBUG    torch.__trace:utils.py:2029 
DEBUG    torch.__trace:utils.py:2029 
DEBUG    torch.__trace:graph_capture.py:318 
DEBUG    torch.__trace:graph_capture.py:336 
DEBUG    torch.__trace:utils.py:2029 
DEBUG    torch.__trace:utils.py:2029 
DEBUG    torch.__trace:utils.py:2029 
DEBUG    torch.__trace:utils.py:2029 
DEBUG    torch.__trace:guards.py:3778 
DEBUG    torch.__trace:utils.py:2029 
DEBUG    torch.__trace:utils.py:2029 
DEBUG    torch.__trace:utils.py:2029 
DEBUG    torch.__trace:utils.py:2029 
DEBUG    torch.__trace:utils.py:1724 
DEBUG    torch.__trace:utils.py:2029 
DEBUG    torch.__trace:structured.py:28 
DEBUG    torch.__trace:structured.py:28 
DEBUG    torch.__trace:structured.py:28 
DEBUG    torch.__trace:structured.py:28 
DEBUG    torch.__trace:structured.py:28 
DEBUG    torch.__trace:structured.py:28 
DEBUG    torch.__trace:structured.py:28 
DEBUG    torch.__trace:structured.py:28 
DEBUG    torch.__trace:meta_utils.py:271 
DEBUG    torch.__trace:meta_utils.py:490 
DEBUG    torch.__trace:meta_utils.py:1935 
DEBUG    torch.__trace:meta_utils.py:271 
DEBUG    torch.__trace:meta_utils.py:490 
DEBUG    torch.__trace:meta_utils.py:1935 
DEBUG    torch.__trace:meta_utils.py:271 
DEBUG    torch.__trace:meta_utils.py:490 
DEBUG    torch.__trace:meta_utils.py:1935
=============================== warnings summary ===============================
venv/lib/python3.12/site-packages/torch/jit/_script.py:362: 14 warnings
  /proj_sw/user_dev/ctr-akannan/24_2_jun_yyz/tt-xla/venv/lib/python3.12/site-packages/torch/jit/_script.py:362: DeprecationWarning: `torch.jit.script_method` is deprecated. Please switch to `torch.compile` or `torch.export`.
    warnings.warn(

<frozen importlib._bootstrap>:488
  <frozen importlib._bootstrap>:488: DeprecationWarning: builtin type SwigPyPacked has no __module__ attribute

<frozen importlib._bootstrap>:488
  <frozen importlib._bootstrap>:488: DeprecationWarning: builtin type SwigPyObject has no __module__ attribute

tests/torch/models/z_image/test_pcc_probe.py::test_pcc_model4_fp32
  /proj_sw/user_dev/ctr-akannan/24_2_jun_yyz/tt-xla/venv/lib/python3.12/site-packages/huggingface_hub/utils/_validators.py:205: UserWarning: The `local_dir_use_symlinks` argument is deprecated and ignored in `hf_hub_download`. Downloading to a local directory does not use symlinks anymore.
    warnings.warn(

tests/torch/models/z_image/test_pcc_probe.py::test_pcc_model4_fp32
  /usr/lib/python3.12/copyreg.py:99: FutureWarning: `isinstance(treespec, LeafSpec)` is deprecated, use `isinstance(treespec, TreeSpec) and treespec.is_leaf()` instead.
    return cls.__new__(cls, *args)

tests/torch/models/z_image/test_pcc_probe.py::test_pcc_model4_fp32
  /proj_sw/user_dev/ctr-akannan/24_2_jun_yyz/tt-xla/tests/conftest.py:530: FutureWarning: `torch.distributed.reduce_op` is deprecated, please use `torch.distributed.ReduceOp` instead
    if isinstance(obj, torch.fx.GraphModule):

tests/torch/models/z_image/test_pcc_probe.py::test_pcc_model4_fp32
  /proj_sw/user_dev/ctr-akannan/24_2_jun_yyz/tt-xla/tests/conftest.py:534: FutureWarning: `torch.distributed.reduce_op` is deprecated, please use `torch.distributed.ReduceOp` instead
    if isinstance(obj, GraphInputMatcher):

-- Docs: https://docs.pytest.org/en/stable/how-to/capture-warnings.html
=========================== short test summary info ============================
FAILED tests/torch/models/z_image/test_pcc_probe.py::test_pcc_model4_fp32 - ValueError: Error code: 13
======================= 1 failed, 20 warnings in 57.45s ========================
sys:1: DeprecationWarning: builtin type swigvarlink has no __module__ attribute
