2026-06-24 10:08:22.581 | INFO     | pjrt_plugin_tt:setup_tt_pjrt_plugin_dir:46 - Using PJRT plugin directory: /proj_sw/user_dev/ctr-akannan/24_2_jun_yyz/tt-xla/python_package/pjrt_plugin_tt
2026-06-24 10:08:22.587 | INFO     | pjrt_plugin_tt:setup_tt_metal_home:107 - Using TT-Metal from the source tree: /proj_sw/user_dev/ctr-akannan/24_2_jun_yyz/tt-xla/third_party/tt-mlir/src/tt-mlir/third_party/tt-metal/src/tt-metal
2026-06-24 10:08:22.922 | WARNING  | torch_plugin_tt:__init__:40 - TT plugin is setting XLA_STABLEHLO_COMPILE to 1. This is required for TT PJRT plugin to work correctly.
============================= test session starts ==============================
platform linux -- Python 3.12.3, pytest-9.1.1, pluggy-1.6.0 -- /proj_sw/user_dev/ctr-akannan/24_2_jun_yyz/tt-xla/venv/bin/python3
metadata: {'Python': '3.12.3', 'Platform': 'Linux-5.15.0-142-generic-x86_64-with-glibc2.39', 'Packages': {'pytest': '9.1.1', 'pluggy': '1.6.0'}, 'Plugins': {'json-report': '1.5.0', 'forked': '1.6.0', 'metadata': '3.1.1', 'split': '0.11.0', 'jaxtyping': '0.3.11', 'anyio': '4.14.0'}}
rootdir: /proj_sw/user_dev/ctr-akannan/24_2_jun_yyz/tt-xla
configfile: pytest.ini
plugins: json-report-1.5.0, forked-1.6.0, metadata-3.1.1, split-0.11.0, jaxtyping-0.3.11, anyio-4.14.0
collecting ... collected 1 item

tests/torch/models/z_image/test_pcc_probe.py::test_pcc_no_ffn_reduce 2026-06-24 10:08:59.378976: W torch_xla/csrc/runtime/profiler.cpp:88] Profiler API not found for PJRT plugin
Fetching 2 files:   0%|          | 0/2 [00:00<?, ?it/s]Fetching 2 files: 100%|██████████| 2/2 [00:00<00:00, 576.42it/s]
Loading checkpoint shards:   0%|          | 0/2 [00:00<?, ?it/s]Loading checkpoint shards: 100%|██████████| 2/2 [00:00<00:00, 34.84it/s]
`torch_dtype` is deprecated! Use `dtype` instead!
Loading weights:   0%|          | 0/398 [00:00<?, ?it/s]Loading weights: 100%|██████████| 398/398 [00:00<00:00, 11254.26it/s]
2026-06-24 10:09:59.832 | WARNING  | tt_torch.backend.backend:_build_params_and_consts:180 - Found an argument on non-XLA device which was not a lifted constant: self___transformer_rope_embedder_freqs_cis_0. Passing a non-XLA tensor to TT compile was likely not intended. Force moving the argument to XLA.
2026-06-24 10:09:59.833 | WARNING  | tt_torch.backend.backend:_build_params_and_consts:180 - Found an argument on non-XLA device which was not a lifted constant: self___transformer_rope_embedder_freqs_cis_1. Passing a non-XLA tensor to TT compile was likely not intended. Force moving the argument to XLA.
2026-06-24 10:09:59.833 | WARNING  | tt_torch.backend.backend:_build_params_and_consts:180 - Found an argument on non-XLA device which was not a lifted constant: self___transformer_rope_embedder_freqs_cis_2. Passing a non-XLA tensor to TT compile was likely not intended. Force moving the argument to XLA.

[PCC-PROBE] no_ffn_reduce: pcc=0.869822  (all=[0.869822])

PASSED

=============================== warnings summary ===============================
venv/lib/python3.12/site-packages/torch/jit/_script.py:362: 14 warnings
  /proj_sw/user_dev/ctr-akannan/24_2_jun_yyz/tt-xla/venv/lib/python3.12/site-packages/torch/jit/_script.py:362: DeprecationWarning: `torch.jit.script_method` is deprecated. Please switch to `torch.compile` or `torch.export`.
    warnings.warn(

<frozen importlib._bootstrap>:488
  <frozen importlib._bootstrap>:488: DeprecationWarning: builtin type SwigPyPacked has no __module__ attribute

<frozen importlib._bootstrap>:488
  <frozen importlib._bootstrap>:488: DeprecationWarning: builtin type SwigPyObject has no __module__ attribute

tests/torch/models/z_image/test_pcc_probe.py::test_pcc_no_ffn_reduce
  /proj_sw/user_dev/ctr-akannan/24_2_jun_yyz/tt-xla/venv/lib/python3.12/site-packages/huggingface_hub/utils/_validators.py:205: UserWarning: The `local_dir_use_symlinks` argument is deprecated and ignored in `hf_hub_download`. Downloading to a local directory does not use symlinks anymore.
    warnings.warn(

tests/torch/models/z_image/test_pcc_probe.py::test_pcc_no_ffn_reduce
  /usr/lib/python3.12/copyreg.py:99: FutureWarning: `isinstance(treespec, LeafSpec)` is deprecated, use `isinstance(treespec, TreeSpec) and treespec.is_leaf()` instead.
    return cls.__new__(cls, *args)

tests/torch/models/z_image/test_pcc_probe.py::test_pcc_no_ffn_reduce
  /proj_sw/user_dev/ctr-akannan/24_2_jun_yyz/tt-xla/tests/conftest.py:530: FutureWarning: `torch.distributed.reduce_op` is deprecated, please use `torch.distributed.ReduceOp` instead
    if isinstance(obj, torch.fx.GraphModule):

tests/torch/models/z_image/test_pcc_probe.py::test_pcc_no_ffn_reduce
  /proj_sw/user_dev/ctr-akannan/24_2_jun_yyz/tt-xla/tests/conftest.py:534: FutureWarning: `torch.distributed.reduce_op` is deprecated, please use `torch.distributed.ReduceOp` instead
    if isinstance(obj, GraphInputMatcher):

-- Docs: https://docs.pytest.org/en/stable/how-to/capture-warnings.html
================== 1 passed, 20 warnings in 99.63s (0:01:39) ===================
sys:1: DeprecationWarning: builtin type swigvarlink has no __module__ attribute
