2026-06-17 11:14:38.672 | INFO     | pjrt_plugin_tt:setup_tt_pjrt_plugin_dir:46 - Using PJRT plugin directory: /localdev/ctr-akannan/17_jun_sjc/tt-xla/python_package/pjrt_plugin_tt
2026-06-17 11:14:38.672 | INFO     | pjrt_plugin_tt:setup_tt_metal_home:107 - Using TT-Metal from the source tree: /localdev/ctr-akannan/17_jun_sjc/tt-xla/third_party/tt-mlir/src/tt-mlir/third_party/tt-metal/src/tt-metal
2026-06-17 11:14:38.957 | WARNING  | torch_plugin_tt:__init__:40 - TT plugin is setting XLA_STABLEHLO_COMPILE to 1. This is required for TT PJRT plugin to work correctly.
============================= test session starts ==============================
platform linux -- Python 3.12.3, pytest-9.1.0, pluggy-1.6.0 -- /localdev/ctr-akannan/17_jun_sjc/tt-xla/venv/bin/python
cachedir: .pytest_cache
metadata: {'Python': '3.12.3', 'Platform': 'Linux-6.8.0-87-generic-x86_64-with-glibc2.39', 'Packages': {'pytest': '9.1.0', 'pluggy': '1.6.0'}, 'Plugins': {'anyio': '4.14.0', 'forked': '1.6.0', 'json-report': '1.5.0', 'metadata': '3.1.1', 'split': '0.11.0', 'jaxtyping': '0.3.11'}}
rootdir: /localdev/ctr-akannan/17_jun_sjc/tt-xla
configfile: pytest.ini
plugins: anyio-4.14.0, forked-1.6.0, json-report-1.5.0, metadata-3.1.1, split-0.11.0, jaxtyping-0.3.11
collecting ... collected 1 item

tests/torch/models/flux2/test_transformer_realwt_isolate.py::test_realwt Fetching 7 files:   0%|          | 0/7 [00:00<?, ?it/s]Fetching 7 files: 100%|██████████| 7/7 [00:00<00:00, 7098.68it/s]
Loading checkpoint shards:   0%|          | 0/7 [00:00<?, ?it/s]Loading checkpoint shards: 100%|██████████| 7/7 [00:00<00:00, 167.45it/s]
Fetching 10 files:   0%|          | 0/10 [00:00<?, ?it/s]Fetching 10 files: 100%|██████████| 10/10 [00:00<00:00, 20030.11it/s]
Loading weights:   0%|          | 0/585 [00:00<?, ?it/s]Loading weights: 100%|██████████| 585/585 [00:00<00:00, 7726.72it/s]
The tied weights mapping and config for this model specifies to tie model.language_model.embed_tokens.weight to lm_head.weight, but both are present in the checkpoints with different values, so we will NOT tie them. You should update the config with `tie_word_embeddings=False` to silence this warning.
Flax classes are deprecated and will be removed in Diffusers v1.0.0. We recommend migrating to PyTorch classes or pinning your version of Diffusers.
Flax classes are deprecated and will be removed in Diffusers v1.0.0. We recommend migrating to PyTorch classes or pinning your version of Diffusers.
Kwargs passed to `processor.__call__` have to be in `processor_kwargs` dict, not in `**kwargs`
2026-06-17 11:15:00.893345: W torch_xla/csrc/runtime/profiler.cpp:88] Profiler API not found for PJRT plugin
2026-06-17 11:15:13.652212: W torch_xla/csrc/runtime/pjrt_computation_client.cpp:817] Failed to deserialize executable: UNIMPLEMENTED: Deserializing serialized executable not supported.
2026-06-17 11:15:13.702870: W torch_xla/csrc/runtime/pjrt_computation_client.cpp:817] Failed to deserialize executable: UNIMPLEMENTED: Deserializing serialized executable not supported.
2026-06-17 11:15:14.095691: W torch_xla/csrc/runtime/pjrt_computation_client.cpp:817] Failed to deserialize executable: UNIMPLEMENTED: Deserializing serialized executable not supported.
2026-06-17 11:15:15.120256: W torch_xla/csrc/runtime/pjrt_computation_client.cpp:817] Failed to deserialize executable: UNIMPLEMENTED: Deserializing serialized executable not supported.
2026-06-17 11:15:17.448824: W torch_xla/csrc/runtime/pjrt_computation_client.cpp:817] Failed to deserialize executable: UNIMPLEMENTED: Deserializing serialized executable not supported.
2026-06-17 11:15:17.547922: W torch_xla/csrc/runtime/pjrt_computation_client.cpp:817] Failed to deserialize executable: UNIMPLEMENTED: Deserializing serialized executable not supported.
2026-06-17 11:15:19.868136: W torch_xla/csrc/runtime/pjrt_computation_client.cpp:817] Failed to deserialize executable: UNIMPLEMENTED: Deserializing serialized executable not supported.
2026-06-17 11:15:20.867337: W torch_xla/csrc/runtime/pjrt_computation_client.cpp:817] Failed to deserialize executable: UNIMPLEMENTED: Deserializing serialized executable not supported.
2026-06-17 11:15:21.701019: W torch_xla/csrc/runtime/pjrt_computation_client.cpp:817] Failed to deserialize executable: UNIMPLEMENTED: Deserializing serialized executable not supported.
2026-06-17 11:15:22.772510: W torch_xla/csrc/runtime/pjrt_computation_client.cpp:817] Failed to deserialize executable: UNIMPLEMENTED: Deserializing serialized executable not supported.
2026-06-17 11:15:22.809164: W torch_xla/csrc/runtime/pjrt_computation_client.cpp:817] Failed to deserialize executable: UNIMPLEMENTED: Deserializing serialized executable not supported.
2026-06-17 11:15:25.611712: W torch_xla/csrc/runtime/pjrt_computation_client.cpp:817] Failed to deserialize executable: UNIMPLEMENTED: Deserializing serialized executable not supported.
2026-06-17 11:16:15.098254: W torch_xla/csrc/runtime/pjrt_computation_client.cpp:817] Failed to deserialize executable: UNIMPLEMENTED: Deserializing serialized executable not supported.
2026-06-17 11:16:16.251857: W torch_xla/csrc/runtime/pjrt_computation_client.cpp:817] Failed to deserialize executable: UNIMPLEMENTED: Deserializing serialized executable not supported.
2026-06-17 11:16:18.538643: W torch_xla/csrc/runtime/pjrt_computation_client.cpp:817] Failed to deserialize executable: UNIMPLEMENTED: Deserializing serialized executable not supported.
2026-06-17 11:16:19.617677: W torch_xla/csrc/runtime/pjrt_computation_client.cpp:817] Failed to deserialize executable: UNIMPLEMENTED: Deserializing serialized executable not supported.
2026-06-17 11:17:05.712598: W torch_xla/csrc/runtime/pjrt_computation_client.cpp:817] Failed to deserialize executable: UNIMPLEMENTED: Deserializing serialized executable not supported.
2026-06-17 11:17:05.860930: W torch_xla/csrc/runtime/pjrt_computation_client.cpp:817] Failed to deserialize executable: UNIMPLEMENTED: Deserializing serialized executable not supported.
Created device mesh: (1, 4) with 4 devices.

>>> REALWT-ISOLATE [real_nl8_ns12_bf16_sh] PCC = 0.981656

PASSED

=============================== warnings summary ===============================
venv/lib/python3.12/site-packages/torch/jit/_script.py:362: 14 warnings
  /localdev/ctr-akannan/17_jun_sjc/tt-xla/venv/lib/python3.12/site-packages/torch/jit/_script.py:362: DeprecationWarning: `torch.jit.script_method` is deprecated. Please switch to `torch.compile` or `torch.export`.
    warnings.warn(

<frozen importlib._bootstrap>:488
  <frozen importlib._bootstrap>:488: DeprecationWarning: builtin type SwigPyPacked has no __module__ attribute

<frozen importlib._bootstrap>:488
  <frozen importlib._bootstrap>:488: DeprecationWarning: builtin type SwigPyObject has no __module__ attribute

tests/torch/models/flux2/test_transformer_realwt_isolate.py::test_realwt
  /localdev/ctr-akannan/17_jun_sjc/tt-xla/venv/lib/python3.12/site-packages/huggingface_hub/utils/_validators.py:205: UserWarning: The `local_dir_use_symlinks` argument is deprecated and ignored in `hf_hub_download`. Downloading to a local directory does not use symlinks anymore.
    warnings.warn(

tests/torch/models/flux2/test_transformer_realwt_isolate.py: 84 warnings
  /usr/lib/python3.12/copyreg.py:99: FutureWarning: `isinstance(treespec, LeafSpec)` is deprecated, use `isinstance(treespec, TreeSpec) and treespec.is_leaf()` instead.
    return cls.__new__(cls, *args)

tests/torch/models/flux2/test_transformer_realwt_isolate.py::test_realwt
  /localdev/ctr-akannan/17_jun_sjc/tt-xla/tests/conftest.py:524: FutureWarning: `torch.distributed.reduce_op` is deprecated, please use `torch.distributed.ReduceOp` instead
    if isinstance(obj, torch.fx.GraphModule):

tests/torch/models/flux2/test_transformer_realwt_isolate.py::test_realwt
  /localdev/ctr-akannan/17_jun_sjc/tt-xla/tests/conftest.py:528: FutureWarning: `torch.distributed.reduce_op` is deprecated, please use `torch.distributed.ReduceOp` instead
    if isinstance(obj, GraphInputMatcher):

-- Docs: https://docs.pytest.org/en/stable/how-to/capture-warnings.html
================= 1 passed, 103 warnings in 165.42s (0:02:45) ==================
sys:1: DeprecationWarning: builtin type swigvarlink has no __module__ attribute
