2026-06-09 10:32:07.758 | WARNING  | torch_plugin_tt:__init__:40 - TT plugin is setting XLA_STABLEHLO_COMPILE to 1. This is required for TT PJRT plugin to work correctly.
============================= test session starts ==============================
platform linux -- Python 3.12.3, pytest-9.0.3, pluggy-1.6.0 -- /proj_sw/user_dev/ctr-akannan/8_jun_yyz/tt-xla/venv/bin/python
cachedir: .pytest_cache
metadata: {'Python': '3.12.3', 'Platform': 'Linux-5.15.0-153-generic-x86_64-with-glibc2.39', 'Packages': {'pytest': '9.0.3', 'pluggy': '1.6.0'}, 'Plugins': {'metadata': '3.1.1', 'anyio': '4.13.0', 'jaxtyping': '0.3.10', 'split': '0.11.0', 'json-report': '1.5.0', 'forked': '1.6.0'}}
rootdir: /proj_sw/user_dev/ctr-akannan/8_jun_yyz/tt-xla
configfile: pytest.ini
plugins: metadata-3.1.1, anyio-4.13.0, jaxtyping-0.3.10, split-0.11.0, json-report-1.5.0, forked-1.6.0
collecting ... collected 1 item

tests/torch/model/zimage_decoder_debug/test_composite_bisect.py::test_composite_d2_isolated_norm2 Flax classes are deprecated and will be removed in Diffusers v1.0.0. We recommend migrating to PyTorch classes or pinning your version of Diffusers.
Flax classes are deprecated and will be removed in Diffusers v1.0.0. We recommend migrating to PyTorch classes or pinning your version of Diffusers.
Warning: You are sending unauthenticated requests to the HF Hub. Please set a HF_TOKEN to enable higher rate limits and faster downloads.
WARNING:huggingface_hub.utils._http:Warning: You are sending unauthenticated requests to the HF Hub. Please set a HF_TOKEN to enable higher rate limits and faster downloads.
2026-06-09 10:33:00.252538: W torch_xla/csrc/runtime/profiler.cpp:88] Profiler API not found for PJRT plugin
PASSED

=============================== warnings summary ===============================
venv/lib/python3.12/site-packages/torch/jit/_script.py:362: 14 warnings
  /proj_sw/user_dev/ctr-akannan/8_jun_yyz/tt-xla/venv/lib/python3.12/site-packages/torch/jit/_script.py:362: DeprecationWarning: `torch.jit.script_method` is deprecated. Please switch to `torch.compile` or `torch.export`.
    warnings.warn(

<frozen importlib._bootstrap>:488
  <frozen importlib._bootstrap>:488: DeprecationWarning: builtin type SwigPyPacked has no __module__ attribute

<frozen importlib._bootstrap>:488
  <frozen importlib._bootstrap>:488: DeprecationWarning: builtin type SwigPyObject has no __module__ attribute

tests/torch/model/zimage_decoder_debug/test_composite_bisect.py::test_composite_d2_isolated_norm2
  /proj_sw/user_dev/ctr-akannan/8_jun_yyz/tt-xla/venv/lib/python3.12/site-packages/huggingface_hub/utils/_validators.py:205: UserWarning: The `local_dir_use_symlinks` argument is deprecated and ignored in `hf_hub_download`. Downloading to a local directory does not use symlinks anymore.
    warnings.warn(

tests/torch/model/zimage_decoder_debug/test_composite_bisect.py::test_composite_d2_isolated_norm2
  /usr/lib/python3.12/copyreg.py:99: FutureWarning: `isinstance(treespec, LeafSpec)` is deprecated, use `isinstance(treespec, TreeSpec) and treespec.is_leaf()` instead.
    return cls.__new__(cls, *args)

tests/torch/model/zimage_decoder_debug/test_composite_bisect.py::test_composite_d2_isolated_norm2
  /proj_sw/user_dev/ctr-akannan/8_jun_yyz/tt-xla/tests/conftest.py:524: FutureWarning: `torch.distributed.reduce_op` is deprecated, please use `torch.distributed.ReduceOp` instead
    if isinstance(obj, torch.fx.GraphModule):

tests/torch/model/zimage_decoder_debug/test_composite_bisect.py::test_composite_d2_isolated_norm2
  /proj_sw/user_dev/ctr-akannan/8_jun_yyz/tt-xla/tests/conftest.py:528: FutureWarning: `torch.distributed.reduce_op` is deprecated, please use `torch.distributed.ReduceOp` instead
    if isinstance(obj, GraphInputMatcher):

-- Docs: https://docs.pytest.org/en/stable/how-to/capture-warnings.html
================== 1 passed, 20 warnings in 69.03s (0:01:09) ===================
sys:1: DeprecationWarning: builtin type swigvarlink has no __module__ attribute
