2026-03-26 11:42:15.544 | WARNING  | torch_plugin_tt:__init__:38 - TT plugin is setting XLA_STABLEHLO_COMPILE to 1. This is required for TT PJRT plugin to work correctly.
[11:42:19] INFO  Loading PekingU/rtdetr_r18vd...
[11:42:21] INFO  Input: [1, 3, 640, 640]
[11:42:21] INFO  
==============================================================
[11:42:21] INFO  STAGE 1 — backbone slice sweep
[11:42:21] INFO  ==============================================================
[11:42:22] INFO  ==============================================================
[11:42:22] INFO  Block: embedder_only
[11:42:22] INFO  ==============================================================
[11:42:22] INFO  CPU: shape=[1, 64, 160, 160]  min=0.0000  max=4.7817  mean=0.492169  std=0.399025  nan=False  inf=False
2026-03-26 11:42:22.885531: W torch_xla/csrc/runtime/profiler.cpp:88] Profiler API not found for PJRT plugin
[11:42:30] INFO  TT : shape=[1, 64, 160, 160]  min=0.0000  max=4.7812  mean=0.491350  std=0.398156  nan=False  inf=False
[11:42:30] INFO  PCC = 0.999929  [OK]
[11:42:30] INFO    embedder_only                        PCC=0.999929  OK
[11:42:30] INFO  ==============================================================
[11:42:30] INFO  Block: embedder+stage0
[11:42:30] INFO  ==============================================================
[11:42:30] INFO  CPU: shape=[1, 64, 160, 160]  min=0.0000  max=9.4336  mean=0.385818  std=0.440991  nan=False  inf=False
[11:42:36] INFO  TT : shape=[1, 64, 160, 160]  min=0.0000  max=9.3672  mean=0.385093  std=0.439705  nan=False  inf=False
[11:42:36] INFO  PCC = 1.000144  [OK]
[11:42:36] INFO    embedder+stage0                      PCC=1.000144  OK
[11:42:36] INFO  ==============================================================
[11:42:36] INFO  Block: embedder+stage0+stage1
[11:42:36] INFO  ==============================================================
[11:42:36] INFO  CPU: shape=[1, 128, 80, 80]  min=0.0000  max=5.8296  mean=0.237018  std=0.341448  nan=False  inf=False
[11:42:57] INFO  TT : shape=[1, 128, 80, 80]  min=0.0000  max=inf  mean=inf  std=nan  nan=False  inf=True
[11:42:57] INFO  PCC = nan  [FAIL]
[11:42:57] INFO    embedder+stage0+stage1               PCC=nan  FAIL
[11:42:57] INFO    *** First failure at n_stages=2 ***
[11:42:57] INFO  ==============================================================
[11:42:57] INFO  Block: ..+stage2
[11:42:57] INFO  ==============================================================
[11:42:57] INFO  CPU: shape=[1, 256, 40, 40]  min=0.0000  max=4.3605  mean=0.099663  std=0.199718  nan=False  inf=False
[11:43:15] INFO  TT : shape=[1, 256, 40, 40]  min=0.0000  max=inf  mean=inf  std=nan  nan=False  inf=True
[11:43:15] INFO  PCC = nan  [FAIL]
[11:43:15] INFO    ..+stage2                            PCC=nan  FAIL
[11:43:15] INFO  ==============================================================
[11:43:15] INFO  Block: ..+stage3
[11:43:15] INFO  ==============================================================
[11:43:15] INFO  CPU: shape=[1, 512, 20, 20]  min=0.0000  max=10.3230  mean=0.453030  std=0.718873  nan=False  inf=False
[11:43:38] INFO  TT : shape=[1, 512, 20, 20]  min=0.0000  max=inf  mean=inf  std=nan  nan=False  inf=True
[11:43:38] INFO  PCC = nan  [FAIL]
[11:43:38] INFO    ..+stage3                            PCC=nan  FAIL
[11:43:38] INFO  
==============================================================
[11:43:38] INFO  STAGE 2 — drill into stage[1] layers
[11:43:38] INFO  ==============================================================
[11:43:38] INFO    Stage[1] input: shape=[1, 64, 160, 160]  min=0.0000  max=9.4336  mean=0.385818  std=0.440991  nan=False  inf=False
[11:43:38] INFO  ==============================================================
[11:43:38] INFO  Block: stage[1].layer[0]
[11:43:38] INFO  ==============================================================
[11:43:38] INFO  CPU: shape=[1, 128, 80, 80]  min=0.0000  max=5.4104  mean=0.227614  std=0.323627  nan=False  inf=False
[11:43:40] INFO  TT : shape=[1, 128, 80, 80]  min=0.0000  max=inf  mean=inf  std=nan  nan=False  inf=True
[11:43:40] INFO  PCC = nan  [FAIL]
[11:43:40] INFO    stage[1].layer[0]  PCC=nan  FAIL ← FAILING LAYER
[11:43:40] INFO  
==============================================================
[11:43:40] INFO  STAGE 3 — drill into layer[0] shortcut vs main path
[11:43:40] INFO  ==============================================================
[11:43:40] INFO    Shortcut: Sequential(
  (0): AvgPool2d(kernel_size=2, stride=2, padding=0)
  (1): RTDetrResNetShortCut(
    (convolution): Conv2d(64, 128, kernel_size=(1, 1), stride=(1, 1), bias=False)
    (normalization): RTDetrFrozenBatchNorm2d()
  )
)
[11:43:40] INFO  ==============================================================
[11:43:40] INFO  Block: stage[1].layer[0].shortcut
[11:43:40] INFO  ==============================================================
[11:43:40] INFO  CPU: shape=[1, 128, 80, 80]  min=-2.9071  max=3.1550  mean=0.023392  std=0.331091  nan=False  inf=False
[11:43:41] INFO  TT : shape=[1, 128, 80, 80]  min=-inf  max=inf  mean=nan  std=nan  nan=False  inf=True
[11:43:41] INFO  PCC = nan  [FAIL]
[11:43:41] INFO    Shortcut PCC=nan  FAIL ← shortcut is broken
[11:43:41] INFO  
  Testing AvgPool2d alone: AvgPool2d(kernel_size=2, stride=2, padding=0)
[11:43:41] INFO  ==============================================================
[11:43:41] INFO  Block: avgpool_stage1
[11:43:41] INFO  ==============================================================
[11:43:41] INFO  CPU: shape=[1, 64, 80, 80]  min=0.0000  max=3.6891  mean=0.385818  std=0.375945  nan=False  inf=False
[11:43:43] INFO  TT : shape=[1, 64, 80, 80]  min=nan  max=nan  mean=nan  std=nan  nan=True  inf=True
[11:43:43] INFO  PCC = nan  [FAIL]
[11:43:43] INFO    AvgPool2d alone PCC=nan  FAIL ← ROOT CAUSE
[11:43:43] INFO  
  *** CONFIRMED ROOT CAUSE ***
[11:43:43] INFO    Op : AvgPool2d(kernel_size=2, stride=2, padding=0)
[11:43:43] INFO    Location: model.backbone.model.encoder.stages[1]
[11:43:43] INFO              .layers[0].shortcut[0]
[11:43:43] INFO  
Results saved to /proj_sw/user_dev/ctr-lelanchelian/latest_build/tt-xla/rt_detr/pcc_summary.json
[11:43:43] INFO  
==============================================================
[11:43:43] INFO  SUMMARY TABLE
[11:43:43] INFO  ==============================================================
[11:43:43] INFO    embedder_only                                  PCC=0.999929  OK
[11:43:43] INFO    embedder+stage0                                PCC=1.000144  OK
[11:43:43] INFO    embedder+stage0+stage1                         PCC=nan  FAIL
[11:43:43] INFO    ..+stage2                                      PCC=nan  FAIL
[11:43:43] INFO    ..+stage3                                      PCC=nan  FAIL
[11:43:43] INFO    stage[1].layer[0]                              PCC=nan  FAIL
[11:43:43] INFO    stage[1].layer[0].shortcut                     PCC=nan  FAIL
[11:43:43] INFO    avgpool_stage1                                 PCC=nan  FAIL
